[{"Plan": {"Node Type": "Aggregate", "Strategy": "Sorted", "Partial Mode": "Simple", "Parallel Aware": false, "Async Capable": false, "Startup Cost": 92.79, "Total Cost": 93.07, "Plan Rows": 14, "Plan Width": 156, "Actual Startup Time": 0.003, "Actual Total Time": 0.004, "Actual Rows": 0, "Actual Loops": 1, "Output": ["\"Medicare1_2\".\"SPECIALTY_DESC\"", "avg(\"Medicare1_2\".\"Calculation_9030826185528129\")"], "Group Key": ["\"Medicare1_2\".\"SPECIALTY_DESC\""], "Plans": [{"Node Type": "Sort", "Parent Relationship": "Outer", "Parallel Aware": false, "Async Capable": false, "Startup Cost": 92.79, "Total Cost": 92.82, "Plan Rows": 14, "Plan Width": 156, "Actual Startup Time": 0.002, "Actual Total Time": 0.003, "Actual Rows": 0, "Actual Loops": 1, "Output": ["\"Medicare1_2\".\"SPECIALTY_DESC\"", "\"Medicare1_2\".\"Calculation_9030826185528129\""], "Sort Key": ["\"Medicare1_2\".\"SPECIALTY_DESC\""], "Sort Method": "quicksort", "Sort Space Used": 25, "Sort Space Type": "Memory", "Plans": [{"Node Type": "Nested Loop", "Parent Relationship": "Outer", "Parallel Aware": false, "Async Capable": false, "Join Type": "Semi", "Startup Cost": 32.48, "Total Cost": 92.52, "Plan Rows": 14, "Plan Width": 156, "Actual Startup Time": 0.001, "Actual Total Time": 0.002, "Actual Rows": 0, "Actual Loops": 1, "Output": ["\"Medicare1_2\".\"SPECIALTY_DESC\"", "\"Medicare1_2\".\"Calculation_9030826185528129\""], "Inner Unique": false, "Join Filter": "(((\"Medicare1_2\".\"DRUG_NAME\")::text = (t0.\"DRUG_NAME\")::text) OR ((\"Medicare1_2\".\"DRUG_NAME\" IS NULL) AND (t0.\"DRUG_NAME\" IS NULL)))", "Rows Removed by Join Filter": 0, "Plans": [{"Node Type": "Nested Loop", "Parent Relationship": "Outer", "Parallel Aware": false, "Async Capable": false, "Join Type": "Semi", "Startup Cost": 15.72, "Total Cost": 51.79, "Plan Rows": 15, "Plan Width": 234, "Actual Startup Time": 0.001, "Actual Total Time": 0.001, "Actual Rows": 0, "Actual Loops": 1, "Output": ["\"Medicare1_2\".\"SPECIALTY_DESC\"", "\"Medicare1_2\".\"Calculation_9030826185528129\"", "\"Medicare1_2\".\"DRUG_NAME\""], "Inner Unique": false, "Join Filter": "(((\"Medicare1_2\".\"DRUG_NAME\")::text = (t1.\"DRUG_NAME\")::text) OR ((\"Medicare1_2\".\"DRUG_NAME\" IS NULL) AND (t1.\"DRUG_NAME\" IS NULL)))", "Rows Removed by Join Filter": 0, "Plans": [{"Node Type": "Seq Scan", "Parent Relationship": "Outer", "Parallel Aware": false, "Async Capable": false, "Relation Name": "Medicare1_2", "Schema": "pg_temp", "Alias": "Medicare1_2", "Startup Cost": 0.0, "Total Cost": 11.1, "Plan Rows": 110, "Plan Width": 234, "Actual Startup Time": 0.001, "Actual Total Time": 0.001, "Actual Rows": 0, "Actual Loops": 1, "Output": ["\"Medicare1_2\".\"BENE_COUNT\"", "\"Medicare1_2\".\"BENE_COUNT_GE65\"", "\"Medicare1_2\".\"BENE_COUNT_GE65_REDACT_FLAG\"", "\"Medicare1_2\".\"Calculation_3170826185336909\"", "\"Medicare1_2\".\"Calculation_3170826185505725\"", "\"Medicare1_2\".\"Calculation_7130826185400024\"", "\"Medicare1_2\".\"Calculation_9030826185528129\"", "\"Medicare1_2\".\"DESCRIPTION_FLAG\"", "\"Medicare1_2\".\"DRUG_NAME\"", "\"Medicare1_2\".\"GE65_REDACT_FLAG\"", "\"Medicare1_2\".\"GENERIC_NAME\"", "\"Medicare1_2\".\"NPI\"", "\"Medicare1_2\".\"NPPES_PROVIDER_CITY\"", "\"Medicare1_2\".\"NPPES_PROVIDER_FIRST_NAME\"", "\"Medicare1_2\".\"NPPES_PROVIDER_LAST_ORG_NAME\"", "\"Medicare1_2\".\"NPPES_PROVIDER_STATE\"", "\"Medicare1_2\".\"Number of Records\"", "\"Medicare1_2\".\"SPECIALTY_DESC\"", "\"Medicare1_2\".\"TOTAL_CLAIM_COUNT\"", "\"Medicare1_2\".\"TOTAL_CLAIM_COUNT_GE65\"", "\"Medicare1_2\".\"TOTAL_DAY_SUPPLY\"", "\"Medicare1_2\".\"TOTAL_DAY_SUPPLY_GE65\"", "\"Medicare1_2\".\"TOTAL_DRUG_COST\"", "\"Medicare1_2\".\"TOTAL_DRUG_COST_GE65\"", "\"Medicare1_2\".\"Calculation_6710826185428006\"", "\"Medicare1_2\".\"Avg Day Supply/Bene (bin)\""]}, {"Node Type": "Materialize", "Parent Relationship": "Inner", "Parallel Aware": false, "Async Capable": false, "Startup Cost": 15.72, "Total Cost": 15.99, "Plan Rows": 15, "Plan Width": 78, "Actual Startup Time": 0.0, "Actual Total Time": 0.0, "Actual Rows": 0, "Actual Loops": 0, "Output": ["t1.\"DRUG_NAME\""], "Plans": [{"Node Type": "Subquery Scan", "Parent Relationship": "Outer", "Parallel Aware": false, "Async Capable": false, "Alias": "t1", "Startup Cost": 15.72, "Total Cost": 15.91, "Plan Rows": 15, "Plan Width": 78, "Actual Startup Time": 0.0, "Actual Total Time": 0.0, "Actual Rows": 0, "Actual Loops": 0, "Output": ["t1.\"DRUG_NAME\""], "Plans": [{"Node Type": "Limit", "Parent Relationship": "Subquery", "Parallel Aware": false, "Async Capable": false, "Startup Cost": 15.72, "Total Cost": 15.76, "Plan Rows": 15, "Plan Width": 86, "Actual Startup Time": 0.0, "Actual Total Time": 0.0, "Actual Rows": 0, "Actual Loops": 0, "Output": ["\"Medicare1_2_1\".\"DRUG_NAME\"", "(avg(\"Medicare1_2_1\".\"Calculation_3170826185505725\"))"], "Plans": [{"Node Type": "Sort", "Parent Relationship": "Outer", "Parallel Aware": false, "Async Capable": false, "Startup Cost": 15.72, "Total Cost": 16.0, "Plan Rows": 110, "Plan Width": 86, "Actual Startup Time": 0.0, "Actual Total Time": 0.0, "Actual Rows": 0, "Actual Loops": 0, "Output": ["\"Medicare1_2_1\".\"DRUG_NAME\"", "(avg(\"Medicare1_2_1\".\"Calculation_3170826185505725\"))"], "Sort Key": ["(avg(\"Medicare1_2_1\".\"Calculation_3170826185505725\")) DESC"], "Plans": [{"Node Type": "Aggregate", "Strategy": "Hashed", "Partial Mode": "Simple", "Parent Relationship": "Outer", "Parallel Aware": false, "Async Capable": false, "Startup Cost": 11.65, "Total Cost": 13.03, "Plan Rows": 110, "Plan Width": 86, "Actual Startup Time": 0.0, "Actual Total Time": 0.0, "Actual Rows": 0, "Actual Loops": 0, "Output": ["\"Medicare1_2_1\".\"DRUG_NAME\"", "avg(\"Medicare1_2_1\".\"Calculation_3170826185505725\")"], "Group Key": ["\"Medicare1_2_1\".\"DRUG_NAME\""], "Planned Partitions": 0, "Plans": [{"Node Type": "Seq Scan", "Parent Relationship": "Outer", "Parallel Aware": false, "Async Capable": false, "Relation Name": "Medicare1_2", "Schema": "pg_temp", "Alias": "Medicare1_2_1", "Startup Cost": 0.0, "Total Cost": 11.1, "Plan Rows": 110, "Plan Width": 86, "Actual Startup Time": 0.0, "Actual Total Time": 0.0, "Actual Rows": 0, "Actual Loops": 0, "Output": ["\"Medicare1_2_1\".\"BENE_COUNT\"", "\"Medicare1_2_1\".\"BENE_COUNT_GE65\"", "\"Medicare1_2_1\".\"BENE_COUNT_GE65_REDACT_FLAG\"", "\"Medicare1_2_1\".\"Calculation_3170826185336909\"", "\"Medicare1_2_1\".\"Calculation_3170826185505725\"", "\"Medicare1_2_1\".\"Calculation_7130826185400024\"", "\"Medicare1_2_1\".\"Calculation_9030826185528129\"", "\"Medicare1_2_1\".\"DESCRIPTION_FLAG\"", "\"Medicare1_2_1\".\"DRUG_NAME\"", "\"Medicare1_2_1\".\"GE65_REDACT_FLAG\"", "\"Medicare1_2_1\".\"GENERIC_NAME\"", "\"Medicare1_2_1\".\"NPI\"", "\"Medicare1_2_1\".\"NPPES_PROVIDER_CITY\"", "\"Medicare1_2_1\".\"NPPES_PROVIDER_FIRST_NAME\"", "\"Medicare1_2_1\".\"NPPES_PROVIDER_LAST_ORG_NAME\"", "\"Medicare1_2_1\".\"NPPES_PROVIDER_STATE\"", "\"Medicare1_2_1\".\"Number of Records\"", "\"Medicare1_2_1\".\"SPECIALTY_DESC\"", "\"Medicare1_2_1\".\"TOTAL_CLAIM_COUNT\"", "\"Medicare1_2_1\".\"TOTAL_CLAIM_COUNT_GE65\"", "\"Medicare1_2_1\".\"TOTAL_DAY_SUPPLY\"", "\"Medicare1_2_1\".\"TOTAL_DAY_SUPPLY_GE65\"", "\"Medicare1_2_1\".\"TOTAL_DRUG_COST\"", "\"Medicare1_2_1\".\"TOTAL_DRUG_COST_GE65\"", "\"Medicare1_2_1\".\"Calculation_6710826185428006\"", "\"Medicare1_2_1\".\"Avg Day Supply/Bene (bin)\""]}]}]}]}]}]}]}, {"Node Type": "Materialize", "Parent Relationship": "Inner", "Parallel Aware": false, "Async Capable": false, "Startup Cost": 16.75, "Total Cost": 18.5, "Plan Rows": 100, "Plan Width": 78, "Actual Startup Time": 0.0, "Actual Total Time": 0.0, "Actual Rows": 0, "Actual Loops": 0, "Output": ["t0.\"DRUG_NAME\""], "Plans": [{"Node Type": "Subquery Scan", "Parent Relationship": "Outer", "Parallel Aware": false, "Async Capable": false, "Alias": "t0", "Startup Cost": 16.75, "Total Cost": 18.0, "Plan Rows": 100, "Plan Width": 78, "Actual Startup Time": 0.0, "Actual Total Time": 0.0, "Actual Rows": 0, "Actual Loops": 0, "Output": ["t0.\"DRUG_NAME\""], "Plans": [{"Node Type": "Limit", "Parent Relationship": "Subquery", "Parallel Aware": false, "Async Capable": false, "Startup Cost": 16.75, "Total Cost": 17.0, "Plan Rows": 100, "Plan Width": 86, "Actual Startup Time": 0.0, "Actual Total Time": 0.0, "Actual Rows": 0, "Actual Loops": 0, "Output": ["\"Medicare1_2_2\".\"DRUG_NAME\"", "(avg(\"Medicare1_2_2\".\"Calculation_3170826185505725\"))"], "Plans": [{"Node Type": "Sort", "Parent Relationship": "Outer", "Parallel Aware": false, "Async Capable": false, "Startup Cost": 16.75, "Total Cost": 17.03, "Plan Rows": 110, "Plan Width": 86, "Actual Startup Time": 0.0, "Actual Total Time": 0.0, "Actual Rows": 0, "Actual Loops": 0, "Output": ["\"Medicare1_2_2\".\"DRUG_NAME\"", "(avg(\"Medicare1_2_2\".\"Calculation_3170826185505725\"))"], "Sort Key": ["(avg(\"Medicare1_2_2\".\"Calculation_3170826185505725\")) DESC"], "Plans": [{"Node Type": "Aggregate", "Strategy": "Hashed", "Partial Mode": "Simple", "Parent Relationship": "Outer", "Parallel Aware": false, "Async Capable": false, "Startup Cost": 11.65, "Total Cost": 13.03, "Plan Rows": 110, "Plan Width": 86, "Actual Startup Time": 0.0, "Actual Total Time": 0.0, "Actual Rows": 0, "Actual Loops": 0, "Output": ["\"Medicare1_2_2\".\"DRUG_NAME\"", "avg(\"Medicare1_2_2\".\"Calculation_3170826185505725\")"], "Group Key": ["\"Medicare1_2_2\".\"DRUG_NAME\""], "Planned Partitions": 0, "Plans": [{"Node Type": "Seq Scan", "Parent Relationship": "Outer", "Parallel Aware": false, "Async Capable": false, "Relation Name": "Medicare1_2", "Schema": "pg_temp", "Alias": "Medicare1_2_2", "Startup Cost": 0.0, "Total Cost": 11.1, "Plan Rows": 110, "Plan Width": 86, "Actual Startup Time": 0.0, "Actual Total Time": 0.0, "Actual Rows": 0, "Actual Loops": 0, "Output": ["\"Medicare1_2_2\".\"BENE_COUNT\"", "\"Medicare1_2_2\".\"BENE_COUNT_GE65\"", "\"Medicare1_2_2\".\"BENE_COUNT_GE65_REDACT_FLAG\"", "\"Medicare1_2_2\".\"Calculation_3170826185336909\"", "\"Medicare1_2_2\".\"Calculation_3170826185505725\"", "\"Medicare1_2_2\".\"Calculation_7130826185400024\"", "\"Medicare1_2_2\".\"Calculation_9030826185528129\"", "\"Medicare1_2_2\".\"DESCRIPTION_FLAG\"", "\"Medicare1_2_2\".\"DRUG_NAME\"", "\"Medicare1_2_2\".\"GE65_REDACT_FLAG\"", "\"Medicare1_2_2\".\"GENERIC_NAME\"", "\"Medicare1_2_2\".\"NPI\"", "\"Medicare1_2_2\".\"NPPES_PROVIDER_CITY\"", "\"Medicare1_2_2\".\"NPPES_PROVIDER_FIRST_NAME\"", "\"Medicare1_2_2\".\"NPPES_PROVIDER_LAST_ORG_NAME\"", "\"Medicare1_2_2\".\"NPPES_PROVIDER_STATE\"", "\"Medicare1_2_2\".\"Number of Records\"", "\"Medicare1_2_2\".\"SPECIALTY_DESC\"", "\"Medicare1_2_2\".\"TOTAL_CLAIM_COUNT\"", "\"Medicare1_2_2\".\"TOTAL_CLAIM_COUNT_GE65\"", "\"Medicare1_2_2\".\"TOTAL_DAY_SUPPLY\"", "\"Medicare1_2_2\".\"TOTAL_DAY_SUPPLY_GE65\"", "\"Medicare1_2_2\".\"TOTAL_DRUG_COST\"", "\"Medicare1_2_2\".\"TOTAL_DRUG_COST_GE65\"", "\"Medicare1_2_2\".\"Calculation_6710826185428006\"", "\"Medicare1_2_2\".\"Avg Day Supply/Bene (bin)\""]}]}]}]}]}]}]}]}]}, "Planning Time": 0.075, "Triggers": [], "Execution Time": 0.027}]