[{"Plan": {"Node Type": "Aggregate", "Strategy": "Hashed", "Partial Mode": "Simple", "Parallel Aware": false, "Async Capable": false, "Startup Cost": 186.81, "Total Cost": 187.98, "Plan Rows": 94, "Plan Width": 130, "Actual Startup Time": 0.002, "Actual Total Time": 0.002, "Actual Rows": 0, "Actual Loops": 1, "Output": ["\"Medicare1_2\".\"Calculation_3170826185336909\"", "\"Medicare1_2\".\"Calculation_9030826185528129\"", "\"Medicare1_2\".\"DRUG_NAME\"", "(\"Medicare1_2\".\"NPI\")::bigint", "\"Medicare1_2\".\"NPPES_PROVIDER_STATE\"", "\"Medicare1_2\".\"NPI\""], "Group Key": ["\"Medicare1_2\".\"Calculation_3170826185336909\"", "\"Medicare1_2\".\"Calculation_9030826185528129\"", "\"Medicare1_2\".\"DRUG_NAME\"", "\"Medicare1_2\".\"NPI\"", "\"Medicare1_2\".\"NPPES_PROVIDER_STATE\""], "Planned Partitions": 0, "HashAgg Batches": 1, "Peak Memory Usage": 32, "Disk Usage": 0, "Plans": [{"Node Type": "Nested Loop", "Parent Relationship": "Outer", "Parallel Aware": false, "Async Capable": false, "Join Type": "Semi", "Startup Cost": 16.75, "Total Cost": 185.63, "Plan Rows": 94, "Plan Width": 122, "Actual Startup Time": 0.001, "Actual Total Time": 0.002, "Actual Rows": 0, "Actual Loops": 1, "Output": ["\"Medicare1_2\".\"Calculation_3170826185336909\"", "\"Medicare1_2\".\"Calculation_9030826185528129\"", "\"Medicare1_2\".\"DRUG_NAME\"", "\"Medicare1_2\".\"NPPES_PROVIDER_STATE\"", "\"Medicare1_2\".\"NPI\""], "Inner Unique": false, "Join Filter": "(((\"Medicare1_2\".\"DRUG_NAME\")::text = (t0.\"DRUG_NAME\")::text) OR ((\"Medicare1_2\".\"DRUG_NAME\" IS NULL) AND (t0.\"DRUG_NAME\" IS NULL)))", "Rows Removed by Join Filter": 0, "Plans": [{"Node Type": "Seq Scan", "Parent Relationship": "Outer", "Parallel Aware": false, "Async Capable": false, "Relation Name": "Medicare1_2", "Schema": "pg_temp", "Alias": "Medicare1_2", "Startup Cost": 0.0, "Total Cost": 11.51, "Plan Rows": 107, "Plan Width": 122, "Actual Startup Time": 0.001, "Actual Total Time": 0.001, "Actual Rows": 0, "Actual Loops": 1, "Output": ["\"Medicare1_2\".\"BENE_COUNT\"", "\"Medicare1_2\".\"BENE_COUNT_GE65\"", "\"Medicare1_2\".\"BENE_COUNT_GE65_REDACT_FLAG\"", "\"Medicare1_2\".\"Calculation_3170826185336909\"", "\"Medicare1_2\".\"Calculation_3170826185505725\"", "\"Medicare1_2\".\"Calculation_7130826185400024\"", "\"Medicare1_2\".\"Calculation_9030826185528129\"", "\"Medicare1_2\".\"DESCRIPTION_FLAG\"", "\"Medicare1_2\".\"DRUG_NAME\"", "\"Medicare1_2\".\"GE65_REDACT_FLAG\"", "\"Medicare1_2\".\"GENERIC_NAME\"", "\"Medicare1_2\".\"NPI\"", "\"Medicare1_2\".\"NPPES_PROVIDER_CITY\"", "\"Medicare1_2\".\"NPPES_PROVIDER_FIRST_NAME\"", "\"Medicare1_2\".\"NPPES_PROVIDER_LAST_ORG_NAME\"", "\"Medicare1_2\".\"NPPES_PROVIDER_STATE\"", "\"Medicare1_2\".\"Number of Records\"", "\"Medicare1_2\".\"SPECIALTY_DESC\"", "\"Medicare1_2\".\"TOTAL_CLAIM_COUNT\"", "\"Medicare1_2\".\"TOTAL_CLAIM_COUNT_GE65\"", "\"Medicare1_2\".\"TOTAL_DAY_SUPPLY\"", "\"Medicare1_2\".\"TOTAL_DAY_SUPPLY_GE65\"", "\"Medicare1_2\".\"TOTAL_DRUG_COST\"", "\"Medicare1_2\".\"TOTAL_DRUG_COST_GE65\"", "\"Medicare1_2\".\"Calculation_6710826185428006\"", "\"Medicare1_2\".\"Avg Day Supply/Bene (bin)\""], "Filter": "(((\"Medicare1_2\".\"DRUG_NAME\")::text <> ALL ('{GENOTROPIN,OCTAGAM,\"PEGINTRON REDIPEN\"}'::text[])) OR (\"Medicare1_2\".\"DRUG_NAME\" IS NULL))", "Rows Removed by Filter": 0}, {"Node Type": "Materialize", "Parent Relationship": "Inner", "Parallel Aware": false, "Async Capable": false, "Startup Cost": 16.75, "Total Cost": 18.86, "Plan Rows": 97, "Plan Width": 78, "Actual Startup Time": 0.0, "Actual Total Time": 0.0, "Actual Rows": 0, "Actual Loops": 0, "Output": ["t0.\"DRUG_NAME\""], "Plans": [{"Node Type": "Subquery Scan", "Parent Relationship": "Outer", "Parallel Aware": false, "Async Capable": false, "Alias": "t0", "Startup Cost": 16.75, "Total Cost": 18.38, "Plan Rows": 97, "Plan Width": 78, "Actual Startup Time": 0.0, "Actual Total Time": 0.0, "Actual Rows": 0, "Actual Loops": 0, "Output": ["t0.\"DRUG_NAME\""], "Filter": "(((t0.\"DRUG_NAME\")::text <> ALL ('{GENOTROPIN,OCTAGAM,\"PEGINTRON REDIPEN\"}'::text[])) OR (t0.\"DRUG_NAME\" IS NULL))", "Rows Removed by Filter": 0, "Plans": [{"Node Type": "Limit", "Parent Relationship": "Subquery", "Parallel Aware": false, "Async Capable": false, "Startup Cost": 16.75, "Total Cost": 17.0, "Plan Rows": 100, "Plan Width": 90, "Actual Startup Time": 0.0, "Actual Total Time": 0.0, "Actual Rows": 0, "Actual Loops": 0, "Output": ["\"Medicare1_2_1\".\"DRUG_NAME\"", "NULL::integer", "(avg(\"Medicare1_2_1\".\"Calculation_3170826185505725\"))"], "Plans": [{"Node Type": "Sort", "Parent Relationship": "Outer", "Parallel Aware": false, "Async Capable": false, "Startup Cost": 16.75, "Total Cost": 17.03, "Plan Rows": 110, "Plan Width": 90, "Actual Startup Time": 0.0, "Actual Total Time": 0.0, "Actual Rows": 0, "Actual Loops": 0, "Output": ["\"Medicare1_2_1\".\"DRUG_NAME\"", "NULL::integer", "(avg(\"Medicare1_2_1\".\"Calculation_3170826185505725\"))"], "Sort Key": ["(avg(\"Medicare1_2_1\".\"Calculation_3170826185505725\")) DESC"], "Plans": [{"Node Type": "Aggregate", "Strategy": "Hashed", "Partial Mode": "Simple", "Parent Relationship": "Outer", "Parallel Aware": false, "Async Capable": false, "Startup Cost": 11.65, "Total Cost": 13.03, "Plan Rows": 110, "Plan Width": 90, "Actual Startup Time": 0.0, "Actual Total Time": 0.0, "Actual Rows": 0, "Actual Loops": 0, "Output": ["\"Medicare1_2_1\".\"DRUG_NAME\"", "NULL::integer", "avg(\"Medicare1_2_1\".\"Calculation_3170826185505725\")"], "Group Key": ["\"Medicare1_2_1\".\"DRUG_NAME\""], "Planned Partitions": 0, "Plans": [{"Node Type": "Seq Scan", "Parent Relationship": "Outer", "Parallel Aware": false, "Async Capable": false, "Relation Name": "Medicare1_2", "Schema": "pg_temp", "Alias": "Medicare1_2_1", "Startup Cost": 0.0, "Total Cost": 11.1, "Plan Rows": 110, "Plan Width": 86, "Actual Startup Time": 0.0, "Actual Total Time": 0.0, "Actual Rows": 0, "Actual Loops": 0, "Output": ["\"Medicare1_2_1\".\"BENE_COUNT\"", "\"Medicare1_2_1\".\"BENE_COUNT_GE65\"", "\"Medicare1_2_1\".\"BENE_COUNT_GE65_REDACT_FLAG\"", "\"Medicare1_2_1\".\"Calculation_3170826185336909\"", "\"Medicare1_2_1\".\"Calculation_3170826185505725\"", "\"Medicare1_2_1\".\"Calculation_7130826185400024\"", "\"Medicare1_2_1\".\"Calculation_9030826185528129\"", "\"Medicare1_2_1\".\"DESCRIPTION_FLAG\"", "\"Medicare1_2_1\".\"DRUG_NAME\"", "\"Medicare1_2_1\".\"GE65_REDACT_FLAG\"", "\"Medicare1_2_1\".\"GENERIC_NAME\"", "\"Medicare1_2_1\".\"NPI\"", "\"Medicare1_2_1\".\"NPPES_PROVIDER_CITY\"", "\"Medicare1_2_1\".\"NPPES_PROVIDER_FIRST_NAME\"", "\"Medicare1_2_1\".\"NPPES_PROVIDER_LAST_ORG_NAME\"", "\"Medicare1_2_1\".\"NPPES_PROVIDER_STATE\"", "\"Medicare1_2_1\".\"Number of Records\"", "\"Medicare1_2_1\".\"SPECIALTY_DESC\"", "\"Medicare1_2_1\".\"TOTAL_CLAIM_COUNT\"", "\"Medicare1_2_1\".\"TOTAL_CLAIM_COUNT_GE65\"", "\"Medicare1_2_1\".\"TOTAL_DAY_SUPPLY\"", "\"Medicare1_2_1\".\"TOTAL_DAY_SUPPLY_GE65\"", "\"Medicare1_2_1\".\"TOTAL_DRUG_COST\"", "\"Medicare1_2_1\".\"TOTAL_DRUG_COST_GE65\"", "\"Medicare1_2_1\".\"Calculation_6710826185428006\"", "\"Medicare1_2_1\".\"Avg Day Supply/Bene (bin)\""]}]}]}]}]}]}]}]}, "Planning Time": 0.098, "Triggers": [], "Execution Time": 0.025}]