[{"Plan": {"Node Type": "Limit", "Parallel Aware": false, "Async Capable": false, "Startup Cost": 0.0, "Total Cost": 11.1, "Plan Rows": 1, "Plan Width": 78, "Actual Startup Time": 0.002, "Actual Total Time": 0.002, "Actual Rows": 0, "Actual Loops": 1, "Output": ["\"DRUG_NAME\""], "Plans": [{"Node Type": "Seq Scan", "Parent Relationship": "Outer", "Parallel Aware": false, "Async Capable": false, "Relation Name": "Medicare1_2", "Schema": "pg_temp", "Alias": "Medicare1_2", "Startup Cost": 0.0, "Total Cost": 11.1, "Plan Rows": 1, "Plan Width": 78, "Actual Startup Time": 0.002, "Actual Total Time": 0.002, "Actual Rows": 0, "Actual Loops": 1, "Output": ["\"DRUG_NAME\""], "Filter": "(\"Medicare1_2\".\"DRUG_NAME\" IS NULL)", "Rows Removed by Filter": 0}]}, "Planning Time": 0.054, "Triggers": [], "Execution Time": 0.005}]