[{"Plan": {"Node Type": "Aggregate", "Strategy": "Hashed", "Partial Mode": "Simple", "Parallel Aware": false, "Async Capable": false, "Startup Cost": 12.58, "Total Cost": 13.87, "Plan Rows": 103, "Plan Width": 20, "Actual Startup Time": 0.001, "Actual Total Time": 0.002, "Actual Rows": 0, "Actual Loops": 1, "Output": ["\"NPPES_PROVIDER_STATE\"", "avg(\"Calculation_7130826185400024\")"], "Group Key": ["\"Medicare1_2\".\"NPPES_PROVIDER_STATE\""], "Planned Partitions": 0, "HashAgg Batches": 1, "Peak Memory Usage": 24, "Disk Usage": 0, "Plans": [{"Node Type": "Seq Scan", "Parent Relationship": "Outer", "Parallel Aware": false, "Async Capable": false, "Relation Name": "Medicare1_2", "Schema": "pg_temp", "Alias": "Medicare1_2", "Startup Cost": 0.0, "Total Cost": 12.06, "Plan Rows": 103, "Plan Width": 20, "Actual Startup Time": 0.001, "Actual Total Time": 0.001, "Actual Rows": 0, "Actual Loops": 1, "Output": ["\"BENE_COUNT\"", "\"BENE_COUNT_GE65\"", "\"BENE_COUNT_GE65_REDACT_FLAG\"", "\"Calculation_3170826185336909\"", "\"Calculation_3170826185505725\"", "\"Calculation_7130826185400024\"", "\"Calculation_9030826185528129\"", "\"DESCRIPTION_FLAG\"", "\"DRUG_NAME\"", "\"GE65_REDACT_FLAG\"", "\"GENERIC_NAME\"", "\"NPI\"", "\"NPPES_PROVIDER_CITY\"", "\"NPPES_PROVIDER_FIRST_NAME\"", "\"NPPES_PROVIDER_LAST_ORG_NAME\"", "\"NPPES_PROVIDER_STATE\"", "\"Number of Records\"", "\"SPECIALTY_DESC\"", "\"TOTAL_CLAIM_COUNT\"", "\"TOTAL_CLAIM_COUNT_GE65\"", "\"TOTAL_DAY_SUPPLY\"", "\"TOTAL_DAY_SUPPLY_GE65\"", "\"TOTAL_DRUG_COST\"", "\"TOTAL_DRUG_COST_GE65\"", "\"Calculation_6710826185428006\"", "\"Avg Day Supply/Bene (bin)\""], "Filter": "((\"Medicare1_2\".\"NPPES_PROVIDER_STATE\")::text <> ALL ('{AK,AS,GU,HI,MP,PR,VI}'::text[]))", "Rows Removed by Filter": 0}]}, "Planning Time": 0.026, "Triggers": [], "Execution Time": 0.011}]