[{"Plan": {"Node Type": "Limit", "Parallel Aware": false, "Async Capable": false, "Startup Cost": 15.72, "Total Cost": 15.76, "Plan Rows": 15, "Plan Width": 156, "Actual Startup Time": 0.003, "Actual Total Time": 0.003, "Actual Rows": 0, "Actual Loops": 1, "Output": ["\"SPECIALTY_DESC\"", "(avg(\"Calculation_3170826185505725\"))"], "Plans": [{"Node Type": "Sort", "Parent Relationship": "Outer", "Parallel Aware": false, "Async Capable": false, "Startup Cost": 15.72, "Total Cost": 16.0, "Plan Rows": 110, "Plan Width": 156, "Actual Startup Time": 0.002, "Actual Total Time": 0.002, "Actual Rows": 0, "Actual Loops": 1, "Output": ["\"SPECIALTY_DESC\"", "(avg(\"Calculation_3170826185505725\"))"], "Sort Key": ["(avg(\"Medicare1_2\".\"Calculation_3170826185505725\")) DESC"], "Sort Method": "quicksort", "Sort Space Used": 25, "Sort Space Type": "Memory", "Plans": [{"Node Type": "Aggregate", "Strategy": "Hashed", "Partial Mode": "Simple", "Parent Relationship": "Outer", "Parallel Aware": false, "Async Capable": false, "Startup Cost": 11.65, "Total Cost": 13.03, "Plan Rows": 110, "Plan Width": 156, "Actual Startup Time": 0.001, "Actual Total Time": 0.002, "Actual Rows": 0, "Actual Loops": 1, "Output": ["\"SPECIALTY_DESC\"", "avg(\"Calculation_3170826185505725\")"], "Group Key": ["\"Medicare1_2\".\"SPECIALTY_DESC\""], "Planned Partitions": 0, "HashAgg Batches": 1, "Peak Memory Usage": 24, "Disk Usage": 0, "Plans": [{"Node Type": "Seq Scan", "Parent Relationship": "Outer", "Parallel Aware": false, "Async Capable": false, "Relation Name": "Medicare1_2", "Schema": "pg_temp", "Alias": "Medicare1_2", "Startup Cost": 0.0, "Total Cost": 11.1, "Plan Rows": 110, "Plan Width": 156, "Actual Startup Time": 0.001, "Actual Total Time": 0.001, "Actual Rows": 0, "Actual Loops": 1, "Output": ["\"BENE_COUNT\"", "\"BENE_COUNT_GE65\"", "\"BENE_COUNT_GE65_REDACT_FLAG\"", "\"Calculation_3170826185336909\"", "\"Calculation_3170826185505725\"", "\"Calculation_7130826185400024\"", "\"Calculation_9030826185528129\"", "\"DESCRIPTION_FLAG\"", "\"DRUG_NAME\"", "\"GE65_REDACT_FLAG\"", "\"GENERIC_NAME\"", "\"NPI\"", "\"NPPES_PROVIDER_CITY\"", "\"NPPES_PROVIDER_FIRST_NAME\"", "\"NPPES_PROVIDER_LAST_ORG_NAME\"", "\"NPPES_PROVIDER_STATE\"", "\"Number of Records\"", "\"SPECIALTY_DESC\"", "\"TOTAL_CLAIM_COUNT\"", "\"TOTAL_CLAIM_COUNT_GE65\"", "\"TOTAL_DAY_SUPPLY\"", "\"TOTAL_DAY_SUPPLY_GE65\"", "\"TOTAL_DRUG_COST\"", "\"TOTAL_DRUG_COST_GE65\"", "\"Calculation_6710826185428006\"", "\"Avg Day Supply/Bene (bin)\""]}]}]}]}, "Planning Time": 0.018, "Triggers": [], "Execution Time": 0.011}]