[{"Plan": {"Node Type": "Aggregate", "Strategy": "Sorted", "Partial Mode": "Simple", "Parallel Aware": false, "Async Capable": false, "Startup Cost": 10.51, "Total Cost": 10.59, "Plan Rows": 3, "Plan Width": 156, "Actual Startup Time": 0.01, "Actual Total Time": 0.011, "Actual Rows": 0, "Actual Loops": 1, "Output": ["\"City\"", "sum(1)", "sum((\"Number of Records\")::bigint)"], "Group Key": ["\"CityMaxCapita_1\".\"City\""], "Plans": [{"Node Type": "Sort", "Parent Relationship": "Outer", "Parallel Aware": false, "Async Capable": false, "Startup Cost": 10.51, "Total Cost": 10.52, "Plan Rows": 3, "Plan Width": 118, "Actual Startup Time": 0.009, "Actual Total Time": 0.01, "Actual Rows": 0, "Actual Loops": 1, "Output": ["\"City\"", "\"Number of Records\""], "Sort Key": ["\"CityMaxCapita_1\".\"City\""], "Sort Method": "quicksort", "Sort Space Used": 25, "Sort Space Type": "Memory", "Plans": [{"Node Type": "Seq Scan", "Parent Relationship": "Outer", "Parallel Aware": false, "Async Capable": false, "Relation Name": "CityMaxCapita_1", "Schema": "pg_temp", "Alias": "CityMaxCapita_1", "Startup Cost": 0.0, "Total Cost": 10.49, "Plan Rows": 3, "Plan Width": 118, "Actual Startup Time": 0.004, "Actual Total Time": 0.005, "Actual Rows": 0, "Actual Loops": 1, "Output": ["\"City\"", "\"Number of Records\""], "Filter": "((((\"CityMaxCapita_1\".\"City\")::text <> 'Manhattan'::text) OR (\"CityMaxCapita_1\".\"City\" IS NULL)) AND ((\"CityMaxCapita_1\".\"Keyword\")::text = ANY ('{shemale,trannies,tranny}'::text[])))", "Rows Removed by Filter": 0}]}]}, "Planning Time": 0.112, "Triggers": [], "Execution Time": 0.046}]