[{"Plan": {"Node Type": "Limit", "Parallel Aware": false, "Async Capable": false, "Startup Cost": 0.0, "Total Cost": 10.3, "Plan Rows": 1, "Plan Width": 116, "Actual Startup Time": 0.003, "Actual Total Time": 0.003, "Actual Rows": 0, "Actual Loops": 1, "Output": ["\"City\""], "Plans": [{"Node Type": "Seq Scan", "Parent Relationship": "Outer", "Parallel Aware": false, "Async Capable": false, "Relation Name": "CityMaxCapita_1", "Schema": "pg_temp", "Alias": "CityMaxCapita_1", "Startup Cost": 0.0, "Total Cost": 10.3, "Plan Rows": 1, "Plan Width": 116, "Actual Startup Time": 0.002, "Actual Total Time": 0.002, "Actual Rows": 0, "Actual Loops": 1, "Output": ["\"City\""], "Filter": "(\"CityMaxCapita_1\".\"City\" IS NULL)", "Rows Removed by Filter": 0}]}, "Planning Time": 0.029, "Triggers": [], "Execution Time": 0.011}]