[{"Plan": {"Node Type": "Aggregate", "Strategy": "Sorted", "Partial Mode": "Simple", "Parallel Aware": false, "Async Capable": false, "Startup Cost": 10.38, "Total Cost": 10.41, "Plan Rows": 1, "Plan Width": 156, "Actual Startup Time": 0.006, "Actual Total Time": 0.007, "Actual Rows": 0, "Actual Loops": 1, "Output": ["\"City\"", "sum(1)", "sum((\"Number of Records\")::bigint)"], "Group Key": ["\"CityMaxCapita_1\".\"City\""], "Plans": [{"Node Type": "Sort", "Parent Relationship": "Outer", "Parallel Aware": false, "Async Capable": false, "Startup Cost": 10.38, "Total Cost": 10.39, "Plan Rows": 1, "Plan Width": 118, "Actual Startup Time": 0.005, "Actual Total Time": 0.006, "Actual Rows": 0, "Actual Loops": 1, "Output": ["\"City\"", "\"Number of Records\""], "Sort Key": ["\"CityMaxCapita_1\".\"City\""], "Sort Method": "quicksort", "Sort Space Used": 25, "Sort Space Type": "Memory", "Plans": [{"Node Type": "Seq Scan", "Parent Relationship": "Outer", "Parallel Aware": false, "Async Capable": false, "Relation Name": "CityMaxCapita_1", "Schema": "pg_temp", "Alias": "CityMaxCapita_1", "Startup Cost": 0.0, "Total Cost": 10.38, "Plan Rows": 1, "Plan Width": 118, "Actual Startup Time": 0.002, "Actual Total Time": 0.003, "Actual Rows": 0, "Actual Loops": 1, "Output": ["\"City\"", "\"Number of Records\""], "Filter": "((\"CityMaxCapita_1\".\"Keyword\")::text = 'dyke'::text)", "Rows Removed by Filter": 0}]}]}, "Planning Time": 0.055, "Triggers": [], "Execution Time": 0.029}]