[{"Plan": {"Node Type": "Aggregate", "Strategy": "Sorted", "Partial Mode": "Simple", "Parallel Aware": false, "Async Capable": false, "Startup Cost": 10.31, "Total Cost": 10.34, "Plan Rows": 1, "Plan Width": 60, "Actual Startup Time": 0.002, "Actual Total Time": 0.002, "Actual Rows": 0, "Actual Loops": 1, "Output": ["\"GEC (group)\"", "sum(\"IN\")", "sum(\"CF\")", "sum(\"Rentabilidad\")", "sum(\"TOTAL VENTA\")", "sum(\"TOTAL REPARTO\")", "sum(\"Calculation_1880818214638259\")"], "Group Key": ["\"Rentabilidad_1\".\"GEC (group)\""], "Plans": [{"Node Type": "Sort", "Parent Relationship": "Outer", "Parallel Aware": false, "Async Capable": false, "Startup Cost": 10.31, "Total Cost": 10.32, "Plan Rows": 1, "Plan Width": 60, "Actual Startup Time": 0.002, "Actual Total Time": 0.002, "Actual Rows": 0, "Actual Loops": 1, "Output": ["\"GEC (group)\"", "\"IN\"", "\"CF\"", "\"Rentabilidad\"", "\"TOTAL VENTA\"", "\"TOTAL REPARTO\"", "\"Calculation_1880818214638259\""], "Sort Key": ["\"Rentabilidad_1\".\"GEC (group)\""], "Sort Method": "quicksort", "Sort Space Used": 25, "Sort Space Type": "Memory", "Plans": [{"Node Type": "Seq Scan", "Parent Relationship": "Outer", "Parallel Aware": false, "Async Capable": false, "Relation Name": "Rentabilidad_1", "Schema": "pg_temp", "Alias": "Rentabilidad_1", "Startup Cost": 0.0, "Total Cost": 10.3, "Plan Rows": 1, "Plan Width": 60, "Actual Startup Time": 0.001, "Actual Total Time": 0.001, "Actual Rows": 0, "Actual Loops": 1, "Output": ["\"GEC (group)\"", "\"IN\"", "\"CF\"", "\"Rentabilidad\"", "\"TOTAL VENTA\"", "\"TOTAL REPARTO\"", "\"Calculation_1880818214638259\""], "Filter": "(((\"Rentabilidad_1\".\"Locaci\u00f3n\")::text = 'Bogota Sur'::text) AND ((\"Rentabilidad_1\".\"Zona\")::text = 'CE'::text))", "Rows Removed by Filter": 0}]}]}, "Planning Time": 0.033, "Triggers": [], "Execution Time": 0.013}]