[{"Plan": {"Node Type": "Limit", "Parallel Aware": false, "Async Capable": false, "Startup Cost": 0.0, "Total Cost": 10.2, "Plan Rows": 1, "Plan Width": 18, "Actual Startup Time": 0.001, "Actual Total Time": 0.001, "Actual Rows": 0, "Actual Loops": 1, "Output": ["\"Longitud AUTO PREV\""], "Plans": [{"Node Type": "Seq Scan", "Parent Relationship": "Outer", "Parallel Aware": false, "Async Capable": false, "Relation Name": "Rentabilidad_1", "Schema": "pg_temp", "Alias": "Rentabilidad_1", "Startup Cost": 0.0, "Total Cost": 10.2, "Plan Rows": 1, "Plan Width": 18, "Actual Startup Time": 0.001, "Actual Total Time": 0.001, "Actual Rows": 0, "Actual Loops": 1, "Output": ["\"Longitud AUTO PREV\""], "Filter": "(\"Rentabilidad_1\".\"Longitud AUTO PREV\" IS NULL)", "Rows Removed by Filter": 0}]}, "Planning Time": 0.018, "Triggers": [], "Execution Time": 0.004}]