[{"Plan": {"Node Type": "Aggregate", "Strategy": "Sorted", "Partial Mode": "Simple", "Parallel Aware": false, "Async Capable": false, "Startup Cost": 10.31, "Total Cost": 10.36, "Plan Rows": 1, "Plan Width": 68, "Actual Startup Time": 0.002, "Actual Total Time": 0.003, "Actual Rows": 0, "Actual Loops": 1, "Output": ["\"Poblaci\u00f3n Distribuidor GVF/GVI\"", "(((sum(\"IN\") / NULLIF(sum(\"CF\"), '0'::double precision)) * '0.47'::double precision) - ((sum(\"TOTAL VENTA\") + sum(\"TOTAL REPARTO\")) / NULLIF(sum(\"CF\"), '0'::double precision)))"], "Group Key": ["\"Rentabilidad_1\".\"Poblaci\u00f3n Distribuidor GVF/GVI\""], "Plans": [{"Node Type": "Sort", "Parent Relationship": "Outer", "Parallel Aware": false, "Async Capable": false, "Startup Cost": 10.31, "Total Cost": 10.32, "Plan Rows": 1, "Plan Width": 92, "Actual Startup Time": 0.002, "Actual Total Time": 0.002, "Actual Rows": 0, "Actual Loops": 1, "Output": ["\"Poblaci\u00f3n Distribuidor GVF/GVI\"", "\"IN\"", "\"CF\"", "\"TOTAL VENTA\"", "\"TOTAL REPARTO\""], "Sort Key": ["\"Rentabilidad_1\".\"Poblaci\u00f3n Distribuidor GVF/GVI\""], "Sort Method": "quicksort", "Sort Space Used": 25, "Sort Space Type": "Memory", "Plans": [{"Node Type": "Seq Scan", "Parent Relationship": "Outer", "Parallel Aware": false, "Async Capable": false, "Relation Name": "Rentabilidad_1", "Schema": "pg_temp", "Alias": "Rentabilidad_1", "Startup Cost": 0.0, "Total Cost": 10.3, "Plan Rows": 1, "Plan Width": 92, "Actual Startup Time": 0.001, "Actual Total Time": 0.001, "Actual Rows": 0, "Actual Loops": 1, "Output": ["\"Poblaci\u00f3n Distribuidor GVF/GVI\"", "\"IN\"", "\"CF\"", "\"TOTAL VENTA\"", "\"TOTAL REPARTO\""], "Filter": "(((\"Rentabilidad_1\".\"Sede Foraneo Sintec\")::text = 'Foraneo'::text) AND ((\"Rentabilidad_1\".\"Zona\")::text = 'NR'::text))", "Rows Removed by Filter": 0}]}]}, "Planning Time": 0.036, "Triggers": [], "Execution Time": 0.012}]