[{"Plan": {"Node Type": "Group", "Parallel Aware": false, "Async Capable": false, "Startup Cost": 10.31, "Total Cost": 10.32, "Plan Rows": 1, "Plan Width": 28, "Actual Startup Time": 0.002, "Actual Total Time": 0.002, "Actual Rows": 0, "Actual Loops": 1, "Output": ["\"Ruta de Venta\""], "Group Key": ["\"Rentabilidad_1\".\"Ruta de Venta\""], "Plans": [{"Node Type": "Sort", "Parent Relationship": "Outer", "Parallel Aware": false, "Async Capable": false, "Startup Cost": 10.31, "Total Cost": 10.32, "Plan Rows": 1, "Plan Width": 28, "Actual Startup Time": 0.002, "Actual Total Time": 0.002, "Actual Rows": 0, "Actual Loops": 1, "Output": ["\"Ruta de Venta\""], "Sort Key": ["\"Rentabilidad_1\".\"Ruta de Venta\""], "Sort Method": "quicksort", "Sort Space Used": 25, "Sort Space Type": "Memory", "Plans": [{"Node Type": "Seq Scan", "Parent Relationship": "Outer", "Parallel Aware": false, "Async Capable": false, "Relation Name": "Rentabilidad_1", "Schema": "pg_temp", "Alias": "Rentabilidad_1", "Startup Cost": 0.0, "Total Cost": 10.3, "Plan Rows": 1, "Plan Width": 28, "Actual Startup Time": 0.001, "Actual Total Time": 0.001, "Actual Rows": 0, "Actual Loops": 1, "Output": ["\"Ruta de Venta\""], "Filter": "(((\"Rentabilidad_1\".\"Locaci\u00f3n\")::text = 'Bogota Sur'::text) AND ((\"Rentabilidad_1\".\"Zona\")::text = 'CE'::text))", "Rows Removed by Filter": 0}]}]}, "Planning Time": 0.024, "Triggers": [], "Execution Time": 0.007}]