[{"Plan": {"Node Type": "Aggregate", "Strategy": "Sorted", "Partial Mode": "Simple", "Parallel Aware": false, "Async Capable": false, "Startup Cost": 10.36, "Total Cost": 10.4, "Plan Rows": 1, "Plan Width": 100, "Actual Startup Time": 0.003, "Actual Total Time": 0.003, "Actual Rows": 0, "Actual Loops": 1, "Output": ["\"Ruta de Venta\"", "sum(\"IN\")", "sum(\"CF\")", "sum(\"TOTAL MERCADEO\")", "sum(\"TOTAL REPARTO\")", "sum(\"TOTAL BODEGA C/ARRIENDOS\")", "sum(\"TOTAL T1\")", "sum(\"Rentabilidad\")", "sum(\"TOTAL VENTA\")", "count(DISTINCT \"Deudor\")"], "Group Key": ["\"Rentabilidad_1\".\"Ruta de Venta\""], "Plans": [{"Node Type": "Sort", "Parent Relationship": "Outer", "Parallel Aware": false, "Async Capable": false, "Startup Cost": 10.36, "Total Cost": 10.37, "Plan Rows": 1, "Plan Width": 130, "Actual Startup Time": 0.002, "Actual Total Time": 0.003, "Actual Rows": 0, "Actual Loops": 1, "Output": ["\"Ruta de Venta\"", "\"IN\"", "\"CF\"", "\"TOTAL MERCADEO\"", "\"TOTAL REPARTO\"", "\"TOTAL BODEGA C/ARRIENDOS\"", "\"TOTAL T1\"", "\"Rentabilidad\"", "\"TOTAL VENTA\"", "\"Deudor\""], "Sort Key": ["\"Rentabilidad_1\".\"Ruta de Venta\""], "Sort Method": "quicksort", "Sort Space Used": 25, "Sort Space Type": "Memory", "Plans": [{"Node Type": "Seq Scan", "Parent Relationship": "Outer", "Parallel Aware": false, "Async Capable": false, "Relation Name": "Rentabilidad_1", "Schema": "pg_temp", "Alias": "Rentabilidad_1", "Startup Cost": 0.0, "Total Cost": 10.35, "Plan Rows": 1, "Plan Width": 130, "Actual Startup Time": 0.001, "Actual Total Time": 0.001, "Actual Rows": 0, "Actual Loops": 1, "Output": ["\"Ruta de Venta\"", "\"IN\"", "\"CF\"", "\"TOTAL MERCADEO\"", "\"TOTAL REPARTO\"", "\"TOTAL BODEGA C/ARRIENDOS\"", "\"TOTAL T1\"", "\"Rentabilidad\"", "\"TOTAL VENTA\"", "\"Deudor\""], "Filter": "(((\"Rentabilidad_1\".\"Figura\")::text = 'Preventa On Premise'::text) AND ((\"Rentabilidad_1\".\"Sede Foraneo Sintec\")::text = 'Sede'::text) AND ((\"Rentabilidad_1\".\"Zona\")::text = 'OC'::text))", "Rows Removed by Filter": 0}]}]}, "Planning Time": 0.038, "Triggers": [], "Execution Time": 0.016}]