[{"Plan": {"Node Type": "Group", "Parallel Aware": false, "Async Capable": false, "Startup Cost": 10.63, "Total Cost": 10.73, "Plan Rows": 20, "Plan Width": 32, "Actual Startup Time": 0.003, "Actual Total Time": 0.003, "Actual Rows": 0, "Actual Loops": 1, "Output": ["\"Sede Foraneo Sintec\""], "Group Key": ["\"Rentabilidad_4\".\"Sede Foraneo Sintec\""], "Plans": [{"Node Type": "Sort", "Parent Relationship": "Outer", "Parallel Aware": false, "Async Capable": false, "Startup Cost": 10.63, "Total Cost": 10.68, "Plan Rows": 20, "Plan Width": 32, "Actual Startup Time": 0.003, "Actual Total Time": 0.003, "Actual Rows": 0, "Actual Loops": 1, "Output": ["\"Sede Foraneo Sintec\""], "Sort Key": ["\"Rentabilidad_4\".\"Sede Foraneo Sintec\""], "Sort Method": "quicksort", "Sort Space Used": 25, "Sort Space Type": "Memory", "Plans": [{"Node Type": "Seq Scan", "Parent Relationship": "Outer", "Parallel Aware": false, "Async Capable": false, "Relation Name": "Rentabilidad_4", "Schema": "pg_temp", "Alias": "Rentabilidad_4", "Startup Cost": 0.0, "Total Cost": 10.2, "Plan Rows": 20, "Plan Width": 32, "Actual Startup Time": 0.002, "Actual Total Time": 0.002, "Actual Rows": 0, "Actual Loops": 1, "Output": ["\"Sede Foraneo Sintec\""]}]}]}, "Planning Time": 0.212, "Triggers": [], "Execution Time": 0.008}]