[{"Plan": {"Node Type": "Group", "Parallel Aware": false, "Async Capable": false, "Startup Cost": 10.36, "Total Cost": 10.37, "Plan Rows": 1, "Plan Width": 42, "Actual Startup Time": 0.003, "Actual Total Time": 0.003, "Actual Rows": 0, "Actual Loops": 1, "Output": ["\"Implementaci\u00f3n Venta\""], "Group Key": ["\"Rentabilidad_6\".\"Implementaci\u00f3n Venta\""], "Plans": [{"Node Type": "Sort", "Parent Relationship": "Outer", "Parallel Aware": false, "Async Capable": false, "Startup Cost": 10.36, "Total Cost": 10.37, "Plan Rows": 1, "Plan Width": 42, "Actual Startup Time": 0.003, "Actual Total Time": 0.003, "Actual Rows": 0, "Actual Loops": 1, "Output": ["\"Implementaci\u00f3n Venta\""], "Sort Key": ["\"Rentabilidad_6\".\"Implementaci\u00f3n Venta\""], "Sort Method": "quicksort", "Sort Space Used": 25, "Sort Space Type": "Memory", "Plans": [{"Node Type": "Seq Scan", "Parent Relationship": "Outer", "Parallel Aware": false, "Async Capable": false, "Relation Name": "Rentabilidad_6", "Schema": "pg_temp", "Alias": "Rentabilidad_6", "Startup Cost": 0.0, "Total Cost": 10.35, "Plan Rows": 1, "Plan Width": 42, "Actual Startup Time": 0.002, "Actual Total Time": 0.002, "Actual Rows": 0, "Actual Loops": 1, "Output": ["\"Implementaci\u00f3n Venta\""], "Filter": "(((\"Rentabilidad_6\".\"Figura\")::text = 'Preventa On Premise'::text) AND ((\"Rentabilidad_6\".\"Sede Foraneo Sintec\")::text = 'Sede'::text) AND ((\"Rentabilidad_6\".\"Zona\")::text = 'OC'::text))", "Rows Removed by Filter": 0}]}]}, "Planning Time": 0.209, "Triggers": [], "Execution Time": 0.008}]