[{"Plan": {"Node Type": "Aggregate", "Strategy": "Sorted", "Partial Mode": "Simple", "Parallel Aware": false, "Async Capable": false, "Startup Cost": 10.36, "Total Cost": 10.39, "Plan Rows": 1, "Plan Width": 82, "Actual Startup Time": 0.002, "Actual Total Time": 0.002, "Actual Rows": 0, "Actual Loops": 1, "Output": ["\"Deudor\"", "\"Ruta de Venta\"", "sum(\"Rentabilidad\")", "sum(\"CF\")"], "Group Key": ["\"Rentabilidad_7\".\"Deudor\"", "\"Rentabilidad_7\".\"Ruta de Venta\""], "Plans": [{"Node Type": "Sort", "Parent Relationship": "Outer", "Parallel Aware": false, "Async Capable": false, "Startup Cost": 10.36, "Total Cost": 10.37, "Plan Rows": 1, "Plan Width": 82, "Actual Startup Time": 0.002, "Actual Total Time": 0.002, "Actual Rows": 0, "Actual Loops": 1, "Output": ["\"Deudor\"", "\"Ruta de Venta\"", "\"Rentabilidad\"", "\"CF\""], "Sort Key": ["\"Rentabilidad_7\".\"Deudor\"", "\"Rentabilidad_7\".\"Ruta de Venta\""], "Sort Method": "quicksort", "Sort Space Used": 25, "Sort Space Type": "Memory", "Plans": [{"Node Type": "Seq Scan", "Parent Relationship": "Outer", "Parallel Aware": false, "Async Capable": false, "Relation Name": "Rentabilidad_7", "Schema": "pg_temp", "Alias": "Rentabilidad_7", "Startup Cost": 0.0, "Total Cost": 10.35, "Plan Rows": 1, "Plan Width": 82, "Actual Startup Time": 0.001, "Actual Total Time": 0.001, "Actual Rows": 0, "Actual Loops": 1, "Output": ["\"Deudor\"", "\"Ruta de Venta\"", "\"Rentabilidad\"", "\"CF\""], "Filter": "(((\"Rentabilidad_7\".\"Figura\")::text = 'Preventa On Premise'::text) AND ((\"Rentabilidad_7\".\"Sede Foraneo Sintec\")::text = 'Sede'::text) AND ((\"Rentabilidad_7\".\"Zona\")::text = 'OC'::text))", "Rows Removed by Filter": 0}]}]}, "Planning Time": 0.034, "Triggers": [], "Execution Time": 0.01}]