[{"Plan": {"Node Type": "Aggregate", "Strategy": "Sorted", "Partial Mode": "Simple", "Parallel Aware": false, "Async Capable": false, "Startup Cost": 10.79, "Total Cost": 10.82, "Plan Rows": 1, "Plan Width": 156, "Actual Startup Time": 0.004, "Actual Total Time": 0.004, "Actual Rows": 0, "Actual Loops": 1, "Output": ["\"Figura\"", "\"Locaci\u00f3n\"", "sum(\"IN\")", "sum(\"CF\")", "sum(\"TOTAL VENTA\")", "sum(\"TOTAL REPARTO\")"], "Group Key": ["\"Rentabilidad_7\".\"Figura\"", "\"Rentabilidad_7\".\"Locaci\u00f3n\""], "Plans": [{"Node Type": "Sort", "Parent Relationship": "Outer", "Parallel Aware": false, "Async Capable": false, "Startup Cost": 10.79, "Total Cost": 10.79, "Plan Rows": 1, "Plan Width": 156, "Actual Startup Time": 0.004, "Actual Total Time": 0.004, "Actual Rows": 0, "Actual Loops": 1, "Output": ["\"Figura\"", "\"Locaci\u00f3n\"", "\"IN\"", "\"CF\"", "\"TOTAL VENTA\"", "\"TOTAL REPARTO\""], "Sort Key": ["\"Rentabilidad_7\".\"Figura\"", "\"Rentabilidad_7\".\"Locaci\u00f3n\""], "Sort Method": "quicksort", "Sort Space Used": 25, "Sort Space Type": "Memory", "Plans": [{"Node Type": "Seq Scan", "Parent Relationship": "Outer", "Parallel Aware": false, "Async Capable": false, "Relation Name": "Rentabilidad_7", "Schema": "pg_temp", "Alias": "Rentabilidad_7", "Startup Cost": 0.0, "Total Cost": 10.78, "Plan Rows": 1, "Plan Width": 156, "Actual Startup Time": 0.002, "Actual Total Time": 0.002, "Actual Rows": 0, "Actual Loops": 1, "Output": ["\"Figura\"", "\"Locaci\u00f3n\"", "\"IN\"", "\"CF\"", "\"TOTAL VENTA\"", "\"TOTAL REPARTO\""], "Filter": "(((\"Rentabilidad_7\".\"Sede Foraneo Sintec\")::text = 'Sede'::text) AND ((\"Rentabilidad_7\".\"Zona\")::text = 'OC'::text) AND (((\"Rentabilidad_7\".\"Figura\")::text <> 'Televenta Oficinas'::text) OR ((\"Rentabilidad_7\".\"Locaci\u00f3n\")::text <> ALL ('{Barranquilla,Cartagena}'::text[]))) AND (((\"Rentabilidad_7\".\"Figura\")::text <> 'Autoventa Nocturna'::text) OR ((\"Rentabilidad_7\".\"Locaci\u00f3n\")::text <> ALL ('{Barranquilla,\"Bogota Norte\",Ibague,Medellin,Valledupar}'::text[]))) AND (((\"Rentabilidad_7\".\"Figura\")::text <> 'Autoventa Hogares'::text) OR ((\"Rentabilidad_7\".\"Locaci\u00f3n\")::text <> ALL ('{Barranquilla,Bucaramanga,Cartagena,Cucuta,Pereira,\"Santa Marta\"}'::text[]))))", "Rows Removed by Filter": 0}]}]}, "Planning Time": 0.242, "Triggers": [], "Execution Time": 0.015}]