[{"Plan": {"Node Type": "Group", "Parallel Aware": false, "Async Capable": false, "Startup Cost": 10.36, "Total Cost": 10.37, "Plan Rows": 1, "Plan Width": 48, "Actual Startup Time": 0.002, "Actual Total Time": 0.002, "Actual Rows": 0, "Actual Loops": 1, "Output": ["\"Locaci\u00f3n\""], "Group Key": ["\"Rentabilidad_8\".\"Locaci\u00f3n\""], "Plans": [{"Node Type": "Sort", "Parent Relationship": "Outer", "Parallel Aware": false, "Async Capable": false, "Startup Cost": 10.36, "Total Cost": 10.37, "Plan Rows": 1, "Plan Width": 48, "Actual Startup Time": 0.002, "Actual Total Time": 0.002, "Actual Rows": 0, "Actual Loops": 1, "Output": ["\"Locaci\u00f3n\""], "Sort Key": ["\"Rentabilidad_8\".\"Locaci\u00f3n\""], "Sort Method": "quicksort", "Sort Space Used": 25, "Sort Space Type": "Memory", "Plans": [{"Node Type": "Seq Scan", "Parent Relationship": "Outer", "Parallel Aware": false, "Async Capable": false, "Relation Name": "Rentabilidad_8", "Schema": "pg_temp", "Alias": "Rentabilidad_8", "Startup Cost": 0.0, "Total Cost": 10.35, "Plan Rows": 1, "Plan Width": 48, "Actual Startup Time": 0.001, "Actual Total Time": 0.001, "Actual Rows": 0, "Actual Loops": 1, "Output": ["\"Locaci\u00f3n\""], "Filter": "(((\"Rentabilidad_8\".\"Figura\")::text = 'Preventa On Premise'::text) AND ((\"Rentabilidad_8\".\"Sede Foraneo Sintec\")::text = 'Sede'::text) AND ((\"Rentabilidad_8\".\"Zona\")::text = 'OC'::text))", "Rows Removed by Filter": 0}]}]}, "Planning Time": 0.024, "Triggers": [], "Execution Time": 0.007}]