[{"Plan": {"Node Type": "Group", "Parallel Aware": false, "Async Capable": false, "Startup Cost": 10.63, "Total Cost": 10.73, "Plan Rows": 20, "Plan Width": 12, "Actual Startup Time": 0.003, "Actual Total Time": 0.003, "Actual Rows": 0, "Actual Loops": 1, "Output": ["\"Zona\""], "Group Key": ["\"Rentabilidad_8\".\"Zona\""], "Plans": [{"Node Type": "Sort", "Parent Relationship": "Outer", "Parallel Aware": false, "Async Capable": false, "Startup Cost": 10.63, "Total Cost": 10.68, "Plan Rows": 20, "Plan Width": 12, "Actual Startup Time": 0.003, "Actual Total Time": 0.003, "Actual Rows": 0, "Actual Loops": 1, "Output": ["\"Zona\""], "Sort Key": ["\"Rentabilidad_8\".\"Zona\""], "Sort Method": "quicksort", "Sort Space Used": 25, "Sort Space Type": "Memory", "Plans": [{"Node Type": "Seq Scan", "Parent Relationship": "Outer", "Parallel Aware": false, "Async Capable": false, "Relation Name": "Rentabilidad_8", "Schema": "pg_temp", "Alias": "Rentabilidad_8", "Startup Cost": 0.0, "Total Cost": 10.2, "Plan Rows": 20, "Plan Width": 12, "Actual Startup Time": 0.002, "Actual Total Time": 0.002, "Actual Rows": 0, "Actual Loops": 1, "Output": ["\"Zona\""]}]}]}, "Planning Time": 0.214, "Triggers": [], "Execution Time": 0.008}]