[{"Plan": {"Node Type": "Aggregate", "Strategy": "Plain", "Partial Mode": "Simple", "Parallel Aware": false, "Async Capable": false, "Startup Cost": 10.41, "Total Cost": 10.42, "Plan Rows": 1, "Plan Width": 488, "Actual Startup Time": 0.004, "Actual Total Time": 0.005, "Actual Rows": 0, "Actual Loops": 1, "Output": ["sum(\"CF\")", "sum(\"VENTA: Costo Renta de Equipo Televenta Normal\")", "sum(\"AUTOPREVENTA: Costo Variable\")", "sum(\"OP. DISTRIBUIDORES: Mayoristas\")", "sum(\"OTROS VENTA: Costo de Rotaci\u00f3n Pre/Televendedores\")", "sum(\"PREVENTA: Costo de Prevendedor Normal\")", "sum(\"VENTA: Costo de Handheld Rutas Autoventa\")", "sum(\"OP. DISTRIBUIDORES: Costo Variable\")", "sum(\"VENTA: Costos EDI\")", "sum(\"CF\")", "sum(\"OP. DISTRIBUIDORES: NO GVF\")", "sum(\"VENTA:  MERMA DE VENTA\")", "sum(\"OP. DISTRIBUIDORES: Costo Fijo\")", "sum(\"VENTA: Costo de Handheld Rutas NCBs\")", "sum(\"VENTA: Costo de Handheld Rutas Preventa\")", "sum(\"GERENTES VENTA: Costo Gerente de Ventas Normal\")", "sum(\"AUTOPREVENTA: Costo de Devoluciones\")", "sum((\"VENTA: Costo Renta Equipo Televenta NCB\")::bigint)", "sum(\"TELEVENTA: Costo de Televendedor Normal\")", "sum(\"PREVENTA NCB: Costo de Prevendedor NCB\")", "sum((\"VENTA: Coord, OL, Merc. 14\")::bigint)", "sum(\"AUTOVENTA: Costo Variable\")", "sum(\"AUTOVENTA: Carga Paseante\")", "sum(\"AUTOVENTA: Costo Fijo\")", "sum((\"TELEVENTA: Costo Televendedor NCB\")::bigint)", "sum((\"VENTA: Descuentos Lista de Precios\")::bigint)", "sum(\"GERENTES VENTA: Coordinadores Bronces\")", "sum(\"AUTOPREVENTA: Costo Fijo\")"], "Filter": "(count(1) > 0)", "Rows Removed by Filter": 1, "Plans": [{"Node Type": "Seq Scan", "Parent Relationship": "Outer", "Parallel Aware": false, "Async Capable": false, "Relation Name": "Rentabilidad_1", "Schema": "pg_temp", "Alias": "Rentabilidad_1", "Startup Cost": 0.0, "Total Cost": 10.3, "Plan Rows": 1, "Plan Width": 272, "Actual Startup Time": 0.003, "Actual Total Time": 0.003, "Actual Rows": 0, "Actual Loops": 1, "Output": ["\"AUTOPREVENTA: Costo Fijo\"", "\"AUTOPREVENTA: Costo Variable\"", "\"AUTOPREVENTA: Costo de Devoluciones\"", "\"AUTOPREVENTA: Tiempos de Venta + Traslado Autopreventa Normal\"", "\"AUTOVENTA: Carga Paseante\"", "\"AUTOVENTA: Costo Fijo\"", "\"AUTOVENTA: Costo Variable\"", "\"AUTOVENTA: Tiempos de Venta + Traslado Autoventa Normal\"", "\"BODEGA: CEDIS Propio- Costos Bodega\"", "\"BODEGA: Costo Arriendo Terceros\"", "\"BODEGA: Costo Especialistas de Operaciones\"", "\"BODEGA: Distribuidores- Costos Fijos y Variables\"", "\"BODEGA: Mermas\"", "\"CF\"", "\"CU\"", "\"Calculation_1880818214638259\"", "\"Calle\"", "\"Canal de Ventas\"", "\"Ciudad UO\"", "\"Descripci\u00f3n de Canal\"", "\"Deudor NCB\"", "\"Deudor\"", "\"Dias de Visita CO\"", "\"Dias de Visita TA NCB\"", "\"Dias de Visita TA\"", "\"D\u00edas de Entrega\"", "\"D\u00edas de Visita PR NCB\"", "\"D\u00edas de Visita PR\"", "\"D\u00efas de Entrega NCB\"", "\"Figura Especifica\"", "\"Figura\"", "\"Fijo / Din\u00e1mica\"", "\"Fx CO\"", "\"Fx Entrega Total NCB\"", "\"Fx Entrega Total\"", "\"Fx PR NCB\"", "\"Fx PR\"", "\"Fx TA NCB\"", "\"Fx TA\"", "\"FxED\"", "\"GEC NCB\"", "\"GEC\"", "\"GERENTES VENTA: Coordinadores Bronces\"", "\"GERENTES VENTA: Costo Gerente de Ventas Normal\"", "\"GUC\"", "\"Gerencia\"", "\"IN\"", "\"Implementaci\u00f3n Venta\"", "\"Jefatura de Reparto NCB\"", "\"Jefatura de Reparto\"", "\"Jefe de Ventas NCB\"", "\"Jefe de Ventas\"", "\"Latitud AUTO PREV\"", "\"Latitud\"", "\"Locaci\u00f3n\"", "\"Locaci\u00f3n (copy)\"", "\"Longitud AUTO PREV\"", "\"Longitud\"", "\"MATCH PR con NCB\"", "\"MERCADEO: Costo Refrigeraci\u00f3n\"", "\"MERCADEO: PDE\"", "\"MERCADEO: PDV- Descuentos Habituales\"", "\"MERCADEO: PDV- Descuentos No Habituales\"", "\"MERCADEO: Prorrateo Mercaderistas\"", "\"Modalidad de Venta\"", "\"Modalidad reparto\"", "\"Municipio\"", "\"NCB\"", "\"NIT\"", "\"Nombre del Cliente\"", "\"Number of Records\"", "\"ON-OFF\"", "\"OP. DISTRIBUIDORES: Costo Fijo\"", "\"OP. DISTRIBUIDORES: Costo Variable\"", "\"OP. DISTRIBUIDORES: Filtro de Validaci\u00f3n Costo Variable\"", "\"OP. DISTRIBUIDORES: Mayoristas\"", "\"OP. DISTRIBUIDORES: NO GVF\"", "\"OP. DISTRIBUIDORES: Prorrateo Visitas\"", "\"OTROS VENTA: Costo de Rotaci\u00f3n Pre/Televendedores\"", "\"PREVENTA NCB: Costo de Prevendedor NCB\"", "\"PREVENTA NCB: Tiempos de Venta + Traslado Preventa NCB\"", "\"PREVENTA: Costo de Prevendedor Normal\"", "\"PREVENTA: Tiempos de Venta + Traslado Preventa Normal\"", "\"Poblaci\u00f3n Distribuidor GVF/GVI\"", "\"Precio Prom. CF\"", "\"Precio Prom. CU\"", "\"REPARTO: Costo Supervisores\"", "\"REPARTO: Costo de Bodegas Secundarias\"", "\"REPARTO: Costo de Depreciaci\u00f3n\"", "\"REPARTO: Costo de Mantenimiento\"", "\"REPARTO: Devoluciones\"", "\"REPARTO: Merma de Ruta\"", "\"REPARTO: Rutas Dinamicas- Costos Fijos\"", "\"REPARTO: Rutas Dinamicas- Costos Variables\"", "\"REPARTO: Rutas Fijas- Costos Fijos\"", "\"REPARTO: Rutas Fijas- Costos Variables\"", "\"REPARTO: Tiempos de Reparto Fijo + Variable\"", "\"REPARTO: Visitas de Reparto Acumulado Ene-May\"", "\"Raz\u00f3n Social\"", "\"Rentabilidad\"", "\"Ruta CO\"", "\"Ruta ED\"", "\"Ruta PR NCB\"", "\"Ruta PR\"", "\"Ruta TA NCB\"", "\"Ruta TA\"", "\"Ruta de Reparto NCB\"", "\"Ruta de Reparto\"", "\"Ruta de Venta NCB\"", "\"Ruta de Venta\"", "\"Sede Foraneo Sintec\"", "\"Sede/For\u00e1neo\"", "\"T1: Cedis Propio\"", "\"T1: Distruidor Tercero\"", "\"TELEVENTA OFIC: Costo Televendedor Normal\"", "\"TELEVENTA OFIC: Tiempos de Venta\"", "\"TELEVENTA: Costo Televendedor NCB\"", "\"TELEVENTA: Costo de Televendedor Normal\"", "\"TELEVENTA: Tiempos de Venta Televenta NCB\"", "\"TELEVENTA: Tiempos de Venta Televenta Normal\"", "\"TOTAL BODEGA C/ARRIENDOS\"", "\"TOTAL MERCADEO\"", "\"TOTAL REPARTO\"", "\"TOTAL T1\"", "\"TOTAL VENTA\"", "\"Total CdS\"", "\"Tradicional/ Moderno\"", "\"UO\"", "\"Util. Bruta\"", "\"VENTA:  MERMA DE VENTA\"", "\"VENTA: Coord, OL, Merc. 14\"", "\"VENTA: Costo Renta Equipo Televenta NCB\"", "\"VENTA: Costo Renta de Equipo Televenta Normal\"", "\"VENTA: Costo Total Mercaderistas\"", "\"VENTA: Costo de Handheld Rutas Autoventa\"", "\"VENTA: Costo de Handheld Rutas NCBs\"", "\"VENTA: Costo de Handheld Rutas Preventa\"", "\"VENTA: Costos EDI\"", "\"VENTA: Descuentos Lista de Precios\"", "\"Zona\"", "\"GEC (group)\""], "Filter": "(((\"Rentabilidad_1\".\"Sede Foraneo Sintec\")::text = 'Foraneo'::text) AND ((\"Rentabilidad_1\".\"Zona\")::text = 'NR'::text))", "Rows Removed by Filter": 0}]}, "Planning Time": 0.291, "Triggers": [], "Execution Time": 0.031}]