[{"Plan": {"Node Type": "Aggregate", "Strategy": "Sorted", "Partial Mode": "Simple", "Parallel Aware": false, "Async Capable": false, "Startup Cost": 14.44, "Total Cost": 14.46, "Plan Rows": 1, "Plan Width": 56, "Actual Startup Time": 0.003, "Actual Total Time": 0.003, "Actual Rows": 0, "Actual Loops": 1, "Output": ["\"GEC (group)\"", "\"Latitud AUTO PREV\"", "\"Longitud AUTO PREV\"", "sum(\"CF\")"], "Group Key": ["\"Rentabilidad_1\".\"GEC (group)\"", "\"Rentabilidad_1\".\"Latitud AUTO PREV\"", "\"Rentabilidad_1\".\"Longitud AUTO PREV\""], "Plans": [{"Node Type": "Sort", "Parent Relationship": "Outer", "Parallel Aware": false, "Async Capable": false, "Startup Cost": 14.44, "Total Cost": 14.44, "Plan Rows": 1, "Plan Width": 56, "Actual Startup Time": 0.003, "Actual Total Time": 0.003, "Actual Rows": 0, "Actual Loops": 1, "Output": ["\"GEC (group)\"", "\"Latitud AUTO PREV\"", "\"Longitud AUTO PREV\"", "\"CF\""], "Sort Key": ["\"Rentabilidad_1\".\"GEC (group)\"", "\"Rentabilidad_1\".\"Latitud AUTO PREV\"", "\"Rentabilidad_1\".\"Longitud AUTO PREV\""], "Sort Method": "quicksort", "Sort Space Used": 25, "Sort Space Type": "Memory", "Plans": [{"Node Type": "Seq Scan", "Parent Relationship": "Outer", "Parallel Aware": false, "Async Capable": false, "Relation Name": "Rentabilidad_1", "Schema": "pg_temp", "Alias": "Rentabilidad_1", "Startup Cost": 0.0, "Total Cost": 14.43, "Plan Rows": 1, "Plan Width": 56, "Actual Startup Time": 0.001, "Actual Total Time": 0.001, "Actual Rows": 0, "Actual Loops": 1, "Output": ["\"GEC (group)\"", "\"Latitud AUTO PREV\"", "\"Longitud AUTO PREV\"", "\"CF\""], "Filter": "(((\"Rentabilidad_1\".\"Sede Foraneo Sintec\")::text = 'Foraneo'::text) AND ((\"Rentabilidad_1\".\"Zona\")::text = 'NR'::text) AND (((((\"Rentabilidad_1\".\"GEC (group)\")::text <> ALL ('{B,CA,O}'::text[])) OR ((\"Rentabilidad_1\".\"Latitud AUTO PREV\")::double precision <> '0'::double precision) OR ((\"Rentabilidad_1\".\"Longitud AUTO PREV\")::double precision <> '0'::double precision)) AND (((\"Rentabilidad_1\".\"GEC (group)\")::text <> 'P'::text) OR ((((\"Rentabilidad_1\".\"Latitud AUTO PREV\")::double precision <> '-75.62004595'::double precision) OR ((\"Rentabilidad_1\".\"Longitud AUTO PREV\")::double precision <> '-75.62004595'::double precision)) AND (((\"Rentabilidad_1\".\"Latitud AUTO PREV\")::double precision <> '0'::double precision) OR ((\"Rentabilidad_1\".\"Longitud AUTO PREV\")::double precision <> '0'::double precision)) AND (((\"Rentabilidad_1\".\"Latitud AUTO PREV\")::double precision <> '1.258171227'::double precision) OR ((\"Rentabilidad_1\".\"Longitud AUTO PREV\")::double precision <> '-81.70818085'::double precision)) AND (((\"Rentabilidad_1\".\"Latitud AUTO PREV\")::double precision <> '11.3562'::double precision) OR ((\"Rentabilidad_1\".\"Longitud AUTO PREV\")::double precision <> '-71.9714'::double precision)) AND (((\"Rentabilidad_1\".\"Latitud AUTO PREV\")::double precision <> '11.954'::double precision) OR ((\"Rentabilidad_1\".\"Longitud AUTO PREV\")::double precision <> '-74.295'::double precision)) AND (((\"Rentabilidad_1\".\"Latitud AUTO PREV\")::double precision <> '12.57819369'::double precision) OR ((\"Rentabilidad_1\".\"Longitud AUTO PREV\")::double precision <> '-81.70154403'::double precision)) AND (((\"Rentabilidad_1\".\"Latitud AUTO PREV\")::double precision <> '12.58207362'::double precision) OR ((\"Rentabilidad_1\".\"Longitud AUTO PREV\")::double precision <> '-81.70036269'::double precision))))) OR (\"Rentabilidad_1\".\"Latitud AUTO PREV\" IS NULL) OR (\"Rentabilidad_1\".\"Longitud AUTO PREV\" IS NULL)) AND (((((\"Rentabilidad_1\".\"Latitud AUTO PREV\")::double precision <> '-74.359562'::double precision) OR ((\"Rentabilidad_1\".\"Longitud AUTO PREV\")::double precision <> '-74.359562'::double precision)) AND (((\"Rentabilidad_1\".\"Latitud AUTO PREV\")::double precision <> '-74.355301'::double precision) OR ((\"Rentabilidad_1\".\"Longitud AUTO PREV\")::double precision <> '-74.355301'::double precision)) AND (((\"Rentabilidad_1\".\"Latitud AUTO PREV\")::double precision <> '-74.353563'::double precision) OR ((\"Rentabilidad_1\".\"Longitud AUTO PREV\")::double precision <> '-74.353563'::double precision)) AND (((\"Rentabilidad_1\".\"Latitud AUTO PREV\")::double precision <> '-74.271019'::double precision) OR ((\"Rentabilidad_1\".\"Longitud AUTO PREV\")::double precision <> '-74.271019'::double precision)) AND (((\"Rentabilidad_1\".\"Latitud AUTO PREV\")::double precision <> '-74.229739'::double precision) OR ((\"Rentabilidad_1\".\"Longitud AUTO PREV\")::double precision <> '-74.229739'::double precision)) AND (((\"Rentabilidad_1\".\"Latitud AUTO PREV\")::double precision <> '-74.224293'::double precision) OR ((\"Rentabilidad_1\".\"Longitud AUTO PREV\")::double precision <> '-74.224293'::double precision)) AND (((\"Rentabilidad_1\".\"Latitud AUTO PREV\")::double precision <> '-74.221292'::double precision) OR ((\"Rentabilidad_1\".\"Longitud AUTO PREV\")::double precision <> '-74.221292'::double precision)) AND (((\"Rentabilidad_1\".\"Latitud AUTO PREV\")::double precision <> '-74.216218'::double precision) OR ((\"Rentabilidad_1\".\"Longitud AUTO PREV\")::double precision <> '-74.216218'::double precision)) AND (((\"Rentabilidad_1\".\"Latitud AUTO PREV\")::double precision <> '-74.211382'::double precision) OR ((\"Rentabilidad_1\".\"Longitud AUTO PREV\")::double precision <> '-74.211382'::double precision)) AND (((\"Rentabilidad_1\".\"Latitud AUTO PREV\")::double precision <> '-74.21103'::double precision) OR ((\"Rentabilidad_1\".\"Longitud AUTO PREV\")::double precision <> '-74.21103'::double precision)) AND (((\"Rentabilidad_1\".\"Latitud AUTO PREV\")::double precision <> '-7.423179'::double precision) OR ((\"Rentabilidad_1\".\"Longitud AUTO PREV\")::double precision <> '-74.231787'::double precision)) AND (((\"Rentabilidad_1\".\"Latitud AUTO PREV\")::double precision <> '-0.625'::double precision) OR ((\"Rentabilidad_1\".\"Longitud AUTO PREV\")::double precision <> '-75.569'::double precision))) OR (\"Rentabilidad_1\".\"Latitud AUTO PREV\" IS NULL) OR (\"Rentabilidad_1\".\"Longitud AUTO PREV\" IS NULL)))", "Rows Removed by Filter": 0}]}]}, "Planning Time": 0.093, "Triggers": [], "Execution Time": 0.02}]