[{"Plan": {"Node Type": "Group", "Parallel Aware": false, "Async Capable": false, "Startup Cost": 11.21, "Total Cost": 11.22, "Plan Rows": 1, "Plan Width": 178, "Actual Startup Time": 0.002, "Actual Total Time": 0.002, "Actual Rows": 0, "Actual Loops": 1, "Output": ["hcpcs_description", "provider_type"], "Group Key": ["\"Medicare2_2\".hcpcs_description", "\"Medicare2_2\".provider_type"], "Plans": [{"Node Type": "Sort", "Parent Relationship": "Outer", "Parallel Aware": false, "Async Capable": false, "Startup Cost": 11.21, "Total Cost": 11.21, "Plan Rows": 1, "Plan Width": 178, "Actual Startup Time": 0.002, "Actual Total Time": 0.002, "Actual Rows": 0, "Actual Loops": 1, "Output": ["hcpcs_description", "provider_type"], "Sort Key": ["\"Medicare2_2\".hcpcs_description", "\"Medicare2_2\".provider_type"], "Sort Method": "quicksort", "Sort Space Used": 25, "Sort Space Type": "Memory", "Plans": [{"Node Type": "Seq Scan", "Parent Relationship": "Outer", "Parallel Aware": false, "Async Capable": false, "Relation Name": "Medicare2_2", "Schema": "pg_temp", "Alias": "Medicare2_2", "Startup Cost": 0.0, "Total Cost": 11.2, "Plan Rows": 1, "Plan Width": 178, "Actual Startup Time": 0.001, "Actual Total Time": 0.001, "Actual Rows": 0, "Actual Loops": 1, "Output": ["hcpcs_description", "provider_type"], "Filter": "(((\"Medicare2_2\".nppes_provider_state)::text = 'NY'::text) AND ((\"Medicare2_2\".nppes_provider_country)::text = 'US'::text))", "Rows Removed by Filter": 0}]}]}, "Planning Time": 0.019, "Triggers": [], "Execution Time": 0.007}]