[{"Plan": {"Node Type": "Group", "Parallel Aware": false, "Async Capable": false, "Startup Cost": 11.01, "Total Cost": 11.02, "Plan Rows": 1, "Plan Width": 8, "Actual Startup Time": 0.002, "Actual Total Time": 0.002, "Actual Rows": 0, "Actual Loops": 1, "Output": ["nppes_entity_code"], "Group Key": ["\"Medicare2_2\".nppes_entity_code"], "Plans": [{"Node Type": "Sort", "Parent Relationship": "Outer", "Parallel Aware": false, "Async Capable": false, "Startup Cost": 11.01, "Total Cost": 11.02, "Plan Rows": 1, "Plan Width": 8, "Actual Startup Time": 0.002, "Actual Total Time": 0.002, "Actual Rows": 0, "Actual Loops": 1, "Output": ["nppes_entity_code"], "Sort Key": ["\"Medicare2_2\".nppes_entity_code"], "Sort Method": "quicksort", "Sort Space Used": 25, "Sort Space Type": "Memory", "Plans": [{"Node Type": "Seq Scan", "Parent Relationship": "Outer", "Parallel Aware": false, "Async Capable": false, "Relation Name": "Medicare2_2", "Schema": "pg_temp", "Alias": "Medicare2_2", "Startup Cost": 0.0, "Total Cost": 11.0, "Plan Rows": 1, "Plan Width": 8, "Actual Startup Time": 0.001, "Actual Total Time": 0.001, "Actual Rows": 0, "Actual Loops": 1, "Output": ["nppes_entity_code"], "Filter": "((\"Medicare2_2\".nppes_provider_state)::text = 'NY'::text)", "Rows Removed by Filter": 0}]}]}, "Planning Time": 0.013, "Triggers": [], "Execution Time": 0.006}]