[{"Plan": {"Node Type": "Aggregate", "Strategy": "Sorted", "Partial Mode": "Simple", "Parallel Aware": false, "Async Capable": false, "Startup Cost": 11.42, "Total Cost": 11.49, "Plan Rows": 1, "Plan Width": 556, "Actual Startup Time": 0.004, "Actual Total Time": 0.004, "Actual Rows": 0, "Actual Loops": 1, "Output": ["((bene_unique_cnt)::bigint)", "(hcpcs_code)::bigint", "hcpcs_description", "((line_srvc_cnt)::bigint)", "nppes_provider_city", "nppes_provider_first_name", "nppes_provider_last_org_name", "nppes_provider_street1", "(nppes_provider_zip)::bigint", "sum(((\"average_Medicare_payment_amt\" * ((line_srvc_cnt)::bigint)::double precision)))", "((\"average_Medicare_payment_amt\" * ((line_srvc_cnt)::bigint)::double precision))", "bene_unique_cnt", "hcpcs_code", "line_srvc_cnt", "nppes_provider_zip"], "Group Key": ["\"Medicare2_2\".bene_unique_cnt", "\"Medicare2_2\".hcpcs_code", "\"Medicare2_2\".hcpcs_description", "\"Medicare2_2\".line_srvc_cnt", "\"Medicare2_2\".nppes_provider_city", "\"Medicare2_2\".nppes_provider_first_name", "\"Medicare2_2\".nppes_provider_last_org_name", "\"Medicare2_2\".nppes_provider_street1", "\"Medicare2_2\".nppes_provider_zip", "((\"Medicare2_2\".\"average_Medicare_payment_amt\" * ((\"Medicare2_2\".line_srvc_cnt)::bigint)::double precision))", "((\"Medicare2_2\".bene_unique_cnt)::bigint)", "((\"Medicare2_2\".line_srvc_cnt)::bigint)"], "Plans": [{"Node Type": "Sort", "Parent Relationship": "Outer", "Parallel Aware": false, "Async Capable": false, "Startup Cost": 11.42, "Total Cost": 11.43, "Plan Rows": 1, "Plan Width": 540, "Actual Startup Time": 0.004, "Actual Total Time": 0.004, "Actual Rows": 0, "Actual Loops": 1, "Output": ["((bene_unique_cnt)::bigint)", "hcpcs_description", "((line_srvc_cnt)::bigint)", "nppes_provider_city", "nppes_provider_first_name", "nppes_provider_last_org_name", "nppes_provider_street1", "((\"average_Medicare_payment_amt\" * ((line_srvc_cnt)::bigint)::double precision))", "bene_unique_cnt", "hcpcs_code", "line_srvc_cnt", "nppes_provider_zip", "\"average_Medicare_payment_amt\""], "Sort Key": ["\"Medicare2_2\".bene_unique_cnt", "\"Medicare2_2\".hcpcs_code", "\"Medicare2_2\".hcpcs_description", "\"Medicare2_2\".line_srvc_cnt", "\"Medicare2_2\".nppes_provider_city", "\"Medicare2_2\".nppes_provider_first_name", "\"Medicare2_2\".nppes_provider_last_org_name", "\"Medicare2_2\".nppes_provider_street1", "\"Medicare2_2\".nppes_provider_zip", "((\"Medicare2_2\".\"average_Medicare_payment_amt\" * ((\"Medicare2_2\".line_srvc_cnt)::bigint)::double precision))", "((\"Medicare2_2\".bene_unique_cnt)::bigint)", "((\"Medicare2_2\".line_srvc_cnt)::bigint)"], "Sort Method": "quicksort", "Sort Space Used": 25, "Sort Space Type": "Memory", "Plans": [{"Node Type": "Seq Scan", "Parent Relationship": "Outer", "Parallel Aware": false, "Async Capable": false, "Relation Name": "Medicare2_2", "Schema": "pg_temp", "Alias": "Medicare2_2", "Startup Cost": 0.0, "Total Cost": 11.41, "Plan Rows": 1, "Plan Width": 540, "Actual Startup Time": 0.001, "Actual Total Time": 0.001, "Actual Rows": 0, "Actual Loops": 1, "Output": ["(bene_unique_cnt)::bigint", "hcpcs_description", "(line_srvc_cnt)::bigint", "nppes_provider_city", "nppes_provider_first_name", "nppes_provider_last_org_name", "nppes_provider_street1", "(\"average_Medicare_payment_amt\" * ((line_srvc_cnt)::bigint)::double precision)", "bene_unique_cnt", "hcpcs_code", "line_srvc_cnt", "nppes_provider_zip", "\"average_Medicare_payment_amt\""], "Filter": "(((\"Medicare2_2\".nppes_provider_state)::text = 'NY'::text) AND ((\"Medicare2_2\".nppes_provider_country)::text = 'US'::text) AND ((\"Medicare2_2\".provider_type)::text = 'Allergy/Immunology'::text))", "Rows Removed by Filter": 0}]}]}, "Planning Time": 0.051, "Triggers": [], "Execution Time": 0.018}]