[{"Plan": {"Node Type": "Aggregate", "Strategy": "Sorted", "Partial Mode": "Simple", "Parallel Aware": false, "Async Capable": false, "Startup Cost": 11.41, "Total Cost": 11.47, "Plan Rows": 1, "Plan Width": 572, "Actual Startup Time": 0.003, "Actual Total Time": 0.003, "Actual Rows": 0, "Actual Loops": 1, "Output": ["(npi)::bigint", "nppes_credentials", "nppes_provider_city", "nppes_provider_first_name", "nppes_provider_last_org_name", "nppes_provider_street1", "(nppes_provider_zip)::bigint", "sum((\"average_Medicare_payment_amt\" * ((line_srvc_cnt)::bigint)::double precision))", "sum((bene_unique_cnt)::bigint)", "sum((line_srvc_cnt)::bigint)", "npi", "nppes_provider_zip"], "Group Key": ["\"Medicare2_2\".npi", "\"Medicare2_2\".nppes_credentials", "\"Medicare2_2\".nppes_provider_city", "\"Medicare2_2\".nppes_provider_first_name", "\"Medicare2_2\".nppes_provider_last_org_name", "\"Medicare2_2\".nppes_provider_street1", "\"Medicare2_2\".nppes_provider_zip"], "Plans": [{"Node Type": "Sort", "Parent Relationship": "Outer", "Parallel Aware": false, "Async Capable": false, "Startup Cost": 11.41, "Total Cost": 11.42, "Plan Rows": 1, "Plan Width": 500, "Actual Startup Time": 0.003, "Actual Total Time": 0.003, "Actual Rows": 0, "Actual Loops": 1, "Output": ["nppes_credentials", "nppes_provider_city", "nppes_provider_first_name", "nppes_provider_last_org_name", "nppes_provider_street1", "npi", "nppes_provider_zip", "\"average_Medicare_payment_amt\"", "line_srvc_cnt", "bene_unique_cnt"], "Sort Key": ["\"Medicare2_2\".npi", "\"Medicare2_2\".nppes_credentials", "\"Medicare2_2\".nppes_provider_city", "\"Medicare2_2\".nppes_provider_first_name", "\"Medicare2_2\".nppes_provider_last_org_name", "\"Medicare2_2\".nppes_provider_street1", "\"Medicare2_2\".nppes_provider_zip"], "Sort Method": "quicksort", "Sort Space Used": 25, "Sort Space Type": "Memory", "Plans": [{"Node Type": "Seq Scan", "Parent Relationship": "Outer", "Parallel Aware": false, "Async Capable": false, "Relation Name": "Medicare2_2", "Schema": "pg_temp", "Alias": "Medicare2_2", "Startup Cost": 0.0, "Total Cost": 11.4, "Plan Rows": 1, "Plan Width": 500, "Actual Startup Time": 0.001, "Actual Total Time": 0.001, "Actual Rows": 0, "Actual Loops": 1, "Output": ["nppes_credentials", "nppes_provider_city", "nppes_provider_first_name", "nppes_provider_last_org_name", "nppes_provider_street1", "npi", "nppes_provider_zip", "\"average_Medicare_payment_amt\"", "line_srvc_cnt", "bene_unique_cnt"], "Filter": "(((\"Medicare2_2\".nppes_provider_state)::text = 'NY'::text) AND ((\"Medicare2_2\".nppes_provider_country)::text = 'US'::text) AND ((\"Medicare2_2\".provider_type)::text = 'Allergy/Immunology'::text))", "Rows Removed by Filter": 0}]}]}, "Planning Time": 0.036, "Triggers": [], "Execution Time": 0.016}]