[{"Plan": {"Node Type": "Aggregate", "Strategy": "Sorted", "Partial Mode": "Simple", "Parallel Aware": false, "Async Capable": false, "Startup Cost": 11.01, "Total Cost": 11.05, "Plan Rows": 1, "Plan Width": 414, "Actual Startup Time": 0.003, "Actual Total Time": 0.003, "Actual Rows": 0, "Actual Loops": 1, "Output": ["(npi)::bigint", "nppes_provider_city", "nppes_provider_first_name", "nppes_provider_last_org_name", "provider_type", "sum((\"average_Medicare_payment_amt\" * ((line_srvc_cnt)::bigint)::double precision))", "npi"], "Group Key": ["\"Medicare2_2\".npi", "\"Medicare2_2\".nppes_provider_city", "\"Medicare2_2\".nppes_provider_first_name", "\"Medicare2_2\".nppes_provider_last_org_name", "\"Medicare2_2\".provider_type"], "Plans": [{"Node Type": "Sort", "Parent Relationship": "Outer", "Parallel Aware": false, "Async Capable": false, "Startup Cost": 11.01, "Total Cost": 11.02, "Plan Rows": 1, "Plan Width": 410, "Actual Startup Time": 0.002, "Actual Total Time": 0.003, "Actual Rows": 0, "Actual Loops": 1, "Output": ["nppes_provider_city", "nppes_provider_first_name", "nppes_provider_last_org_name", "provider_type", "npi", "\"average_Medicare_payment_amt\"", "line_srvc_cnt"], "Sort Key": ["\"Medicare2_2\".npi", "\"Medicare2_2\".nppes_provider_city", "\"Medicare2_2\".nppes_provider_first_name", "\"Medicare2_2\".nppes_provider_last_org_name", "\"Medicare2_2\".provider_type"], "Sort Method": "quicksort", "Sort Space Used": 25, "Sort Space Type": "Memory", "Plans": [{"Node Type": "Seq Scan", "Parent Relationship": "Outer", "Parallel Aware": false, "Async Capable": false, "Relation Name": "Medicare2_2", "Schema": "pg_temp", "Alias": "Medicare2_2", "Startup Cost": 0.0, "Total Cost": 11.0, "Plan Rows": 1, "Plan Width": 410, "Actual Startup Time": 0.001, "Actual Total Time": 0.001, "Actual Rows": 0, "Actual Loops": 1, "Output": ["nppes_provider_city", "nppes_provider_first_name", "nppes_provider_last_org_name", "provider_type", "npi", "\"average_Medicare_payment_amt\"", "line_srvc_cnt"], "Filter": "((\"Medicare2_2\".nppes_provider_first_name IS NOT NULL) AND ((\"Medicare2_2\".nppes_provider_state)::text = 'NY'::text))", "Rows Removed by Filter": 0}]}]}, "Planning Time": 0.03, "Triggers": [], "Execution Time": 0.013}]