[{"Plan": {"Node Type": "Aggregate", "Strategy": "Sorted", "Partial Mode": "Simple", "Parallel Aware": false, "Async Capable": false, "Startup Cost": 10.4, "Total Cost": 10.47, "Plan Rows": 1, "Plan Width": 2066, "Actual Startup Time": 0.015, "Actual Total Time": 0.016, "Actual Rows": 0, "Actual Loops": 1, "Output": ["ch_catalogo_guia", "cod_da_unidade_de_ensino", "cod_ibge_do_local_da_oferta", "(codigo_do_curso)::bigint", "count(DISTINCT \"Calculation_838513981462429699\")", "ead", "eixo_tecnologico_catalogo_guia", "forma_ingresso", "municipio_do_local_da_oferta", "no_dependencia_admin", "no_modalidade", "no_parceiro_demandante", "no_sistema_ensino", "nome_curso_catalogo_guia", "nome_da_ue", "nome_da_uer", "subtipo_curso", "uf_do_local_da_oferta", "unidade_demandante", "((EXTRACT(year FROM data_de_inicio))::bigint)", "codigo_do_curso"], "Group Key": ["\"Eixo_1\".ch_catalogo_guia", "\"Eixo_1\".cod_da_unidade_de_ensino", "\"Eixo_1\".cod_ibge_do_local_da_oferta", "\"Eixo_1\".codigo_do_curso", "\"Eixo_1\".ead", "\"Eixo_1\".eixo_tecnologico_catalogo_guia", "\"Eixo_1\".forma_ingresso", "\"Eixo_1\".municipio_do_local_da_oferta", "\"Eixo_1\".no_dependencia_admin", "\"Eixo_1\".no_modalidade", "\"Eixo_1\".no_parceiro_demandante", "\"Eixo_1\".no_sistema_ensino", "\"Eixo_1\".nome_curso_catalogo_guia", "\"Eixo_1\".nome_da_ue", "\"Eixo_1\".nome_da_uer", "\"Eixo_1\".subtipo_curso", "\"Eixo_1\".uf_do_local_da_oferta", "\"Eixo_1\".unidade_demandante", "((EXTRACT(year FROM \"Eixo_1\".data_de_inicio))::bigint)"], "Plans": [{"Node Type": "Sort", "Parent Relationship": "Outer", "Parallel Aware": false, "Async Capable": false, "Startup Cost": 10.4, "Total Cost": 10.41, "Plan Rows": 1, "Plan Width": 2106, "Actual Startup Time": 0.014, "Actual Total Time": 0.015, "Actual Rows": 0, "Actual Loops": 1, "Output": ["ch_catalogo_guia", "cod_da_unidade_de_ensino", "cod_ibge_do_local_da_oferta", "ead", "eixo_tecnologico_catalogo_guia", "forma_ingresso", "municipio_do_local_da_oferta", "no_dependencia_admin", "no_modalidade", "no_parceiro_demandante", "no_sistema_ensino", "nome_curso_catalogo_guia", "nome_da_ue", "nome_da_uer", "subtipo_curso", "uf_do_local_da_oferta", "unidade_demandante", "((EXTRACT(year FROM data_de_inicio))::bigint)", "codigo_do_curso", "\"Calculation_838513981462429699\""], "Sort Key": ["\"Eixo_1\".ch_catalogo_guia", "\"Eixo_1\".cod_da_unidade_de_ensino", "\"Eixo_1\".cod_ibge_do_local_da_oferta", "\"Eixo_1\".codigo_do_curso", "\"Eixo_1\".ead", "\"Eixo_1\".eixo_tecnologico_catalogo_guia", "\"Eixo_1\".forma_ingresso", "\"Eixo_1\".municipio_do_local_da_oferta", "\"Eixo_1\".no_dependencia_admin", "\"Eixo_1\".no_modalidade", "\"Eixo_1\".no_parceiro_demandante", "\"Eixo_1\".no_sistema_ensino", "\"Eixo_1\".nome_curso_catalogo_guia", "\"Eixo_1\".nome_da_ue", "\"Eixo_1\".nome_da_uer", "\"Eixo_1\".subtipo_curso", "\"Eixo_1\".uf_do_local_da_oferta", "\"Eixo_1\".unidade_demandante", "((EXTRACT(year FROM \"Eixo_1\".data_de_inicio))::bigint)"], "Sort Method": "quicksort", "Sort Space Used": 25, "Sort Space Type": "Memory", "Plans": [{"Node Type": "Seq Scan", "Parent Relationship": "Outer", "Parallel Aware": false, "Async Capable": false, "Relation Name": "Eixo_1", "Schema": "pg_temp", "Alias": "Eixo_1", "Startup Cost": 0.0, "Total Cost": 10.39, "Plan Rows": 1, "Plan Width": 2106, "Actual Startup Time": 0.003, "Actual Total Time": 0.003, "Actual Rows": 0, "Actual Loops": 1, "Output": ["ch_catalogo_guia", "cod_da_unidade_de_ensino", "cod_ibge_do_local_da_oferta", "ead", "eixo_tecnologico_catalogo_guia", "forma_ingresso", "municipio_do_local_da_oferta", "no_dependencia_admin", "no_modalidade", "no_parceiro_demandante", "no_sistema_ensino", "nome_curso_catalogo_guia", "nome_da_ue", "nome_da_uer", "subtipo_curso", "uf_do_local_da_oferta", "unidade_demandante", "(EXTRACT(year FROM data_de_inicio))::bigint", "codigo_do_curso", "\"Calculation_838513981462429699\""], "Filter": "((\"Eixo_1\".\"nome da sit matricula (situacao detalhada)\" IS NOT NULL) AND ((\"Eixo_1\".situacao_da_turma)::text <> ALL ('{CANCELADA,CRIADA,PUBLICADA}'::text[])) AND ((EXTRACT(year FROM \"Eixo_1\".data_de_inicio))::bigint = ANY ('{2013,2014,2015}'::bigint[])) AND ((\"Eixo_1\".\"nome da sit matricula (situacao detalhada)\")::text <> ALL ('{CANC_DESISTENTE,CANC_MAT_PRIM_OPCAO,CANC_SAN\u00c7\u00c3O,CANC_SEM_FREQ_INICIAL,CANC_TURMA,DOC_INSUFIC,ESCOL_INSUFIC,\"INC _ITINERARIO\",INSC_CANC,\"N\u00e3o Matriculado\",N\u00c3O_COMPARECEU,TURMA_CANC,VAGAS_INSUFIC}'::text[])))", "Rows Removed by Filter": 0}]}]}, "Planning Time": 0.221, "Triggers": [], "Execution Time": 0.067}]