[{"Plan": {"Node Type": "Aggregate", "Strategy": "Sorted", "Partial Mode": "Simple", "Parallel Aware": false, "Async Capable": false, "Startup Cost": 10.26, "Total Cost": 10.29, "Plan Rows": 1, "Plan Width": 342, "Actual Startup Time": 0.008, "Actual Total Time": 0.009, "Actual Rows": 0, "Actual Loops": 1, "Output": ["(CASE WHEN ((no_dependencia_admin)::text = 'Privada'::text) THEN mantenedora ELSE instituicao END)", "count(DISTINCT \"Calculation_838513981462429699\")", "municipio_do_local_da_oferta", "nome_curso_catalogo_guia", "uf_do_local_da_oferta"], "Group Key": ["(CASE WHEN ((\"Eixo_1\".no_dependencia_admin)::text = 'Privada'::text) THEN \"Eixo_1\".mantenedora ELSE \"Eixo_1\".instituicao END)", "\"Eixo_1\".municipio_do_local_da_oferta", "\"Eixo_1\".nome_curso_catalogo_guia", "\"Eixo_1\".uf_do_local_da_oferta"], "Plans": [{"Node Type": "Sort", "Parent Relationship": "Outer", "Parallel Aware": false, "Async Capable": false, "Startup Cost": 10.26, "Total Cost": 10.26, "Plan Rows": 1, "Plan Width": 390, "Actual Startup Time": 0.007, "Actual Total Time": 0.008, "Actual Rows": 0, "Actual Loops": 1, "Output": ["(CASE WHEN ((no_dependencia_admin)::text = 'Privada'::text) THEN mantenedora ELSE instituicao END)", "municipio_do_local_da_oferta", "nome_curso_catalogo_guia", "uf_do_local_da_oferta", "\"Calculation_838513981462429699\""], "Sort Key": ["(CASE WHEN ((\"Eixo_1\".no_dependencia_admin)::text = 'Privada'::text) THEN \"Eixo_1\".mantenedora ELSE \"Eixo_1\".instituicao END)", "\"Eixo_1\".municipio_do_local_da_oferta", "\"Eixo_1\".nome_curso_catalogo_guia"], "Sort Method": "quicksort", "Sort Space Used": 25, "Sort Space Type": "Memory", "Plans": [{"Node Type": "Seq Scan", "Parent Relationship": "Outer", "Parallel Aware": false, "Async Capable": false, "Relation Name": "Eixo_1", "Schema": "pg_temp", "Alias": "Eixo_1", "Startup Cost": 0.03, "Total Cost": 10.25, "Plan Rows": 1, "Plan Width": 390, "Actual Startup Time": 0.002, "Actual Total Time": 0.003, "Actual Rows": 0, "Actual Loops": 1, "Output": ["CASE WHEN ((no_dependencia_admin)::text = 'Privada'::text) THEN mantenedora ELSE instituicao END", "municipio_do_local_da_oferta", "nome_curso_catalogo_guia", "uf_do_local_da_oferta", "\"Calculation_838513981462429699\""], "Filter": "((\"Eixo_1\".\"nome da sit matricula (situacao detalhada)\" IS NOT NULL) AND ((\"Eixo_1\".uf_do_local_da_oferta)::text = 'PE'::text) AND ((\"Eixo_1\".situacao_da_turma)::text <> ALL ('{CANCELADA,CRIADA,PUBLICADA}'::text[])) AND ((\"Eixo_1\".\"nome da sit matricula (situacao detalhada)\")::text <> ALL ('{CANC_DESISTENTE,CANC_MAT_PRIM_OPCAO,CANC_SAN\u00c7\u00c3O,CANC_SEM_FREQ_INICIAL,CANC_TURMA,DOC_INSUFIC,ESCOL_INSUFIC,\"INC _ITINERARIO\",INSC_CANC,\"N\u00e3o Matriculado\",N\u00c3O_COMPARECEU,TURMA_CANC,VAGAS_INSUFIC}'::text[])))", "Rows Removed by Filter": 0}]}]}, "Planning Time": 0.139, "Triggers": [], "Execution Time": 0.038}]