[{"Plan": {"Node Type": "Aggregate", "Strategy": "Sorted", "Partial Mode": "Simple", "Parallel Aware": false, "Async Capable": false, "Startup Cost": 10.28, "Total Cost": 10.33, "Plan Rows": 1, "Plan Width": 574, "Actual Startup Time": 0.008, "Actual Total Time": 0.009, "Actual Rows": 0, "Actual Loops": 1, "Output": ["(CASE WHEN ((no_dependencia_admin)::text = 'Privada'::text) THEN mantenedora ELSE instituicao END)", "min(data_de_inicio)", "max(data_de_inicio)", "min(data_de_previsaode_termino)", "max(data_de_previsaode_termino)", "\"cpf aluno\"", "\"nome aluno\"", "\"nome da sit matricula (situacao detalhada)\"", "nome_curso_catalogo_guia", "sum((\"Number of Records\")::bigint)", "sum((total_freq_aluno)::bigint)"], "Group Key": ["(CASE WHEN ((\"Eixo_1\".no_dependencia_admin)::text = 'Privada'::text) THEN \"Eixo_1\".mantenedora ELSE \"Eixo_1\".instituicao END)", "\"Eixo_1\".\"cpf aluno\"", "\"Eixo_1\".\"nome aluno\"", "\"Eixo_1\".\"nome da sit matricula (situacao detalhada)\"", "\"Eixo_1\".nome_curso_catalogo_guia"], "Plans": [{"Node Type": "Sort", "Parent Relationship": "Outer", "Parallel Aware": false, "Async Capable": false, "Startup Cost": 10.28, "Total Cost": 10.29, "Plan Rows": 1, "Plan Width": 506, "Actual Startup Time": 0.008, "Actual Total Time": 0.008, "Actual Rows": 0, "Actual Loops": 1, "Output": ["(CASE WHEN ((no_dependencia_admin)::text = 'Privada'::text) THEN mantenedora ELSE instituicao END)", "\"cpf aluno\"", "\"nome aluno\"", "\"nome da sit matricula (situacao detalhada)\"", "nome_curso_catalogo_guia", "data_de_inicio", "data_de_previsaode_termino", "\"Number of Records\"", "total_freq_aluno"], "Sort Key": ["(CASE WHEN ((\"Eixo_1\".no_dependencia_admin)::text = 'Privada'::text) THEN \"Eixo_1\".mantenedora ELSE \"Eixo_1\".instituicao END)", "\"Eixo_1\".\"cpf aluno\"", "\"Eixo_1\".\"nome da sit matricula (situacao detalhada)\""], "Sort Method": "quicksort", "Sort Space Used": 25, "Sort Space Type": "Memory", "Plans": [{"Node Type": "Seq Scan", "Parent Relationship": "Outer", "Parallel Aware": false, "Async Capable": false, "Relation Name": "Eixo_1", "Schema": "pg_temp", "Alias": "Eixo_1", "Startup Cost": 0.03, "Total Cost": 10.27, "Plan Rows": 1, "Plan Width": 506, "Actual Startup Time": 0.003, "Actual Total Time": 0.003, "Actual Rows": 0, "Actual Loops": 1, "Output": ["CASE WHEN ((no_dependencia_admin)::text = 'Privada'::text) THEN mantenedora ELSE instituicao END", "\"cpf aluno\"", "\"nome aluno\"", "\"nome da sit matricula (situacao detalhada)\"", "nome_curso_catalogo_guia", "data_de_inicio", "data_de_previsaode_termino", "\"Number of Records\"", "total_freq_aluno"], "Filter": "((\"Eixo_1\".\"nome da sit matricula (situacao detalhada)\" IS NOT NULL) AND ((\"Eixo_1\".\"nome aluno\")::text = 'AMANDA APARECIDA DE JESUS RODRIGUES'::text) AND ((\"Eixo_1\".nome_curso_catalogo_guia)::text = 'T\u00c9CNICO EM ENFERMAGEM'::text) AND ((\"Eixo_1\".situacao_da_turma)::text <> ALL ('{CANCELADA,CRIADA,PUBLICADA}'::text[])) AND ((\"Eixo_1\".\"nome da sit matricula (situacao detalhada)\")::text = ANY ('{\"\",TRANSF_EXT,INTEGRALIZADA,FREQ_INIC_INSUF,TRANCADA,CONCLU\u00cdDA,TRANSF_INT,EM_CURSO,REPROVADA,ABANDONO,CONFIRMADA,EM_DEPEND\u00caNCIA}'::text[])))", "Rows Removed by Filter": 0}]}]}, "Planning Time": 0.19, "Triggers": [], "Execution Time": 0.051}]