[{"Plan": {"Node Type": "Aggregate", "Strategy": "Sorted", "Partial Mode": "Simple", "Parallel Aware": false, "Async Capable": false, "Startup Cost": 10.55, "Total Cost": 10.59, "Plan Rows": 1, "Plan Width": 272, "Actual Startup Time": 0.008, "Actual Total Time": 0.009, "Actual Rows": 0, "Actual Loops": 1, "Output": ["no_modalidade", "\"nome da sit matricula (situacao detalhada)\"", "sum((\"Number of Records\")::bigint)", "((EXTRACT(year FROM data_de_inicio))::bigint)"], "Group Key": ["\"Eixo_1\".no_modalidade", "\"Eixo_1\".\"nome da sit matricula (situacao detalhada)\"", "((EXTRACT(year FROM \"Eixo_1\".data_de_inicio))::bigint)"], "Plans": [{"Node Type": "Sort", "Parent Relationship": "Outer", "Parallel Aware": false, "Async Capable": false, "Startup Cost": 10.55, "Total Cost": 10.56, "Plan Rows": 1, "Plan Width": 242, "Actual Startup Time": 0.007, "Actual Total Time": 0.008, "Actual Rows": 0, "Actual Loops": 1, "Output": ["no_modalidade", "\"nome da sit matricula (situacao detalhada)\"", "((EXTRACT(year FROM data_de_inicio))::bigint)", "\"Number of Records\""], "Sort Key": ["\"Eixo_1\".no_modalidade", "\"Eixo_1\".\"nome da sit matricula (situacao detalhada)\"", "((EXTRACT(year FROM \"Eixo_1\".data_de_inicio))::bigint)"], "Sort Method": "quicksort", "Sort Space Used": 25, "Sort Space Type": "Memory", "Plans": [{"Node Type": "Seq Scan", "Parent Relationship": "Outer", "Parallel Aware": false, "Async Capable": false, "Relation Name": "Eixo_1", "Schema": "pg_temp", "Alias": "Eixo_1", "Startup Cost": 0.0, "Total Cost": 10.54, "Plan Rows": 1, "Plan Width": 242, "Actual Startup Time": 0.002, "Actual Total Time": 0.003, "Actual Rows": 0, "Actual Loops": 1, "Output": ["no_modalidade", "\"nome da sit matricula (situacao detalhada)\"", "(EXTRACT(year FROM data_de_inicio))::bigint", "\"Number of Records\""], "Filter": "((\"Eixo_1\".\"nome da sit matricula (situacao detalhada)\" IS NOT NULL) AND ((\"Eixo_1\".situacao_da_turma)::text <> ALL ('{CANCELADA,CRIADA,PUBLICADA}'::text[])) AND ((\"Eixo_1\".no_modalidade)::text = ANY ('{\"pronatec turismo cidad\u00e3o\",\"Pronatec turismo Desenvolvimento Local\",\"PRONATEC TURISMO na EMPRESA\",\"PRONATEC TURISMO SOCIAL\"}'::text[])) AND ((\"Eixo_1\".\"nome da sit matricula (situacao detalhada)\")::text = ANY ('{\"\",TRANSF_EXT,INTEGRALIZADA,FREQ_INIC_INSUF,TRANCADA,CONCLU\u00cdDA,TRANSF_INT,EM_CURSO,REPROVADA,ABANDONO,CONFIRMADA,EM_DEPEND\u00caNCIA}'::text[])) AND (((EXTRACT(year FROM \"Eixo_1\".data_de_inicio))::bigint IS NULL) OR (((EXTRACT(year FROM \"Eixo_1\".data_de_inicio))::bigint >= 1201) AND ((EXTRACT(year FROM \"Eixo_1\".data_de_inicio))::bigint <= 3013))))", "Rows Removed by Filter": 0}]}]}, "Planning Time": 0.152, "Triggers": [], "Execution Time": 0.041}]