[{"Plan": {"Node Type": "Aggregate", "Strategy": "Sorted", "Partial Mode": "Simple", "Parallel Aware": false, "Async Capable": false, "Startup Cost": 10.51, "Total Cost": 10.54, "Plan Rows": 1, "Plan Width": 454, "Actual Startup Time": 0.011, "Actual Total Time": 0.012, "Actual Rows": 0, "Actual Loops": 1, "Output": ["count(DISTINCT \"Calculation_838513981462429699\")", "eixo_tecnologico_catalogo_guia", "\"eixo_tecnol\u00f3gico\"", "nome_curso_catalogo_guia", "subtipo_curso"], "Group Key": ["\"Eixo_1\".eixo_tecnologico_catalogo_guia", "\"Eixo_1\".\"eixo_tecnol\u00f3gico\"", "\"Eixo_1\".nome_curso_catalogo_guia", "\"Eixo_1\".subtipo_curso"], "Plans": [{"Node Type": "Sort", "Parent Relationship": "Outer", "Parallel Aware": false, "Async Capable": false, "Startup Cost": 10.51, "Total Cost": 10.52, "Plan Rows": 1, "Plan Width": 502, "Actual Startup Time": 0.01, "Actual Total Time": 0.011, "Actual Rows": 0, "Actual Loops": 1, "Output": ["eixo_tecnologico_catalogo_guia", "\"eixo_tecnol\u00f3gico\"", "nome_curso_catalogo_guia", "subtipo_curso", "\"Calculation_838513981462429699\""], "Sort Key": ["\"Eixo_1\".eixo_tecnologico_catalogo_guia", "\"Eixo_1\".nome_curso_catalogo_guia", "\"Eixo_1\".subtipo_curso"], "Sort Method": "quicksort", "Sort Space Used": 25, "Sort Space Type": "Memory", "Plans": [{"Node Type": "Seq Scan", "Parent Relationship": "Outer", "Parallel Aware": false, "Async Capable": false, "Relation Name": "Eixo_1", "Schema": "pg_temp", "Alias": "Eixo_1", "Startup Cost": 0.0, "Total Cost": 10.5, "Plan Rows": 1, "Plan Width": 502, "Actual Startup Time": 0.005, "Actual Total Time": 0.006, "Actual Rows": 0, "Actual Loops": 1, "Output": ["eixo_tecnologico_catalogo_guia", "\"eixo_tecnol\u00f3gico\"", "nome_curso_catalogo_guia", "subtipo_curso", "\"Calculation_838513981462429699\""], "Filter": "((\"Eixo_1\".\"nome da sit matricula (situacao detalhada)\" IS NOT NULL) AND ((\"Eixo_1\".eixo_tecnologico_catalogo_guia)::text = ANY ('{\"Hospitalidade e Lazer\",\"Turismo, Hospitalidade e Lazer\"}'::text[])) AND ((\"Eixo_1\".\"eixo_tecnol\u00f3gico\")::text = 'Turismo, Hospitalidade e Lazer'::text) AND ((\"Eixo_1\".situacao_da_turma)::text <> ALL ('{CANCELADA,CRIADA,PUBLICADA}'::text[])) AND ((EXTRACT(year FROM \"Eixo_1\".data_de_inicio))::bigint = ANY ('{2009,2010,2011,2012,2013,2014,2015,2016}'::bigint[])) AND ((\"Eixo_1\".\"nome da sit matricula (situacao detalhada)\")::text <> ALL ('{CANC_DESISTENTE,CANC_MAT_PRIM_OPCAO,CANC_SAN\u00c7\u00c3O,CANC_SEM_FREQ_INICIAL,CANC_TURMA,DOC_INSUFIC,ESCOL_INSUFIC,\"INC _ITINERARIO\",INSC_CANC,\"N\u00e3o Matriculado\",N\u00c3O_COMPARECEU,TURMA_CANC,VAGAS_INSUFIC}'::text[])))", "Rows Removed by Filter": 0}]}]}, "Planning Time": 0.563, "Triggers": [], "Execution Time": 0.046}]