[{"Plan": {"Node Type": "Aggregate", "Strategy": "Sorted", "Partial Mode": "Simple", "Parallel Aware": false, "Async Capable": false, "Startup Cost": 10.23, "Total Cost": 10.28, "Plan Rows": 2, "Plan Width": 92, "Actual Startup Time": 0.007, "Actual Total Time": 0.008, "Actual Rows": 0, "Actual Loops": 1, "Output": ["\"nome da sit matricula (situacao detalhada)\"", "sum((\"Number of Records\")::bigint)"], "Group Key": ["\"Eixo_1\".\"nome da sit matricula (situacao detalhada)\""], "Plans": [{"Node Type": "Sort", "Parent Relationship": "Outer", "Parallel Aware": false, "Async Capable": false, "Startup Cost": 10.23, "Total Cost": 10.24, "Plan Rows": 2, "Plan Width": 62, "Actual Startup Time": 0.006, "Actual Total Time": 0.007, "Actual Rows": 0, "Actual Loops": 1, "Output": ["\"nome da sit matricula (situacao detalhada)\"", "\"Number of Records\""], "Sort Key": ["\"Eixo_1\".\"nome da sit matricula (situacao detalhada)\""], "Sort Method": "quicksort", "Sort Space Used": 25, "Sort Space Type": "Memory", "Plans": [{"Node Type": "Seq Scan", "Parent Relationship": "Outer", "Parallel Aware": false, "Async Capable": false, "Relation Name": "Eixo_1", "Schema": "pg_temp", "Alias": "Eixo_1", "Startup Cost": 0.03, "Total Cost": 10.22, "Plan Rows": 2, "Plan Width": 62, "Actual Startup Time": 0.003, "Actual Total Time": 0.003, "Actual Rows": 0, "Actual Loops": 1, "Output": ["\"nome da sit matricula (situacao detalhada)\"", "\"Number of Records\""], "Filter": "((\"Eixo_1\".\"nome da sit matricula (situacao detalhada)\" IS NOT NULL) AND ((\"Eixo_1\".situacao_da_turma)::text <> ALL ('{CANCELADA,CRIADA,PUBLICADA}'::text[])) AND ((\"Eixo_1\".\"nome da sit matricula (situacao detalhada)\")::text <> ALL ('{AGUARD_CONF,CANC_DESISTENTE,CANC_MAT_PRIM_OPCAO,CANC_SAN\u00c7\u00c3O,CANC_SEM_FREQ_INICIAL,CANC_TURMA,DOC_INSUFIC,ESCOL_INSUFIC,\"INC _ITINERARIO\",INSC_CANC,N\u00c3O_COMPARECEU,TURMA_CANC,VAGAS_INSUFIC}'::text[])))", "Rows Removed by Filter": 0}]}]}, "Planning Time": 0.098, "Triggers": [], "Execution Time": 0.033}]