[{"Plan": {"Node Type": "Aggregate", "Strategy": "Sorted", "Partial Mode": "Simple", "Parallel Aware": false, "Async Capable": false, "Startup Cost": 10.26, "Total Cost": 10.31, "Plan Rows": 1, "Plan Width": 762, "Actual Startup Time": 0.009, "Actual Total Time": 0.01, "Actual Rows": 0, "Actual Loops": 1, "Output": ["(CASE WHEN ((no_dependencia_admin)::text = 'Privada'::text) THEN mantenedora ELSE instituicao END)", "municipio_do_local_da_oferta", "no_dependencia_admin", "nome_curso_catalogo_guia", "nome_da_ue", "sum((\"Number of Records\")::bigint)", "uf_do_local_da_oferta", "((EXTRACT(year FROM data_de_inicio))::bigint)"], "Group Key": ["(CASE WHEN ((\"Eixo_1\".no_dependencia_admin)::text = 'Privada'::text) THEN \"Eixo_1\".mantenedora ELSE \"Eixo_1\".instituicao END)", "\"Eixo_1\".municipio_do_local_da_oferta", "\"Eixo_1\".no_dependencia_admin", "\"Eixo_1\".nome_curso_catalogo_guia", "\"Eixo_1\".nome_da_ue", "\"Eixo_1\".uf_do_local_da_oferta", "((EXTRACT(year FROM \"Eixo_1\".data_de_inicio))::bigint)"], "Plans": [{"Node Type": "Sort", "Parent Relationship": "Outer", "Parallel Aware": false, "Async Capable": false, "Startup Cost": 10.26, "Total Cost": 10.27, "Plan Rows": 1, "Plan Width": 732, "Actual Startup Time": 0.009, "Actual Total Time": 0.009, "Actual Rows": 0, "Actual Loops": 1, "Output": ["(CASE WHEN ((no_dependencia_admin)::text = 'Privada'::text) THEN mantenedora ELSE instituicao END)", "municipio_do_local_da_oferta", "no_dependencia_admin", "nome_curso_catalogo_guia", "nome_da_ue", "uf_do_local_da_oferta", "((EXTRACT(year FROM data_de_inicio))::bigint)", "\"Number of Records\""], "Sort Key": ["(CASE WHEN ((\"Eixo_1\".no_dependencia_admin)::text = 'Privada'::text) THEN \"Eixo_1\".mantenedora ELSE \"Eixo_1\".instituicao END)", "\"Eixo_1\".municipio_do_local_da_oferta", "\"Eixo_1\".no_dependencia_admin", "\"Eixo_1\".nome_curso_catalogo_guia", "\"Eixo_1\".nome_da_ue", "((EXTRACT(year FROM \"Eixo_1\".data_de_inicio))::bigint)"], "Sort Method": "quicksort", "Sort Space Used": 25, "Sort Space Type": "Memory", "Plans": [{"Node Type": "Seq Scan", "Parent Relationship": "Outer", "Parallel Aware": false, "Async Capable": false, "Relation Name": "Eixo_1", "Schema": "pg_temp", "Alias": "Eixo_1", "Startup Cost": 0.03, "Total Cost": 10.25, "Plan Rows": 1, "Plan Width": 732, "Actual Startup Time": 0.003, "Actual Total Time": 0.003, "Actual Rows": 0, "Actual Loops": 1, "Output": ["CASE WHEN ((no_dependencia_admin)::text = 'Privada'::text) THEN mantenedora ELSE instituicao END", "municipio_do_local_da_oferta", "no_dependencia_admin", "nome_curso_catalogo_guia", "nome_da_ue", "uf_do_local_da_oferta", "(EXTRACT(year FROM data_de_inicio))::bigint", "\"Number of Records\""], "Filter": "((\"Eixo_1\".\"nome da sit matricula (situacao detalhada)\" IS NOT NULL) AND ((\"Eixo_1\".uf_do_local_da_oferta)::text = 'PE'::text) AND ((\"Eixo_1\".situacao_da_turma)::text <> ALL ('{CANCELADA,CRIADA,PUBLICADA}'::text[])) AND ((\"Eixo_1\".\"nome da sit matricula (situacao detalhada)\")::text = ANY ('{\"\",TRANSF_EXT,INTEGRALIZADA,FREQ_INIC_INSUF,TRANCADA,CONCLU\u00cdDA,TRANSF_INT,EM_CURSO,REPROVADA,ABANDONO,CONFIRMADA,EM_DEPEND\u00caNCIA}'::text[])))", "Rows Removed by Filter": 0}]}]}, "Planning Time": 0.155, "Triggers": [], "Execution Time": 0.043}]