[{"Plan": {"Node Type": "Aggregate", "Strategy": "Sorted", "Partial Mode": "Simple", "Parallel Aware": false, "Async Capable": false, "Startup Cost": 11.96, "Total Cost": 11.99, "Plan Rows": 1, "Plan Width": 40, "Actual Startup Time": 0.002, "Actual Total Time": 0.003, "Actual Rows": 0, "Actual Loops": 1, "Output": ["\"PA\u00cdS\"", "count(DISTINCT \"ID_EVENTO\")", "((EXTRACT(year FROM \"FECHA AUDIENCIA\"))::bigint)"], "Group Key": ["\"TableroSistemaPenal_5\".\"PA\u00cdS\"", "((EXTRACT(year FROM \"TableroSistemaPenal_5\".\"FECHA AUDIENCIA\"))::bigint)"], "Plans": [{"Node Type": "Sort", "Parent Relationship": "Outer", "Parallel Aware": false, "Async Capable": false, "Startup Cost": 11.96, "Total Cost": 11.97, "Plan Rows": 1, "Plan Width": 36, "Actual Startup Time": 0.002, "Actual Total Time": 0.002, "Actual Rows": 0, "Actual Loops": 1, "Output": ["\"PA\u00cdS\"", "((EXTRACT(year FROM \"FECHA AUDIENCIA\"))::bigint)", "\"ID_EVENTO\""], "Sort Key": ["\"TableroSistemaPenal_5\".\"PA\u00cdS\"", "((EXTRACT(year FROM \"TableroSistemaPenal_5\".\"FECHA AUDIENCIA\"))::bigint)"], "Sort Method": "quicksort", "Sort Space Used": 25, "Sort Space Type": "Memory", "Plans": [{"Node Type": "Seq Scan", "Parent Relationship": "Outer", "Parallel Aware": false, "Async Capable": false, "Relation Name": "TableroSistemaPenal_5", "Schema": "pg_temp", "Alias": "TableroSistemaPenal_5", "Startup Cost": 0.0, "Total Cost": 11.96, "Plan Rows": 1, "Plan Width": 36, "Actual Startup Time": 0.001, "Actual Total Time": 0.001, "Actual Rows": 0, "Actual Loops": 1, "Output": ["\"PA\u00cdS\"", "(EXTRACT(year FROM \"FECHA AUDIENCIA\"))::bigint", "\"ID_EVENTO\""], "Filter": "((\"TableroSistemaPenal_5\".\"ILEGALIDAD_DETENCION\")::double precision = '1'::double precision)", "Rows Removed by Filter": 0}]}]}, "Planning Time": 0.029, "Triggers": [], "Execution Time": 0.01}]