[{"Plan": {"Node Type": "Aggregate", "Strategy": "Sorted", "Partial Mode": "Simple", "Parallel Aware": false, "Async Capable": false, "Startup Cost": 16.51, "Total Cost": 22.36, "Plan Rows": 130, "Plan Width": 72, "Actual Startup Time": 0.002, "Actual Total Time": 0.002, "Actual Rows": 0, "Actual Loops": 1, "Output": ["\"PA\u00cdS\"", "count(DISTINCT CASE WHEN ((\"PRISION_PREVENTIVA_RECHAZADA\" = '492'::numeric) OR (\"PRISION_PREVENTIVA_RECHAZADA\" = '1581'::numeric)) THEN (\"ID_EVENTO\")::bigint ELSE NULL::bigint END)", "count(DISTINCT CASE WHEN ((\"PRISION_PREVENTIVA_DECRETADA\" = '366'::numeric) OR (\"PRISION_PREVENTIVA_DECRETADA\" = '1460'::numeric)) THEN (\"ID_EVENTO\")::bigint ELSE NULL::bigint END)", "count(DISTINCT \"ID_EVENTO\")", "count(DISTINCT CASE WHEN ((\"PRISION_PREVENTIVA_RECHAZADA\" = '492'::numeric) OR (\"PRISION_PREVENTIVA_RECHAZADA\" = '1581'::numeric)) THEN (\"ID_EVENTO\")::bigint ELSE NULL::bigint END)", "count(DISTINCT CASE WHEN ((\"PRISION_PREVENTIVA_DECRETADA\" = '366'::numeric) OR (\"PRISION_PREVENTIVA_DECRETADA\" = '1460'::numeric)) THEN (\"ID_EVENTO\")::bigint ELSE NULL::bigint END)", "((EXTRACT(year FROM \"FECHA AUDIENCIA\"))::bigint)"], "Group Key": ["\"TableroSistemaPenal_5\".\"PA\u00cdS\"", "((EXTRACT(year FROM \"TableroSistemaPenal_5\".\"FECHA AUDIENCIA\"))::bigint)"], "Plans": [{"Node Type": "Sort", "Parent Relationship": "Outer", "Parallel Aware": false, "Async Capable": false, "Startup Cost": 16.51, "Total Cost": 16.84, "Plan Rows": 130, "Plan Width": 60, "Actual Startup Time": 0.002, "Actual Total Time": 0.002, "Actual Rows": 0, "Actual Loops": 1, "Output": ["\"PA\u00cdS\"", "((EXTRACT(year FROM \"FECHA AUDIENCIA\"))::bigint)", "\"PRISION_PREVENTIVA_RECHAZADA\"", "\"ID_EVENTO\"", "\"PRISION_PREVENTIVA_DECRETADA\""], "Sort Key": ["\"TableroSistemaPenal_5\".\"PA\u00cdS\"", "((EXTRACT(year FROM \"TableroSistemaPenal_5\".\"FECHA AUDIENCIA\"))::bigint)"], "Sort Method": "quicksort", "Sort Space Used": 25, "Sort Space Type": "Memory", "Plans": [{"Node Type": "Seq Scan", "Parent Relationship": "Outer", "Parallel Aware": false, "Async Capable": false, "Relation Name": "TableroSistemaPenal_5", "Schema": "pg_temp", "Alias": "TableroSistemaPenal_5", "Startup Cost": 0.0, "Total Cost": 11.95, "Plan Rows": 130, "Plan Width": 60, "Actual Startup Time": 0.001, "Actual Total Time": 0.001, "Actual Rows": 0, "Actual Loops": 1, "Output": ["\"PA\u00cdS\"", "(EXTRACT(year FROM \"FECHA AUDIENCIA\"))::bigint", "\"PRISION_PREVENTIVA_RECHAZADA\"", "\"ID_EVENTO\"", "\"PRISION_PREVENTIVA_DECRETADA\""]}]}]}, "Planning Time": 0.035, "Triggers": [], "Execution Time": 0.013}]