[{"Plan": {"Node Type": "Aggregate", "Strategy": "Sorted", "Partial Mode": "Simple", "Parallel Aware": false, "Async Capable": false, "Startup Cost": 12.61, "Total Cost": 12.63, "Plan Rows": 1, "Plan Width": 42, "Actual Startup Time": 0.002, "Actual Total Time": 0.003, "Actual Rows": 0, "Actual Loops": 1, "Output": ["\"SENTENCIA\"", "sum((\"Number of Records\")::bigint)"], "Group Key": ["\"TableroSistemaPenal_5\".\"SENTENCIA\""], "Plans": [{"Node Type": "Sort", "Parent Relationship": "Outer", "Parallel Aware": false, "Async Capable": false, "Startup Cost": 12.61, "Total Cost": 12.62, "Plan Rows": 1, "Plan Width": 12, "Actual Startup Time": 0.002, "Actual Total Time": 0.002, "Actual Rows": 0, "Actual Loops": 1, "Output": ["\"SENTENCIA\"", "\"Number of Records\""], "Sort Key": ["\"TableroSistemaPenal_5\".\"SENTENCIA\""], "Sort Method": "quicksort", "Sort Space Used": 25, "Sort Space Type": "Memory", "Plans": [{"Node Type": "Seq Scan", "Parent Relationship": "Outer", "Parallel Aware": false, "Async Capable": false, "Relation Name": "TableroSistemaPenal_5", "Schema": "pg_temp", "Alias": "TableroSistemaPenal_5", "Startup Cost": 0.0, "Total Cost": 12.6, "Plan Rows": 1, "Plan Width": 12, "Actual Startup Time": 0.001, "Actual Total Time": 0.001, "Actual Rows": 0, "Actual Loops": 1, "Output": ["\"SENTENCIA\"", "\"Number of Records\""], "Filter": "(((\"TableroSistemaPenal_5\".\"PA\u00cdS\")::text = 'PA\u00cdS'::text) AND ((EXTRACT(year FROM \"TableroSistemaPenal_5\".\"FECHA AUDIENCIA\"))::bigint = 2010))", "Rows Removed by Filter": 0}]}]}, "Planning Time": 0.019, "Triggers": [], "Execution Time": 0.009}]