[{"Plan": {"Node Type": "Aggregate", "Strategy": "Sorted", "Partial Mode": "Simple", "Parallel Aware": false, "Async Capable": false, "Startup Cost": 23.93, "Total Cost": 23.96, "Plan Rows": 1, "Plan Width": 162, "Actual Startup Time": 0.003, "Actual Total Time": 0.003, "Actual Rows": 0, "Actual Loops": 1, "Output": ["\"TableroSistemaPenal_6\".\"AUDIENCIA\"", "sum((\"TableroSistemaPenal_6\".\"Number of Records\")::bigint)", "((EXTRACT(year FROM \"TableroSistemaPenal_6\".\"FECHA AUDIENCIA\"))::bigint)"], "Group Key": ["\"TableroSistemaPenal_6\".\"AUDIENCIA\"", "((EXTRACT(year FROM \"TableroSistemaPenal_6\".\"FECHA AUDIENCIA\"))::bigint)"], "Plans": [{"Node Type": "Sort", "Parent Relationship": "Outer", "Parallel Aware": false, "Async Capable": false, "Startup Cost": 23.93, "Total Cost": 23.94, "Plan Rows": 1, "Plan Width": 132, "Actual Startup Time": 0.002, "Actual Total Time": 0.003, "Actual Rows": 0, "Actual Loops": 1, "Output": ["\"TableroSistemaPenal_6\".\"AUDIENCIA\"", "((EXTRACT(year FROM \"TableroSistemaPenal_6\".\"FECHA AUDIENCIA\"))::bigint)", "\"TableroSistemaPenal_6\".\"Number of Records\""], "Sort Key": ["\"TableroSistemaPenal_6\".\"AUDIENCIA\"", "((EXTRACT(year FROM \"TableroSistemaPenal_6\".\"FECHA AUDIENCIA\"))::bigint)"], "Sort Method": "quicksort", "Sort Space Used": 25, "Sort Space Type": "Memory", "Plans": [{"Node Type": "Nested Loop", "Parent Relationship": "Outer", "Parallel Aware": false, "Async Capable": false, "Join Type": "Inner", "Startup Cost": 12.14, "Total Cost": 23.92, "Plan Rows": 1, "Plan Width": 132, "Actual Startup Time": 0.001, "Actual Total Time": 0.001, "Actual Rows": 0, "Actual Loops": 1, "Output": ["\"TableroSistemaPenal_6\".\"AUDIENCIA\"", "(EXTRACT(year FROM \"TableroSistemaPenal_6\".\"FECHA AUDIENCIA\"))::bigint", "\"TableroSistemaPenal_6\".\"Number of Records\""], "Inner Unique": true, "Join Filter": "((\"TableroSistemaPenal_6\".\"AUDIENCIA\")::text = (\"TableroSistemaPenal_6_1\".\"AUDIENCIA\")::text)", "Rows Removed by Join Filter": 0, "Plans": [{"Node Type": "Seq Scan", "Parent Relationship": "Outer", "Parallel Aware": false, "Async Capable": false, "Relation Name": "TableroSistemaPenal_6", "Schema": "pg_temp", "Alias": "TableroSistemaPenal_6", "Startup Cost": 0.0, "Total Cost": 11.75, "Plan Rows": 1, "Plan Width": 132, "Actual Startup Time": 0.001, "Actual Total Time": 0.001, "Actual Rows": 0, "Actual Loops": 1, "Output": ["\"TableroSistemaPenal_6\".\"AUDIENCIA\"", "\"TableroSistemaPenal_6\".\"A\u00d1O CAUSA\"", "\"TableroSistemaPenal_6\".\"COD_MATERIA\"", "\"TableroSistemaPenal_6\".\"COD_TRIB\"", "\"TableroSistemaPenal_6\".\"CORTE\"", "\"TableroSistemaPenal_6\".\"DELITO\"", "\"TableroSistemaPenal_6\".\"FECHA AUDIENCIA\"", "\"TableroSistemaPenal_6\".\"Number of Records\"", "\"TableroSistemaPenal_6\".\"PA\u00cdS\"", "\"TableroSistemaPenal_6\".\"RIT\"", "\"TableroSistemaPenal_6\".\"TIP TRIB\"", "\"TableroSistemaPenal_6\".\"TIPO\"", "\"TableroSistemaPenal_6\".\"TRIBUNAL\""], "Filter": "((\"TableroSistemaPenal_6\".\"TIP TRIB\")::text = 'Garant\u00eda'::text)", "Rows Removed by Filter": 0}, {"Node Type": "Limit", "Parent Relationship": "Inner", "Parallel Aware": false, "Async Capable": false, "Startup Cost": 12.14, "Total Cost": 12.14, "Plan Rows": 1, "Plan Width": 130, "Actual Startup Time": 0.0, "Actual Total Time": 0.0, "Actual Rows": 0, "Actual Loops": 0, "Output": ["\"TableroSistemaPenal_6_1\".\"AUDIENCIA\"", "(sum(1))"], "Plans": [{"Node Type": "Sort", "Parent Relationship": "Outer", "Parallel Aware": false, "Async Capable": false, "Startup Cost": 12.14, "Total Cost": 12.14, "Plan Rows": 1, "Plan Width": 130, "Actual Startup Time": 0.0, "Actual Total Time": 0.0, "Actual Rows": 0, "Actual Loops": 0, "Output": ["\"TableroSistemaPenal_6_1\".\"AUDIENCIA\"", "(sum(1))"], "Sort Key": ["(sum(1)) DESC"], "Plans": [{"Node Type": "Aggregate", "Strategy": "Sorted", "Partial Mode": "Simple", "Parent Relationship": "Outer", "Parallel Aware": false, "Async Capable": false, "Startup Cost": 12.11, "Total Cost": 12.13, "Plan Rows": 1, "Plan Width": 130, "Actual Startup Time": 0.0, "Actual Total Time": 0.0, "Actual Rows": 0, "Actual Loops": 0, "Output": ["\"TableroSistemaPenal_6_1\".\"AUDIENCIA\"", "sum(1)"], "Group Key": ["\"TableroSistemaPenal_6_1\".\"AUDIENCIA\""], "Plans": [{"Node Type": "Sort", "Parent Relationship": "Outer", "Parallel Aware": false, "Async Capable": false, "Startup Cost": 12.11, "Total Cost": 12.12, "Plan Rows": 1, "Plan Width": 122, "Actual Startup Time": 0.0, "Actual Total Time": 0.0, "Actual Rows": 0, "Actual Loops": 0, "Output": ["\"TableroSistemaPenal_6_1\".\"AUDIENCIA\""], "Sort Key": ["\"TableroSistemaPenal_6_1\".\"AUDIENCIA\""], "Plans": [{"Node Type": "Seq Scan", "Parent Relationship": "Outer", "Parallel Aware": false, "Async Capable": false, "Relation Name": "TableroSistemaPenal_6", "Schema": "pg_temp", "Alias": "TableroSistemaPenal_6_1", "Startup Cost": 0.0, "Total Cost": 12.1, "Plan Rows": 1, "Plan Width": 122, "Actual Startup Time": 0.0, "Actual Total Time": 0.0, "Actual Rows": 0, "Actual Loops": 0, "Output": ["\"TableroSistemaPenal_6_1\".\"AUDIENCIA\""], "Filter": "(((\"TableroSistemaPenal_6_1\".\"AUDIENCIA\")::text >= 'AUDIENCIA ART. 186'::text) AND ((\"TableroSistemaPenal_6_1\".\"AUDIENCIA\")::text <= 'AUDIENCIA PRESENTACI\u00d3N VOL.IMPUTADO C/ORD. DETEN.'::text))", "Rows Removed by Filter": 0}]}]}]}]}]}]}]}, "Planning Time": 0.07, "Triggers": [], "Execution Time": 0.016}]