[{"Plan": {"Node Type": "Aggregate", "Strategy": "Hashed", "Partial Mode": "Simple", "Parallel Aware": false, "Async Capable": false, "Startup Cost": 13.85, "Total Cost": 16.3, "Plan Rows": 140, "Plan Width": 100, "Actual Startup Time": 0.002, "Actual Total Time": 0.002, "Actual Rows": 0, "Actual Loops": 1, "Output": ["\"PA\u00cdS\"", "\"TIP TRIB\"", "sum((\"Number of Records\")::bigint)", "((EXTRACT(year FROM \"FECHA AUDIENCIA\"))::bigint)"], "Group Key": ["\"TableroSistemaPenal_6\".\"PA\u00cdS\"", "\"TableroSistemaPenal_6\".\"TIP TRIB\"", "(EXTRACT(year FROM \"TableroSistemaPenal_6\".\"FECHA AUDIENCIA\"))::bigint"], "Planned Partitions": 0, "HashAgg Batches": 1, "Peak Memory Usage": 40, "Disk Usage": 0, "Plans": [{"Node Type": "Seq Scan", "Parent Relationship": "Outer", "Parallel Aware": false, "Async Capable": false, "Relation Name": "TableroSistemaPenal_6", "Schema": "pg_temp", "Alias": "TableroSistemaPenal_6", "Startup Cost": 0.0, "Total Cost": 12.1, "Plan Rows": 140, "Plan Width": 70, "Actual Startup Time": 0.001, "Actual Total Time": 0.001, "Actual Rows": 0, "Actual Loops": 1, "Output": ["\"PA\u00cdS\"", "\"TIP TRIB\"", "(EXTRACT(year FROM \"FECHA AUDIENCIA\"))::bigint", "\"Number of Records\""]}]}, "Planning Time": 0.02, "Triggers": [], "Execution Time": 0.011}]