[{"Plan": {"Node Type": "Aggregate", "Strategy": "Sorted", "Partial Mode": "Simple", "Parallel Aware": false, "Async Capable": false, "Startup Cost": 11.51, "Total Cost": 11.54, "Plan Rows": 1, "Plan Width": 206, "Actual Startup Time": 0.003, "Actual Total Time": 0.004, "Actual Rows": 0, "Actual Loops": 1, "Output": ["\"A\u00f1o Ingreso\"", "\"CORTE\"", "\"PA\u00cdS\"", "\"TRIBUNAL\"", "sum(\"INGRESOS\")"], "Group Key": ["\"TableroSistemaPenal_7\".\"A\u00f1o Ingreso\"", "\"TableroSistemaPenal_7\".\"CORTE\"", "\"TableroSistemaPenal_7\".\"PA\u00cdS\"", "\"TableroSistemaPenal_7\".\"TRIBUNAL\""], "Plans": [{"Node Type": "Sort", "Parent Relationship": "Outer", "Parallel Aware": false, "Async Capable": false, "Startup Cost": 11.51, "Total Cost": 11.52, "Plan Rows": 1, "Plan Width": 186, "Actual Startup Time": 0.003, "Actual Total Time": 0.003, "Actual Rows": 0, "Actual Loops": 1, "Output": ["\"A\u00f1o Ingreso\"", "\"CORTE\"", "\"PA\u00cdS\"", "\"TRIBUNAL\"", "\"INGRESOS\""], "Sort Key": ["\"TableroSistemaPenal_7\".\"A\u00f1o Ingreso\"", "\"TableroSistemaPenal_7\".\"CORTE\"", "\"TableroSistemaPenal_7\".\"PA\u00cdS\"", "\"TableroSistemaPenal_7\".\"TRIBUNAL\""], "Sort Method": "quicksort", "Sort Space Used": 25, "Sort Space Type": "Memory", "Plans": [{"Node Type": "Seq Scan", "Parent Relationship": "Outer", "Parallel Aware": false, "Async Capable": false, "Relation Name": "TableroSistemaPenal_7", "Schema": "pg_temp", "Alias": "TableroSistemaPenal_7", "Startup Cost": 0.0, "Total Cost": 11.5, "Plan Rows": 1, "Plan Width": 186, "Actual Startup Time": 0.002, "Actual Total Time": 0.002, "Actual Rows": 0, "Actual Loops": 1, "Output": ["\"A\u00f1o Ingreso\"", "\"CORTE\"", "\"PA\u00cdS\"", "\"TRIBUNAL\"", "\"INGRESOS\""], "Filter": "(((\"TableroSistemaPenal_7\".\"CORTE\")::text >= '10- ARICA.'::text) AND ((\"TableroSistemaPenal_7\".\"CORTE\")::text <= '91- SAN MIGUEL.'::text) AND ((\"TableroSistemaPenal_7\".\"TIPO\")::text = ANY ('{militar,ordinaria}'::text[])) AND ((\"TableroSistemaPenal_7\".\"CLASE\")::text = 'CAUSAS'::text) AND ((\"TableroSistemaPenal_7\".\"Calculation_0640821194248948\" IS NULL) OR (((\"TableroSistemaPenal_7\".\"Calculation_0640821194248948\")::text >= 'AMENAZAS.'::text) AND ((\"TableroSistemaPenal_7\".\"Calculation_0640821194248948\")::text <= 'ROBOS.'::text))))", "Rows Removed by Filter": 0}]}]}, "Planning Time": 0.083, "Triggers": [], "Execution Time": 0.012}]