[{"Plan": {"Node Type": "Aggregate", "Strategy": "Hashed", "Partial Mode": "Simple", "Parallel Aware": false, "Async Capable": false, "Startup Cost": 11.65, "Total Cost": 12.25, "Plan Rows": 60, "Plan Width": 474, "Actual Startup Time": 0.001, "Actual Total Time": 0.001, "Actual Rows": 0, "Actual Loops": 1, "Output": ["\"CLASE\"", "\"Calculation_0640821194248948\"", "\"DELITO\"", "\"Forma Inicio\"", "\"Jurisdicci\u00f3n\"", "\"RPA\"", "\"TIPO\""], "Group Key": ["\"TableroSistemaPenal_7\".\"CLASE\"", "\"TableroSistemaPenal_7\".\"Calculation_0640821194248948\"", "\"TableroSistemaPenal_7\".\"DELITO\"", "\"TableroSistemaPenal_7\".\"Forma Inicio\"", "\"TableroSistemaPenal_7\".\"Jurisdicci\u00f3n\"", "\"TableroSistemaPenal_7\".\"RPA\"", "\"TableroSistemaPenal_7\".\"TIPO\""], "Planned Partitions": 0, "HashAgg Batches": 1, "Peak Memory Usage": 32, "Disk Usage": 0, "Plans": [{"Node Type": "Seq Scan", "Parent Relationship": "Outer", "Parallel Aware": false, "Async Capable": false, "Relation Name": "TableroSistemaPenal_7", "Schema": "pg_temp", "Alias": "TableroSistemaPenal_7", "Startup Cost": 0.0, "Total Cost": 10.6, "Plan Rows": 60, "Plan Width": 474, "Actual Startup Time": 0.001, "Actual Total Time": 0.001, "Actual Rows": 0, "Actual Loops": 1, "Output": ["\"AGRUPADOR\"", "\"A\u00f1o Ingreso\"", "\"CLASE\"", "\"COD DELITO\"", "\"COD. REGI\u00d3N\"", "\"COMUNA\"", "\"CORTE\"", "\"CREA RUC\"", "\"Calculation_0520821013255406\"", "\"Calculation_0640821194248948\"", "\"Calculation_7430825124450529\"", "\"Cod. Tribunal\"", "\"DELITO\"", "\"Forma Inicio\"", "\"INGRESOS\"", "\"Ingresos _ Garantia (copy)\"", "\"Jurisdicci\u00f3n\"", "\"LATITUD\"", "\"LONGITUD\"", "\"Mes Ingreso\"", "\"Number of Records\"", "\"PA\u00cdS\"", "\"REGI\u00d3N\"", "\"RPA\"", "\"TIPO\"", "\"TIP_TRIB\"", "\"TRIBUNAL\""]}]}, "Planning Time": 0.021, "Triggers": [], "Execution Time": 0.01}]