[{"Plan": {"Node Type": "Group", "Parallel Aware": false, "Async Capable": false, "Startup Cost": 11.21, "Total Cost": 11.22, "Plan Rows": 1, "Plan Width": 146, "Actual Startup Time": 0.002, "Actual Total Time": 0.002, "Actual Rows": 0, "Actual Loops": 1, "Output": ["\"DELITO\""], "Group Key": ["\"TableroSistemaPenal_7\".\"DELITO\""], "Plans": [{"Node Type": "Sort", "Parent Relationship": "Outer", "Parallel Aware": false, "Async Capable": false, "Startup Cost": 11.21, "Total Cost": 11.21, "Plan Rows": 1, "Plan Width": 146, "Actual Startup Time": 0.002, "Actual Total Time": 0.002, "Actual Rows": 0, "Actual Loops": 1, "Output": ["\"DELITO\""], "Sort Key": ["\"TableroSistemaPenal_7\".\"DELITO\""], "Sort Method": "quicksort", "Sort Space Used": 25, "Sort Space Type": "Memory", "Plans": [{"Node Type": "Seq Scan", "Parent Relationship": "Outer", "Parallel Aware": false, "Async Capable": false, "Relation Name": "TableroSistemaPenal_7", "Schema": "pg_temp", "Alias": "TableroSistemaPenal_7", "Startup Cost": 0.0, "Total Cost": 11.2, "Plan Rows": 1, "Plan Width": 146, "Actual Startup Time": 0.001, "Actual Total Time": 0.001, "Actual Rows": 0, "Actual Loops": 1, "Output": ["\"DELITO\""], "Filter": "(((\"TableroSistemaPenal_7\".\"TIPO\")::text = ANY ('{militar,ordinaria}'::text[])) AND ((\"TableroSistemaPenal_7\".\"CLASE\")::text = 'CAUSAS'::text) AND ((\"TableroSistemaPenal_7\".\"Calculation_0640821194248948\" IS NULL) OR (((\"TableroSistemaPenal_7\".\"Calculation_0640821194248948\")::text >= 'AMENAZAS.'::text) AND ((\"TableroSistemaPenal_7\".\"Calculation_0640821194248948\")::text <= 'ROBOS.'::text))))", "Rows Removed by Filter": 0}]}]}, "Planning Time": 0.022, "Triggers": [], "Execution Time": 0.007}]