[{"Plan": {"Node Type": "Group", "Parallel Aware": false, "Async Capable": false, "Startup Cost": 13.33, "Total Cost": 13.73, "Plan Rows": 80, "Plan Width": 128, "Actual Startup Time": 0.002, "Actual Total Time": 0.002, "Actual Rows": 0, "Actual Loops": 1, "Output": ["\"Calculation_6750825005603169\""], "Group Key": ["\"TableroSistemaPenal_8\".\"Calculation_6750825005603169\""], "Plans": [{"Node Type": "Sort", "Parent Relationship": "Outer", "Parallel Aware": false, "Async Capable": false, "Startup Cost": 13.33, "Total Cost": 13.53, "Plan Rows": 80, "Plan Width": 128, "Actual Startup Time": 0.002, "Actual Total Time": 0.002, "Actual Rows": 0, "Actual Loops": 1, "Output": ["\"Calculation_6750825005603169\""], "Sort Key": ["\"TableroSistemaPenal_8\".\"Calculation_6750825005603169\""], "Sort Method": "quicksort", "Sort Space Used": 25, "Sort Space Type": "Memory", "Plans": [{"Node Type": "Seq Scan", "Parent Relationship": "Outer", "Parallel Aware": false, "Async Capable": false, "Relation Name": "TableroSistemaPenal_8", "Schema": "pg_temp", "Alias": "TableroSistemaPenal_8", "Startup Cost": 0.0, "Total Cost": 10.8, "Plan Rows": 80, "Plan Width": 128, "Actual Startup Time": 0.001, "Actual Total Time": 0.001, "Actual Rows": 0, "Actual Loops": 1, "Output": ["\"Calculation_6750825005603169\""]}]}]}, "Planning Time": 0.011, "Triggers": [], "Execution Time": 0.006}]