[{"Plan": {"Node Type": "Aggregate", "Strategy": "Hashed", "Partial Mode": "Simple", "Parallel Aware": false, "Async Capable": false, "Startup Cost": 11.2, "Total Cost": 12.0, "Plan Rows": 80, "Plan Width": 274, "Actual Startup Time": 0.001, "Actual Total Time": 0.001, "Actual Rows": 0, "Actual Loops": 1, "Output": ["\"Calculation_6750825005603169\"", "\"DELITO\""], "Group Key": ["\"TableroSistemaPenal_8\".\"Calculation_6750825005603169\"", "\"TableroSistemaPenal_8\".\"DELITO\""], "Planned Partitions": 0, "HashAgg Batches": 1, "Peak Memory Usage": 24, "Disk Usage": 0, "Plans": [{"Node Type": "Seq Scan", "Parent Relationship": "Outer", "Parallel Aware": false, "Async Capable": false, "Relation Name": "TableroSistemaPenal_8", "Schema": "pg_temp", "Alias": "TableroSistemaPenal_8", "Startup Cost": 0.0, "Total Cost": 10.8, "Plan Rows": 80, "Plan Width": 274, "Actual Startup Time": 0.001, "Actual Total Time": 0.001, "Actual Rows": 0, "Actual Loops": 1, "Output": ["\"ACUSACI\u00d3N FISCAL\"", "\"AUDIENCIAS\"", "\"COD DELITO\"", "\"COD_TRIBUNAL\"", "\"CORTE\"", "\"CRR_IDCAUSA\"", "\"CRR_IDPARTICIPANTE\"", "\"Calculation_6750825005603169\"", "\"DELITO\"", "\"ESTADO_RELACION\"", "\"FECHA\"", "\"MEDIDAS CAUTELARES\"", "\"Number of Records\"", "\"OTROS T\u00c9RMINOS\"", "\"PA\u00cdS\"", "\"RIT\"", "\"RPA\"", "\"RUC\"", "\"SALIDAS TEMPRANAS\"", "\"SEXO\"", "\"TRIBUNAL\"", "\"Tipo Sentencia\""]}]}, "Planning Time": 0.014, "Triggers": [], "Execution Time": 0.007}]