[{"Plan": {"Node Type": "Aggregate", "Strategy": "Sorted", "Partial Mode": "Simple", "Parallel Aware": false, "Async Capable": false, "Startup Cost": 11.01, "Total Cost": 11.07, "Plan Rows": 2, "Plan Width": 120, "Actual Startup Time": 0.002, "Actual Total Time": 0.003, "Actual Rows": 0, "Actual Loops": 1, "Output": ["\"Number of Records\"", "\"PA\u00cdS\"", "\"Tipo Sentencia\"", "sum((\"Number of Records\")::bigint)"], "Group Key": ["\"TableroSistemaPenal_8\".\"Number of Records\"", "\"TableroSistemaPenal_8\".\"PA\u00cdS\"", "\"TableroSistemaPenal_8\".\"Tipo Sentencia\""], "Plans": [{"Node Type": "Sort", "Parent Relationship": "Outer", "Parallel Aware": false, "Async Capable": false, "Startup Cost": 11.01, "Total Cost": 11.02, "Plan Rows": 2, "Plan Width": 88, "Actual Startup Time": 0.002, "Actual Total Time": 0.002, "Actual Rows": 0, "Actual Loops": 1, "Output": ["\"Number of Records\"", "\"PA\u00cdS\"", "\"Tipo Sentencia\""], "Sort Key": ["\"TableroSistemaPenal_8\".\"Number of Records\"", "\"TableroSistemaPenal_8\".\"PA\u00cdS\"", "\"TableroSistemaPenal_8\".\"Tipo Sentencia\""], "Sort Method": "quicksort", "Sort Space Used": 25, "Sort Space Type": "Memory", "Plans": [{"Node Type": "Seq Scan", "Parent Relationship": "Outer", "Parallel Aware": false, "Async Capable": false, "Relation Name": "TableroSistemaPenal_8", "Schema": "pg_temp", "Alias": "TableroSistemaPenal_8", "Startup Cost": 0.0, "Total Cost": 11.0, "Plan Rows": 2, "Plan Width": 88, "Actual Startup Time": 0.001, "Actual Total Time": 0.001, "Actual Rows": 0, "Actual Loops": 1, "Output": ["\"Number of Records\"", "\"PA\u00cdS\"", "\"Tipo Sentencia\""], "Filter": "((\"TableroSistemaPenal_8\".\"Tipo Sentencia\")::text = ANY ('{\"Sentencia Absolutoria\",\"Sentencia Condenatoria\"}'::text[]))", "Rows Removed by Filter": 0}]}]}, "Planning Time": 0.025, "Triggers": [], "Execution Time": 0.009}]