[{"Plan": {"Node Type": "Aggregate", "Strategy": "Sorted", "Partial Mode": "Simple", "Parallel Aware": false, "Async Capable": false, "Startup Cost": 11.02, "Total Cost": 11.09, "Plan Rows": 2, "Plan Width": 166, "Actual Startup Time": 0.004, "Actual Total Time": 0.004, "Actual Rows": 0, "Actual Loops": 1, "Output": ["\"PA\u00cdS\"", "\"SALIDAS TEMPRANAS\"", "sum((\"Number of Records\")::bigint)", "((EXTRACT(year FROM \"FECHA\"))::bigint)"], "Group Key": ["\"TableroSistemaPenal_8\".\"PA\u00cdS\"", "\"TableroSistemaPenal_8\".\"SALIDAS TEMPRANAS\"", "((EXTRACT(year FROM \"TableroSistemaPenal_8\".\"FECHA\"))::bigint)"], "Plans": [{"Node Type": "Sort", "Parent Relationship": "Outer", "Parallel Aware": false, "Async Capable": false, "Startup Cost": 11.02, "Total Cost": 11.03, "Plan Rows": 2, "Plan Width": 136, "Actual Startup Time": 0.003, "Actual Total Time": 0.004, "Actual Rows": 0, "Actual Loops": 1, "Output": ["\"PA\u00cdS\"", "\"SALIDAS TEMPRANAS\"", "((EXTRACT(year FROM \"FECHA\"))::bigint)", "\"Number of Records\""], "Sort Key": ["\"TableroSistemaPenal_8\".\"PA\u00cdS\"", "\"TableroSistemaPenal_8\".\"SALIDAS TEMPRANAS\"", "((EXTRACT(year FROM \"TableroSistemaPenal_8\".\"FECHA\"))::bigint)"], "Sort Method": "quicksort", "Sort Space Used": 25, "Sort Space Type": "Memory", "Plans": [{"Node Type": "Seq Scan", "Parent Relationship": "Outer", "Parallel Aware": false, "Async Capable": false, "Relation Name": "TableroSistemaPenal_8", "Schema": "pg_temp", "Alias": "TableroSistemaPenal_8", "Startup Cost": 0.0, "Total Cost": 11.01, "Plan Rows": 2, "Plan Width": 136, "Actual Startup Time": 0.002, "Actual Total Time": 0.002, "Actual Rows": 0, "Actual Loops": 1, "Output": ["\"PA\u00cdS\"", "\"SALIDAS TEMPRANAS\"", "(EXTRACT(year FROM \"FECHA\"))::bigint", "\"Number of Records\""], "Filter": "((\"TableroSistemaPenal_8\".\"SALIDAS TEMPRANAS\")::text = ANY ('{\"Aprueba acuerdo reparatorio.\",\"Suspensi\u00f3n condicional del procedimiento.\"}'::text[]))", "Rows Removed by Filter": 0}]}]}, "Planning Time": 0.067, "Triggers": [], "Execution Time": 0.012}]