[{"Plan": {"Node Type": "Aggregate", "Strategy": "Plain", "Partial Mode": "Simple", "Parallel Aware": false, "Async Capable": false, "Startup Cost": 12.93, "Total Cost": 12.94, "Plan Rows": 1, "Plan Width": 16, "Actual Startup Time": 0.003, "Actual Total Time": 0.003, "Actual Rows": 0, "Actual Loops": 1, "Output": ["count(DISTINCT \"ID_EVENTO\")", "count(DISTINCT CASE WHEN (\"ILEGALIDAD_DETENCION\" = '1'::numeric) THEN (\"ID_EVENTO\")::bigint ELSE NULL::bigint END)"], "Filter": "(count(1) > 0)", "Rows Removed by Filter": 1, "Plans": [{"Node Type": "Seq Scan", "Parent Relationship": "Outer", "Parallel Aware": false, "Async Capable": false, "Relation Name": "TableroSistemaPenal_5", "Schema": "pg_temp", "Alias": "TableroSistemaPenal_5", "Startup Cost": 0.0, "Total Cost": 11.3, "Plan Rows": 130, "Plan Width": 14, "Actual Startup Time": 0.001, "Actual Total Time": 0.001, "Actual Rows": 0, "Actual Loops": 1, "Output": ["\"AGRUPADOR\"", "\"A\u00d1O CAUSA\"", "\"CAUTELAR\"", "\"COD_CTE\"", "\"COD_MATERIA\"", "\"COD_TRIB\"", "\"CORTE\"", "\"DELITO\"", "\"FECHA AUDIENCIA\"", "\"ID_EVENTO\"", "\"ILEGALIDAD_DETENCION\"", "\"Number of Records\"", "\"PA\u00cdS\"", "\"PRISION_PREVENTIVA\"", "\"PRISION_PREVENTIVA_DECRETADA\"", "\"PRISION_PREVENTIVA_RECHAZADA\"", "\"RIT\"", "\"Rechaza Prisi\u00f3n Preventiva (copia)\"", "\"SENTENCIA\"", "\"TIPO\"", "\"TRIBUNAL\""]}]}, "Planning Time": 0.019, "Triggers": [], "Execution Time": 0.011}]