[{"Plan": {"Node Type": "Aggregate", "Strategy": "Sorted", "Partial Mode": "Simple", "Parallel Aware": false, "Async Capable": false, "Startup Cost": 16.51, "Total Cost": 19.44, "Plan Rows": 130, "Plan Width": 16, "Actual Startup Time": 0.003, "Actual Total Time": 0.003, "Actual Rows": 0, "Actual Loops": 1, "Output": ["count(DISTINCT \"ID_EVENTO\")", "((EXTRACT(year FROM \"FECHA AUDIENCIA\"))::bigint)"], "Group Key": ["((EXTRACT(year FROM \"TableroSistemaPenal_5\".\"FECHA AUDIENCIA\"))::bigint)"], "Plans": [{"Node Type": "Sort", "Parent Relationship": "Outer", "Parallel Aware": false, "Async Capable": false, "Startup Cost": 16.51, "Total Cost": 16.84, "Plan Rows": 130, "Plan Width": 12, "Actual Startup Time": 0.003, "Actual Total Time": 0.003, "Actual Rows": 0, "Actual Loops": 1, "Output": ["((EXTRACT(year FROM \"FECHA AUDIENCIA\"))::bigint)", "\"ID_EVENTO\""], "Sort Key": ["((EXTRACT(year FROM \"TableroSistemaPenal_5\".\"FECHA AUDIENCIA\"))::bigint)"], "Sort Method": "quicksort", "Sort Space Used": 25, "Sort Space Type": "Memory", "Plans": [{"Node Type": "Seq Scan", "Parent Relationship": "Outer", "Parallel Aware": false, "Async Capable": false, "Relation Name": "TableroSistemaPenal_5", "Schema": "pg_temp", "Alias": "TableroSistemaPenal_5", "Startup Cost": 0.0, "Total Cost": 11.95, "Plan Rows": 130, "Plan Width": 12, "Actual Startup Time": 0.001, "Actual Total Time": 0.002, "Actual Rows": 0, "Actual Loops": 1, "Output": ["(EXTRACT(year FROM \"FECHA AUDIENCIA\"))::bigint", "\"ID_EVENTO\""]}]}]}, "Planning Time": 0.055, "Triggers": [], "Execution Time": 0.01}]