[{"Plan": {"Node Type": "Aggregate", "Strategy": "Sorted", "Partial Mode": "Simple", "Parallel Aware": false, "Async Capable": false, "Startup Cost": 10.93, "Total Cost": 10.96, "Plan Rows": 1, "Plan Width": 106, "Actual Startup Time": 0.003, "Actual Total Time": 0.003, "Actual Rows": 0, "Actual Loops": 1, "Output": ["\"Calculation_1750724145742463\"", "\"Calculation_9330724145728972\"", "state", "sum((like_count)::bigint)"], "Group Key": ["\"IGlocations2_2\".\"Calculation_1750724145742463\"", "\"IGlocations2_2\".\"Calculation_9330724145728972\"", "\"IGlocations2_2\".state"], "Plans": [{"Node Type": "Sort", "Parent Relationship": "Outer", "Parallel Aware": false, "Async Capable": false, "Startup Cost": 10.93, "Total Cost": 10.93, "Plan Rows": 1, "Plan Width": 78, "Actual Startup Time": 0.002, "Actual Total Time": 0.003, "Actual Rows": 0, "Actual Loops": 1, "Output": ["\"Calculation_1750724145742463\"", "\"Calculation_9330724145728972\"", "state", "like_count"], "Sort Key": ["\"IGlocations2_2\".\"Calculation_1750724145742463\"", "\"IGlocations2_2\".\"Calculation_9330724145728972\"", "\"IGlocations2_2\".state"], "Sort Method": "quicksort", "Sort Space Used": 25, "Sort Space Type": "Memory", "Plans": [{"Node Type": "Seq Scan", "Parent Relationship": "Outer", "Parallel Aware": false, "Async Capable": false, "Relation Name": "IGlocations2_2", "Schema": "pg_temp", "Alias": "IGlocations2_2", "Startup Cost": 0.04, "Total Cost": 10.92, "Plan Rows": 1, "Plan Width": 78, "Actual Startup Time": 0.001, "Actual Total Time": 0.001, "Actual Rows": 0, "Actual Loops": 1, "Output": ["\"Calculation_1750724145742463\"", "\"Calculation_9330724145728972\"", "state", "like_count"], "Filter": "(((\"IGlocations2_2\".\"State (copy)\")::text = 'Alaska'::text) AND ((\"IGlocations2_2\".state)::text = ANY ('{Alabama,Alaska,Arizona,Arkansas,California,Colorado,Connecticut,Delaware,Florida,Georgia,Hawaii,Idaho,Illinois,Indiana,Iowa,Kansas}'::text[])))", "Rows Removed by Filter": 0}]}]}, "Planning Time": 0.03, "Triggers": [], "Execution Time": 0.01}]