[{"Plan": {"Node Type": "Group", "Parallel Aware": false, "Async Capable": false, "Startup Cost": 11.91, "Total Cost": 12.16, "Plan Rows": 50, "Plan Width": 50, "Actual Startup Time": 0.003, "Actual Total Time": 0.003, "Actual Rows": 0, "Actual Loops": 1, "Output": ["\"State (copy)\""], "Group Key": ["\"IGlocations2_2\".\"State (copy)\""], "Plans": [{"Node Type": "Sort", "Parent Relationship": "Outer", "Parallel Aware": false, "Async Capable": false, "Startup Cost": 11.91, "Total Cost": 12.04, "Plan Rows": 50, "Plan Width": 50, "Actual Startup Time": 0.003, "Actual Total Time": 0.003, "Actual Rows": 0, "Actual Loops": 1, "Output": ["\"State (copy)\""], "Sort Key": ["\"IGlocations2_2\".\"State (copy)\""], "Sort Method": "quicksort", "Sort Space Used": 25, "Sort Space Type": "Memory", "Plans": [{"Node Type": "Seq Scan", "Parent Relationship": "Outer", "Parallel Aware": false, "Async Capable": false, "Relation Name": "IGlocations2_2", "Schema": "pg_temp", "Alias": "IGlocations2_2", "Startup Cost": 0.0, "Total Cost": 10.5, "Plan Rows": 50, "Plan Width": 50, "Actual Startup Time": 0.002, "Actual Total Time": 0.002, "Actual Rows": 0, "Actual Loops": 1, "Output": ["\"State (copy)\""]}]}]}, "Planning Time": 0.051, "Triggers": [], "Execution Time": 0.007}]