[{"Plan": {"Node Type": "Aggregate", "Strategy": "Sorted", "Partial Mode": "Simple", "Parallel Aware": false, "Async Capable": false, "Startup Cost": 10.93, "Total Cost": 10.95, "Plan Rows": 1, "Plan Width": 120, "Actual Startup Time": 0.002, "Actual Total Time": 0.002, "Actual Rows": 0, "Actual Loops": 1, "Output": ["city", "sum((\"Number of Records\")::bigint)"], "Group Key": ["\"IGlocations2_2\".city"], "Plans": [{"Node Type": "Sort", "Parent Relationship": "Outer", "Parallel Aware": false, "Async Capable": false, "Startup Cost": 10.93, "Total Cost": 10.93, "Plan Rows": 1, "Plan Width": 90, "Actual Startup Time": 0.002, "Actual Total Time": 0.002, "Actual Rows": 0, "Actual Loops": 1, "Output": ["city", "\"Number of Records\""], "Sort Key": ["\"IGlocations2_2\".city"], "Sort Method": "quicksort", "Sort Space Used": 25, "Sort Space Type": "Memory", "Plans": [{"Node Type": "Seq Scan", "Parent Relationship": "Outer", "Parallel Aware": false, "Async Capable": false, "Relation Name": "IGlocations2_2", "Schema": "pg_temp", "Alias": "IGlocations2_2", "Startup Cost": 0.04, "Total Cost": 10.92, "Plan Rows": 1, "Plan Width": 90, "Actual Startup Time": 0.001, "Actual Total Time": 0.001, "Actual Rows": 0, "Actual Loops": 1, "Output": ["city", "\"Number of Records\""], "Filter": "(((\"IGlocations2_2\".\"State (copy)\")::text = 'Alaska'::text) AND ((\"IGlocations2_2\".state)::text = ANY ('{Alabama,Alaska,Arizona,Arkansas,California,Colorado,Connecticut,Delaware,Florida,Georgia,Hawaii,Idaho,Illinois,Indiana,Iowa,Kansas}'::text[])))", "Rows Removed by Filter": 0}]}]}, "Planning Time": 0.025, "Triggers": [], "Execution Time": 0.009}]