[{"Plan": {"Node Type": "Aggregate", "Strategy": "Sorted", "Partial Mode": "Simple", "Parallel Aware": false, "Async Capable": false, "Startup Cost": 11.3, "Total Cost": 11.33, "Plan Rows": 1, "Plan Width": 56, "Actual Startup Time": 0.003, "Actual Total Time": 0.003, "Actual Rows": 0, "Actual Loops": 1, "Output": ["\"Calculation_1750724145742463\"", "\"Calculation_9330724145728972\"", "sum((\"Number of Records\")::bigint)"], "Group Key": ["\"IGlocations2_1\".\"Calculation_1750724145742463\"", "\"IGlocations2_1\".\"Calculation_9330724145728972\""], "Plans": [{"Node Type": "Sort", "Parent Relationship": "Outer", "Parallel Aware": false, "Async Capable": false, "Startup Cost": 11.3, "Total Cost": 11.3, "Plan Rows": 1, "Plan Width": 26, "Actual Startup Time": 0.003, "Actual Total Time": 0.003, "Actual Rows": 0, "Actual Loops": 1, "Output": ["\"Calculation_1750724145742463\"", "\"Calculation_9330724145728972\"", "\"Number of Records\""], "Sort Key": ["\"IGlocations2_1\".\"Calculation_1750724145742463\"", "\"IGlocations2_1\".\"Calculation_9330724145728972\""], "Sort Method": "quicksort", "Sort Space Used": 25, "Sort Space Type": "Memory", "Plans": [{"Node Type": "Seq Scan", "Parent Relationship": "Outer", "Parallel Aware": false, "Async Capable": false, "Relation Name": "IGlocations2_1", "Schema": "pg_temp", "Alias": "IGlocations2_1", "Startup Cost": 0.04, "Total Cost": 11.29, "Plan Rows": 1, "Plan Width": 26, "Actual Startup Time": 0.001, "Actual Total Time": 0.001, "Actual Rows": 0, "Actual Loops": 1, "Output": ["\"Calculation_1750724145742463\"", "\"Calculation_9330724145728972\"", "\"Number of Records\""], "Filter": "(((\"IGlocations2_1\".state)::text = ANY ('{Alabama,Alaska,Arizona,Arkansas,California,Colorado,Connecticut,Delaware,Florida,Georgia,Hawaii,Idaho,Illinois,Indiana,Iowa,Kansas}'::text[])) AND ((\"IGlocations2_1\".\"Calculation_1750724145742463\")::double precision = '-157.83'::double precision) AND ((\"IGlocations2_1\".\"Calculation_9330724145728972\")::double precision = '21.28'::double precision))", "Rows Removed by Filter": 0}]}]}, "Planning Time": 0.041, "Triggers": [], "Execution Time": 0.011}]