[{"Plan": {"Node Type": "Aggregate", "Strategy": "Hashed", "Partial Mode": "Simple", "Parallel Aware": false, "Async Capable": false, "Startup Cost": 10.99, "Total Cost": 11.27, "Plan Rows": 1, "Plan Width": 194, "Actual Startup Time": 0.001, "Actual Total Time": 0.001, "Actual Rows": 0, "Actual Loops": 1, "Output": ["city", "media_type", "state", "sum((\"Number of Records\")::bigint)"], "Group Key": ["\"IGlocations2_1\".city", "\"IGlocations2_1\".media_type", "\"IGlocations2_1\".state"], "Filter": "((sum((\"IGlocations2_1\".\"Number of Records\")::bigint) >= '500'::numeric) AND (sum((\"IGlocations2_1\".\"Number of Records\")::bigint) <= '99103'::numeric))", "Planned Partitions": 0, "HashAgg Batches": 1, "Peak Memory Usage": 24, "Disk Usage": 0, "Rows Removed by Filter": 0, "Plans": [{"Node Type": "Seq Scan", "Parent Relationship": "Outer", "Parallel Aware": false, "Async Capable": false, "Relation Name": "IGlocations2_1", "Schema": "pg_temp", "Alias": "IGlocations2_1", "Startup Cost": 0.04, "Total Cost": 10.79, "Plan Rows": 16, "Plan Width": 164, "Actual Startup Time": 0.001, "Actual Total Time": 0.001, "Actual Rows": 0, "Actual Loops": 1, "Output": ["\"Number of Records\"", "caption", "city", "country", "created_time", "id", "latitude", "like_count", "link", "longitude", "media_type", "media_url", "\"State (copy)\"", "state", "username", "\"Calculation_1750724145742463\"", "\"Calculation_3650724144057954\"", "\"Calculation_4370724142342227\"", "\"Calculation_8090724143600502\"", "\"Calculation_9330724145728972\""], "Filter": "((\"IGlocations2_1\".state)::text = ANY ('{Alabama,Alaska,Arizona,Arkansas,California,Colorado,Connecticut,Delaware,Florida,Georgia,Hawaii,Idaho,Illinois,Indiana,Iowa,Kansas}'::text[]))", "Rows Removed by Filter": 0}]}, "Planning Time": 0.035, "Triggers": [], "Execution Time": 0.011}]