[{"Plan": {"Node Type": "Aggregate", "Strategy": "Sorted", "Partial Mode": "Simple", "Parallel Aware": false, "Async Capable": false, "Startup Cost": 11.05, "Total Cost": 11.08, "Plan Rows": 1, "Plan Width": 170, "Actual Startup Time": 0.002, "Actual Total Time": 0.003, "Actual Rows": 0, "Actual Loops": 1, "Output": ["city", "state", "sum((\"Number of Records\")::bigint)"], "Group Key": ["\"IGlocations2_1\".city", "\"IGlocations2_1\".state"], "Plans": [{"Node Type": "Sort", "Parent Relationship": "Outer", "Parallel Aware": false, "Async Capable": false, "Startup Cost": 11.05, "Total Cost": 11.05, "Plan Rows": 1, "Plan Width": 140, "Actual Startup Time": 0.002, "Actual Total Time": 0.002, "Actual Rows": 0, "Actual Loops": 1, "Output": ["city", "state", "\"Number of Records\""], "Sort Key": ["\"IGlocations2_1\".city", "\"IGlocations2_1\".state"], "Sort Method": "quicksort", "Sort Space Used": 25, "Sort Space Type": "Memory", "Plans": [{"Node Type": "Seq Scan", "Parent Relationship": "Outer", "Parallel Aware": false, "Async Capable": false, "Relation Name": "IGlocations2_1", "Schema": "pg_temp", "Alias": "IGlocations2_1", "Startup Cost": 0.04, "Total Cost": 11.04, "Plan Rows": 1, "Plan Width": 140, "Actual Startup Time": 0.001, "Actual Total Time": 0.001, "Actual Rows": 0, "Actual Loops": 1, "Output": ["city", "state", "\"Number of Records\""], "Filter": "(((\"IGlocations2_1\".city)::text <> 'Unalaska'::text) AND ((\"IGlocations2_1\".\"Calculation_4370724142342227\")::text = 'Beach'::text) AND ((\"IGlocations2_1\".state)::text = ANY ('{Alabama,Alaska,Arizona,Arkansas,California,Colorado,Connecticut,Delaware,Florida,Georgia,Hawaii,Idaho,Illinois,Indiana,Iowa,Kansas}'::text[])))", "Rows Removed by Filter": 0}]}]}, "Planning Time": 0.031, "Triggers": [], "Execution Time": 0.01}]