[{"Plan": {"Node Type": "Aggregate", "Strategy": "Plain", "Partial Mode": "Simple", "Parallel Aware": false, "Async Capable": false, "Startup Cost": 11.4, "Total Cost": 11.41, "Plan Rows": 1, "Plan Width": 32, "Actual Startup Time": 0.003, "Actual Total Time": 0.003, "Actual Rows": 0, "Actual Loops": 1, "Output": ["sum((\"Number of Records\")::bigint)"], "Filter": "(count(1) > 0)", "Rows Removed by Filter": 1, "Plans": [{"Node Type": "Seq Scan", "Parent Relationship": "Outer", "Parallel Aware": false, "Async Capable": false, "Relation Name": "TrainsUK2_2", "Schema": "pg_temp", "Alias": "TrainsUK2_2", "Startup Cost": 0.0, "Total Cost": 10.8, "Plan Rows": 80, "Plan Width": 2, "Actual Startup Time": 0.002, "Actual Total Time": 0.002, "Actual Rows": 0, "Actual Loops": 1, "Output": ["\"Actual Total Distance Miles\"", "\"Date\"", "\"Financial Year & Period\"", "\"Number of Records\"", "\"Operator\"", "\"Planned Dest Actual Datetime\"", "\"Planned Dest GBTT Datetime\"", "\"Planned Dest Stanox Description\"", "\"Planned Dest Stanox\"", "\"Planned Dest WTT Datetime\"", "\"Planned Orig Stanox Description\"", "\"Planned Orig Stanox\"", "\"Planned Origin Actual Datetime\"", "\"Planned Origin GBTT Datetime\"", "\"Planned Origin WTT Datetime\"", "\"Planned Total Distance Miles\"", "\"Service Group Code\"", "\"Service Group Description\"", "\"TSC\"", "\"Train ID\"", "\"v_CaSL Flag\"", "\"v_Dest Lateness (GBTT)\"", "\"v_Dest Lateness (WTT)\"", "\"v_Full Cancellation Flag\"", "\"v_Origin Lateness (GBTT)\"", "\"v_Origin Lateness (WTT)\"", "\"v_PPM Pass Flag\"", "\"v_RT Flag\"", "\"v_Sector\"", "\"v_Unique Train ID\"", "\"c_Origin Time (GBTT) (copy)\"", "\"Calculation_2510610113130467\"", "\"Calculation_4220604162631191\"", "\"Calculation_5580608170646388\"", "\"Calculation_6080608165132814\"", "\"Calculation_9230610113105724\"", "\"Date (group)\""]}]}, "Planning Time": 0.084, "Triggers": [], "Execution Time": 0.012}]