[{"Plan": {"Node Type": "Group", "Parallel Aware": false, "Async Capable": false, "Startup Cost": 11.04, "Total Cost": 11.19, "Plan Rows": 30, "Plan Width": 118, "Actual Startup Time": 0.006, "Actual Total Time": 0.006, "Actual Rows": 0, "Actual Loops": 1, "Output": ["whocanuse"], "Group Key": ["\"CommonGovernment_13\".whocanuse"], "Plans": [{"Node Type": "Sort", "Parent Relationship": "Outer", "Parallel Aware": false, "Async Capable": false, "Startup Cost": 11.04, "Total Cost": 11.11, "Plan Rows": 30, "Plan Width": 118, "Actual Startup Time": 0.005, "Actual Total Time": 0.006, "Actual Rows": 0, "Actual Loops": 1, "Output": ["whocanuse"], "Sort Key": ["\"CommonGovernment_13\".whocanuse"], "Sort Method": "quicksort", "Sort Space Used": 25, "Sort Space Type": "Memory", "Plans": [{"Node Type": "Seq Scan", "Parent Relationship": "Outer", "Parallel Aware": false, "Async Capable": false, "Relation Name": "CommonGovernment_13", "Schema": "pg_temp", "Alias": "CommonGovernment_13", "Startup Cost": 0.0, "Total Cost": 10.3, "Plan Rows": 30, "Plan Width": 118, "Actual Startup Time": 0.002, "Actual Total Time": 0.003, "Actual Rows": 0, "Actual Loops": 1, "Output": ["whocanuse"]}]}]}, "Planning Time": 0.042, "Triggers": [], "Execution Time": 0.019}]