[{"Plan": {"Node Type": "Aggregate", "Strategy": "Hashed", "Partial Mode": "Simple", "Parallel Aware": false, "Async Capable": false, "Startup Cost": 10.98, "Total Cost": 11.65, "Plan Rows": 30, "Plan Width": 316, "Actual Startup Time": 0.004, "Actual Total Time": 0.005, "Actual Rows": 0, "Actual Loops": 1, "Output": ["ag_name", "funding_agency_name", "level1_category", "((EXTRACT(year FROM ((signeddate)::date + '3 mons'::interval)))::bigint)"], "Group Key": ["\"CommonGovernment_13\".ag_name", "\"CommonGovernment_13\".funding_agency_name", "\"CommonGovernment_13\".level1_category", "(EXTRACT(year FROM ((\"CommonGovernment_13\".signeddate)::date + '3 mons'::interval)))::bigint"], "Planned Partitions": 0, "HashAgg Batches": 1, "Peak Memory Usage": 24, "Disk Usage": 0, "Plans": [{"Node Type": "Seq Scan", "Parent Relationship": "Outer", "Parallel Aware": false, "Async Capable": false, "Relation Name": "CommonGovernment_13", "Schema": "pg_temp", "Alias": "CommonGovernment_13", "Startup Cost": 0.0, "Total Cost": 10.68, "Plan Rows": 30, "Plan Width": 316, "Actual Startup Time": 0.002, "Actual Total Time": 0.003, "Actual Rows": 0, "Actual Loops": 1, "Output": ["ag_name", "funding_agency_name", "level1_category", "(EXTRACT(year FROM ((signeddate)::date + '3 mons'::interval)))::bigint"]}]}, "Planning Time": 0.088, "Triggers": [], "Execution Time": 0.031}]