[{"Plan": {"Node Type": "Aggregate", "Strategy": "Hashed", "Partial Mode": "Simple", "Parallel Aware": false, "Async Capable": false, "Startup Cost": 10.75, "Total Cost": 11.43, "Plan Rows": 30, "Plan Width": 8, "Actual Startup Time": 0.007, "Actual Total Time": 0.007, "Actual Rows": 0, "Actual Loops": 1, "Output": ["((EXTRACT(year FROM ((signeddate)::date + '3 mons'::interval)))::bigint)"], "Group Key": ["(EXTRACT(year FROM ((\"CommonGovernment_2\".signeddate)::date + '3 mons'::interval)))::bigint"], "Planned Partitions": 0, "HashAgg Batches": 1, "Peak Memory Usage": 24, "Disk Usage": 0, "Plans": [{"Node Type": "Seq Scan", "Parent Relationship": "Outer", "Parallel Aware": false, "Async Capable": false, "Relation Name": "CommonGovernment_2", "Schema": "pg_temp", "Alias": "CommonGovernment_2", "Startup Cost": 0.0, "Total Cost": 10.68, "Plan Rows": 30, "Plan Width": 8, "Actual Startup Time": 0.005, "Actual Total Time": 0.006, "Actual Rows": 0, "Actual Loops": 1, "Output": ["(EXTRACT(year FROM ((signeddate)::date + '3 mons'::interval)))::bigint"]}]}, "Planning Time": 0.337, "Triggers": [], "Execution Time": 0.028}]