[{"Plan": {"Node Type": "Aggregate", "Strategy": "Plain", "Partial Mode": "Simple", "Parallel Aware": false, "Async Capable": false, "Startup Cost": 10.53, "Total Cost": 10.54, "Plan Rows": 1, "Plan Width": 16, "Actual Startup Time": 0.011, "Actual Total Time": 0.012, "Actual Rows": 0, "Actual Loops": 1, "Output": ["count(DISTINCT refidvid_piid)", "sum(obligatedamount)"], "Filter": "(count(1) > 0)", "Rows Removed by Filter": 1, "Plans": [{"Node Type": "Seq Scan", "Parent Relationship": "Outer", "Parallel Aware": false, "Async Capable": false, "Relation Name": "CommonGovernment_13", "Schema": "pg_temp", "Alias": "CommonGovernment_13", "Startup Cost": 0.0, "Total Cost": 10.3, "Plan Rows": 30, "Plan Width": 94, "Actual Startup Time": 0.002, "Actual Total Time": 0.002, "Actual Rows": 0, "Actual Loops": 1, "Output": ["\"Number of Records\"", "a_aid_acontid_agencyid", "a_aid_acontid_piid", "ag_name", "agency_code", "ase_rowid", "award_type", "award_type_code", "award_type_key", "baseandalloptionsvalue", "baseandexercisedoptionsvalue", "bureau_code", "bureau_name", "cd_contactiontype", "co_name", "co_state", "code", "contract_num", "contract_signeddate", "contractingofficeagencyid", "count_fetched", "count_total", "description", "fk_epa_des_prod", "fk_rec_mat", "ftsdollar", "funding_agency", "funding_agency_key", "funding_agency_name", "gsadollar", "gsaotherdollar", "gwacs", "level1_category", "level2_category", "naics_code", "naics_name", "nongsadollar", "obligatedamount", "obligatedamount_1", "pbsdollar", "primary_contract_piid", "prod_or_serv_code", "prod_or_serv_code_desc", "psc_code", "psc_code_description", "psc_key", "quarter", "refidvid_agencyid", "refidvid_piid", "short_name", "signeddate", "vend_contoffbussizedeterm", "vend_dunsnumber", "vend_vendorname", "whocanuse", "year"]}]}, "Planning Time": 0.058, "Triggers": [], "Execution Time": 0.04}]