[{"Plan": {"Node Type": "Aggregate", "Strategy": "Sorted", "Partial Mode": "Simple", "Parallel Aware": false, "Async Capable": false, "Startup Cost": 11.04, "Total Cost": 11.64, "Plan Rows": 30, "Plan Width": 52, "Actual Startup Time": 0.007, "Actual Total Time": 0.008, "Actual Rows": 0, "Actual Loops": 1, "Output": ["count(DISTINCT refidvid_piid)", "sum(obligatedamount)", "vend_dunsnumber"], "Group Key": ["\"CommonGovernment_13\".vend_dunsnumber"], "Plans": [{"Node Type": "Sort", "Parent Relationship": "Outer", "Parallel Aware": false, "Async Capable": false, "Startup Cost": 11.04, "Total Cost": 11.11, "Plan Rows": 30, "Plan Width": 130, "Actual Startup Time": 0.006, "Actual Total Time": 0.007, "Actual Rows": 0, "Actual Loops": 1, "Output": ["vend_dunsnumber", "refidvid_piid", "obligatedamount"], "Sort Key": ["\"CommonGovernment_13\".vend_dunsnumber"], "Sort Method": "quicksort", "Sort Space Used": 25, "Sort Space Type": "Memory", "Plans": [{"Node Type": "Seq Scan", "Parent Relationship": "Outer", "Parallel Aware": false, "Async Capable": false, "Relation Name": "CommonGovernment_13", "Schema": "pg_temp", "Alias": "CommonGovernment_13", "Startup Cost": 0.0, "Total Cost": 10.3, "Plan Rows": 30, "Plan Width": 130, "Actual Startup Time": 0.003, "Actual Total Time": 0.003, "Actual Rows": 0, "Actual Loops": 1, "Output": ["vend_dunsnumber", "refidvid_piid", "obligatedamount"]}]}]}, "Planning Time": 0.073, "Triggers": [], "Execution Time": 0.034}]