[{"Plan": {"Node Type": "Aggregate", "Strategy": "Hashed", "Partial Mode": "Simple", "Parallel Aware": false, "Async Capable": false, "Startup Cost": 11.95, "Total Cost": 12.25, "Plan Rows": 30, "Plan Width": 100, "Actual Startup Time": 0.004, "Actual Total Time": 0.004, "Actual Rows": 0, "Actual Loops": 1, "Output": ["sum(obligatedamount)", "sum(CASE WHEN ((level1_category)::text = 'IT'::text) THEN obligatedamount ELSE NULL::double precision END)", "sum(CASE WHEN ((level1_category)::text = 'FACILITIES & CONSTRUCTION'::text) THEN obligatedamount ELSE NULL::double precision END)", "sum(CASE WHEN ((level1_category)::text = 'MEDICAL'::text) THEN obligatedamount ELSE NULL::double precision END)", "sum(CASE WHEN ((level1_category)::text = 'OFFICE MANAGEMENT'::text) THEN obligatedamount ELSE NULL::double precision END)", "sum(CASE WHEN ((level1_category)::text = 'PROFESSIONAL SERVICES'::text) THEN obligatedamount ELSE NULL::double precision END)", "sum(CASE WHEN ((level1_category)::text = 'HUMAN CAPITAL'::text) THEN obligatedamount ELSE NULL::double precision END)", "sum(CASE WHEN ((level1_category)::text = 'INDUSTRIAL PRODUCTS & SERVICES'::text) THEN obligatedamount ELSE NULL::double precision END)", "sum(CASE WHEN ((level1_category)::text = 'SECURITY AND PROTECTION'::text) THEN obligatedamount ELSE NULL::double precision END)", "sum(CASE WHEN ((level1_category)::text = 'TRANSPORTATION AND LOGISTICS SERVICES'::text) THEN obligatedamount ELSE NULL::double precision END)", "sum(CASE WHEN ((level1_category)::text = 'TRAVEL & LODGING'::text) THEN obligatedamount ELSE NULL::double precision END)", "co_state"], "Group Key": ["\"CommonGovernment_4\".co_state"], "Planned Partitions": 0, "HashAgg Batches": 1, "Peak Memory Usage": 24, "Disk Usage": 0, "Plans": [{"Node Type": "Seq Scan", "Parent Relationship": "Outer", "Parallel Aware": false, "Async Capable": false, "Relation Name": "CommonGovernment_4", "Schema": "pg_temp", "Alias": "CommonGovernment_4", "Startup Cost": 0.0, "Total Cost": 10.3, "Plan Rows": 30, "Plan Width": 112, "Actual Startup Time": 0.002, "Actual Total Time": 0.003, "Actual Rows": 0, "Actual Loops": 1, "Output": ["\"Number of Records\"", "a_aid_acontid_agencyid", "a_aid_acontid_piid", "ag_name", "agency_code", "ase_rowid", "award_type", "award_type_code", "award_type_key", "baseandalloptionsvalue", "baseandexercisedoptionsvalue", "bureau_code", "bureau_name", "cd_contactiontype", "co_name", "co_state", "code", "contract_num", "contract_signeddate", "contractingofficeagencyid", "count_fetched", "count_total", "description", "fk_epa_des_prod", "fk_rec_mat", "ftsdollar", "funding_agency", "funding_agency_key", "funding_agency_name", "gsadollar", "gsaotherdollar", "gwacs", "level1_category", "level2_category", "naics_code", "naics_name", "nongsadollar", "obligatedamount", "obligatedamount_1", "pbsdollar", "primary_contract_piid", "prod_or_serv_code", "prod_or_serv_code_desc", "psc_code", "psc_code_description", "psc_key", "quarter", "refidvid_agencyid", "refidvid_piid", "short_name", "signeddate", "vend_contoffbussizedeterm", "vend_dunsnumber", "vend_vendorname", "whocanuse", "year"]}]}, "Planning Time": 0.123, "Triggers": [], "Execution Time": 0.072}]