[{"Plan": {"Node Type": "Limit", "Parallel Aware": false, "Async Capable": false, "Startup Cost": 20.62, "Total Cost": 20.64, "Plan Rows": 3, "Plan Width": 14, "Actual Startup Time": 0.055, "Actual Total Time": 0.056, "Actual Rows": 0, "Actual Loops": 1, "Output": ["\"F4\""], "Plans": [{"Node Type": "Group", "Parent Relationship": "Outer", "Parallel Aware": false, "Async Capable": false, "Startup Cost": 20.62, "Total Cost": 20.64, "Plan Rows": 3, "Plan Width": 14, "Actual Startup Time": 0.053, "Actual Total Time": 0.054, "Actual Rows": 0, "Actual Loops": 1, "Output": ["\"F4\""], "Group Key": ["\"Arade_1\".\"F4\""], "Plans": [{"Node Type": "Sort", "Parent Relationship": "Outer", "Parallel Aware": false, "Async Capable": false, "Startup Cost": 20.62, "Total Cost": 20.63, "Plan Rows": 3, "Plan Width": 14, "Actual Startup Time": 0.047, "Actual Total Time": 0.048, "Actual Rows": 0, "Actual Loops": 1, "Output": ["\"F4\""], "Sort Key": ["\"Arade_1\".\"F4\""], "Sort Method": "quicksort", "Sort Space Used": 25, "Sort Space Type": "Memory", "Plans": [{"Node Type": "Seq Scan", "Parent Relationship": "Outer", "Parallel Aware": false, "Async Capable": false, "Relation Name": "Arade_1", "Schema": "pg_temp", "Alias": "Arade_1", "Startup Cost": 0.0, "Total Cost": 20.6, "Plan Rows": 3, "Plan Width": 14, "Actual Startup Time": 0.015, "Actual Total Time": 0.015, "Actual Rows": 0, "Actual Loops": 1, "Output": ["\"F4\""], "Filter": "(((\"Arade_1\".\"F3\")::date >= '2014-10-17'::date) AND ((\"Arade_1\".\"F3\")::date <= '2015-10-16'::date))", "Rows Removed by Filter": 0}]}]}]}, "Planning Time": 0.422, "Triggers": [], "Execution Time": 0.143}]