[{"Plan": {"Node Type": "Append", "Parallel Aware": false, "Async Capable": false, "Startup Cost": 48.2, "Total Cost": 58.2, "Plan Rows": 400, "Plan Width": 44, "Subplans Removed": 0, "Plans": [{"Node Type": "Aggregate", "Strategy": "Hashed", "Partial Mode": "Simple", "Parent Relationship": "InitPlan", "Subplan Name": "CTE cte", "Parallel Aware": false, "Async Capable": false, "Startup Cost": 45.7, "Total Cost": 48.2, "Plan Rows": 200, "Plan Width": 44, "Output": ["t1.a1", "sum(t1.b1)", "avg(t1.c1)"], "Group Key": ["t1.a1"], "Planned Partitions": 0, "Plans": [{"Node Type": "Seq Scan", "Parent Relationship": "Outer", "Parallel Aware": false, "Async Capable": false, "Relation Name": "t1", "Schema": "pg_temp", "Alias": "t1", "Startup Cost": 0.0, "Total Cost": 30.4, "Plan Rows": 2040, "Plan Width": 12, "Output": ["t1.a1", "t1.b1", "t1.c1"]}]}, {"Node Type": "CTE Scan", "Parent Relationship": "Member", "Parallel Aware": false, "Async Capable": false, "CTE Name": "cte", "Alias": "cte", "Startup Cost": 0.0, "Total Cost": 4.0, "Plan Rows": 200, "Plan Width": 44, "Output": ["cte.a1", "cte.sum", "cte.avg"]}, {"Node Type": "CTE Scan", "Parent Relationship": "Member", "Parallel Aware": false, "Async Capable": false, "CTE Name": "cte", "Alias": "cte_1", "Startup Cost": 0.0, "Total Cost": 4.0, "Plan Rows": 200, "Plan Width": 44, "Output": ["cte_1.a1", "cte_1.sum", "cte_1.avg"]}]}}]