[{"Plan": {"Node Type": "Aggregate", "Strategy": "Sorted", "Partial Mode": "Simple", "Parallel Aware": false, "Async Capable": false, "Startup Cost": 10.69, "Total Cost": 10.74, "Plan Rows": 1, "Plan Width": 228, "Actual Startup Time": 0.002, "Actual Total Time": 0.002, "Actual Rows": 0, "Actual Loops": 1, "Output": ["\"Marca\"", "max((\"Vehiculo\")::text)", "min((\"Vehiculo\")::text)", "sum(((\"Cols\")::bigint * (\"Plgs\")::bigint))", "sum((\"NumAnuncios\")::bigint)", "((EXTRACT(year FROM \"FECHA\"))::bigint)"], "Group Key": ["\"Motos_2\".\"Marca\"", "((EXTRACT(year FROM \"Motos_2\".\"FECHA\"))::bigint)"], "Plans": [{"Node Type": "Sort", "Parent Relationship": "Outer", "Parallel Aware": false, "Async Capable": false, "Startup Cost": 10.69, "Total Cost": 10.7, "Plan Rows": 1, "Plan Width": 170, "Actual Startup Time": 0.002, "Actual Total Time": 0.002, "Actual Rows": 0, "Actual Loops": 1, "Output": ["\"Marca\"", "((EXTRACT(year FROM \"FECHA\"))::bigint)", "\"Vehiculo\"", "\"Cols\"", "\"Plgs\"", "\"NumAnuncios\""], "Sort Key": ["\"Motos_2\".\"Marca\""], "Sort Method": "quicksort", "Sort Space Used": 25, "Sort Space Type": "Memory", "Plans": [{"Node Type": "Seq Scan", "Parent Relationship": "Outer", "Parallel Aware": false, "Async Capable": false, "Relation Name": "Motos_2", "Schema": "pg_temp", "Alias": "Motos_2", "Startup Cost": 0.0, "Total Cost": 10.68, "Plan Rows": 1, "Plan Width": 170, "Actual Startup Time": 0.001, "Actual Total Time": 0.001, "Actual Rows": 0, "Actual Loops": 1, "Output": ["\"Marca\"", "(EXTRACT(year FROM \"FECHA\"))::bigint", "\"Vehiculo\"", "\"Cols\"", "\"Plgs\"", "\"NumAnuncios\""], "Filter": "(((\"Motos_2\".\"Categoria\")::text = 'MOTOCICLETAS'::text) AND ((\"Motos_2\".\"Medio\")::text = 'PRENSA'::text) AND ((EXTRACT(year FROM \"Motos_2\".\"FECHA\"))::bigint = 2015))", "Rows Removed by Filter": 0}]}]}, "Planning Time": 0.03, "Triggers": [], "Execution Time": 0.013}]