[{"Plan": {"Node Type": "Aggregate", "Strategy": "Sorted", "Partial Mode": "Simple", "Parallel Aware": false, "Async Capable": false, "Startup Cost": 0.0, "Total Cost": 10.7, "Plan Rows": 1, "Plan Width": 72, "Actual Startup Time": 0.001, "Actual Total Time": 0.001, "Actual Rows": 0, "Actual Loops": 1, "Output": ["\"Medio\"", "sum(\"InversionUS\")", "((EXTRACT(year FROM \"FECHA\"))::bigint)"], "Group Key": ["\"Motos_2\".\"Medio\"", "(EXTRACT(year FROM \"Motos_2\".\"FECHA\"))::bigint"], "Plans": [{"Node Type": "Seq Scan", "Parent Relationship": "Outer", "Parallel Aware": false, "Async Capable": false, "Relation Name": "Motos_2", "Schema": "pg_temp", "Alias": "Motos_2", "Startup Cost": 0.0, "Total Cost": 10.68, "Plan Rows": 1, "Plan Width": 72, "Actual Startup Time": 0.001, "Actual Total Time": 0.001, "Actual Rows": 0, "Actual Loops": 1, "Output": ["\"Medio\"", "(EXTRACT(year FROM \"FECHA\"))::bigint", "\"InversionUS\""], "Filter": "(((\"Motos_2\".\"Medio\")::text = 'RADIO'::text) AND ((\"Motos_2\".\"Categoria\")::text = 'MOTOCICLETAS'::text) AND ((EXTRACT(year FROM \"Motos_2\".\"FECHA\"))::bigint = 2015))", "Rows Removed by Filter": 0}]}, "Planning Time": 0.02, "Triggers": [], "Execution Time": 0.007}]