[{"Plan": {"Node Type": "Group", "Parallel Aware": false, "Async Capable": false, "Startup Cost": 11.03, "Total Cost": 11.04, "Plan Rows": 1, "Plan Width": 8, "Actual Startup Time": 0.002, "Actual Total Time": 0.002, "Actual Rows": 0, "Actual Loops": 1, "Output": ["((EXTRACT(month FROM \"FECHA\"))::bigint)"], "Group Key": ["((EXTRACT(month FROM \"Motos_1\".\"FECHA\"))::bigint)"], "Plans": [{"Node Type": "Sort", "Parent Relationship": "Outer", "Parallel Aware": false, "Async Capable": false, "Startup Cost": 11.03, "Total Cost": 11.03, "Plan Rows": 1, "Plan Width": 8, "Actual Startup Time": 0.002, "Actual Total Time": 0.002, "Actual Rows": 0, "Actual Loops": 1, "Output": ["((EXTRACT(month FROM \"FECHA\"))::bigint)"], "Sort Key": ["((EXTRACT(month FROM \"Motos_1\".\"FECHA\"))::bigint)"], "Sort Method": "quicksort", "Sort Space Used": 25, "Sort Space Type": "Memory", "Plans": [{"Node Type": "Seq Scan", "Parent Relationship": "Outer", "Parallel Aware": false, "Async Capable": false, "Relation Name": "Motos_1", "Schema": "pg_temp", "Alias": "Motos_1", "Startup Cost": 0.0, "Total Cost": 11.02, "Plan Rows": 1, "Plan Width": 8, "Actual Startup Time": 0.001, "Actual Total Time": 0.001, "Actual Rows": 0, "Actual Loops": 1, "Output": ["(EXTRACT(month FROM \"FECHA\"))::bigint"], "Filter": "(((EXTRACT(year FROM \"Motos_1\".\"FECHA\"))::bigint >= 2010) AND ((EXTRACT(year FROM \"Motos_1\".\"FECHA\"))::bigint <= 2015) AND ((\"Motos_1\".\"Categoria\")::text = ANY ('{CAMIONES,\"CAMIONES, BUSES Y PANELES\",MOTOCICLETAS,\"PICK UPS, VANS Y JEEPS\",PICK-UPS,\"SUV Y JEEPS\",\"VEHICULOS NUEVOS\"}'::text[])))", "Rows Removed by Filter": 0}]}]}, "Planning Time": 0.021, "Triggers": [], "Execution Time": 0.007}]