[{"Plan": {"Node Type": "Aggregate", "Strategy": "Sorted", "Partial Mode": "Simple", "Parallel Aware": false, "Async Capable": false, "Startup Cost": 11.63, "Total Cost": 11.65, "Plan Rows": 1, "Plan Width": 24, "Actual Startup Time": 0.002, "Actual Total Time": 0.002, "Actual Rows": 0, "Actual Loops": 1, "Output": ["sum(\"InversionUS\")", "sum(\"InversionUS\")", "((EXTRACT(year FROM \"FECHA\"))::bigint)"], "Group Key": ["((EXTRACT(year FROM \"Motos_2\".\"FECHA\"))::bigint)"], "Plans": [{"Node Type": "Sort", "Parent Relationship": "Outer", "Parallel Aware": false, "Async Capable": false, "Startup Cost": 11.63, "Total Cost": 11.63, "Plan Rows": 1, "Plan Width": 16, "Actual Startup Time": 0.002, "Actual Total Time": 0.002, "Actual Rows": 0, "Actual Loops": 1, "Output": ["((EXTRACT(year FROM \"FECHA\"))::bigint)", "\"InversionUS\""], "Sort Key": ["((EXTRACT(year FROM \"Motos_2\".\"FECHA\"))::bigint)"], "Sort Method": "quicksort", "Sort Space Used": 25, "Sort Space Type": "Memory", "Plans": [{"Node Type": "Seq Scan", "Parent Relationship": "Outer", "Parallel Aware": false, "Async Capable": false, "Relation Name": "Motos_2", "Schema": "pg_temp", "Alias": "Motos_2", "Startup Cost": 0.0, "Total Cost": 11.62, "Plan Rows": 1, "Plan Width": 16, "Actual Startup Time": 0.001, "Actual Total Time": 0.001, "Actual Rows": 0, "Actual Loops": 1, "Output": ["(EXTRACT(year FROM \"FECHA\"))::bigint", "\"InversionUS\""], "Filter": "(((\"Motos_2\".\"Marca\")::text = ANY ('{\"MOTOCICLETAS YAMAHA\",YAMAHA}'::text[])) AND ((\"Motos_2\".\"Categoria\")::text = 'MOTOCICLETAS'::text) AND ((EXTRACT(year FROM \"Motos_2\".\"FECHA\"))::bigint >= 2010) AND ((EXTRACT(year FROM \"Motos_2\".\"FECHA\"))::bigint <= 2015) AND ((EXTRACT(month FROM \"Motos_2\".\"FECHA\"))::bigint >= 1) AND ((EXTRACT(month FROM \"Motos_2\".\"FECHA\"))::bigint <= 9) AND ((\"Motos_2\".\"Categoria\")::text = ANY ('{CAMIONES,\"CAMIONES, BUSES Y PANELES\",MOTOCICLETAS,\"PICK UPS, VANS Y JEEPS\",PICK-UPS,\"SUV Y JEEPS\",\"VEHICULOS NUEVOS\"}'::text[])))", "Rows Removed by Filter": 0}]}]}, "Planning Time": 0.032, "Triggers": [], "Execution Time": 0.01}]