[{"Plan": {"Node Type": "Aggregate", "Strategy": "Sorted", "Partial Mode": "Simple", "Parallel Aware": false, "Async Capable": false, "Startup Cost": 10.84, "Total Cost": 10.87, "Plan Rows": 1, "Plan Width": 116, "Actual Startup Time": 0.002, "Actual Total Time": 0.002, "Actual Rows": 0, "Actual Loops": 1, "Output": ["\"Marca\"", "sum(\"InversionUS\")", "sum(\"InversionUS\")", "((EXTRACT(year FROM \"FECHA\"))::bigint)"], "Group Key": ["\"Motos_1\".\"Marca\"", "((EXTRACT(year FROM \"Motos_1\".\"FECHA\"))::bigint)"], "Plans": [{"Node Type": "Sort", "Parent Relationship": "Outer", "Parallel Aware": false, "Async Capable": false, "Startup Cost": 10.84, "Total Cost": 10.85, "Plan Rows": 1, "Plan Width": 108, "Actual Startup Time": 0.002, "Actual Total Time": 0.002, "Actual Rows": 0, "Actual Loops": 1, "Output": ["\"Marca\"", "((EXTRACT(year FROM \"FECHA\"))::bigint)", "\"InversionUS\""], "Sort Key": ["\"Motos_1\".\"Marca\"", "((EXTRACT(year FROM \"Motos_1\".\"FECHA\"))::bigint)"], "Sort Method": "quicksort", "Sort Space Used": 25, "Sort Space Type": "Memory", "Plans": [{"Node Type": "Seq Scan", "Parent Relationship": "Outer", "Parallel Aware": false, "Async Capable": false, "Relation Name": "Motos_1", "Schema": "pg_temp", "Alias": "Motos_1", "Startup Cost": 0.0, "Total Cost": 10.83, "Plan Rows": 1, "Plan Width": 108, "Actual Startup Time": 0.001, "Actual Total Time": 0.001, "Actual Rows": 0, "Actual Loops": 1, "Output": ["\"Marca\"", "(EXTRACT(year FROM \"FECHA\"))::bigint", "\"InversionUS\""], "Filter": "(((\"Motos_1\".\"Categoria\")::text = 'MOTOCICLETAS'::text) AND ((EXTRACT(year FROM \"Motos_1\".\"FECHA\"))::bigint >= 2010) AND ((EXTRACT(year FROM \"Motos_1\".\"FECHA\"))::bigint <= 2015))", "Rows Removed by Filter": 0}]}]}, "Planning Time": 0.025, "Triggers": [], "Execution Time": 0.01}]