[{"Plan": {"Node Type": "Aggregate", "Strategy": "Sorted", "Partial Mode": "Simple", "Parallel Aware": false, "Async Capable": false, "Startup Cost": 11.33, "Total Cost": 11.38, "Plan Rows": 1, "Plan Width": 670, "Actual Startup Time": 0.003, "Actual Total Time": 0.003, "Actual Rows": 0, "Actual Loops": 1, "Output": ["\"Anunciante (grupo)\"", "\"Marca\"", "\"Medio\"", "\"PrimeraLinea\"", "\"VER ANUNCIO\"", "\"Vehiculo\"", "((EXTRACT(month FROM \"FECHA\"))::bigint)", "sum((\"NumAnuncios\")::bigint)", "((EXTRACT(year FROM \"FECHA\"))::bigint)"], "Group Key": ["\"Motos_2\".\"Anunciante (grupo)\"", "\"Motos_2\".\"Marca\"", "\"Motos_2\".\"Medio\"", "\"Motos_2\".\"PrimeraLinea\"", "\"Motos_2\".\"VER ANUNCIO\"", "\"Motos_2\".\"Vehiculo\"", "((EXTRACT(month FROM \"Motos_2\".\"FECHA\"))::bigint)", "((EXTRACT(year FROM \"Motos_2\".\"FECHA\"))::bigint)"], "Plans": [{"Node Type": "Sort", "Parent Relationship": "Outer", "Parallel Aware": false, "Async Capable": false, "Startup Cost": 11.33, "Total Cost": 11.34, "Plan Rows": 1, "Plan Width": 640, "Actual Startup Time": 0.003, "Actual Total Time": 0.003, "Actual Rows": 0, "Actual Loops": 1, "Output": ["\"Anunciante (grupo)\"", "\"Marca\"", "\"Medio\"", "\"PrimeraLinea\"", "\"VER ANUNCIO\"", "\"Vehiculo\"", "((EXTRACT(month FROM \"FECHA\"))::bigint)", "((EXTRACT(year FROM \"FECHA\"))::bigint)", "\"NumAnuncios\""], "Sort Key": ["\"Motos_2\".\"Anunciante (grupo)\"", "\"Motos_2\".\"Marca\"", "\"Motos_2\".\"Medio\"", "\"Motos_2\".\"PrimeraLinea\"", "\"Motos_2\".\"VER ANUNCIO\"", "\"Motos_2\".\"Vehiculo\"", "((EXTRACT(month FROM \"Motos_2\".\"FECHA\"))::bigint)"], "Sort Method": "quicksort", "Sort Space Used": 25, "Sort Space Type": "Memory", "Plans": [{"Node Type": "Seq Scan", "Parent Relationship": "Outer", "Parallel Aware": false, "Async Capable": false, "Relation Name": "Motos_2", "Schema": "pg_temp", "Alias": "Motos_2", "Startup Cost": 0.0, "Total Cost": 11.32, "Plan Rows": 1, "Plan Width": 640, "Actual Startup Time": 0.001, "Actual Total Time": 0.001, "Actual Rows": 0, "Actual Loops": 1, "Output": ["\"Anunciante (grupo)\"", "\"Marca\"", "\"Medio\"", "\"PrimeraLinea\"", "\"VER ANUNCIO\"", "\"Vehiculo\"", "(EXTRACT(month FROM \"FECHA\"))::bigint", "(EXTRACT(year FROM \"FECHA\"))::bigint", "\"NumAnuncios\""], "Filter": "(((\"Motos_2\".\"Categoria\")::text = 'MOTOCICLETAS'::text) AND ((EXTRACT(year FROM \"Motos_2\".\"FECHA\"))::bigint >= 2010) AND ((EXTRACT(year FROM \"Motos_2\".\"FECHA\"))::bigint <= 2015) AND ((EXTRACT(year FROM \"Motos_2\".\"FECHA\"))::bigint = 2015) AND ((EXTRACT(month FROM \"Motos_2\".\"FECHA\"))::bigint = ANY ('{9,10,11}'::bigint[])))", "Rows Removed by Filter": 0}]}]}, "Planning Time": 0.043, "Triggers": [], "Execution Time": 0.013}]