[{"Plan": {"Node Type": "Aggregate", "Strategy": "Sorted", "Partial Mode": "Simple", "Parallel Aware": false, "Async Capable": false, "Startup Cost": 11.4, "Total Cost": 11.45, "Plan Rows": 1, "Plan Width": 286, "Actual Startup Time": 0.002, "Actual Total Time": 0.003, "Actual Rows": 0, "Actual Loops": 1, "Output": ["\"Anunciante (grupo)\"", "min((\"Vehiculo\")::text)", "min((\"Vehiculo\")::text)", "\"Vehiculo\"", "((EXTRACT(month FROM \"FECHA\"))::bigint)", "sum(((\"Cols\")::bigint * (\"Plgs\")::bigint))", "sum((\"NumAnuncios\")::bigint)"], "Group Key": ["\"Motos_2\".\"Anunciante (grupo)\"", "\"Motos_2\".\"Vehiculo\"", "((EXTRACT(month FROM \"Motos_2\".\"FECHA\"))::bigint)"], "Plans": [{"Node Type": "Sort", "Parent Relationship": "Outer", "Parallel Aware": false, "Async Capable": false, "Startup Cost": 11.4, "Total Cost": 11.41, "Plan Rows": 1, "Plan Width": 164, "Actual Startup Time": 0.002, "Actual Total Time": 0.002, "Actual Rows": 0, "Actual Loops": 1, "Output": ["\"Anunciante (grupo)\"", "\"Vehiculo\"", "((EXTRACT(month FROM \"FECHA\"))::bigint)", "\"Cols\"", "\"Plgs\"", "\"NumAnuncios\""], "Sort Key": ["\"Motos_2\".\"Anunciante (grupo)\"", "\"Motos_2\".\"Vehiculo\"", "((EXTRACT(month FROM \"Motos_2\".\"FECHA\"))::bigint)"], "Sort Method": "quicksort", "Sort Space Used": 25, "Sort Space Type": "Memory", "Plans": [{"Node Type": "Seq Scan", "Parent Relationship": "Outer", "Parallel Aware": false, "Async Capable": false, "Relation Name": "Motos_2", "Schema": "pg_temp", "Alias": "Motos_2", "Startup Cost": 0.0, "Total Cost": 11.39, "Plan Rows": 1, "Plan Width": 164, "Actual Startup Time": 0.001, "Actual Total Time": 0.001, "Actual Rows": 0, "Actual Loops": 1, "Output": ["\"Anunciante (grupo)\"", "\"Vehiculo\"", "(EXTRACT(month FROM \"FECHA\"))::bigint", "\"Cols\"", "\"Plgs\"", "\"NumAnuncios\""], "Filter": "(((\"Motos_2\".\"Categoria\")::text = 'MOTOCICLETAS'::text) AND ((\"Motos_2\".\"Medio\")::text = 'PRENSA'::text) AND ((EXTRACT(year FROM \"Motos_2\".\"FECHA\"))::bigint >= 2010) AND ((EXTRACT(year FROM \"Motos_2\".\"FECHA\"))::bigint <= 2015) AND ((EXTRACT(year FROM \"Motos_2\".\"FECHA\"))::bigint = 2015) AND ((\"Motos_2\".\"Categoria\")::text = ANY ('{CAMIONES,\"CAMIONES, BUSES Y PANELES\",MOTOCICLETAS,\"PICK UPS, VANS Y JEEPS\",PICK-UPS,\"SUV Y JEEPS\",\"VEHICULOS NUEVOS\"}'::text[])))", "Rows Removed by Filter": 0}]}]}, "Planning Time": 0.044, "Triggers": [], "Execution Time": 0.013}]