[{"Plan": {"Node Type": "Group", "Parallel Aware": false, "Async Capable": false, "Startup Cost": 11.02, "Total Cost": 11.03, "Plan Rows": 1, "Plan Width": 92, "Actual Startup Time": 0.002, "Actual Total Time": 0.002, "Actual Rows": 0, "Actual Loops": 1, "Output": ["\"Marca\""], "Group Key": ["\"Motos_2\".\"Marca\""], "Plans": [{"Node Type": "Sort", "Parent Relationship": "Outer", "Parallel Aware": false, "Async Capable": false, "Startup Cost": 11.02, "Total Cost": 11.03, "Plan Rows": 1, "Plan Width": 92, "Actual Startup Time": 0.002, "Actual Total Time": 0.002, "Actual Rows": 0, "Actual Loops": 1, "Output": ["\"Marca\""], "Sort Key": ["\"Motos_2\".\"Marca\""], "Sort Method": "quicksort", "Sort Space Used": 25, "Sort Space Type": "Memory", "Plans": [{"Node Type": "Seq Scan", "Parent Relationship": "Outer", "Parallel Aware": false, "Async Capable": false, "Relation Name": "Motos_2", "Schema": "pg_temp", "Alias": "Motos_2", "Startup Cost": 0.0, "Total Cost": 11.01, "Plan Rows": 1, "Plan Width": 92, "Actual Startup Time": 0.001, "Actual Total Time": 0.001, "Actual Rows": 0, "Actual Loops": 1, "Output": ["\"Marca\""], "Filter": "(((EXTRACT(year FROM \"Motos_2\".\"FECHA\"))::bigint >= 2010) AND ((EXTRACT(year FROM \"Motos_2\".\"FECHA\"))::bigint <= 2015) AND ((\"Motos_2\".\"Categoria\")::text = ANY ('{CAMIONES,\"CAMIONES, BUSES Y PANELES\",MOTOCICLETAS,\"PICK UPS, VANS Y JEEPS\",PICK-UPS,\"SUV Y JEEPS\",\"VEHICULOS NUEVOS\"}'::text[])))", "Rows Removed by Filter": 0}]}]}, "Planning Time": 0.026, "Triggers": [], "Execution Time": 0.007}]