[{"Plan": {"Node Type": "Aggregate", "Strategy": "Sorted", "Partial Mode": "Simple", "Parallel Aware": false, "Async Capable": false, "Startup Cost": 11.1, "Total Cost": 11.12, "Plan Rows": 1, "Plan Width": 156, "Actual Startup Time": 0.002, "Actual Total Time": 0.002, "Actual Rows": 0, "Actual Loops": 1, "Output": ["\"Marca\"", "\"Medio\"", "sum(\"InversionUS\")"], "Group Key": ["\"Motos_2\".\"Marca\"", "\"Motos_2\".\"Medio\""], "Plans": [{"Node Type": "Sort", "Parent Relationship": "Outer", "Parallel Aware": false, "Async Capable": false, "Startup Cost": 11.1, "Total Cost": 11.1, "Plan Rows": 1, "Plan Width": 156, "Actual Startup Time": 0.002, "Actual Total Time": 0.002, "Actual Rows": 0, "Actual Loops": 1, "Output": ["\"Marca\"", "\"Medio\"", "\"InversionUS\""], "Sort Key": ["\"Motos_2\".\"Marca\"", "\"Motos_2\".\"Medio\""], "Sort Method": "quicksort", "Sort Space Used": 25, "Sort Space Type": "Memory", "Plans": [{"Node Type": "Seq Scan", "Parent Relationship": "Outer", "Parallel Aware": false, "Async Capable": false, "Relation Name": "Motos_2", "Schema": "pg_temp", "Alias": "Motos_2", "Startup Cost": 0.0, "Total Cost": 11.09, "Plan Rows": 1, "Plan Width": 156, "Actual Startup Time": 0.001, "Actual Total Time": 0.001, "Actual Rows": 0, "Actual Loops": 1, "Output": ["\"Marca\"", "\"Medio\"", "\"InversionUS\""], "Filter": "(((\"Motos_2\".\"Categoria\")::text = 'MOTOCICLETAS'::text) AND ((EXTRACT(year FROM \"Motos_2\".\"FECHA\"))::bigint >= 2010) AND ((EXTRACT(year FROM \"Motos_2\".\"FECHA\"))::bigint <= 2015) AND ((\"Motos_2\".\"Categoria\")::text = ANY ('{CAMIONES,\"CAMIONES, BUSES Y PANELES\",MOTOCICLETAS,\"PICK UPS, VANS Y JEEPS\",PICK-UPS,\"SUV Y JEEPS\",\"VEHICULOS NUEVOS\"}'::text[])))", "Rows Removed by Filter": 0}]}]}, "Planning Time": 0.031, "Triggers": [], "Execution Time": 0.01}]