[{"Plan": {"Node Type": "Group", "Parallel Aware": false, "Async Capable": false, "Startup Cost": 10.29, "Total Cost": 10.3, "Plan Rows": 1, "Plan Width": 16, "Actual Startup Time": 0.005, "Actual Total Time": 0.005, "Actual Rows": 0, "Actual Loops": 1, "Output": ["\"tTRK3\""], "Group Key": ["\"Wins_2\".\"tTRK3\""], "Plans": [{"Node Type": "Sort", "Parent Relationship": "Outer", "Parallel Aware": false, "Async Capable": false, "Startup Cost": 10.29, "Total Cost": 10.29, "Plan Rows": 1, "Plan Width": 16, "Actual Startup Time": 0.005, "Actual Total Time": 0.005, "Actual Rows": 0, "Actual Loops": 1, "Output": ["\"tTRK3\""], "Sort Key": ["\"Wins_2\".\"tTRK3\""], "Sort Method": "quicksort", "Sort Space Used": 25, "Sort Space Type": "Memory", "Plans": [{"Node Type": "Seq Scan", "Parent Relationship": "Outer", "Parallel Aware": false, "Async Capable": false, "Relation Name": "Wins_2", "Schema": "pg_temp", "Alias": "Wins_2", "Startup Cost": 0.13, "Total Cost": 10.28, "Plan Rows": 1, "Plan Width": 16, "Actual Startup Time": 0.003, "Actual Total Time": 0.003, "Actual Rows": 0, "Actual Loops": 1, "Output": ["\"tTRK3\""], "Filter": "((\"Wins_2\".\"tTRK3\")::text <> ALL ('{MD,RET,PLN,ONE,BCF,WRD,HST,HPO,PRV,ASD,CLS,FAR,TIL,GPR,ELK,ARP,SWF,EMD,CAS,CBY,SDY,ZIA,CWF,RIL,RP,BKF,FON,ALB,FER,SRP,RUI,DEP,ELY,GF,EMT,GIL,MED,ABT,PHA,BOI,OTC,UN,LNN,SUD,LBG,WYO,SON,MIL,FTP,GRP,FMT,CPW}'::text[]))", "Rows Removed by Filter": 0}]}]}, "Planning Time": 1.273, "Triggers": [], "Execution Time": 0.014}]