[{"Plan": {"Node Type": "Group", "Parallel Aware": false, "Async Capable": false, "Startup Cost": 10.29, "Total Cost": 10.31, "Plan Rows": 1, "Plan Width": 32, "Actual Startup Time": 0.003, "Actual Total Time": 0.003, "Actual Rows": 0, "Actual Loops": 1, "Output": ["(CASE WHEN ((\"nFIN\")::bigint = 1) THEN 'Yes'::text ELSE 'No'::text END)"], "Group Key": ["(CASE WHEN ((\"Wins_3\".\"nFIN\")::bigint = 1) THEN 'Yes'::text ELSE 'No'::text END)"], "Plans": [{"Node Type": "Sort", "Parent Relationship": "Outer", "Parallel Aware": false, "Async Capable": false, "Startup Cost": 10.29, "Total Cost": 10.3, "Plan Rows": 1, "Plan Width": 32, "Actual Startup Time": 0.003, "Actual Total Time": 0.003, "Actual Rows": 0, "Actual Loops": 1, "Output": ["(CASE WHEN ((\"nFIN\")::bigint = 1) THEN 'Yes'::text ELSE 'No'::text END)"], "Sort Key": ["(CASE WHEN ((\"Wins_3\".\"nFIN\")::bigint = 1) THEN 'Yes'::text ELSE 'No'::text END)"], "Sort Method": "quicksort", "Sort Space Used": 25, "Sort Space Type": "Memory", "Plans": [{"Node Type": "Seq Scan", "Parent Relationship": "Outer", "Parallel Aware": false, "Async Capable": false, "Relation Name": "Wins_3", "Schema": "pg_temp", "Alias": "Wins_3", "Startup Cost": 0.13, "Total Cost": 10.29, "Plan Rows": 1, "Plan Width": 32, "Actual Startup Time": 0.001, "Actual Total Time": 0.001, "Actual Rows": 0, "Actual Loops": 1, "Output": ["CASE WHEN ((\"nFIN\")::bigint = 1) THEN 'Yes'::text ELSE 'No'::text END"], "Filter": "((\"Wins_3\".\"tTRK3\")::text <> ALL ('{MD,RET,PLN,ONE,BCF,WRD,HST,HPO,PRV,ASD,CLS,FAR,TIL,GPR,ELK,ARP,SWF,EMD,CAS,CBY,SDY,ZIA,CWF,RIL,RP,BKF,FON,ALB,FER,SRP,RUI,DEP,ELY,GF,EMT,GIL,MED,ABT,PHA,BOI,OTC,UN,LNN,SUD,LBG,WYO,SON,MIL,FTP,GRP,FMT,CPW}'::text[]))", "Rows Removed by Filter": 0}]}]}, "Planning Time": 0.078, "Triggers": [], "Execution Time": 0.009}]