[{"Plan": {"Node Type": "Aggregate", "Strategy": "Sorted", "Partial Mode": "Simple", "Parallel Aware": false, "Async Capable": false, "Startup Cost": 10.35, "Total Cost": 10.39, "Plan Rows": 1, "Plan Width": 82, "Actual Startup Time": 0.003, "Actual Total Time": 0.003, "Actual Rows": 0, "Actual Loops": 1, "Output": ["(CASE WHEN ((\"nFIN\")::bigint = 1) THEN 'Yes'::text ELSE 'No'::text END)", "count((CASE WHEN ((\"nFIN\")::bigint = 1) THEN 'Yes'::text ELSE 'No'::text END))", "(\"nKAT1\")::bigint", "sum((\"Number of Records\")::bigint)", "\"nKAT1\""], "Group Key": ["(CASE WHEN ((\"Wins_4\".\"nFIN\")::bigint = 1) THEN 'Yes'::text ELSE 'No'::text END)", "\"Wins_4\".\"nKAT1\""], "Plans": [{"Node Type": "Sort", "Parent Relationship": "Outer", "Parallel Aware": false, "Async Capable": false, "Startup Cost": 10.35, "Total Cost": 10.35, "Plan Rows": 1, "Plan Width": 38, "Actual Startup Time": 0.002, "Actual Total Time": 0.003, "Actual Rows": 0, "Actual Loops": 1, "Output": ["(CASE WHEN ((\"nFIN\")::bigint = 1) THEN 'Yes'::text ELSE 'No'::text END)", "\"nKAT1\"", "\"nFIN\"", "\"Number of Records\""], "Sort Key": ["(CASE WHEN ((\"Wins_4\".\"nFIN\")::bigint = 1) THEN 'Yes'::text ELSE 'No'::text END)", "\"Wins_4\".\"nKAT1\""], "Sort Method": "quicksort", "Sort Space Used": 25, "Sort Space Type": "Memory", "Plans": [{"Node Type": "Seq Scan", "Parent Relationship": "Outer", "Parallel Aware": false, "Async Capable": false, "Relation Name": "Wins_4", "Schema": "pg_temp", "Alias": "Wins_4", "Startup Cost": 0.13, "Total Cost": 10.34, "Plan Rows": 1, "Plan Width": 38, "Actual Startup Time": 0.001, "Actual Total Time": 0.001, "Actual Rows": 0, "Actual Loops": 1, "Output": ["CASE WHEN ((\"nFIN\")::bigint = 1) THEN 'Yes'::text ELSE 'No'::text END", "\"nKAT1\"", "\"nFIN\"", "\"Number of Records\""], "Filter": "(((\"Wins_4\".\"tTRK3\")::text >= 'AP'::text) AND ((\"Wins_4\".\"tTRK3\")::text <= 'WO'::text) AND ((\"Wins_4\".\"tTRK3\")::text <> ALL ('{MD,RET,PLN,ONE,BCF,WRD,HST,HPO,PRV,ASD,CLS,FAR,TIL,GPR,ELK,ARP,SWF,EMD,CAS,CBY,SDY,ZIA,CWF,RIL,RP,BKF,FON,ALB,FER,SRP,RUI,DEP,ELY,GF,EMT,GIL,MED,ABT,PHA,BOI,OTC,UN,LNN,SUD,LBG,WYO,SON,MIL,FTP,GRP,FMT,CPW}'::text[])))", "Rows Removed by Filter": 0}]}]}, "Planning Time": 0.086, "Triggers": [], "Execution Time": 0.015}]