[{"Plan": {"Node Type": "Aggregate", "Strategy": "Sorted", "Partial Mode": "Simple", "Parallel Aware": false, "Async Capable": false, "Startup Cost": 11.41, "Total Cost": 11.44, "Plan Rows": 1, "Plan Width": 32, "Actual Startup Time": 0.003, "Actual Total Time": 0.003, "Actual Rows": 0, "Actual Loops": 1, "Output": ["avg((\"nFNT0\")::double precision)", "sum(1)", "\"tPP1TRK\""], "Group Key": ["\"Wins_2\".\"tPP1TRK\""], "Plans": [{"Node Type": "Sort", "Parent Relationship": "Outer", "Parallel Aware": false, "Async Capable": false, "Startup Cost": 11.41, "Total Cost": 11.42, "Plan Rows": 1, "Plan Width": 30, "Actual Startup Time": 0.002, "Actual Total Time": 0.002, "Actual Rows": 0, "Actual Loops": 1, "Output": ["\"tPP1TRK\"", "\"nFNT0\""], "Sort Key": ["\"Wins_2\".\"tPP1TRK\""], "Sort Method": "quicksort", "Sort Space Used": 25, "Sort Space Type": "Memory", "Plans": [{"Node Type": "Seq Scan", "Parent Relationship": "Outer", "Parallel Aware": false, "Async Capable": false, "Relation Name": "Wins_2", "Schema": "pg_temp", "Alias": "Wins_2", "Startup Cost": 0.1, "Total Cost": 11.4, "Plan Rows": 1, "Plan Width": 30, "Actual Startup Time": 0.001, "Actual Total Time": 0.001, "Actual Rows": 0, "Actual Loops": 1, "Output": ["\"tPP1TRK\"", "\"nFNT0\""], "Filter": "(((\"Wins_2\".\"tPP1TRK\")::text = ANY ('{AQU,BEL,BTP,CD,CRC,DEL,DMR,ELP,EMD,EVD,FE,FG,FL,FP,GP,HAW,HP,IND,KEE,LAD,LRC,LRL,LS,MNR,MTH,MVR,NP,OP,PEN,PHA,PIM,PM,PRM,SA,SAR,SUF,SUN,TAM,TDN,TUP,ZIA}'::text[])) AND ((\"Wins_2\".\"nFNT0\")::double precision >= '7'::double precision) AND ((\"Wins_2\".\"nFNT0\")::double precision <= '153'::double precision) AND ((\"Wins_2\".\"nSURF2\")::bigint >= 1) AND ((\"Wins_2\".\"nSURF2\")::bigint <= 4) AND ((\"Wins_2\".\"nPP1CLA\")::bigint = 2) AND ((\"Wins_2\".\"nPP1DIS\")::double precision = '6'::double precision) AND ((\"Wins_2\".\"nPP1SUR\")::bigint = 1) AND ((\"Wins_2\".\"nPP1SOR\")::bigint = ANY ('{90,91,92,93,94,95,96,97,98,99}'::bigint[])) AND ((\"Wins_2\".\"tTRK3\")::text <> ALL ('{MD,RET,PLN,ONE,BCF,WRD,HST,HPO,PRV,ASD,CLS,FAR,TIL,GPR,ELK,ARP,SWF,EMD,CAS,CBY,SDY,ZIA,CWF,RIL,RP,BKF,FON,ALB,FER,SRP,RUI,DEP,ELY,GF,EMT,GIL,MED,ABT,PHA,BOI,OTC,UN,LNN,SUD,LBG,WYO,SON,MIL,FTP,GRP,FMT,CPW}'::text[])))", "Rows Removed by Filter": 0}]}]}, "Planning Time": 0.104, "Triggers": [], "Execution Time": 0.015}]