[{"Plan": {"Node Type": "Aggregate", "Strategy": "Hashed", "Partial Mode": "Simple", "Parallel Aware": false, "Async Capable": false, "Startup Cost": 10.68, "Total Cost": 11.2, "Plan Rows": 30, "Plan Width": 102, "Actual Startup Time": 0.003, "Actual Total Time": 0.003, "Actual Rows": 0, "Actual Loops": 1, "Output": ["\"PACKAGE_NAME\"", "sum(\"REVENUE_SMS_P1\")", "((EXTRACT(year FROM \"RCHRG_AMT_EXP_DATE\"))::bigint)"], "Group Key": ["\"Telco_1\".\"PACKAGE_NAME\"", "(EXTRACT(year FROM \"Telco_1\".\"RCHRG_AMT_EXP_DATE\"))::bigint"], "Planned Partitions": 0, "HashAgg Batches": 1, "Peak Memory Usage": 24, "Disk Usage": 0, "Plans": [{"Node Type": "Seq Scan", "Parent Relationship": "Outer", "Parallel Aware": false, "Async Capable": false, "Relation Name": "Telco_1", "Schema": "pg_temp", "Alias": "Telco_1", "Startup Cost": 0.0, "Total Cost": 10.45, "Plan Rows": 30, "Plan Width": 84, "Actual Startup Time": 0.002, "Actual Total Time": 0.002, "Actual Rows": 0, "Actual Loops": 1, "Output": ["\"PACKAGE_NAME\"", "(EXTRACT(year FROM \"RCHRG_AMT_EXP_DATE\"))::bigint", "\"REVENUE_SMS_P1\""]}]}, "Planning Time": 0.275, "Triggers": [], "Execution Time": 0.013}]