[{"Plan": {"Node Type": "Limit", "Parallel Aware": false, "Async Capable": false, "Startup Cost": 10.38, "Total Cost": 10.68, "Plan Rows": 30, "Plan Width": 66, "Actual Startup Time": 0.004, "Actual Total Time": 0.005, "Actual Rows": 0, "Actual Loops": 1, "Output": ["\"Keyword\""], "Plans": [{"Node Type": "Aggregate", "Strategy": "Hashed", "Partial Mode": "Simple", "Parent Relationship": "Outer", "Parallel Aware": false, "Async Capable": false, "Startup Cost": 10.38, "Total Cost": 10.68, "Plan Rows": 30, "Plan Width": 66, "Actual Startup Time": 0.003, "Actual Total Time": 0.003, "Actual Rows": 0, "Actual Loops": 1, "Output": ["\"Keyword\""], "Group Key": ["\"Hatred_1\".\"Keyword\""], "Planned Partitions": 0, "HashAgg Batches": 1, "Peak Memory Usage": 24, "Disk Usage": 0, "Plans": [{"Node Type": "Seq Scan", "Parent Relationship": "Outer", "Parallel Aware": false, "Async Capable": false, "Relation Name": "Hatred_1", "Schema": "pg_temp", "Alias": "Hatred_1", "Startup Cost": 0.0, "Total Cost": 10.3, "Plan Rows": 30, "Plan Width": 66, "Actual Startup Time": 0.002, "Actual Total Time": 0.002, "Actual Rows": 0, "Actual Loops": 1, "Output": ["\"City\"", "\"Client\"", "\"Created Date\"", "\"F26\"", "\"F27\"", "\"F28\"", "\"FF Ratio\"", "\"Favorites\"", "\"Followers\"", "\"Following\"", "\"Gender\"", "\"Influencer?\"", "\"Joined\"", "\"Keyword\"", "\"LPF\"", "\"Language\"", "\"Lat\"", "\"Listed\"", "\"Location Type\"", "\"Long\"", "\"Name\"", "\"Number of Records\"", "\"Region\"", "\"Self Report Location\"", "\"State \"", "\"StatePopName\"", "\"StatePopNum\"", "\"Tweet Text\"", "\"Tweets\"", "\"Username\"", "\"profile desc\""]}]}]}, "Planning Time": 0.036, "Triggers": [], "Execution Time": 0.024}]