[{"Plan": {"Node Type": "Aggregate", "Strategy": "Hashed", "Partial Mode": "Simple", "Parallel Aware": false, "Async Capable": false, "Startup Cost": 10.71, "Total Cost": 10.82, "Plan Rows": 1, "Plan Width": 36, "Actual Startup Time": 0.001, "Actual Total Time": 0.001, "Actual Rows": 0, "Actual Loops": 1, "Output": ["\"State \"", "sum(1)", "(max(\"StatePopNum\"))::bigint", "(min(\"StatePopNum\"))::bigint"], "Group Key": ["\"Hatred_1\".\"State \""], "Filter": "((sum(1) >= 30) AND (sum(1) <= 100000))", "Planned Partitions": 0, "HashAgg Batches": 1, "Peak Memory Usage": 24, "Disk Usage": 0, "Rows Removed by Filter": 0, "Plans": [{"Node Type": "Seq Scan", "Parent Relationship": "Outer", "Parallel Aware": false, "Async Capable": false, "Relation Name": "Hatred_1", "Schema": "pg_temp", "Alias": "Hatred_1", "Startup Cost": 0.0, "Total Cost": 10.64, "Plan Rows": 7, "Plan Width": 16, "Actual Startup Time": 0.001, "Actual Total Time": 0.001, "Actual Rows": 0, "Actual Loops": 1, "Output": ["\"City\"", "\"Client\"", "\"Created Date\"", "\"F26\"", "\"F27\"", "\"F28\"", "\"FF Ratio\"", "\"Favorites\"", "\"Followers\"", "\"Following\"", "\"Gender\"", "\"Influencer?\"", "\"Joined\"", "\"Keyword\"", "\"LPF\"", "\"Language\"", "\"Lat\"", "\"Listed\"", "\"Location Type\"", "\"Long\"", "\"Name\"", "\"Number of Records\"", "\"Region\"", "\"Self Report Location\"", "\"State \"", "\"StatePopName\"", "\"StatePopNum\"", "\"Tweet Text\"", "\"Tweets\"", "\"Username\"", "\"profile desc\""], "Filter": "(((\"Hatred_1\".\"State \")::text <> 'DC'::text) AND ((\"Hatred_1\".\"Keyword\")::text = ANY ('{\"trans man\",\"trans men\",\"trans people\",\"trans person\",\"trans woman\",\"trans women\",transgender}'::text[])))", "Rows Removed by Filter": 0}]}, "Planning Time": 0.029, "Triggers": [], "Execution Time": 0.012}]