[{"Plan": {"Node Type": "Group", "Parallel Aware": false, "Async Capable": false, "Startup Cost": 11.04, "Total Cost": 11.19, "Plan Rows": 30, "Plan Width": 66, "Actual Startup Time": 0.004, "Actual Total Time": 0.005, "Actual Rows": 0, "Actual Loops": 1, "Output": ["\"Keyword\""], "Group Key": ["\"Hatred_1\".\"Keyword\""], "Plans": [{"Node Type": "Sort", "Parent Relationship": "Outer", "Parallel Aware": false, "Async Capable": false, "Startup Cost": 11.04, "Total Cost": 11.11, "Plan Rows": 30, "Plan Width": 66, "Actual Startup Time": 0.004, "Actual Total Time": 0.004, "Actual Rows": 0, "Actual Loops": 1, "Output": ["\"Keyword\""], "Sort Key": ["\"Hatred_1\".\"Keyword\""], "Sort Method": "quicksort", "Sort Space Used": 25, "Sort Space Type": "Memory", "Plans": [{"Node Type": "Seq Scan", "Parent Relationship": "Outer", "Parallel Aware": false, "Async Capable": false, "Relation Name": "Hatred_1", "Schema": "pg_temp", "Alias": "Hatred_1", "Startup Cost": 0.0, "Total Cost": 10.3, "Plan Rows": 30, "Plan Width": 66, "Actual Startup Time": 0.002, "Actual Total Time": 0.002, "Actual Rows": 0, "Actual Loops": 1, "Output": ["\"Keyword\""]}]}]}, "Planning Time": 0.027, "Triggers": [], "Execution Time": 0.014}]