[{"Plan": {"Node Type": "Aggregate", "Strategy": "Sorted", "Partial Mode": "Simple", "Parallel Aware": false, "Async Capable": false, "Startup Cost": 10.68, "Total Cost": 10.85, "Plan Rows": 1, "Plan Width": 36, "Actual Startup Time": 0.002, "Actual Total Time": 0.002, "Actual Rows": 0, "Actual Loops": 1, "Output": ["\"State \"", "sum(1)", "(max(\"StatePopNum\"))::bigint", "(min(\"StatePopNum\"))::bigint"], "Group Key": ["\"Hatred_1\".\"State \""], "Filter": "((sum(1) >= 30) AND (sum(1) <= 100000))", "Rows Removed by Filter": 0, "Plans": [{"Node Type": "Sort", "Parent Relationship": "Outer", "Parallel Aware": false, "Async Capable": false, "Startup Cost": 10.68, "Total Cost": 10.69, "Plan Rows": 6, "Plan Width": 16, "Actual Startup Time": 0.002, "Actual Total Time": 0.002, "Actual Rows": 0, "Actual Loops": 1, "Output": ["\"State \"", "\"StatePopNum\""], "Sort Key": ["\"Hatred_1\".\"State \""], "Sort Method": "quicksort", "Sort Space Used": 25, "Sort Space Type": "Memory", "Plans": [{"Node Type": "Seq Scan", "Parent Relationship": "Outer", "Parallel Aware": false, "Async Capable": false, "Relation Name": "Hatred_1", "Schema": "pg_temp", "Alias": "Hatred_1", "Startup Cost": 0.0, "Total Cost": 10.6, "Plan Rows": 6, "Plan Width": 16, "Actual Startup Time": 0.001, "Actual Total Time": 0.001, "Actual Rows": 0, "Actual Loops": 1, "Output": ["\"State \"", "\"StatePopNum\""], "Filter": "(((\"Hatred_1\".\"State \")::text <> ALL ('{DC,NV}'::text[])) AND ((\"Hatred_1\".\"Keyword\")::text = ANY ('{\"chicks with dicks\",\"man in a dress\",\"men in dresses\",shemale,trannies,tranny}'::text[])))", "Rows Removed by Filter": 0}]}]}, "Planning Time": 0.028, "Triggers": [], "Execution Time": 0.01}]