[{"Plan": {"Node Type": "Group", "Parallel Aware": false, "Async Capable": false, "Startup Cost": 10.84, "Total Cost": 10.85, "Plan Rows": 1, "Plan Width": 78, "Actual Startup Time": 0.006, "Actual Total Time": 0.006, "Actual Rows": 0, "Actual Loops": 1, "Output": ["\"Keyword\"", "\"State \""], "Group Key": ["\"Hatred_1\".\"Keyword\"", "\"Hatred_1\".\"State \""], "Plans": [{"Node Type": "Sort", "Parent Relationship": "Outer", "Parallel Aware": false, "Async Capable": false, "Startup Cost": 10.84, "Total Cost": 10.85, "Plan Rows": 1, "Plan Width": 78, "Actual Startup Time": 0.005, "Actual Total Time": 0.006, "Actual Rows": 0, "Actual Loops": 1, "Output": ["\"Keyword\"", "\"State \""], "Sort Key": ["\"Hatred_1\".\"Keyword\"", "\"Hatred_1\".\"State \""], "Sort Method": "quicksort", "Sort Space Used": 25, "Sort Space Type": "Memory", "Plans": [{"Node Type": "Seq Scan", "Parent Relationship": "Outer", "Parallel Aware": false, "Async Capable": false, "Relation Name": "Hatred_1", "Schema": "pg_temp", "Alias": "Hatred_1", "Startup Cost": 0.08, "Total Cost": 10.83, "Plan Rows": 1, "Plan Width": 78, "Actual Startup Time": 0.002, "Actual Total Time": 0.002, "Actual Rows": 0, "Actual Loops": 1, "Output": ["\"Keyword\"", "\"State \""], "Filter": "(((\"Hatred_1\".\"Keyword\")::text = ANY ('{beaner,bimbo,\"camel jockey\",\"chicks with dicks\",coon,dyke,hag,hick,hillbillies,hillbilly,honky,lesbo,\"man in a dress\",\"men in dresses\",nigger,paki,\"porch monkey\",\"rag head\",raghead,redneck,retard,\"sand nigger\",sandnigger,shemale,spic,\"towel head\",towelhead,\"trailer trash\",trannies,tranny,twat,wetback}'::text[])) AND ((((\"Hatred_1\".\"State \")::text >= 'AK'::text) AND ((\"Hatred_1\".\"State \")::text <= 'CT'::text)) OR (((\"Hatred_1\".\"State \")::text >= 'DE'::text) AND ((\"Hatred_1\".\"State \")::text <= 'WY'::text))))", "Rows Removed by Filter": 0}]}]}, "Planning Time": 0.086, "Triggers": [], "Execution Time": 0.021}]