[{"Plan": {"Node Type": "Aggregate", "Strategy": "Hashed", "Partial Mode": "Simple", "Parallel Aware": false, "Async Capable": false, "Startup Cost": 11.89, "Total Cost": 12.14, "Plan Rows": 2, "Plan Width": 102, "Actual Startup Time": 0.003, "Actual Total Time": 0.003, "Actual Rows": 0, "Actual Loops": 1, "Output": ["\"Keyword\"", "\"State \"", "sum(1)", "(max(\"StatePopNum\"))::bigint", "(min(\"StatePopNum\"))::bigint"], "Group Key": ["\"Hatred_1\".\"Keyword\"", "\"Hatred_1\".\"State \""], "Filter": "((sum(1) >= 30) AND (sum(1) <= 100000))", "Planned Partitions": 0, "HashAgg Batches": 1, "Peak Memory Usage": 24, "Disk Usage": 0, "Rows Removed by Filter": 0, "Plans": [{"Node Type": "Seq Scan", "Parent Relationship": "Outer", "Parallel Aware": false, "Async Capable": false, "Relation Name": "Hatred_1", "Schema": "pg_temp", "Alias": "Hatred_1", "Startup Cost": 0.04, "Total Cost": 11.69, "Plan Rows": 16, "Plan Width": 82, "Actual Startup Time": 0.002, "Actual Total Time": 0.002, "Actual Rows": 0, "Actual Loops": 1, "Output": ["\"City\"", "\"Client\"", "\"Created Date\"", "\"F26\"", "\"F27\"", "\"F28\"", "\"FF Ratio\"", "\"Favorites\"", "\"Followers\"", "\"Following\"", "\"Gender\"", "\"Influencer?\"", "\"Joined\"", "\"Keyword\"", "\"LPF\"", "\"Language\"", "\"Lat\"", "\"Listed\"", "\"Location Type\"", "\"Long\"", "\"Name\"", "\"Number of Records\"", "\"Region\"", "\"Self Report Location\"", "\"State \"", "\"StatePopName\"", "\"StatePopNum\"", "\"Tweet Text\"", "\"Tweets\"", "\"Username\"", "\"profile desc\""], "Filter": "(((\"Hatred_1\".\"Keyword\")::text = ANY ('{\"camel jockey\",dyke,japs,\"jungle bunnies\",kike,lesbo,\"man in a dress\",\"men in dresses\",midget,mongoloid,\"porch monkey\",twat,wetback,whitey,yid}'::text[])) OR (((\"Hatred_1\".\"Keyword\")::text >= 'beaner'::text) AND ((\"Hatred_1\".\"Keyword\")::text <= 'bimbo'::text)) OR (((\"Hatred_1\".\"Keyword\")::text >= 'chauvinist pig'::text) AND ((\"Hatred_1\".\"Keyword\")::text <= 'cripple'::text)) OR (((\"Hatred_1\".\"Keyword\")::text >= 'dindu'::text) AND ((\"Hatred_1\".\"Keyword\")::text <= 'dothead'::text)) OR (((\"Hatred_1\".\"Keyword\")::text >= 'fatass'::text) AND ((\"Hatred_1\".\"Keyword\")::text <= 'injun'::text)) OR (((\"Hatred_1\".\"Keyword\")::text >= 'nigger'::text) AND ((\"Hatred_1\".\"Keyword\")::text <= 'papist'::text)) OR (((\"Hatred_1\".\"Keyword\")::text >= 'rag head'::text) AND ((\"Hatred_1\".\"Keyword\")::text <= 'sandnigger'::text)) OR (((\"Hatred_1\".\"Keyword\")::text >= 'shemale'::text) AND ((\"Hatred_1\".\"Keyword\")::text <= 'spic'::text)) OR (((\"Hatred_1\".\"Keyword\")::text >= 'towel head'::text) AND ((\"Hatred_1\".\"Keyword\")::text <= 'tranny'::text)))", "Rows Removed by Filter": 0}]}, "Planning Time": 0.132, "Triggers": [], "Execution Time": 0.037}]