[{"Plan": {"Node Type": "Aggregate", "Strategy": "Sorted", "Partial Mode": "Simple", "Parallel Aware": false, "Async Capable": false, "Startup Cost": 12.22, "Total Cost": 12.41, "Plan Rows": 1, "Plan Width": 110, "Actual Startup Time": 0.002, "Actual Total Time": 0.003, "Actual Rows": 0, "Actual Loops": 1, "Output": ["\"Keyword\"", "\"State \"", "sum((\"Number of Records\")::bigint)"], "Group Key": ["\"Hatred_1\".\"Keyword\"", "\"Hatred_1\".\"State \""], "Filter": "((sum(1) >= 30) AND (sum(1) <= 100000))", "Rows Removed by Filter": 0, "Plans": [{"Node Type": "Sort", "Parent Relationship": "Outer", "Parallel Aware": false, "Async Capable": false, "Startup Cost": 12.22, "Total Cost": 12.23, "Plan Rows": 6, "Plan Width": 80, "Actual Startup Time": 0.002, "Actual Total Time": 0.002, "Actual Rows": 0, "Actual Loops": 1, "Output": ["\"Keyword\"", "\"State \"", "\"Number of Records\""], "Sort Key": ["\"Hatred_1\".\"Keyword\"", "\"Hatred_1\".\"State \""], "Sort Method": "quicksort", "Sort Space Used": 25, "Sort Space Type": "Memory", "Plans": [{"Node Type": "Seq Scan", "Parent Relationship": "Outer", "Parallel Aware": false, "Async Capable": false, "Relation Name": "Hatred_1", "Schema": "pg_temp", "Alias": "Hatred_1", "Startup Cost": 0.0, "Total Cost": 12.14, "Plan Rows": 6, "Plan Width": 80, "Actual Startup Time": 0.001, "Actual Total Time": 0.001, "Actual Rows": 0, "Actual Loops": 1, "Output": ["\"Keyword\"", "\"State \"", "\"Number of Records\""], "Filter": "(((\"Hatred_1\".\"Keyword\")::text = ANY ('{\"camel jockey\",lesbo,\"man in a dress\",\"men in dresses\",\"porch monkey\"}'::text[])) OR (((\"Hatred_1\".\"Keyword\")::text >= 'beaner'::text) AND ((\"Hatred_1\".\"Keyword\")::text <= 'bimbo'::text)) OR (((\"Hatred_1\".\"Keyword\")::text >= 'chauvinist pig'::text) AND ((\"Hatred_1\".\"Keyword\")::text <= 'cripple'::text)) OR (((\"Hatred_1\".\"Keyword\")::text >= 'dindu'::text) AND ((\"Hatred_1\".\"Keyword\")::text <= 'dyke'::text)) OR (((\"Hatred_1\".\"Keyword\")::text >= 'fatass'::text) AND ((\"Hatred_1\".\"Keyword\")::text <= 'injun'::text)) OR (((\"Hatred_1\".\"Keyword\")::text >= 'japs'::text) AND ((\"Hatred_1\".\"Keyword\")::text <= 'kike'::text)) OR (((\"Hatred_1\".\"Keyword\")::text >= 'midget'::text) AND ((\"Hatred_1\".\"Keyword\")::text <= 'moroccan'::text)) OR (((\"Hatred_1\".\"Keyword\")::text >= 'nigger'::text) AND ((\"Hatred_1\".\"Keyword\")::text <= 'papist'::text)) OR (((\"Hatred_1\".\"Keyword\")::text >= 'rag head'::text) AND ((\"Hatred_1\".\"Keyword\")::text <= 'sandnigger'::text)) OR (((\"Hatred_1\".\"Keyword\")::text >= 'shemale'::text) AND ((\"Hatred_1\".\"Keyword\")::text <= 'trans men'::text)) OR (((\"Hatred_1\".\"Keyword\")::text >= 'transsexual'::text) AND ((\"Hatred_1\".\"Keyword\")::text <= 'wetback'::text)) OR (((\"Hatred_1\".\"Keyword\")::text >= 'whitey'::text) AND ((\"Hatred_1\".\"Keyword\")::text <= 'yid'::text)))", "Rows Removed by Filter": 0}]}]}, "Planning Time": 0.049, "Triggers": [], "Execution Time": 0.014}]