[{"Plan": {"Node Type": "Group", "Parallel Aware": false, "Async Capable": false, "Startup Cost": 10.16, "Total Cost": 10.17, "Plan Rows": 1, "Plan Width": 144, "Actual Startup Time": 0.003, "Actual Total Time": 0.003, "Actual Rows": 0, "Actual Loops": 1, "Output": ["\"Borough\"", "\"Complaint Type\""], "Group Key": ["\"NYC_2\".\"Borough\"", "\"NYC_2\".\"Complaint Type\""], "Plans": [{"Node Type": "Sort", "Parent Relationship": "Outer", "Parallel Aware": false, "Async Capable": false, "Startup Cost": 10.16, "Total Cost": 10.17, "Plan Rows": 1, "Plan Width": 144, "Actual Startup Time": 0.003, "Actual Total Time": 0.003, "Actual Rows": 0, "Actual Loops": 1, "Output": ["\"Borough\"", "\"Complaint Type\""], "Sort Key": ["\"NYC_2\".\"Borough\"", "\"NYC_2\".\"Complaint Type\""], "Sort Method": "quicksort", "Sort Space Used": 25, "Sort Space Type": "Memory", "Plans": [{"Node Type": "Seq Scan", "Parent Relationship": "Outer", "Parallel Aware": false, "Async Capable": false, "Relation Name": "NYC_2", "Schema": "pg_temp", "Alias": "NYC_2", "Startup Cost": 0.0, "Total Cost": 10.15, "Plan Rows": 1, "Plan Width": 144, "Actual Startup Time": 0.001, "Actual Total Time": 0.002, "Actual Rows": 0, "Actual Loops": 1, "Output": ["\"Borough\"", "\"Complaint Type\""], "Filter": "(((\"NYC_2\".\"Borough\")::text >= 'BRONX'::text) AND ((\"NYC_2\".\"Borough\")::text <= 'STATEN ISLAND'::text))", "Rows Removed by Filter": 0}]}]}, "Planning Time": 0.096, "Triggers": [], "Execution Time": 0.009}]