[{"Plan": {"Node Type": "Aggregate", "Strategy": "Sorted", "Partial Mode": "Simple", "Parallel Aware": false, "Async Capable": false, "Startup Cost": 10.2, "Total Cost": 10.24, "Plan Rows": 1, "Plan Width": 184, "Actual Startup Time": 0.003, "Actual Total Time": 0.003, "Actual Rows": 0, "Actual Loops": 1, "Output": ["\"Borough\"", "\"Complaint Type\"", "((EXTRACT(quarter FROM \"Created Date\"))::bigint)", "sum((\"Number of Records\")::bigint)"], "Group Key": ["\"NYC_2\".\"Borough\"", "\"NYC_2\".\"Complaint Type\"", "((EXTRACT(quarter FROM \"NYC_2\".\"Created Date\"))::bigint)"], "Plans": [{"Node Type": "Sort", "Parent Relationship": "Outer", "Parallel Aware": false, "Async Capable": false, "Startup Cost": 10.2, "Total Cost": 10.21, "Plan Rows": 1, "Plan Width": 154, "Actual Startup Time": 0.002, "Actual Total Time": 0.003, "Actual Rows": 0, "Actual Loops": 1, "Output": ["\"Borough\"", "\"Complaint Type\"", "((EXTRACT(quarter FROM \"Created Date\"))::bigint)", "\"Number of Records\""], "Sort Key": ["\"NYC_2\".\"Borough\"", "\"NYC_2\".\"Complaint Type\"", "((EXTRACT(quarter FROM \"NYC_2\".\"Created Date\"))::bigint)"], "Sort Method": "quicksort", "Sort Space Used": 25, "Sort Space Type": "Memory", "Plans": [{"Node Type": "Seq Scan", "Parent Relationship": "Outer", "Parallel Aware": false, "Async Capable": false, "Relation Name": "NYC_2", "Schema": "pg_temp", "Alias": "NYC_2", "Startup Cost": 0.0, "Total Cost": 10.19, "Plan Rows": 1, "Plan Width": 154, "Actual Startup Time": 0.001, "Actual Total Time": 0.001, "Actual Rows": 0, "Actual Loops": 1, "Output": ["\"Borough\"", "\"Complaint Type\"", "(EXTRACT(quarter FROM \"Created Date\"))::bigint", "\"Number of Records\""], "Filter": "(((\"NYC_2\".\"Borough\")::text >= 'BRONX'::text) AND ((\"NYC_2\".\"Borough\")::text <= 'STATEN ISLAND'::text) AND ((\"NYC_2\".\"Complaint Type\")::text = ANY ('{\"Blocked Driveway\",\"Street Condition\",\"Street Light Condition\"}'::text[])))", "Rows Removed by Filter": 0}]}]}, "Planning Time": 0.036, "Triggers": [], "Execution Time": 0.012}]