[{"Plan": {"Node Type": "Group", "Parallel Aware": false, "Async Capable": false, "Startup Cost": 10.27, "Total Cost": 10.32, "Plan Rows": 10, "Plan Width": 100, "Actual Startup Time": 0.001, "Actual Total Time": 0.002, "Actual Rows": 0, "Actual Loops": 1, "Output": ["\"Complaint Type\""], "Group Key": ["\"NYC_2\".\"Complaint Type\""], "Plans": [{"Node Type": "Sort", "Parent Relationship": "Outer", "Parallel Aware": false, "Async Capable": false, "Startup Cost": 10.27, "Total Cost": 10.29, "Plan Rows": 10, "Plan Width": 100, "Actual Startup Time": 0.001, "Actual Total Time": 0.001, "Actual Rows": 0, "Actual Loops": 1, "Output": ["\"Complaint Type\""], "Sort Key": ["\"NYC_2\".\"Complaint Type\""], "Sort Method": "quicksort", "Sort Space Used": 25, "Sort Space Type": "Memory", "Plans": [{"Node Type": "Seq Scan", "Parent Relationship": "Outer", "Parallel Aware": false, "Async Capable": false, "Relation Name": "NYC_2", "Schema": "pg_temp", "Alias": "NYC_2", "Startup Cost": 0.0, "Total Cost": 10.1, "Plan Rows": 10, "Plan Width": 100, "Actual Startup Time": 0.001, "Actual Total Time": 0.001, "Actual Rows": 0, "Actual Loops": 1, "Output": ["\"Complaint Type\""]}]}]}, "Planning Time": 0.01, "Triggers": [], "Execution Time": 0.005}]