[{"Plan": {"Node Type": "Group", "Parallel Aware": false, "Async Capable": false, "Startup Cost": 14.32, "Total Cost": 14.82, "Plan Rows": 100, "Plan Width": 34, "Actual Startup Time": 0.009, "Actual Total Time": 0.01, "Actual Rows": 0, "Actual Loops": 1, "Output": ["polarity"], "Group Key": ["\"Euro2016_1\".polarity"], "Plans": [{"Node Type": "Sort", "Parent Relationship": "Outer", "Parallel Aware": false, "Async Capable": false, "Startup Cost": 14.32, "Total Cost": 14.57, "Plan Rows": 100, "Plan Width": 34, "Actual Startup Time": 0.008, "Actual Total Time": 0.009, "Actual Rows": 0, "Actual Loops": 1, "Output": ["polarity"], "Sort Key": ["\"Euro2016_1\".polarity"], "Sort Method": "quicksort", "Sort Space Used": 25, "Sort Space Type": "Memory", "Plans": [{"Node Type": "Seq Scan", "Parent Relationship": "Outer", "Parallel Aware": false, "Async Capable": false, "Relation Name": "Euro2016_1", "Schema": "pg_temp", "Alias": "Euro2016_1", "Startup Cost": 0.0, "Total Cost": 11.0, "Plan Rows": 100, "Plan Width": 34, "Actual Startup Time": 0.005, "Actual Total Time": 0.005, "Actual Rows": 0, "Actual Loops": 1, "Output": ["polarity"]}]}]}, "Planning Time": 0.12, "Triggers": [], "Execution Time": 0.025}]