[{"Plan": {"Node Type": "Aggregate", "Strategy": "Sorted", "Partial Mode": "Simple", "Parallel Aware": false, "Async Capable": false, "Startup Cost": 10.38, "Total Cost": 10.41, "Plan Rows": 1, "Plan Width": 272, "Actual Startup Time": 0.002, "Actual Total Time": 0.002, "Actual Rows": 0, "Actual Loops": 1, "Output": ["\"ROME\"", "\"ROME_LIB\"", "min((\"CODGEO_PRINCIPAL\")::text)", "sum(\"EMPSAL_NP1\")"], "Group Key": ["\"SalariesFrance_13\".\"ROME\"", "\"SalariesFrance_13\".\"ROME_LIB\""], "Filter": "(sum(\"SalariesFrance_13\".\"EMPSAL_NP1\") >= '0'::double precision)", "Rows Removed by Filter": 0, "Plans": [{"Node Type": "Sort", "Parent Relationship": "Outer", "Parallel Aware": false, "Async Capable": false, "Startup Cost": 10.38, "Total Cost": 10.39, "Plan Rows": 1, "Plan Width": 264, "Actual Startup Time": 0.002, "Actual Total Time": 0.002, "Actual Rows": 0, "Actual Loops": 1, "Output": ["\"ROME\"", "\"ROME_LIB\"", "\"CODGEO_PRINCIPAL\"", "\"EMPSAL_NP1\""], "Sort Key": ["\"SalariesFrance_13\".\"ROME\"", "\"SalariesFrance_13\".\"ROME_LIB\""], "Sort Method": "quicksort", "Sort Space Used": 25, "Sort Space Type": "Memory", "Plans": [{"Node Type": "Seq Scan", "Parent Relationship": "Outer", "Parallel Aware": false, "Async Capable": false, "Relation Name": "SalariesFrance_13", "Schema": "pg_temp", "Alias": "SalariesFrance_13", "Startup Cost": 0.0, "Total Cost": 10.38, "Plan Rows": 1, "Plan Width": 264, "Actual Startup Time": 0.001, "Actual Total Time": 0.001, "Actual Rows": 0, "Actual Loops": 1, "Output": ["\"ROME\"", "\"ROME_LIB\"", "\"CODGEO_PRINCIPAL\"", "\"EMPSAL_NP1\""], "Filter": "((\"SalariesFrance_13\".\"REG_LIB\")::text = 'BOURGOGNE-FRANCHE-COMT\u00c9'::text)", "Rows Removed by Filter": 0}]}]}, "Planning Time": 0.026, "Triggers": [], "Execution Time": 0.01}]