[{"Plan": {"Node Type": "Aggregate", "Strategy": "Sorted", "Partial Mode": "Simple", "Parallel Aware": false, "Async Capable": false, "Startup Cost": 10.38, "Total Cost": 10.42, "Plan Rows": 1, "Plan Width": 112, "Actual Startup Time": 0.002, "Actual Total Time": 0.002, "Actual Rows": 0, "Actual Loops": 1, "Output": ["\"ZE2010_LIB\"", "avg((\"Latitude\")::double precision)", "avg(\"Longitude\")", "sum(\"EMPSAL_NP1\")"], "Group Key": ["\"SalariesFrance_13\".\"ZE2010_LIB\""], "Plans": [{"Node Type": "Sort", "Parent Relationship": "Outer", "Parallel Aware": false, "Async Capable": false, "Startup Cost": 10.38, "Total Cost": 10.39, "Plan Rows": 1, "Plan Width": 122, "Actual Startup Time": 0.002, "Actual Total Time": 0.002, "Actual Rows": 0, "Actual Loops": 1, "Output": ["\"ZE2010_LIB\"", "\"Latitude\"", "\"Longitude\"", "\"EMPSAL_NP1\""], "Sort Key": ["\"SalariesFrance_13\".\"ZE2010_LIB\""], "Sort Method": "quicksort", "Sort Space Used": 25, "Sort Space Type": "Memory", "Plans": [{"Node Type": "Seq Scan", "Parent Relationship": "Outer", "Parallel Aware": false, "Async Capable": false, "Relation Name": "SalariesFrance_13", "Schema": "pg_temp", "Alias": "SalariesFrance_13", "Startup Cost": 0.0, "Total Cost": 10.38, "Plan Rows": 1, "Plan Width": 122, "Actual Startup Time": 0.001, "Actual Total Time": 0.001, "Actual Rows": 0, "Actual Loops": 1, "Output": ["\"ZE2010_LIB\"", "\"Latitude\"", "\"Longitude\"", "\"EMPSAL_NP1\""], "Filter": "((\"SalariesFrance_13\".\"REG_LIB\")::text = 'NOUVELLE-AQUITAINE'::text)", "Rows Removed by Filter": 0}]}]}, "Planning Time": 0.021, "Triggers": [], "Execution Time": 0.011}]