[{"Plan": {"Node Type": "Group", "Parallel Aware": false, "Async Capable": false, "Startup Cost": 10.63, "Total Cost": 10.65, "Plan Rows": 1, "Plan Width": 788, "Actual Startup Time": 0.004, "Actual Total Time": 0.004, "Actual Rows": 0, "Actual Loops": 1, "Output": ["\"CODES_ROME_DESTINATION\"", "\"DESCRIPTION\"", "\"ROME_LIB_DESTINATION\"", "\"TYPES_MOBILITE\""], "Group Key": ["\"SalariesFrance_2\".\"CODES_ROME_DESTINATION\"", "\"SalariesFrance_2\".\"DESCRIPTION\"", "\"SalariesFrance_2\".\"ROME_LIB_DESTINATION\"", "\"SalariesFrance_2\".\"TYPES_MOBILITE\""], "Plans": [{"Node Type": "Sort", "Parent Relationship": "Outer", "Parallel Aware": false, "Async Capable": false, "Startup Cost": 10.63, "Total Cost": 10.64, "Plan Rows": 1, "Plan Width": 788, "Actual Startup Time": 0.004, "Actual Total Time": 0.004, "Actual Rows": 0, "Actual Loops": 1, "Output": ["\"CODES_ROME_DESTINATION\"", "\"DESCRIPTION\"", "\"ROME_LIB_DESTINATION\"", "\"TYPES_MOBILITE\""], "Sort Key": ["\"SalariesFrance_2\".\"CODES_ROME_DESTINATION\"", "\"SalariesFrance_2\".\"DESCRIPTION\"", "\"SalariesFrance_2\".\"ROME_LIB_DESTINATION\"", "\"SalariesFrance_2\".\"TYPES_MOBILITE\""], "Sort Method": "quicksort", "Sort Space Used": 25, "Sort Space Type": "Memory", "Plans": [{"Node Type": "Seq Scan", "Parent Relationship": "Outer", "Parallel Aware": false, "Async Capable": false, "Relation Name": "SalariesFrance_2", "Schema": "pg_temp", "Alias": "SalariesFrance_2", "Startup Cost": 0.0, "Total Cost": 10.62, "Plan Rows": 1, "Plan Width": 788, "Actual Startup Time": 0.002, "Actual Total Time": 0.002, "Actual Rows": 0, "Actual Loops": 1, "Output": ["\"CODES_ROME_DESTINATION\"", "\"DESCRIPTION\"", "\"ROME_LIB_DESTINATION\"", "\"TYPES_MOBILITE\""], "Filter": "((\"SalariesFrance_2\".\"APPELLATION\")::text = 'Manutentionnaire'::text)", "Rows Removed by Filter": 0}]}]}, "Planning Time": 0.045, "Triggers": [], "Execution Time": 0.01}]