[{"Plan": {"Node Type": "Group", "Parallel Aware": false, "Async Capable": false, "Startup Cost": 11.04, "Total Cost": 11.19, "Plan Rows": 30, "Plan Width": 72, "Actual Startup Time": 0.003, "Actual Total Time": 0.003, "Actual Rows": 0, "Actual Loops": 1, "Output": ["\"REG_LIB\""], "Group Key": ["\"SalariesFrance_5\".\"REG_LIB\""], "Plans": [{"Node Type": "Sort", "Parent Relationship": "Outer", "Parallel Aware": false, "Async Capable": false, "Startup Cost": 11.04, "Total Cost": 11.11, "Plan Rows": 30, "Plan Width": 72, "Actual Startup Time": 0.003, "Actual Total Time": 0.003, "Actual Rows": 0, "Actual Loops": 1, "Output": ["\"REG_LIB\""], "Sort Key": ["\"SalariesFrance_5\".\"REG_LIB\""], "Sort Method": "quicksort", "Sort Space Used": 25, "Sort Space Type": "Memory", "Plans": [{"Node Type": "Seq Scan", "Parent Relationship": "Outer", "Parallel Aware": false, "Async Capable": false, "Relation Name": "SalariesFrance_5", "Schema": "pg_temp", "Alias": "SalariesFrance_5", "Startup Cost": 0.0, "Total Cost": 10.3, "Plan Rows": 30, "Plan Width": 72, "Actual Startup Time": 0.002, "Actual Total Time": 0.002, "Actual Rows": 0, "Actual Loops": 1, "Output": ["\"REG_LIB\""]}]}]}, "Planning Time": 0.101, "Triggers": [], "Execution Time": 0.008}]