[{"Plan": {"Node Type": "Aggregate", "Strategy": "Hashed", "Partial Mode": "Simple", "Parallel Aware": false, "Async Capable": false, "Startup Cost": 10.68, "Total Cost": 10.98, "Plan Rows": 30, "Plan Width": 590, "Actual Startup Time": 0.001, "Actual Total Time": 0.001, "Actual Rows": 0, "Actual Loops": 1, "Output": ["\"A129_LIBCOURT_PJ\"", "\"A129_LIB\"", "\"Calculation_490892384732147714\"", "min((\"NOM_PAGES_JAUNES\")::text)", "sum(\"EMPSAL_NP1\")"], "Group Key": ["\"SalariesFrance_13\".\"A129_LIBCOURT_PJ\"", "\"SalariesFrance_13\".\"A129_LIB\"", "\"SalariesFrance_13\".\"Calculation_490892384732147714\""], "Planned Partitions": 0, "HashAgg Batches": 1, "Peak Memory Usage": 24, "Disk Usage": 0, "Plans": [{"Node Type": "Seq Scan", "Parent Relationship": "Outer", "Parallel Aware": false, "Async Capable": false, "Relation Name": "SalariesFrance_13", "Schema": "pg_temp", "Alias": "SalariesFrance_13", "Startup Cost": 0.0, "Total Cost": 10.3, "Plan Rows": 30, "Plan Width": 642, "Actual Startup Time": 0.001, "Actual Total Time": 0.001, "Actual Rows": 0, "Actual Loops": 1, "Output": ["\"A129\"", "\"A129_LIBCOURT\"", "\"A129_LIBCOURT_PJ\"", "\"A129_LIB\"", "\"A88\"", "\"A88_LIB\"", "\"ADECCO_NB_CANDIDATS\"", "\"ADECCO_NB_CAND_METIERS_PROCHES\"", "\"ADECCO_SALAIRES_BRUTS\"", "\"AG_25_29\"", "\"AG_30_39\"", "\"AG_40_49\"", "\"AG_50_54\"", "\"AG_M25\"", "\"AG_P55\"", "\"APPRENTI\"", "\"BMO_DIFFICILE\"", "\"BMO_INTENTIONS\"", "\"BMO_SAISON\"", "\"CODGEO_PRINCIPAL\"", "\"CP_PRINCIPAL\"", "\"Calculation_163536984210948109\"", "\"Calculation_392657618632466432\"", "\"Calculation_393783518250995712\"", "\"EMBAUCHES_GLOBAL\"", "\"EMBAUCHES_NM1\"", "\"EMBAUCHES_NP1\"", "\"EMBAUCHE_CDD\"", "\"EMBAUCHE_CDI\"", "\"EMPSAL_NM1\"", "\"EMPSAL_NP1\"", "\"FEMMES\"", "\"HOMMES\"", "\"INTERIM_NM1\"", "\"INTERIM_NP1\"", "\"LIBDOM1\"", "\"LIBDOM2\"", "\"LIBELLES_ROME_BONNE_FORMATION\"", "\"LIBROME_MINUSCULE\"", "\"Latitude\"", "\"Longitude\"", "\"NB_DE_PE\"", "\"NB_ETS\"", "\"NOM_PAGES_JAUNES\"", "\"Number of Records\"", "\"REG_LIB\"", "\"RENSEIGNE\"", "\"REPERE1 (copie)\"", "\"ROME\"", "\"ROME_LIB\"", "\"SALAIRE_BRUT\"", "\"SALAIRE_VF\"", "\"TK_SIRET\"", "\"UIMM_FAMILLES\"", "\"ZE2010\"", "\"ZE2010_LIB\"", "\"Calculation_490892384732147714\""]}]}, "Planning Time": 0.023, "Triggers": [], "Execution Time": 0.012}]