[{"Plan": {"Node Type": "Aggregate", "Strategy": "Sorted", "Partial Mode": "Simple", "Parallel Aware": false, "Async Capable": false, "Startup Cost": 10.46, "Total Cost": 10.49, "Plan Rows": 1, "Plan Width": 590, "Actual Startup Time": 0.003, "Actual Total Time": 0.003, "Actual Rows": 0, "Actual Loops": 1, "Output": ["\"A129_LIBCOURT_PJ\"", "\"A129_LIB\"", "\"Calculation_490892384732147714\"", "min((\"NOM_PAGES_JAUNES\")::text)", "sum(\"EMPSAL_NP1\")"], "Group Key": ["\"SalariesFrance_13\".\"A129_LIBCOURT_PJ\"", "\"SalariesFrance_13\".\"A129_LIB\"", "\"SalariesFrance_13\".\"Calculation_490892384732147714\""], "Plans": [{"Node Type": "Sort", "Parent Relationship": "Outer", "Parallel Aware": false, "Async Capable": false, "Startup Cost": 10.46, "Total Cost": 10.46, "Plan Rows": 1, "Plan Width": 642, "Actual Startup Time": 0.002, "Actual Total Time": 0.003, "Actual Rows": 0, "Actual Loops": 1, "Output": ["\"A129_LIBCOURT_PJ\"", "\"A129_LIB\"", "\"Calculation_490892384732147714\"", "\"NOM_PAGES_JAUNES\"", "\"EMPSAL_NP1\""], "Sort Key": ["\"SalariesFrance_13\".\"A129_LIBCOURT_PJ\"", "\"SalariesFrance_13\".\"A129_LIB\"", "\"SalariesFrance_13\".\"Calculation_490892384732147714\""], "Sort Method": "quicksort", "Sort Space Used": 25, "Sort Space Type": "Memory", "Plans": [{"Node Type": "Seq Scan", "Parent Relationship": "Outer", "Parallel Aware": false, "Async Capable": false, "Relation Name": "SalariesFrance_13", "Schema": "pg_temp", "Alias": "SalariesFrance_13", "Startup Cost": 0.0, "Total Cost": 10.45, "Plan Rows": 1, "Plan Width": 642, "Actual Startup Time": 0.001, "Actual Total Time": 0.001, "Actual Rows": 0, "Actual Loops": 1, "Output": ["\"A129_LIBCOURT_PJ\"", "\"A129_LIB\"", "\"Calculation_490892384732147714\"", "\"NOM_PAGES_JAUNES\"", "\"EMPSAL_NP1\""], "Filter": "(((\"SalariesFrance_13\".\"REG_LIB\")::text = 'BOURGOGNE-FRANCHE-COMT\u00c9'::text) AND ((\"SalariesFrance_13\".\"ZE2010_LIB\")::text = 'COSNE - CLAMECY'::text))", "Rows Removed by Filter": 0}]}]}, "Planning Time": 0.029, "Triggers": [], "Execution Time": 0.011}]