[{"Plan": {"Node Type": "Aggregate", "Strategy": "Sorted", "Partial Mode": "Simple", "Parallel Aware": false, "Async Capable": false, "Startup Cost": 10.63, "Total Cost": 10.68, "Plan Rows": 2, "Plan Width": 32, "Actual Startup Time": 0.003, "Actual Total Time": 0.004, "Actual Rows": 0, "Actual Loops": 1, "Output": ["\"NPPES_PROVIDER_COUNTRY\"", "\"NPPES_PROVIDER_STATE\"", "sum(\"AVERAGE_MEDICARE_ALLOWED_AMT\")"], "Group Key": ["\"Medicare3_1\".\"NPPES_PROVIDER_COUNTRY\"", "\"Medicare3_1\".\"NPPES_PROVIDER_STATE\""], "Plans": [{"Node Type": "Sort", "Parent Relationship": "Outer", "Parallel Aware": false, "Async Capable": false, "Startup Cost": 10.63, "Total Cost": 10.64, "Plan Rows": 2, "Plan Width": 32, "Actual Startup Time": 0.003, "Actual Total Time": 0.003, "Actual Rows": 0, "Actual Loops": 1, "Output": ["\"NPPES_PROVIDER_COUNTRY\"", "\"NPPES_PROVIDER_STATE\"", "\"AVERAGE_MEDICARE_ALLOWED_AMT\""], "Sort Key": ["\"Medicare3_1\".\"NPPES_PROVIDER_COUNTRY\"", "\"Medicare3_1\".\"NPPES_PROVIDER_STATE\""], "Sort Method": "quicksort", "Sort Space Used": 25, "Sort Space Type": "Memory", "Plans": [{"Node Type": "Seq Scan", "Parent Relationship": "Outer", "Parallel Aware": false, "Async Capable": false, "Relation Name": "Medicare3_1", "Schema": "pg_temp", "Alias": "Medicare3_1", "Startup Cost": 0.0, "Total Cost": 10.62, "Plan Rows": 2, "Plan Width": 32, "Actual Startup Time": 0.002, "Actual Total Time": 0.002, "Actual Rows": 0, "Actual Loops": 1, "Output": ["\"NPPES_PROVIDER_COUNTRY\"", "\"NPPES_PROVIDER_STATE\"", "\"AVERAGE_MEDICARE_ALLOWED_AMT\""], "Filter": "((\"Medicare3_1\".\"PROVIDER_TYPE\")::text = ANY ('{\"Physical Medicine and Rehabilitation\",\"Physical Therapist\"}'::text[]))", "Rows Removed by Filter": 0}]}]}, "Planning Time": 0.074, "Triggers": [], "Execution Time": 0.012}]