[{"Plan": {"Node Type": "Group", "Parallel Aware": false, "Async Capable": false, "Startup Cost": 10.87, "Total Cost": 10.88, "Plan Rows": 1, "Plan Width": 112, "Actual Startup Time": 0.008, "Actual Total Time": 0.009, "Actual Rows": 0, "Actual Loops": 1, "Output": ["\"Categoria\""], "Group Key": ["\"Generico_1\".\"Categoria\""], "Plans": [{"Node Type": "Sort", "Parent Relationship": "Outer", "Parallel Aware": false, "Async Capable": false, "Startup Cost": 10.87, "Total Cost": 10.88, "Plan Rows": 1, "Plan Width": 112, "Actual Startup Time": 0.008, "Actual Total Time": 0.008, "Actual Rows": 0, "Actual Loops": 1, "Output": ["\"Categoria\""], "Sort Key": ["\"Generico_1\".\"Categoria\""], "Sort Method": "quicksort", "Sort Space Used": 25, "Sort Space Type": "Memory", "Plans": [{"Node Type": "Seq Scan", "Parent Relationship": "Outer", "Parallel Aware": false, "Async Capable": false, "Relation Name": "Generico_1", "Schema": "pg_temp", "Alias": "Generico_1", "Startup Cost": 0.0, "Total Cost": 10.86, "Plan Rows": 1, "Plan Width": 112, "Actual Startup Time": 0.004, "Actual Total Time": 0.004, "Actual Rows": 0, "Actual Loops": 1, "Output": ["\"Categoria\""], "Filter": "(((\"Generico_1\".\"Anunciante\")::text = ANY ('{BANTRAB/TODOTICKET,TODOTICKET,TODOTICKET.COM}'::text[])) AND ((EXTRACT(year FROM \"Generico_1\".\"FECHA\"))::bigint >= 2010) AND ((EXTRACT(year FROM \"Generico_1\".\"FECHA\"))::bigint <= 2015))", "Rows Removed by Filter": 0}]}]}, "Planning Time": 0.252, "Triggers": [], "Execution Time": 0.024}]