[{"Plan": {"Node Type": "Aggregate", "Strategy": "Sorted", "Partial Mode": "Simple", "Parallel Aware": false, "Async Capable": false, "Startup Cost": 11.07, "Total Cost": 11.1, "Plan Rows": 1, "Plan Width": 212, "Actual Startup Time": 0.008, "Actual Total Time": 0.009, "Actual Rows": 0, "Actual Loops": 1, "Output": ["\"Anunciante\"", "sum(\"InversionUS\")", "\"Vehiculo\"", "sum(\"InversionUS\")", "sum((\"NumAnuncios\")::bigint)", "((EXTRACT(year FROM \"FECHA\"))::bigint)"], "Group Key": ["\"Generico_5\".\"Anunciante\"", "\"Generico_5\".\"Vehiculo\"", "((EXTRACT(year FROM \"Generico_5\".\"FECHA\"))::bigint)"], "Plans": [{"Node Type": "Sort", "Parent Relationship": "Outer", "Parallel Aware": false, "Async Capable": false, "Startup Cost": 11.07, "Total Cost": 11.07, "Plan Rows": 1, "Plan Width": 174, "Actual Startup Time": 0.007, "Actual Total Time": 0.008, "Actual Rows": 0, "Actual Loops": 1, "Output": ["\"Anunciante\"", "\"Vehiculo\"", "((EXTRACT(year FROM \"FECHA\"))::bigint)", "\"InversionUS\"", "\"NumAnuncios\""], "Sort Key": ["\"Generico_5\".\"Anunciante\"", "\"Generico_5\".\"Vehiculo\"", "((EXTRACT(year FROM \"Generico_5\".\"FECHA\"))::bigint)"], "Sort Method": "quicksort", "Sort Space Used": 25, "Sort Space Type": "Memory", "Plans": [{"Node Type": "Seq Scan", "Parent Relationship": "Outer", "Parallel Aware": false, "Async Capable": false, "Relation Name": "Generico_5", "Schema": "pg_temp", "Alias": "Generico_5", "Startup Cost": 0.0, "Total Cost": 11.06, "Plan Rows": 1, "Plan Width": 174, "Actual Startup Time": 0.003, "Actual Total Time": 0.003, "Actual Rows": 0, "Actual Loops": 1, "Output": ["\"Anunciante\"", "\"Vehiculo\"", "(EXTRACT(year FROM \"FECHA\"))::bigint", "\"InversionUS\"", "\"NumAnuncios\""], "Filter": "(((\"Generico_5\".\"Medio\")::text = 'RADIO'::text) AND ((\"Generico_5\".\"Anunciante\")::text = ANY ('{BANTRAB/TODOTICKET,TODOTICKET,TODOTICKET.COM}'::text[])) AND ((EXTRACT(year FROM \"Generico_5\".\"FECHA\"))::bigint = ANY ('{2014,2015}'::bigint[])) AND ((EXTRACT(month FROM \"Generico_5\".\"FECHA\"))::bigint = ANY ('{1,2,3,4,5}'::bigint[])))", "Rows Removed by Filter": 0}]}]}, "Planning Time": 0.141, "Triggers": [], "Execution Time": 0.041}]