[{"Plan": {"Node Type": "Group", "Parallel Aware": false, "Async Capable": false, "Startup Cost": 11.17, "Total Cost": 11.18, "Plan Rows": 1, "Plan Width": 64, "Actual Startup Time": 0.006, "Actual Total Time": 0.007, "Actual Rows": 0, "Actual Loops": 1, "Output": ["\"Vehiculo\""], "Group Key": ["\"Generico_5\".\"Vehiculo\""], "Plans": [{"Node Type": "Sort", "Parent Relationship": "Outer", "Parallel Aware": false, "Async Capable": false, "Startup Cost": 11.17, "Total Cost": 11.18, "Plan Rows": 1, "Plan Width": 64, "Actual Startup Time": 0.005, "Actual Total Time": 0.006, "Actual Rows": 0, "Actual Loops": 1, "Output": ["\"Vehiculo\""], "Sort Key": ["\"Generico_5\".\"Vehiculo\""], "Sort Method": "quicksort", "Sort Space Used": 25, "Sort Space Type": "Memory", "Plans": [{"Node Type": "Seq Scan", "Parent Relationship": "Outer", "Parallel Aware": false, "Async Capable": false, "Relation Name": "Generico_5", "Schema": "pg_temp", "Alias": "Generico_5", "Startup Cost": 0.0, "Total Cost": 11.16, "Plan Rows": 1, "Plan Width": 64, "Actual Startup Time": 0.002, "Actual Total Time": 0.002, "Actual Rows": 0, "Actual Loops": 1, "Output": ["\"Vehiculo\""], "Filter": "(((\"Generico_5\".\"Medio\")::text = 'PRENSA'::text) AND ((\"Generico_5\".\"Anunciante\")::text = ANY ('{BANTRAB/TODOTICKET,TODOTICKET,TODOTICKET.COM}'::text[])) AND ((EXTRACT(year FROM \"Generico_5\".\"FECHA\"))::bigint >= 2010) AND ((EXTRACT(year FROM \"Generico_5\".\"FECHA\"))::bigint <= 2015) AND ((EXTRACT(year FROM \"Generico_5\".\"FECHA\"))::bigint = ANY ('{2014,2015}'::bigint[])))", "Rows Removed by Filter": 0}]}]}, "Planning Time": 0.084, "Triggers": [], "Execution Time": 0.024}]