[{"Plan": {"Node Type": "Group", "Parallel Aware": false, "Async Capable": false, "Startup Cost": 10.96, "Total Cost": 10.98, "Plan Rows": 1, "Plan Width": 80, "Actual Startup Time": 0.007, "Actual Total Time": 0.008, "Actual Rows": 0, "Actual Loops": 1, "Output": ["\"Vehiculo\"", "((EXTRACT(month FROM \"FECHA\"))::bigint)", "((EXTRACT(year FROM \"FECHA\"))::bigint)"], "Group Key": ["\"Generico_5\".\"Vehiculo\"", "((EXTRACT(month FROM \"Generico_5\".\"FECHA\"))::bigint)", "((EXTRACT(year FROM \"Generico_5\".\"FECHA\"))::bigint)"], "Plans": [{"Node Type": "Sort", "Parent Relationship": "Outer", "Parallel Aware": false, "Async Capable": false, "Startup Cost": 10.96, "Total Cost": 10.96, "Plan Rows": 1, "Plan Width": 80, "Actual Startup Time": 0.007, "Actual Total Time": 0.008, "Actual Rows": 0, "Actual Loops": 1, "Output": ["\"Vehiculo\"", "((EXTRACT(month FROM \"FECHA\"))::bigint)", "((EXTRACT(year FROM \"FECHA\"))::bigint)"], "Sort Key": ["\"Generico_5\".\"Vehiculo\"", "((EXTRACT(month FROM \"Generico_5\".\"FECHA\"))::bigint)", "((EXTRACT(year FROM \"Generico_5\".\"FECHA\"))::bigint)"], "Sort Method": "quicksort", "Sort Space Used": 25, "Sort Space Type": "Memory", "Plans": [{"Node Type": "Seq Scan", "Parent Relationship": "Outer", "Parallel Aware": false, "Async Capable": false, "Relation Name": "Generico_5", "Schema": "pg_temp", "Alias": "Generico_5", "Startup Cost": 0.0, "Total Cost": 10.95, "Plan Rows": 1, "Plan Width": 80, "Actual Startup Time": 0.003, "Actual Total Time": 0.003, "Actual Rows": 0, "Actual Loops": 1, "Output": ["\"Vehiculo\"", "(EXTRACT(month FROM \"FECHA\"))::bigint", "(EXTRACT(year FROM \"FECHA\"))::bigint"], "Filter": "(((\"Generico_5\".\"Medio\")::text = 'TELEVISION NACIONAL'::text) AND ((\"Generico_5\".\"Anunciante\")::text = ANY ('{BANTRAB/TODOTICKET,TODOTICKET,TODOTICKET.COM}'::text[])) AND ((EXTRACT(year FROM \"Generico_5\".\"FECHA\"))::bigint >= 2010) AND ((EXTRACT(year FROM \"Generico_5\".\"FECHA\"))::bigint <= 2015))", "Rows Removed by Filter": 0}]}]}, "Planning Time": 0.087, "Triggers": [], "Execution Time": 0.029}]