[{"Plan": {"Node Type": "Aggregate", "Strategy": "Sorted", "Partial Mode": "Simple", "Parallel Aware": false, "Async Capable": false, "Startup Cost": 11.51, "Total Cost": 11.53, "Plan Rows": 1, "Plan Width": 72, "Actual Startup Time": 0.006, "Actual Total Time": 0.007, "Actual Rows": 0, "Actual Loops": 1, "Output": ["\"Vehiculo\"", "sum(\"InversionUS\")"], "Group Key": ["\"Generico_5\".\"Vehiculo\""], "Plans": [{"Node Type": "Sort", "Parent Relationship": "Outer", "Parallel Aware": false, "Async Capable": false, "Startup Cost": 11.51, "Total Cost": 11.52, "Plan Rows": 1, "Plan Width": 72, "Actual Startup Time": 0.006, "Actual Total Time": 0.006, "Actual Rows": 0, "Actual Loops": 1, "Output": ["\"Vehiculo\"", "\"InversionUS\""], "Sort Key": ["\"Generico_5\".\"Vehiculo\""], "Sort Method": "quicksort", "Sort Space Used": 25, "Sort Space Type": "Memory", "Plans": [{"Node Type": "Seq Scan", "Parent Relationship": "Outer", "Parallel Aware": false, "Async Capable": false, "Relation Name": "Generico_5", "Schema": "pg_temp", "Alias": "Generico_5", "Startup Cost": 0.0, "Total Cost": 11.5, "Plan Rows": 1, "Plan Width": 72, "Actual Startup Time": 0.002, "Actual Total Time": 0.003, "Actual Rows": 0, "Actual Loops": 1, "Output": ["\"Vehiculo\"", "\"InversionUS\""], "Filter": "(((\"Generico_5\".\"Medio\")::text = 'RADIO'::text) AND ((\"Generico_5\".\"Anunciante\")::text = ANY ('{BANTRAB/TODOTICKET,TODOTICKET,TODOTICKET.COM}'::text[])) AND ((EXTRACT(year FROM \"Generico_5\".\"FECHA\"))::bigint >= 2010) AND ((EXTRACT(year FROM \"Generico_5\".\"FECHA\"))::bigint <= 2015) AND ((EXTRACT(year FROM \"Generico_5\".\"FECHA\"))::bigint = ANY ('{2014,2015}'::bigint[])) AND ((EXTRACT(month FROM \"Generico_5\".\"FECHA\"))::bigint = ANY ('{1,2,3,4,5}'::bigint[])))", "Rows Removed by Filter": 0}]}]}, "Planning Time": 0.107, "Triggers": [], "Execution Time": 0.032}]