[{"Plan": {"Node Type": "Group", "Parallel Aware": false, "Async Capable": false, "Startup Cost": 11.1, "Total Cost": 11.11, "Plan Rows": 1, "Plan Width": 32, "Actual Startup Time": 0.006, "Actual Total Time": 0.007, "Actual Rows": 0, "Actual Loops": 1, "Output": ["(CASE WHEN ((\"Medio\")::text = ANY ('{PRENSA,REVISTAS,\"REVISTAS DE PRENSA\"}'::text[])) THEN 'PRENSA'::character varying ELSE \"Medio\" END)"], "Group Key": ["(CASE WHEN ((\"Generico_5\".\"Medio\")::text = ANY ('{PRENSA,REVISTAS,\"REVISTAS DE PRENSA\"}'::text[])) THEN 'PRENSA'::character varying ELSE \"Generico_5\".\"Medio\" END)"], "Plans": [{"Node Type": "Sort", "Parent Relationship": "Outer", "Parallel Aware": false, "Async Capable": false, "Startup Cost": 11.1, "Total Cost": 11.11, "Plan Rows": 1, "Plan Width": 32, "Actual Startup Time": 0.006, "Actual Total Time": 0.006, "Actual Rows": 0, "Actual Loops": 1, "Output": ["(CASE WHEN ((\"Medio\")::text = ANY ('{PRENSA,REVISTAS,\"REVISTAS DE PRENSA\"}'::text[])) THEN 'PRENSA'::character varying ELSE \"Medio\" END)"], "Sort Key": ["(CASE WHEN ((\"Generico_5\".\"Medio\")::text = ANY ('{PRENSA,REVISTAS,\"REVISTAS DE PRENSA\"}'::text[])) THEN 'PRENSA'::character varying ELSE \"Generico_5\".\"Medio\" END)"], "Sort Method": "quicksort", "Sort Space Used": 25, "Sort Space Type": "Memory", "Plans": [{"Node Type": "Seq Scan", "Parent Relationship": "Outer", "Parallel Aware": false, "Async Capable": false, "Relation Name": "Generico_5", "Schema": "pg_temp", "Alias": "Generico_5", "Startup Cost": 0.0, "Total Cost": 11.09, "Plan Rows": 1, "Plan Width": 32, "Actual Startup Time": 0.002, "Actual Total Time": 0.003, "Actual Rows": 0, "Actual Loops": 1, "Output": ["CASE WHEN ((\"Medio\")::text = ANY ('{PRENSA,REVISTAS,\"REVISTAS DE PRENSA\"}'::text[])) THEN 'PRENSA'::character varying ELSE \"Medio\" END"], "Filter": "(((\"Generico_5\".\"Anunciante\")::text = ANY ('{BANTRAB/TODOTICKET,TODOTICKET,TODOTICKET.COM}'::text[])) AND ((EXTRACT(year FROM \"Generico_5\".\"FECHA\"))::bigint >= 2010) AND ((EXTRACT(year FROM \"Generico_5\".\"FECHA\"))::bigint <= 2015) AND ((EXTRACT(year FROM \"Generico_5\".\"FECHA\"))::bigint = 2015))", "Rows Removed by Filter": 0}]}]}, "Planning Time": 0.087, "Triggers": [], "Execution Time": 0.026}]