[{"Plan": {"Node Type": "Group", "Parallel Aware": false, "Async Capable": false, "Startup Cost": 10.88, "Total Cost": 10.89, "Plan Rows": 1, "Plan Width": 8, "Actual Startup Time": 0.009, "Actual Total Time": 0.01, "Actual Rows": 0, "Actual Loops": 1, "Output": ["((EXTRACT(month FROM \"FECHA\"))::bigint)"], "Group Key": ["((EXTRACT(month FROM \"Generico_4\".\"FECHA\"))::bigint)"], "Plans": [{"Node Type": "Sort", "Parent Relationship": "Outer", "Parallel Aware": false, "Async Capable": false, "Startup Cost": 10.88, "Total Cost": 10.88, "Plan Rows": 1, "Plan Width": 8, "Actual Startup Time": 0.008, "Actual Total Time": 0.009, "Actual Rows": 0, "Actual Loops": 1, "Output": ["((EXTRACT(month FROM \"FECHA\"))::bigint)"], "Sort Key": ["((EXTRACT(month FROM \"Generico_4\".\"FECHA\"))::bigint)"], "Sort Method": "quicksort", "Sort Space Used": 25, "Sort Space Type": "Memory", "Plans": [{"Node Type": "Seq Scan", "Parent Relationship": "Outer", "Parallel Aware": false, "Async Capable": false, "Relation Name": "Generico_4", "Schema": "pg_temp", "Alias": "Generico_4", "Startup Cost": 0.0, "Total Cost": 10.87, "Plan Rows": 1, "Plan Width": 8, "Actual Startup Time": 0.005, "Actual Total Time": 0.005, "Actual Rows": 0, "Actual Loops": 1, "Output": ["(EXTRACT(month FROM \"FECHA\"))::bigint"], "Filter": "(((\"Generico_4\".\"Anunciante\")::text = ANY ('{BANTRAB/TODOTICKET,TODOTICKET,TODOTICKET.COM}'::text[])) AND ((EXTRACT(year FROM \"Generico_4\".\"FECHA\"))::bigint >= 2010) AND ((EXTRACT(year FROM \"Generico_4\".\"FECHA\"))::bigint <= 2015))", "Rows Removed by Filter": 0}]}]}, "Planning Time": 0.298, "Triggers": [], "Execution Time": 0.027}]