[{"Plan": {"Node Type": "Group", "Parallel Aware": false, "Async Capable": false, "Startup Cost": 10.87, "Total Cost": 10.88, "Plan Rows": 1, "Plan Width": 92, "Actual Startup Time": 0.005, "Actual Total Time": 0.006, "Actual Rows": 0, "Actual Loops": 1, "Output": ["\"Anunciante\""], "Group Key": ["\"Generico_5\".\"Anunciante\""], "Plans": [{"Node Type": "Sort", "Parent Relationship": "Outer", "Parallel Aware": false, "Async Capable": false, "Startup Cost": 10.87, "Total Cost": 10.88, "Plan Rows": 1, "Plan Width": 92, "Actual Startup Time": 0.005, "Actual Total Time": 0.005, "Actual Rows": 0, "Actual Loops": 1, "Output": ["\"Anunciante\""], "Sort Key": ["\"Generico_5\".\"Anunciante\""], "Sort Method": "quicksort", "Sort Space Used": 25, "Sort Space Type": "Memory", "Plans": [{"Node Type": "Seq Scan", "Parent Relationship": "Outer", "Parallel Aware": false, "Async Capable": false, "Relation Name": "Generico_5", "Schema": "pg_temp", "Alias": "Generico_5", "Startup Cost": 0.0, "Total Cost": 10.86, "Plan Rows": 1, "Plan Width": 92, "Actual Startup Time": 0.002, "Actual Total Time": 0.002, "Actual Rows": 0, "Actual Loops": 1, "Output": ["\"Anunciante\""], "Filter": "(((\"Generico_5\".\"Anunciante\")::text = ANY ('{BANTRAB/TODOTICKET,TODOTICKET,TODOTICKET.COM}'::text[])) AND ((EXTRACT(year FROM \"Generico_5\".\"FECHA\"))::bigint >= 2010) AND ((EXTRACT(year FROM \"Generico_5\".\"FECHA\"))::bigint <= 2015))", "Rows Removed by Filter": 0}]}]}, "Planning Time": 0.061, "Triggers": [], "Execution Time": 0.02}]