[{"Plan": {"Node Type": "Aggregate", "Strategy": "Sorted", "Partial Mode": "Simple", "Parallel Aware": false, "Async Capable": false, "Startup Cost": 11.48, "Total Cost": 11.52, "Plan Rows": 1, "Plan Width": 32, "Actual Startup Time": 0.006, "Actual Total Time": 0.006, "Actual Rows": 0, "Actual Loops": 1, "Output": ["sum(\"InversionUS\")", "((EXTRACT(month FROM \"FECHA\"))::bigint)", "sum(\"InversionUS\")", "((EXTRACT(year FROM \"FECHA\"))::bigint)"], "Group Key": ["((EXTRACT(month FROM \"Generico_5\".\"FECHA\"))::bigint)", "((EXTRACT(year FROM \"Generico_5\".\"FECHA\"))::bigint)"], "Plans": [{"Node Type": "Sort", "Parent Relationship": "Outer", "Parallel Aware": false, "Async Capable": false, "Startup Cost": 11.48, "Total Cost": 11.49, "Plan Rows": 1, "Plan Width": 24, "Actual Startup Time": 0.005, "Actual Total Time": 0.005, "Actual Rows": 0, "Actual Loops": 1, "Output": ["((EXTRACT(month FROM \"FECHA\"))::bigint)", "((EXTRACT(year FROM \"FECHA\"))::bigint)", "\"InversionUS\""], "Sort Key": ["((EXTRACT(month FROM \"Generico_5\".\"FECHA\"))::bigint)", "((EXTRACT(year FROM \"Generico_5\".\"FECHA\"))::bigint)"], "Sort Method": "quicksort", "Sort Space Used": 25, "Sort Space Type": "Memory", "Plans": [{"Node Type": "Seq Scan", "Parent Relationship": "Outer", "Parallel Aware": false, "Async Capable": false, "Relation Name": "Generico_5", "Schema": "pg_temp", "Alias": "Generico_5", "Startup Cost": 0.0, "Total Cost": 11.47, "Plan Rows": 1, "Plan Width": 24, "Actual Startup Time": 0.002, "Actual Total Time": 0.002, "Actual Rows": 0, "Actual Loops": 1, "Output": ["(EXTRACT(month FROM \"FECHA\"))::bigint", "(EXTRACT(year FROM \"FECHA\"))::bigint", "\"InversionUS\""], "Filter": "(((\"Generico_5\".\"Anunciante\")::text = ANY ('{BANTRAB/TODOTICKET,TODOTICKET,TODOTICKET.COM}'::text[])) AND ((EXTRACT(year FROM \"Generico_5\".\"FECHA\"))::bigint >= 2010) AND ((EXTRACT(year FROM \"Generico_5\".\"FECHA\"))::bigint <= 2015) AND ((((EXTRACT(month FROM \"Generico_5\".\"FECHA\"))::bigint >= 1) AND ((EXTRACT(month FROM \"Generico_5\".\"FECHA\"))::bigint <= 7)) OR ((EXTRACT(month FROM \"Generico_5\".\"FECHA\"))::bigint IS NULL)))", "Rows Removed by Filter": 0}]}]}, "Planning Time": 0.095, "Triggers": [], "Execution Time": 0.033}]