[{"Plan": {"Node Type": "Aggregate", "Strategy": "Sorted", "Partial Mode": "Simple", "Parallel Aware": false, "Async Capable": false, "Startup Cost": 11.1, "Total Cost": 11.12, "Plan Rows": 1, "Plan Width": 156, "Actual Startup Time": 0.006, "Actual Total Time": 0.007, "Actual Rows": 0, "Actual Loops": 1, "Output": ["\"Anunciante\"", "\"Medio\"", "sum(\"InversionUS\")"], "Group Key": ["\"Generico_5\".\"Anunciante\"", "\"Generico_5\".\"Medio\""], "Plans": [{"Node Type": "Sort", "Parent Relationship": "Outer", "Parallel Aware": false, "Async Capable": false, "Startup Cost": 11.1, "Total Cost": 11.1, "Plan Rows": 1, "Plan Width": 156, "Actual Startup Time": 0.006, "Actual Total Time": 0.006, "Actual Rows": 0, "Actual Loops": 1, "Output": ["\"Anunciante\"", "\"Medio\"", "\"InversionUS\""], "Sort Key": ["\"Generico_5\".\"Anunciante\"", "\"Generico_5\".\"Medio\""], "Sort Method": "quicksort", "Sort Space Used": 25, "Sort Space Type": "Memory", "Plans": [{"Node Type": "Seq Scan", "Parent Relationship": "Outer", "Parallel Aware": false, "Async Capable": false, "Relation Name": "Generico_5", "Schema": "pg_temp", "Alias": "Generico_5", "Startup Cost": 0.0, "Total Cost": 11.09, "Plan Rows": 1, "Plan Width": 156, "Actual Startup Time": 0.002, "Actual Total Time": 0.002, "Actual Rows": 0, "Actual Loops": 1, "Output": ["\"Anunciante\"", "\"Medio\"", "\"InversionUS\""], "Filter": "(((\"Generico_5\".\"Anunciante\")::text = ANY ('{BANTRAB/TODOTICKET,TODOTICKET,TODOTICKET.COM}'::text[])) AND ((EXTRACT(year FROM \"Generico_5\".\"FECHA\"))::bigint >= 2010) AND ((EXTRACT(year FROM \"Generico_5\".\"FECHA\"))::bigint <= 2015) AND ((EXTRACT(year FROM \"Generico_5\".\"FECHA\"))::bigint = ANY ('{2014,2015}'::bigint[])))", "Rows Removed by Filter": 0}]}]}, "Planning Time": 0.093, "Triggers": [], "Execution Time": 0.029}]