[{"Plan": {"Node Type": "Aggregate", "Strategy": "Sorted", "Partial Mode": "Simple", "Parallel Aware": false, "Async Capable": false, "Startup Cost": 11.33, "Total Cost": 11.38, "Plan Rows": 1, "Plan Width": 204, "Actual Startup Time": 0.007, "Actual Total Time": 0.008, "Actual Rows": 0, "Actual Loops": 1, "Output": ["\"Anunciante\"", "max((\"Vehiculo\")::text)", "min((\"Vehiculo\")::text)", "((EXTRACT(month FROM \"FECHA\"))::bigint)", "sum((\"NumAnuncios\")::bigint)", "((EXTRACT(year FROM \"FECHA\"))::bigint)"], "Group Key": ["\"Generico_5\".\"Anunciante\"", "((EXTRACT(month FROM \"Generico_5\".\"FECHA\"))::bigint)", "((EXTRACT(year FROM \"Generico_5\".\"FECHA\"))::bigint)"], "Plans": [{"Node Type": "Sort", "Parent Relationship": "Outer", "Parallel Aware": false, "Async Capable": false, "Startup Cost": 11.33, "Total Cost": 11.34, "Plan Rows": 1, "Plan Width": 174, "Actual Startup Time": 0.007, "Actual Total Time": 0.007, "Actual Rows": 0, "Actual Loops": 1, "Output": ["\"Anunciante\"", "((EXTRACT(month FROM \"FECHA\"))::bigint)", "((EXTRACT(year FROM \"FECHA\"))::bigint)", "\"Vehiculo\"", "\"NumAnuncios\""], "Sort Key": ["\"Generico_5\".\"Anunciante\"", "((EXTRACT(month FROM \"Generico_5\".\"FECHA\"))::bigint)"], "Sort Method": "quicksort", "Sort Space Used": 25, "Sort Space Type": "Memory", "Plans": [{"Node Type": "Seq Scan", "Parent Relationship": "Outer", "Parallel Aware": false, "Async Capable": false, "Relation Name": "Generico_5", "Schema": "pg_temp", "Alias": "Generico_5", "Startup Cost": 0.0, "Total Cost": 11.32, "Plan Rows": 1, "Plan Width": 174, "Actual Startup Time": 0.003, "Actual Total Time": 0.003, "Actual Rows": 0, "Actual Loops": 1, "Output": ["\"Anunciante\"", "(EXTRACT(month FROM \"FECHA\"))::bigint", "(EXTRACT(year FROM \"FECHA\"))::bigint", "\"Vehiculo\"", "\"NumAnuncios\""], "Filter": "(((\"Generico_5\".\"Medio\")::text = 'TELEVISION NACIONAL'::text) AND ((\"Generico_5\".\"Anunciante\")::text = ANY ('{BANTRAB/TODOTICKET,TODOTICKET,TODOTICKET.COM}'::text[])) AND ((EXTRACT(year FROM \"Generico_5\".\"FECHA\"))::bigint = 2015) AND ((((EXTRACT(month FROM \"Generico_5\".\"FECHA\"))::bigint >= 2) AND ((EXTRACT(month FROM \"Generico_5\".\"FECHA\"))::bigint <= 12)) OR ((EXTRACT(month FROM \"Generico_5\".\"FECHA\"))::bigint IS NULL)))", "Rows Removed by Filter": 0}]}]}, "Planning Time": 0.123, "Triggers": [], "Execution Time": 0.045}]