[{"Plan": {"Node Type": "Limit", "Parallel Aware": false, "Async Capable": false, "Startup Cost": 0.0, "Total Cost": 11.0, "Plan Rows": 1, "Plan Width": 42, "Actual Startup Time": 0.002, "Actual Total Time": 0.002, "Actual Rows": 0, "Actual Loops": 1, "Output": ["term"], "Plans": [{"Node Type": "Seq Scan", "Parent Relationship": "Outer", "Parallel Aware": false, "Async Capable": false, "Relation Name": "Romance_2", "Schema": "pg_temp", "Alias": "Romance_2", "Startup Cost": 0.0, "Total Cost": 11.0, "Plan Rows": 1, "Plan Width": 42, "Actual Startup Time": 0.002, "Actual Total Time": 0.002, "Actual Rows": 0, "Actual Loops": 1, "Output": ["term"], "Filter": "((\"Romance_2\".term IS NULL) AND (\"Romance_2\".lng >= '-74.25'::double precision) AND (\"Romance_2\".lng <= '-73.55'::double precision) AND ((\"Romance_2\".lat)::double precision >= '40.46667'::double precision) AND ((\"Romance_2\".lat)::double precision <= '41'::double precision))", "Rows Removed by Filter": 0}]}, "Planning Time": 0.042, "Triggers": [], "Execution Time": 0.007}]