[{"Plan": {"Node Type": "Group", "Parallel Aware": false, "Async Capable": false, "Startup Cost": 11.02, "Total Cost": 11.03, "Plan Rows": 1, "Plan Width": 32, "Actual Startup Time": 0.003, "Actual Total Time": 0.003, "Actual Rows": 0, "Actual Loops": 1, "Output": ["(replace(TRIM(BOTH ' \\\\t\\ \\\\x0b\\\\f\\\\r'::text FROM lower((location)::text)), ','::text, ''::text))"], "Group Key": ["(replace(TRIM(BOTH ' \\\\t\\ \\\\x0b\\\\f\\\\r'::text FROM lower((\"Romance_1\".location)::text)), ','::text, ''::text))"], "Plans": [{"Node Type": "Sort", "Parent Relationship": "Outer", "Parallel Aware": false, "Async Capable": false, "Startup Cost": 11.02, "Total Cost": 11.02, "Plan Rows": 1, "Plan Width": 32, "Actual Startup Time": 0.003, "Actual Total Time": 0.003, "Actual Rows": 0, "Actual Loops": 1, "Output": ["(replace(TRIM(BOTH ' \\\\t\\ \\\\x0b\\\\f\\\\r'::text FROM lower((location)::text)), ','::text, ''::text))"], "Sort Key": ["(replace(TRIM(BOTH ' \\\\t\\ \\\\x0b\\\\f\\\\r'::text FROM lower((\"Romance_1\".location)::text)), ','::text, ''::text))"], "Sort Method": "quicksort", "Sort Space Used": 25, "Sort Space Type": "Memory", "Plans": [{"Node Type": "Seq Scan", "Parent Relationship": "Outer", "Parallel Aware": false, "Async Capable": false, "Relation Name": "Romance_1", "Schema": "pg_temp", "Alias": "Romance_1", "Startup Cost": 0.0, "Total Cost": 11.01, "Plan Rows": 1, "Plan Width": 32, "Actual Startup Time": 0.002, "Actual Total Time": 0.002, "Actual Rows": 0, "Actual Loops": 1, "Output": ["replace(TRIM(BOTH ' \\\\t\\ \\\\x0b\\\\f\\\\r'::text FROM lower((location)::text)), ','::text, ''::text)"], "Filter": "((\"Romance_1\".lng >= '-74.25'::double precision) AND (\"Romance_1\".lng <= '-73.55'::double precision) AND ((\"Romance_1\".lat)::double precision >= '40.46667'::double precision) AND ((\"Romance_1\".lat)::double precision <= '41'::double precision))", "Rows Removed by Filter": 0}]}]}, "Planning Time": 0.046, "Triggers": [], "Execution Time": 0.009}]