[{"Plan": {"Node Type": "Group", "Parallel Aware": false, "Async Capable": false, "Startup Cost": 13.33, "Total Cost": 13.73, "Plan Rows": 80, "Plan Width": 12, "Actual Startup Time": 0.003, "Actual Total Time": 0.003, "Actual Rows": 0, "Actual Loops": 1, "Output": ["nppes_provider_state"], "Group Key": ["\"Provider_1\".nppes_provider_state"], "Plans": [{"Node Type": "Sort", "Parent Relationship": "Outer", "Parallel Aware": false, "Async Capable": false, "Startup Cost": 13.33, "Total Cost": 13.53, "Plan Rows": 80, "Plan Width": 12, "Actual Startup Time": 0.003, "Actual Total Time": 0.003, "Actual Rows": 0, "Actual Loops": 1, "Output": ["nppes_provider_state"], "Sort Key": ["\"Provider_1\".nppes_provider_state"], "Sort Method": "quicksort", "Sort Space Used": 25, "Sort Space Type": "Memory", "Plans": [{"Node Type": "Seq Scan", "Parent Relationship": "Outer", "Parallel Aware": false, "Async Capable": false, "Relation Name": "Provider_1", "Schema": "pg_temp", "Alias": "Provider_1", "Startup Cost": 0.0, "Total Cost": 10.8, "Plan Rows": 80, "Plan Width": 12, "Actual Startup Time": 0.002, "Actual Total Time": 0.002, "Actual Rows": 0, "Actual Loops": 1, "Output": ["nppes_provider_state"]}]}]}, "Planning Time": 0.056, "Triggers": [], "Execution Time": 0.007}]