[{"Plan": {"Node Type": "Group", "Parallel Aware": false, "Async Capable": false, "Startup Cost": 11.01, "Total Cost": 11.02, "Plan Rows": 1, "Plan Width": 116, "Actual Startup Time": 0.002, "Actual Total Time": 0.002, "Actual Rows": 0, "Actual Loops": 1, "Output": ["nppes_provider_state", "provider_type"], "Group Key": ["\"Provider_8\".nppes_provider_state", "\"Provider_8\".provider_type"], "Plans": [{"Node Type": "Sort", "Parent Relationship": "Outer", "Parallel Aware": false, "Async Capable": false, "Startup Cost": 11.01, "Total Cost": 11.02, "Plan Rows": 1, "Plan Width": 116, "Actual Startup Time": 0.002, "Actual Total Time": 0.002, "Actual Rows": 0, "Actual Loops": 1, "Output": ["nppes_provider_state", "provider_type"], "Sort Key": ["\"Provider_8\".nppes_provider_state", "\"Provider_8\".provider_type"], "Sort Method": "quicksort", "Sort Space Used": 25, "Sort Space Type": "Memory", "Plans": [{"Node Type": "Seq Scan", "Parent Relationship": "Outer", "Parallel Aware": false, "Async Capable": false, "Relation Name": "Provider_8", "Schema": "pg_temp", "Alias": "Provider_8", "Startup Cost": 0.0, "Total Cost": 11.0, "Plan Rows": 1, "Plan Width": 116, "Actual Startup Time": 0.001, "Actual Total Time": 0.001, "Actual Rows": 0, "Actual Loops": 1, "Output": ["nppes_provider_state", "provider_type"], "Filter": "((\"Provider_8\".nppes_provider_city)::text = 'GREENVILLE'::text)", "Rows Removed by Filter": 0}]}]}, "Planning Time": 0.019, "Triggers": [], "Execution Time": 0.007}]