[{"Plan": {"Node Type": "Group", "Parallel Aware": false, "Async Capable": false, "Startup Cost": 11.41, "Total Cost": 11.42, "Plan Rows": 1, "Plan Width": 128, "Actual Startup Time": 0.002, "Actual Total Time": 0.002, "Actual Rows": 0, "Actual Loops": 1, "Output": ["nppes_provider_street1"], "Group Key": ["\"Provider_8\".nppes_provider_street1"], "Plans": [{"Node Type": "Sort", "Parent Relationship": "Outer", "Parallel Aware": false, "Async Capable": false, "Startup Cost": 11.41, "Total Cost": 11.42, "Plan Rows": 1, "Plan Width": 128, "Actual Startup Time": 0.002, "Actual Total Time": 0.002, "Actual Rows": 0, "Actual Loops": 1, "Output": ["nppes_provider_street1"], "Sort Key": ["\"Provider_8\".nppes_provider_street1"], "Sort Method": "quicksort", "Sort Space Used": 25, "Sort Space Type": "Memory", "Plans": [{"Node Type": "Seq Scan", "Parent Relationship": "Outer", "Parallel Aware": false, "Async Capable": false, "Relation Name": "Provider_8", "Schema": "pg_temp", "Alias": "Provider_8", "Startup Cost": 0.0, "Total Cost": 11.4, "Plan Rows": 1, "Plan Width": 128, "Actual Startup Time": 0.001, "Actual Total Time": 0.001, "Actual Rows": 0, "Actual Loops": 1, "Output": ["nppes_provider_street1"], "Filter": "(((\"Provider_8\".nppes_provider_city)::text = 'LINCOLN'::text) AND ((\"Provider_8\".nppes_provider_state)::text = 'RI'::text) AND ((\"Provider_8\".provider_type)::text = 'Internal Medicine'::text))", "Rows Removed by Filter": 0}]}]}, "Planning Time": 0.019, "Triggers": [], "Execution Time": 0.008}]