[{"Plan": {"Node Type": "Aggregate", "Strategy": "Sorted", "Partial Mode": "Simple", "Parallel Aware": false, "Async Capable": false, "Startup Cost": 11.22, "Total Cost": 11.3, "Plan Rows": 1, "Plan Width": 228, "Actual Startup Time": 0.003, "Actual Total Time": 0.003, "Actual Rows": 0, "Actual Loops": 1, "Output": ["(CASE WHEN ((nppes_provider_last_org_name)::text = ''::text) THEN 'Provider 1'::text WHEN ((nppes_provider_last_org_name)::text = ''::text) THEN 'Provider 2'::text WHEN ((nppes_provider_last_org_name)::text = ''::text) THEN 'Provider 3'::text ELSE 'Others'::text END)", "(CASE WHEN ((nppes_provider_last_org_name)::text = ''::text) THEN 'highlight'::text WHEN ((nppes_provider_last_org_name)::text = ''::text) THEN 'highlight'::text WHEN ((nppes_provider_last_org_name)::text = ''::text) THEN 'highlight'::text ELSE 'do not highlight'::text END)", "max((nppes_provider_first_name)::text)", "min((nppes_provider_first_name)::text)", "min((nppes_provider_last_org_name)::text)", "max((nppes_provider_last_org_name)::text)", "(npi)::bigint", "sum((average_submitted_chrg_amt * ((bene_day_srvc_cnt)::bigint)::double precision))", "sum((\"average_Medicare_allowed_amt\" * ((line_srvc_cnt)::bigint)::double precision))", "sum((\"average_Medicare_payment_amt\" * ((line_srvc_cnt)::bigint)::double precision))", "npi"], "Group Key": ["(CASE WHEN ((\"Provider_8\".nppes_provider_last_org_name)::text = ''::text) THEN 'Provider 1'::text WHEN ((\"Provider_8\".nppes_provider_last_org_name)::text = ''::text) THEN 'Provider 2'::text WHEN ((\"Provider_8\".nppes_provider_last_org_name)::text = ''::text) THEN 'Provider 3'::text ELSE 'Others'::text END)", "(CASE WHEN ((\"Provider_8\".nppes_provider_last_org_name)::text = ''::text) THEN 'highlight'::text WHEN ((\"Provider_8\".nppes_provider_last_org_name)::text = ''::text) THEN 'highlight'::text WHEN ((\"Provider_8\".nppes_provider_last_org_name)::text = ''::text) THEN 'highlight'::text ELSE 'do not highlight'::text END)", "\"Provider_8\".npi"], "Plans": [{"Node Type": "Sort", "Parent Relationship": "Outer", "Parallel Aware": false, "Async Capable": false, "Startup Cost": 11.22, "Total Cost": 11.23, "Plan Rows": 1, "Plan Width": 316, "Actual Startup Time": 0.002, "Actual Total Time": 0.002, "Actual Rows": 0, "Actual Loops": 1, "Output": ["(CASE WHEN ((nppes_provider_last_org_name)::text = ''::text) THEN 'Provider 1'::text WHEN ((nppes_provider_last_org_name)::text = ''::text) THEN 'Provider 2'::text WHEN ((nppes_provider_last_org_name)::text = ''::text) THEN 'Provider 3'::text ELSE 'Others'::text END)", "(CASE WHEN ((nppes_provider_last_org_name)::text = ''::text) THEN 'highlight'::text WHEN ((nppes_provider_last_org_name)::text = ''::text) THEN 'highlight'::text WHEN ((nppes_provider_last_org_name)::text = ''::text) THEN 'highlight'::text ELSE 'do not highlight'::text END)", "npi", "nppes_provider_first_name", "nppes_provider_last_org_name", "average_submitted_chrg_amt", "bene_day_srvc_cnt", "\"average_Medicare_allowed_amt\"", "line_srvc_cnt", "\"average_Medicare_payment_amt\""], "Sort Key": ["(CASE WHEN ((\"Provider_8\".nppes_provider_last_org_name)::text = ''::text) THEN 'Provider 1'::text WHEN ((\"Provider_8\".nppes_provider_last_org_name)::text = ''::text) THEN 'Provider 2'::text WHEN ((\"Provider_8\".nppes_provider_last_org_name)::text = ''::text) THEN 'Provider 3'::text ELSE 'Others'::text END)", "(CASE WHEN ((\"Provider_8\".nppes_provider_last_org_name)::text = ''::text) THEN 'highlight'::text WHEN ((\"Provider_8\".nppes_provider_last_org_name)::text = ''::text) THEN 'highlight'::text WHEN ((\"Provider_8\".nppes_provider_last_org_name)::text = ''::text) THEN 'highlight'::text ELSE 'do not highlight'::text END)", "\"Provider_8\".npi"], "Sort Method": "quicksort", "Sort Space Used": 25, "Sort Space Type": "Memory", "Plans": [{"Node Type": "Seq Scan", "Parent Relationship": "Outer", "Parallel Aware": false, "Async Capable": false, "Relation Name": "Provider_8", "Schema": "pg_temp", "Alias": "Provider_8", "Startup Cost": 0.0, "Total Cost": 11.21, "Plan Rows": 1, "Plan Width": 316, "Actual Startup Time": 0.001, "Actual Total Time": 0.001, "Actual Rows": 0, "Actual Loops": 1, "Output": ["CASE WHEN ((nppes_provider_last_org_name)::text = ''::text) THEN 'Provider 1'::text WHEN ((nppes_provider_last_org_name)::text = ''::text) THEN 'Provider 2'::text WHEN ((nppes_provider_last_org_name)::text = ''::text) THEN 'Provider 3'::text ELSE 'Others'::text END", "CASE WHEN ((nppes_provider_last_org_name)::text = ''::text) THEN 'highlight'::text WHEN ((nppes_provider_last_org_name)::text = ''::text) THEN 'highlight'::text WHEN ((nppes_provider_last_org_name)::text = ''::text) THEN 'highlight'::text ELSE 'do not highlight'::text END", "npi", "nppes_provider_first_name", "nppes_provider_last_org_name", "average_submitted_chrg_amt", "bene_day_srvc_cnt", "\"average_Medicare_allowed_amt\"", "line_srvc_cnt", "\"average_Medicare_payment_amt\""], "Filter": "(((\"Provider_8\".nppes_provider_state)::text = 'WA'::text) AND ((\"Provider_8\".provider_type)::text = 'Emergency Medicine'::text))", "Rows Removed by Filter": 0}]}]}, "Planning Time": 0.041, "Triggers": [], "Execution Time": 0.018}]