[{"Plan": {"Node Type": "Sort", "Parallel Aware": false, "Async Capable": false, "Startup Cost": 14.53, "Total Cost": 14.73, "Plan Rows": 80, "Plan Width": 12, "Actual Startup Time": 0.002, "Actual Total Time": 0.002, "Actual Rows": 0, "Actual Loops": 1, "Output": ["((hcpcs_code)::bigint)", "hcpcs_code"], "Sort Key": ["((\"Provider_7\".hcpcs_code)::bigint)"], "Sort Method": "quicksort", "Sort Space Used": 25, "Sort Space Type": "Memory", "Plans": [{"Node Type": "Aggregate", "Strategy": "Hashed", "Partial Mode": "Simple", "Parent Relationship": "Outer", "Parallel Aware": false, "Async Capable": false, "Startup Cost": 11.0, "Total Cost": 12.0, "Plan Rows": 80, "Plan Width": 12, "Actual Startup Time": 0.001, "Actual Total Time": 0.001, "Actual Rows": 0, "Actual Loops": 1, "Output": ["(hcpcs_code)::bigint", "hcpcs_code"], "Group Key": ["\"Provider_7\".hcpcs_code"], "Planned Partitions": 0, "HashAgg Batches": 1, "Peak Memory Usage": 24, "Disk Usage": 0, "Plans": [{"Node Type": "Seq Scan", "Parent Relationship": "Outer", "Parallel Aware": false, "Async Capable": false, "Relation Name": "Provider_7", "Schema": "pg_temp", "Alias": "Provider_7", "Startup Cost": 0.0, "Total Cost": 10.8, "Plan Rows": 80, "Plan Width": 4, "Actual Startup Time": 0.001, "Actual Total Time": 0.001, "Actual Rows": 0, "Actual Loops": 1, "Output": ["\"Number of Records\"", "\"average_Medicare_allowed_amt\"", "\"average_Medicare_payment_amt\"", "average_submitted_chrg_amt", "bene_day_srvc_cnt", "bene_unique_cnt", "hcpcs_code", "hcpcs_description", "line_srvc_cnt", "medicare_participation_indicator", "npi", "nppes_credentials", "nppes_entity_code", "nppes_provider_city", "nppes_provider_country", "nppes_provider_first_name", "nppes_provider_gender", "nppes_provider_last_org_name", "nppes_provider_mi", "nppes_provider_state", "nppes_provider_street1", "nppes_provider_street2", "nppes_provider_zip", "place_of_service", "provider_type", "\"stdev_Medicare_allowed_amt\"", "\"stdev_Medicare_payment_amt\"", "stdev_submitted_chrg_amt"]}]}]}, "Planning Time": 0.013, "Triggers": [], "Execution Time": 0.01}]