[{"Plan": {"Node Type": "Group", "Parallel Aware": false, "Async Capable": false, "Startup Cost": 13.33, "Total Cost": 13.73, "Plan Rows": 80, "Plan Width": 104, "Actual Startup Time": 0.003, "Actual Total Time": 0.003, "Actual Rows": 0, "Actual Loops": 1, "Output": ["provider_type"], "Group Key": ["\"Provider_7\".provider_type"], "Plans": [{"Node Type": "Sort", "Parent Relationship": "Outer", "Parallel Aware": false, "Async Capable": false, "Startup Cost": 13.33, "Total Cost": 13.53, "Plan Rows": 80, "Plan Width": 104, "Actual Startup Time": 0.003, "Actual Total Time": 0.003, "Actual Rows": 0, "Actual Loops": 1, "Output": ["provider_type"], "Sort Key": ["\"Provider_7\".provider_type"], "Sort Method": "quicksort", "Sort Space Used": 25, "Sort Space Type": "Memory", "Plans": [{"Node Type": "Seq Scan", "Parent Relationship": "Outer", "Parallel Aware": false, "Async Capable": false, "Relation Name": "Provider_7", "Schema": "pg_temp", "Alias": "Provider_7", "Startup Cost": 0.0, "Total Cost": 10.8, "Plan Rows": 80, "Plan Width": 104, "Actual Startup Time": 0.002, "Actual Total Time": 0.002, "Actual Rows": 0, "Actual Loops": 1, "Output": ["provider_type"]}]}]}, "Planning Time": 0.061, "Triggers": [], "Execution Time": 0.007}]