[{"Plan": {"Node Type": "Aggregate", "Strategy": "Sorted", "Partial Mode": "Simple", "Parallel Aware": false, "Async Capable": false, "Startup Cost": 10.63, "Total Cost": 10.66, "Plan Rows": 1, "Plan Width": 294, "Actual Startup Time": 0.014, "Actual Total Time": 0.015, "Actual Rows": 0, "Actual Loops": 1, "Output": ["\"NPPES_PROVIDER_LAST_ORG_NAME\"", "\"NPPES_PROVIDER_STATE\"", "(\"NPPES_PROVIDER_ZIP\")::bigint", "\"PROVIDER_TYPE\"", "sum(\"LINE_SRVC_CNT\")", "\"NPPES_PROVIDER_ZIP\""], "Group Key": ["\"PanCreactomy2_1\".\"NPPES_PROVIDER_LAST_ORG_NAME\"", "\"PanCreactomy2_1\".\"NPPES_PROVIDER_STATE\"", "\"PanCreactomy2_1\".\"NPPES_PROVIDER_ZIP\"", "\"PanCreactomy2_1\".\"PROVIDER_TYPE\""], "Plans": [{"Node Type": "Sort", "Parent Relationship": "Outer", "Parallel Aware": false, "Async Capable": false, "Startup Cost": 10.63, "Total Cost": 10.64, "Plan Rows": 1, "Plan Width": 286, "Actual Startup Time": 0.013, "Actual Total Time": 0.014, "Actual Rows": 0, "Actual Loops": 1, "Output": ["\"NPPES_PROVIDER_LAST_ORG_NAME\"", "\"NPPES_PROVIDER_STATE\"", "\"PROVIDER_TYPE\"", "\"NPPES_PROVIDER_ZIP\"", "\"LINE_SRVC_CNT\""], "Sort Key": ["\"PanCreactomy2_1\".\"NPPES_PROVIDER_LAST_ORG_NAME\"", "\"PanCreactomy2_1\".\"NPPES_PROVIDER_STATE\"", "\"PanCreactomy2_1\".\"NPPES_PROVIDER_ZIP\"", "\"PanCreactomy2_1\".\"PROVIDER_TYPE\""], "Sort Method": "quicksort", "Sort Space Used": 25, "Sort Space Type": "Memory", "Plans": [{"Node Type": "Seq Scan", "Parent Relationship": "Outer", "Parallel Aware": false, "Async Capable": false, "Relation Name": "PanCreactomy2_1", "Schema": "pg_temp", "Alias": "PanCreactomy2_1", "Startup Cost": 0.0, "Total Cost": 10.62, "Plan Rows": 1, "Plan Width": 286, "Actual Startup Time": 0.007, "Actual Total Time": 0.007, "Actual Rows": 0, "Actual Loops": 1, "Output": ["\"NPPES_PROVIDER_LAST_ORG_NAME\"", "\"NPPES_PROVIDER_STATE\"", "\"PROVIDER_TYPE\"", "\"NPPES_PROVIDER_ZIP\"", "\"LINE_SRVC_CNT\""], "Filter": "((\"PanCreactomy2_1\".\"HCPCS_DESCRIPTION\")::text = 'Imaging of pancreatic duct for placement of catheter using an endoscope'::text)", "Rows Removed by Filter": 0}]}]}, "Planning Time": 0.252, "Triggers": [], "Execution Time": 0.05}]