[{"Plan": {"Node Type": "Aggregate", "Strategy": "Sorted", "Partial Mode": "Simple", "Parallel Aware": false, "Async Capable": false, "Startup Cost": 10.95, "Total Cost": 10.98, "Plan Rows": 1, "Plan Width": 298, "Actual Startup Time": 0.016, "Actual Total Time": 0.017, "Actual Rows": 0, "Actual Loops": 1, "Output": ["\"NPPES_PROVIDER_GENDER\"", "\"NPPES_PROVIDER_LAST_ORG_NAME\"", "\"NPPES_PROVIDER_STATE\"", "\"PROVIDER_TYPE\"", "sum(\"AVERAGE_MEDICARE_PAYMENT_AMT\")", "sum(\"LINE_SRVC_CNT\")"], "Group Key": ["\"PanCreactomy2_2\".\"NPPES_PROVIDER_GENDER\"", "\"PanCreactomy2_2\".\"NPPES_PROVIDER_LAST_ORG_NAME\"", "\"PanCreactomy2_2\".\"NPPES_PROVIDER_STATE\"", "\"PanCreactomy2_2\".\"PROVIDER_TYPE\""], "Plans": [{"Node Type": "Sort", "Parent Relationship": "Outer", "Parallel Aware": false, "Async Capable": false, "Startup Cost": 10.95, "Total Cost": 10.95, "Plan Rows": 1, "Plan Width": 298, "Actual Startup Time": 0.015, "Actual Total Time": 0.015, "Actual Rows": 0, "Actual Loops": 1, "Output": ["\"NPPES_PROVIDER_GENDER\"", "\"NPPES_PROVIDER_LAST_ORG_NAME\"", "\"NPPES_PROVIDER_STATE\"", "\"PROVIDER_TYPE\"", "\"AVERAGE_MEDICARE_PAYMENT_AMT\"", "\"LINE_SRVC_CNT\""], "Sort Key": ["\"PanCreactomy2_2\".\"NPPES_PROVIDER_GENDER\"", "\"PanCreactomy2_2\".\"NPPES_PROVIDER_LAST_ORG_NAME\"", "\"PanCreactomy2_2\".\"NPPES_PROVIDER_STATE\"", "\"PanCreactomy2_2\".\"PROVIDER_TYPE\""], "Sort Method": "quicksort", "Sort Space Used": 25, "Sort Space Type": "Memory", "Plans": [{"Node Type": "Seq Scan", "Parent Relationship": "Outer", "Parallel Aware": false, "Async Capable": false, "Relation Name": "PanCreactomy2_2", "Schema": "pg_temp", "Alias": "PanCreactomy2_2", "Startup Cost": 0.0, "Total Cost": 10.94, "Plan Rows": 1, "Plan Width": 298, "Actual Startup Time": 0.008, "Actual Total Time": 0.008, "Actual Rows": 0, "Actual Loops": 1, "Output": ["\"NPPES_PROVIDER_GENDER\"", "\"NPPES_PROVIDER_LAST_ORG_NAME\"", "\"NPPES_PROVIDER_STATE\"", "\"PROVIDER_TYPE\"", "\"AVERAGE_MEDICARE_PAYMENT_AMT\"", "\"LINE_SRVC_CNT\""], "Filter": "(((\"PanCreactomy2_2\".\"PROVIDER_TYPE\")::text = ANY ('{\"General Surgery\",\"Surgical Oncology\",\"Vascular Surgery\"}'::text[])) AND ((\"PanCreactomy2_2\".\"HCPCS_DESCRIPTION\")::text = ANY ('{\"Pancreas procedure\",\"Partial removal of pancreas\",\"Partial removal of pancreas with attachment to small bowel\",\"Partial removal of pancreas, bile duct and small bowel with connection of pancreas to small bowel\"}'::text[])))", "Rows Removed by Filter": 0}]}]}, "Planning Time": 0.307, "Triggers": [], "Execution Time": 0.052}]