[{"Plan": {"Node Type": "Aggregate", "Strategy": "Sorted", "Partial Mode": "Simple", "Parallel Aware": false, "Async Capable": false, "Startup Cost": 10.26, "Total Cost": 10.3, "Plan Rows": 1, "Plan Width": 982, "Actual Startup Time": 0.006, "Actual Total Time": 0.007, "Actual Rows": 0, "Actual Loops": 1, "Output": ["\"Calculation_838513978982854656\"", "municipio_do_local_da_oferta", "no_dependencia_admin", "nome_curso_catalogo_guia", "nome_da_ue", "sum((\"Number of Records\")::bigint)", "uf_do_local_da_oferta", "((EXTRACT(year FROM data_de_inicio))::bigint)"], "Group Key": ["\"Uberlandia_1\".\"Calculation_838513978982854656\"", "\"Uberlandia_1\".municipio_do_local_da_oferta", "\"Uberlandia_1\".no_dependencia_admin", "\"Uberlandia_1\".nome_curso_catalogo_guia", "\"Uberlandia_1\".nome_da_ue", "\"Uberlandia_1\".uf_do_local_da_oferta", "((EXTRACT(year FROM \"Uberlandia_1\".data_de_inicio))::bigint)"], "Plans": [{"Node Type": "Sort", "Parent Relationship": "Outer", "Parallel Aware": false, "Async Capable": false, "Startup Cost": 10.26, "Total Cost": 10.26, "Plan Rows": 1, "Plan Width": 952, "Actual Startup Time": 0.006, "Actual Total Time": 0.006, "Actual Rows": 0, "Actual Loops": 1, "Output": ["\"Calculation_838513978982854656\"", "municipio_do_local_da_oferta", "no_dependencia_admin", "nome_curso_catalogo_guia", "nome_da_ue", "uf_do_local_da_oferta", "((EXTRACT(year FROM data_de_inicio))::bigint)", "\"Number of Records\""], "Sort Key": ["\"Uberlandia_1\".\"Calculation_838513978982854656\"", "\"Uberlandia_1\".municipio_do_local_da_oferta", "\"Uberlandia_1\".no_dependencia_admin", "\"Uberlandia_1\".nome_curso_catalogo_guia", "\"Uberlandia_1\".nome_da_ue", "((EXTRACT(year FROM \"Uberlandia_1\".data_de_inicio))::bigint)"], "Sort Method": "quicksort", "Sort Space Used": 25, "Sort Space Type": "Memory", "Plans": [{"Node Type": "Seq Scan", "Parent Relationship": "Outer", "Parallel Aware": false, "Async Capable": false, "Relation Name": "Uberlandia_1", "Schema": "pg_temp", "Alias": "Uberlandia_1", "Startup Cost": 0.03, "Total Cost": 10.25, "Plan Rows": 1, "Plan Width": 952, "Actual Startup Time": 0.002, "Actual Total Time": 0.002, "Actual Rows": 0, "Actual Loops": 1, "Output": ["\"Calculation_838513978982854656\"", "municipio_do_local_da_oferta", "no_dependencia_admin", "nome_curso_catalogo_guia", "nome_da_ue", "uf_do_local_da_oferta", "(EXTRACT(year FROM data_de_inicio))::bigint", "\"Number of Records\""], "Filter": "((\"Uberlandia_1\".\"nome da sit matricula (situacao detalhada)\" IS NOT NULL) AND ((\"Uberlandia_1\".uf_do_local_da_oferta)::text = 'PE'::text) AND ((\"Uberlandia_1\".situacao_da_turma)::text <> ALL ('{CANCELADA,CRIADA,PUBLICADA}'::text[])) AND ((\"Uberlandia_1\".\"nome da sit matricula (situacao detalhada)\")::text = ANY ('{\"\",TRANSF_EXT,INTEGRALIZADA,FREQ_INIC_INSUF,TRANCADA,CONCLU\u00cdDA,TRANSF_INT,EM_CURSO,REPROVADA,ABANDONO,CONFIRMADA,EM_DEPEND\u00caNCIA}'::text[])))", "Rows Removed by Filter": 0}]}]}, "Planning Time": 0.1, "Triggers": [], "Execution Time": 0.028}]