[{"Plan": {"Node Type": "Aggregate", "Strategy": "Sorted", "Partial Mode": "Simple", "Parallel Aware": false, "Async Capable": false, "Startup Cost": 10.31, "Total Cost": 10.35, "Plan Rows": 1, "Plan Width": 366, "Actual Startup Time": 0.006, "Actual Total Time": 0.007, "Actual Rows": 0, "Actual Loops": 1, "Output": ["count(DISTINCT \"Calculation_838513981462429699\")", "ead", "edital", "forma_ingresso", "no_modalidade", "((EXTRACT(year FROM data_de_inicio))::bigint)"], "Group Key": ["\"Uberlandia_1\".ead", "\"Uberlandia_1\".edital", "\"Uberlandia_1\".forma_ingresso", "\"Uberlandia_1\".no_modalidade", "((EXTRACT(year FROM \"Uberlandia_1\".data_de_inicio))::bigint)"], "Plans": [{"Node Type": "Sort", "Parent Relationship": "Outer", "Parallel Aware": false, "Async Capable": false, "Startup Cost": 10.31, "Total Cost": 10.32, "Plan Rows": 1, "Plan Width": 414, "Actual Startup Time": 0.005, "Actual Total Time": 0.006, "Actual Rows": 0, "Actual Loops": 1, "Output": ["ead", "edital", "forma_ingresso", "no_modalidade", "((EXTRACT(year FROM data_de_inicio))::bigint)", "\"Calculation_838513981462429699\""], "Sort Key": ["\"Uberlandia_1\".ead", "\"Uberlandia_1\".edital", "\"Uberlandia_1\".forma_ingresso", "\"Uberlandia_1\".no_modalidade"], "Sort Method": "quicksort", "Sort Space Used": 25, "Sort Space Type": "Memory", "Plans": [{"Node Type": "Seq Scan", "Parent Relationship": "Outer", "Parallel Aware": false, "Async Capable": false, "Relation Name": "Uberlandia_1", "Schema": "pg_temp", "Alias": "Uberlandia_1", "Startup Cost": 0.03, "Total Cost": 10.3, "Plan Rows": 1, "Plan Width": 414, "Actual Startup Time": 0.002, "Actual Total Time": 0.002, "Actual Rows": 0, "Actual Loops": 1, "Output": ["ead", "edital", "forma_ingresso", "no_modalidade", "(EXTRACT(year FROM data_de_inicio))::bigint", "\"Calculation_838513981462429699\""], "Filter": "((\"Uberlandia_1\".\"nome da sit matricula (situacao detalhada)\" IS NOT NULL) AND ((\"Uberlandia_1\".situacao_da_turma)::text <> ALL ('{CANCELADA,CRIADA,PUBLICADA}'::text[])) AND ((\"Uberlandia_1\".\"nome da sit matricula (situacao detalhada)\")::text <> ALL ('{CANC_DESISTENTE,CANC_MAT_PRIM_OPCAO,CANC_SAN\u00c7\u00c3O,CANC_SEM_FREQ_INICIAL,CANC_TURMA,DOC_INSUFIC,ESCOL_INSUFIC,\"INC _ITINERARIO\",INSC_CANC,\"N\u00e3o Matriculado\",N\u00c3O_COMPARECEU,TURMA_CANC,VAGAS_INSUFIC}'::text[])) AND ((EXTRACT(year FROM \"Uberlandia_1\".data_de_inicio))::bigint = 2015))", "Rows Removed by Filter": 0}]}]}, "Planning Time": 0.098, "Triggers": [], "Execution Time": 0.029}]