[{"Plan": {"Node Type": "Aggregate", "Strategy": "Sorted", "Partial Mode": "Simple", "Parallel Aware": false, "Async Capable": false, "Startup Cost": 10.36, "Total Cost": 10.38, "Plan Rows": 1, "Plan Width": 248, "Actual Startup Time": 0.009, "Actual Total Time": 0.009, "Actual Rows": 0, "Actual Loops": 1, "Output": ["count(DISTINCT \"Calculation_838513981462429699\")", "eixo_tecnologico_catalogo_guia", "\"eixo_tecnol\u00f3gico\"", "subtipo_curso"], "Group Key": ["\"Uberlandia_1\".eixo_tecnologico_catalogo_guia", "\"Uberlandia_1\".\"eixo_tecnol\u00f3gico\"", "\"Uberlandia_1\".subtipo_curso"], "Plans": [{"Node Type": "Sort", "Parent Relationship": "Outer", "Parallel Aware": false, "Async Capable": false, "Startup Cost": 10.36, "Total Cost": 10.36, "Plan Rows": 1, "Plan Width": 296, "Actual Startup Time": 0.008, "Actual Total Time": 0.008, "Actual Rows": 0, "Actual Loops": 1, "Output": ["eixo_tecnologico_catalogo_guia", "\"eixo_tecnol\u00f3gico\"", "subtipo_curso", "\"Calculation_838513981462429699\""], "Sort Key": ["\"Uberlandia_1\".eixo_tecnologico_catalogo_guia", "\"Uberlandia_1\".\"eixo_tecnol\u00f3gico\"", "\"Uberlandia_1\".subtipo_curso"], "Sort Method": "quicksort", "Sort Space Used": 25, "Sort Space Type": "Memory", "Plans": [{"Node Type": "Seq Scan", "Parent Relationship": "Outer", "Parallel Aware": false, "Async Capable": false, "Relation Name": "Uberlandia_1", "Schema": "pg_temp", "Alias": "Uberlandia_1", "Startup Cost": 0.03, "Total Cost": 10.35, "Plan Rows": 1, "Plan Width": 296, "Actual Startup Time": 0.004, "Actual Total Time": 0.005, "Actual Rows": 0, "Actual Loops": 1, "Output": ["eixo_tecnologico_catalogo_guia", "\"eixo_tecnol\u00f3gico\"", "subtipo_curso", "\"Calculation_838513981462429699\""], "Filter": "((\"Uberlandia_1\".\"nome da sit matricula (situacao detalhada)\" IS NOT NULL) AND ((\"Uberlandia_1\".situacao_da_turma)::text <> ALL ('{CANCELADA,CRIADA,PUBLICADA}'::text[])) AND ((\"Uberlandia_1\".\"nome da sit matricula (situacao detalhada)\")::text <> ALL ('{CANC_DESISTENTE,CANC_MAT_PRIM_OPCAO,CANC_SAN\u00c7\u00c3O,CANC_SEM_FREQ_INICIAL,CANC_TURMA,DOC_INSUFIC,ESCOL_INSUFIC,\"INC _ITINERARIO\",INSC_CANC,\"N\u00e3o Matriculado\",N\u00c3O_COMPARECEU,TURMA_CANC,VAGAS_INSUFIC}'::text[])) AND ((EXTRACT(year FROM \"Uberlandia_1\".data_de_inicio))::bigint = ANY ('{2011,2012,2013,2014,2015,2016}'::bigint[])))", "Rows Removed by Filter": 0}]}]}, "Planning Time": 0.361, "Triggers": [], "Execution Time": 0.031}]