[{"Plan": {"Node Type": "Aggregate", "Strategy": "Sorted", "Partial Mode": "Simple", "Parallel Aware": false, "Async Capable": false, "Startup Cost": 10.26, "Total Cost": 10.29, "Plan Rows": 1, "Plan Width": 570, "Actual Startup Time": 0.006, "Actual Total Time": 0.007, "Actual Rows": 0, "Actual Loops": 1, "Output": ["\"Calculation_838513978982854656\"", "count(DISTINCT \"Calculation_838513981462429699\")", "municipio_do_local_da_oferta", "nome_curso_catalogo_guia", "uf_do_local_da_oferta", "((EXTRACT(year FROM data_de_inicio))::bigint)"], "Group Key": ["\"Uberlandia_1\".\"Calculation_838513978982854656\"", "\"Uberlandia_1\".municipio_do_local_da_oferta", "\"Uberlandia_1\".nome_curso_catalogo_guia", "\"Uberlandia_1\".uf_do_local_da_oferta", "((EXTRACT(year FROM \"Uberlandia_1\".data_de_inicio))::bigint)"], "Plans": [{"Node Type": "Sort", "Parent Relationship": "Outer", "Parallel Aware": false, "Async Capable": false, "Startup Cost": 10.26, "Total Cost": 10.27, "Plan Rows": 1, "Plan Width": 618, "Actual Startup Time": 0.005, "Actual Total Time": 0.006, "Actual Rows": 0, "Actual Loops": 1, "Output": ["\"Calculation_838513978982854656\"", "municipio_do_local_da_oferta", "nome_curso_catalogo_guia", "uf_do_local_da_oferta", "((EXTRACT(year FROM data_de_inicio))::bigint)", "\"Calculation_838513981462429699\""], "Sort Key": ["\"Uberlandia_1\".\"Calculation_838513978982854656\"", "\"Uberlandia_1\".municipio_do_local_da_oferta", "\"Uberlandia_1\".nome_curso_catalogo_guia", "((EXTRACT(year FROM \"Uberlandia_1\".data_de_inicio))::bigint)"], "Sort Method": "quicksort", "Sort Space Used": 25, "Sort Space Type": "Memory", "Plans": [{"Node Type": "Seq Scan", "Parent Relationship": "Outer", "Parallel Aware": false, "Async Capable": false, "Relation Name": "Uberlandia_1", "Schema": "pg_temp", "Alias": "Uberlandia_1", "Startup Cost": 0.03, "Total Cost": 10.25, "Plan Rows": 1, "Plan Width": 618, "Actual Startup Time": 0.002, "Actual Total Time": 0.002, "Actual Rows": 0, "Actual Loops": 1, "Output": ["\"Calculation_838513978982854656\"", "municipio_do_local_da_oferta", "nome_curso_catalogo_guia", "uf_do_local_da_oferta", "(EXTRACT(year FROM data_de_inicio))::bigint", "\"Calculation_838513981462429699\""], "Filter": "((\"Uberlandia_1\".\"nome da sit matricula (situacao detalhada)\" IS NOT NULL) AND ((\"Uberlandia_1\".uf_do_local_da_oferta)::text = 'PE'::text) AND ((\"Uberlandia_1\".situacao_da_turma)::text <> ALL ('{CANCELADA,CRIADA,PUBLICADA}'::text[])) AND ((\"Uberlandia_1\".\"nome da sit matricula (situacao detalhada)\")::text <> ALL ('{CANC_DESISTENTE,CANC_MAT_PRIM_OPCAO,CANC_SAN\u00c7\u00c3O,CANC_SEM_FREQ_INICIAL,CANC_TURMA,DOC_INSUFIC,ESCOL_INSUFIC,\"INC _ITINERARIO\",INSC_CANC,\"N\u00e3o Matriculado\",N\u00c3O_COMPARECEU,TURMA_CANC,VAGAS_INSUFIC}'::text[])))", "Rows Removed by Filter": 0}]}]}, "Planning Time": 0.095, "Triggers": [], "Execution Time": 0.027}]