[{"Plan": {"Node Type": "Sort", "Parallel Aware": false, "Async Capable": false, "Startup Cost": 23.27, "Total Cost": 23.77, "Plan Rows": 200, "Plan Width": 58, "Actual Startup Time": 0.014, "Actual Total Time": 0.015, "Actual Rows": 0, "Actual Loops": 1, "Output": ["\"State\""], "Sort Key": ["\"IGlocations1_1\".\"State\""], "Sort Method": "quicksort", "Sort Space Used": 25, "Sort Space Type": "Memory", "Plans": [{"Node Type": "Aggregate", "Strategy": "Hashed", "Partial Mode": "Simple", "Parent Relationship": "Outer", "Parallel Aware": false, "Async Capable": false, "Startup Cost": 13.62, "Total Cost": 15.62, "Plan Rows": 200, "Plan Width": 58, "Actual Startup Time": 0.009, "Actual Total Time": 0.01, "Actual Rows": 0, "Actual Loops": 1, "Output": ["\"State\""], "Group Key": ["\"IGlocations1_1\".\"State\""], "Planned Partitions": 0, "HashAgg Batches": 1, "Peak Memory Usage": 40, "Disk Usage": 0, "Plans": [{"Node Type": "Seq Scan", "Parent Relationship": "Outer", "Parallel Aware": false, "Async Capable": false, "Relation Name": "IGlocations1_1", "Schema": "pg_temp", "Alias": "IGlocations1_1", "Startup Cost": 0.0, "Total Cost": 12.9, "Plan Rows": 290, "Plan Width": 58, "Actual Startup Time": 0.006, "Actual Total Time": 0.006, "Actual Rows": 0, "Actual Loops": 1, "Output": ["\"CENSUS2010POP\"", "\"CONCIT\"", "\"COUSUB\"", "\"City\"", "\"County Code\"", "\"ESTIMATESBASE2010\"", "\"FUNCSTAT\"", "\"Number of Records\"", "\"PLACE\"", "\"POPESTIMATE2010\"", "\"POPESTIMATE2011\"", "\"POPESTIMATE2012\"", "\"POPESTIMATE2013\"", "\"POPESTIMATE2014\"", "\"PRIMGEO_FLAG\"", "\"SUMLEV\"", "\"State code\"", "\"State\""]}]}]}, "Planning Time": 0.163, "Triggers": [], "Execution Time": 0.047}]