[{"Plan": {"Node Type": "Aggregate", "Strategy": "Hashed", "Partial Mode": "Simple", "Parallel Aware": false, "Async Capable": false, "Startup Cost": 15.79, "Total Cost": 18.29, "Plan Rows": 200, "Plan Width": 90, "Actual Startup Time": 0.005, "Actual Total Time": 0.006, "Actual Rows": 0, "Actual Loops": 1, "Output": ["\"State\"", "sum((\"POPESTIMATE2014\")::bigint)"], "Group Key": ["\"IGlocations1_1\".\"State\""], "Planned Partitions": 0, "HashAgg Batches": 1, "Peak Memory Usage": 40, "Disk Usage": 0, "Plans": [{"Node Type": "Seq Scan", "Parent Relationship": "Outer", "Parallel Aware": false, "Async Capable": false, "Relation Name": "IGlocations1_1", "Schema": "pg_temp", "Alias": "IGlocations1_1", "Startup Cost": 0.0, "Total Cost": 13.62, "Plan Rows": 289, "Plan Width": 62, "Actual Startup Time": 0.003, "Actual Total Time": 0.003, "Actual Rows": 0, "Actual Loops": 1, "Output": ["\"CENSUS2010POP\"", "\"CONCIT\"", "\"COUSUB\"", "\"City\"", "\"County Code\"", "\"ESTIMATESBASE2010\"", "\"FUNCSTAT\"", "\"Number of Records\"", "\"PLACE\"", "\"POPESTIMATE2010\"", "\"POPESTIMATE2011\"", "\"POPESTIMATE2012\"", "\"POPESTIMATE2013\"", "\"POPESTIMATE2014\"", "\"PRIMGEO_FLAG\"", "\"SUMLEV\"", "\"State code\"", "\"State\""], "Filter": "((\"IGlocations1_1\".\"State\")::text <> 'District of Columbia'::text)", "Rows Removed by Filter": 0}]}, "Planning Time": 0.063, "Triggers": [], "Execution Time": 0.038}]