[{"Plan": {"Node Type": "Aggregate", "Strategy": "Hashed", "Partial Mode": "Simple", "Parallel Aware": false, "Async Capable": false, "Startup Cost": 11.92, "Total Cost": 13.15, "Plan Rows": 70, "Plan Width": 46, "Actual Startup Time": 0.009, "Actual Total Time": 0.01, "Actual Rows": 0, "Actual Loops": 1, "Output": ["\"Calculation_649925789325832192\"", "(\"PubYear\")::bigint", "\"Sh\"", "sum(1)", "((EXTRACT(year FROM \"DateLastCharged\"))::bigint)", "\"PubYear\""], "Group Key": ["\"IUBLibrary_1\".\"Calculation_649925789325832192\"", "\"IUBLibrary_1\".\"PubYear\"", "\"IUBLibrary_1\".\"Sh\"", "(EXTRACT(year FROM \"IUBLibrary_1\".\"DateLastCharged\"))::bigint"], "Planned Partitions": 0, "HashAgg Batches": 1, "Peak Memory Usage": 32, "Disk Usage": 0, "Plans": [{"Node Type": "Seq Scan", "Parent Relationship": "Outer", "Parallel Aware": false, "Async Capable": false, "Relation Name": "IUBLibrary_1", "Schema": "pg_temp", "Alias": "IUBLibrary_1", "Startup Cost": 0.0, "Total Cost": 11.05, "Plan Rows": 70, "Plan Width": 30, "Actual Startup Time": 0.007, "Actual Total Time": 0.007, "Actual Rows": 0, "Actual Loops": 1, "Output": ["\"Calculation_649925789325832192\"", "\"Sh\"", "(EXTRACT(year FROM \"DateLastCharged\"))::bigint", "\"PubYear\""]}]}, "Planning Time": 0.372, "Triggers": [], "Execution Time": 0.05}]