[{"Plan": {"Node Type": "Aggregate", "Strategy": "Hashed", "Partial Mode": "Simple", "Parallel Aware": false, "Async Capable": false, "Startup Cost": 11.22, "Total Cost": 11.92, "Plan Rows": 70, "Plan Width": 80, "Actual Startup Time": 0.004, "Actual Total Time": 0.005, "Actual Rows": 0, "Actual Loops": 1, "Output": ["\"Inactive (group)\"", "\"Inactive\"", "\"Sh\""], "Group Key": ["\"IUBLibrary_1\".\"Inactive (group)\"", "\"IUBLibrary_1\".\"Inactive\"", "\"IUBLibrary_1\".\"Sh\""], "Planned Partitions": 0, "HashAgg Batches": 1, "Peak Memory Usage": 24, "Disk Usage": 0, "Plans": [{"Node Type": "Seq Scan", "Parent Relationship": "Outer", "Parallel Aware": false, "Async Capable": false, "Relation Name": "IUBLibrary_1", "Schema": "pg_temp", "Alias": "IUBLibrary_1", "Startup Cost": 0.0, "Total Cost": 10.7, "Plan Rows": 70, "Plan Width": 80, "Actual Startup Time": 0.003, "Actual Total Time": 0.003, "Actual Rows": 0, "Actual Loops": 1, "Output": ["\"Author\"", "\"CallNumber\"", "\"CallSequence\"", "\"CatalogKey\"", "\"ClasscodeLCSUDOCNLM\"", "\"CopyNumber\"", "\"DateLastCharged\"", "\"DateofPublication260c\"", "\"Format\"", "\"Inactive\"", "\"ItemCreatedDate\"", "\"ItemType\"", "\"Language\"", "\"LastActivityDate\"", "\"Library\"", "\"MARCkey\"", "\"OCLC\"", "\"PubYear\"", "\"Sh\"", "\"TitleControlNumber\"", "\"TitleCreatedDate\"", "\"Title\"", "\"TotalCharges\"", "\"Type\"", "\"elvingKey\"", "\"Inactive (group)\"", "\"Calculation_649925789325832192\""]}]}, "Planning Time": 0.061, "Triggers": [], "Execution Time": 0.029}]