[{"Plan": {"Node Type": "Aggregate", "Strategy": "Sorted", "Partial Mode": "Simple", "Parallel Aware": false, "Async Capable": false, "Startup Cost": 11.23, "Total Cost": 11.25, "Plan Rows": 1, "Plan Width": 20, "Actual Startup Time": 0.008, "Actual Total Time": 0.008, "Actual Rows": 0, "Actual Loops": 1, "Output": ["\"Sh\"", "sum(1)"], "Group Key": ["\"IUBLibrary_1\".\"Sh\""], "Plans": [{"Node Type": "Sort", "Parent Relationship": "Outer", "Parallel Aware": false, "Async Capable": false, "Startup Cost": 11.23, "Total Cost": 11.24, "Plan Rows": 1, "Plan Width": 12, "Actual Startup Time": 0.007, "Actual Total Time": 0.007, "Actual Rows": 0, "Actual Loops": 1, "Output": ["\"Sh\""], "Sort Key": ["\"IUBLibrary_1\".\"Sh\""], "Sort Method": "quicksort", "Sort Space Used": 25, "Sort Space Type": "Memory", "Plans": [{"Node Type": "Seq Scan", "Parent Relationship": "Outer", "Parallel Aware": false, "Async Capable": false, "Relation Name": "IUBLibrary_1", "Schema": "pg_temp", "Alias": "IUBLibrary_1", "Startup Cost": 0.0, "Total Cost": 11.22, "Plan Rows": 1, "Plan Width": 12, "Actual Startup Time": 0.003, "Actual Total Time": 0.003, "Actual Rows": 0, "Actual Loops": 1, "Output": ["\"Sh\""], "Filter": "((EXTRACT(year FROM \"IUBLibrary_1\".\"DateLastCharged\"))::bigint = 1900)", "Rows Removed by Filter": 0}]}]}, "Planning Time": 0.053, "Triggers": [], "Execution Time": 0.03}]