[{"Plan": {"Node Type": "Aggregate", "Strategy": "Sorted", "Partial Mode": "Simple", "Parallel Aware": false, "Async Capable": false, "Startup Cost": 10.91, "Total Cost": 10.95, "Plan Rows": 1, "Plan Width": 78, "Actual Startup Time": 0.004, "Actual Total Time": 0.005, "Actual Rows": 0, "Actual Loops": 1, "Output": ["\"Agep (bin)\"", "(\"SCHL\")::text", "(\"SEX\")::bigint", "sum((\"Number of Records\")::bigint)", "\"SCHL\"", "\"SEX\""], "Group Key": ["\"USCensus_3\".\"Agep (bin)\"", "\"USCensus_3\".\"SCHL\"", "\"USCensus_3\".\"SEX\""], "Plans": [{"Node Type": "Sort", "Parent Relationship": "Outer", "Parallel Aware": false, "Async Capable": false, "Startup Cost": 10.91, "Total Cost": 10.92, "Plan Rows": 1, "Plan Width": 8, "Actual Startup Time": 0.004, "Actual Total Time": 0.004, "Actual Rows": 0, "Actual Loops": 1, "Output": ["\"Agep (bin)\"", "\"SCHL\"", "\"SEX\"", "\"Number of Records\""], "Sort Key": ["\"USCensus_3\".\"Agep (bin)\"", "\"USCensus_3\".\"SCHL\"", "\"USCensus_3\".\"SEX\""], "Sort Method": "quicksort", "Sort Space Used": 25, "Sort Space Type": "Memory", "Plans": [{"Node Type": "Seq Scan", "Parent Relationship": "Outer", "Parallel Aware": false, "Async Capable": false, "Relation Name": "USCensus_3", "Schema": "pg_temp", "Alias": "USCensus_3", "Startup Cost": 0.0, "Total Cost": 10.9, "Plan Rows": 1, "Plan Width": 8, "Actual Startup Time": 0.002, "Actual Total Time": 0.002, "Actual Rows": 0, "Actual Loops": 1, "Output": ["\"Agep (bin)\"", "\"SCHL\"", "\"SEX\"", "\"Number of Records\""], "Filter": "((\"USCensus_3\".\"Agep (bin)\" >= 2) AND (\"USCensus_3\".\"Agep (bin)\" <= 9))", "Rows Removed by Filter": 0}]}]}, "Planning Time": 0.717, "Triggers": [], "Execution Time": 0.015}]