[{"Plan": {"Node Type": "Aggregate", "Strategy": "Sorted", "Partial Mode": "Simple", "Parallel Aware": false, "Async Capable": false, "Startup Cost": 12.37, "Total Cost": 14.62, "Plan Rows": 60, "Plan Width": 60, "Actual Startup Time": 0.005, "Actual Total Time": 0.005, "Actual Rows": 0, "Actual Loops": 1, "Output": ["(\"REGION\")::bigint", "(\"ST\")::bigint", "count(DISTINCT (\"SERIALNO\")::text)", "sum((\"Number of Records\")::bigint)", "\"REGION\"", "\"ST\""], "Group Key": ["\"USCensus_2\".\"REGION\"", "\"USCensus_2\".\"ST\""], "Plans": [{"Node Type": "Sort", "Parent Relationship": "Outer", "Parallel Aware": false, "Async Capable": false, "Startup Cost": 12.37, "Total Cost": 12.52, "Plan Rows": 60, "Plan Width": 10, "Actual Startup Time": 0.004, "Actual Total Time": 0.005, "Actual Rows": 0, "Actual Loops": 1, "Output": ["\"REGION\"", "\"ST\"", "\"SERIALNO\"", "\"Number of Records\""], "Sort Key": ["\"USCensus_2\".\"REGION\"", "\"USCensus_2\".\"ST\""], "Sort Method": "quicksort", "Sort Space Used": 25, "Sort Space Type": "Memory", "Plans": [{"Node Type": "Seq Scan", "Parent Relationship": "Outer", "Parallel Aware": false, "Async Capable": false, "Relation Name": "USCensus_2", "Schema": "pg_temp", "Alias": "USCensus_2", "Startup Cost": 0.0, "Total Cost": 10.6, "Plan Rows": 60, "Plan Width": 10, "Actual Startup Time": 0.003, "Actual Total Time": 0.003, "Actual Rows": 0, "Actual Loops": 1, "Output": ["\"REGION\"", "\"ST\"", "\"SERIALNO\"", "\"Number of Records\""]}]}]}, "Planning Time": 0.88, "Triggers": [], "Execution Time": 0.017}]