[{"Plan": {"Node Type": "Aggregate", "Strategy": "Hashed", "Partial Mode": "Simple", "Parallel Aware": false, "Async Capable": false, "Startup Cost": 11.2, "Total Cost": 12.4, "Plan Rows": 60, "Plan Width": 76, "Actual Startup Time": 0.002, "Actual Total Time": 0.002, "Actual Rows": 0, "Actual Loops": 1, "Output": ["(\"CIT\")::text", "(\"REGION\")::bigint", "sum((\"Number of Records\")::bigint)", "\"CIT\"", "\"REGION\""], "Group Key": ["\"USCensus_3\".\"CIT\"", "\"USCensus_3\".\"REGION\""], "Planned Partitions": 0, "HashAgg Batches": 1, "Peak Memory Usage": 24, "Disk Usage": 0, "Plans": [{"Node Type": "Seq Scan", "Parent Relationship": "Outer", "Parallel Aware": false, "Async Capable": false, "Relation Name": "USCensus_3", "Schema": "pg_temp", "Alias": "USCensus_3", "Startup Cost": 0.0, "Total Cost": 10.6, "Plan Rows": 60, "Plan Width": 6, "Actual Startup Time": 0.001, "Actual Total Time": 0.001, "Actual Rows": 0, "Actual Loops": 1, "Output": ["\"ACCESS\"", "\"ACR\"", "\"ADJHSG\"", "\"ADJINC\"", "\"ADJINC1\"", "\"AGEP\"", "\"AGS\"", "\"ANC1P\"", "\"ANC2P\"", "\"ANC\"", "\"BATH\"", "\"BDSP\"", "\"BLD\"", "\"BROADBND\"", "\"BUS\"", "\"CITWP\"", "\"CIT\"", "\"COMPOTHX\"", "\"CONP\"", "\"COW\"", "\"DDRS\"", "\"DEAR\"", "\"DECADE\"", "\"DEYE\"", "\"DIALUP\"", "\"DIS\"", "\"DIVISION\"", "\"DOUT\"", "\"DPHY\"", "\"DRATX\"", "\"DRAT\"", "\"DREM\"", "\"DRIVESP\"", "\"DSL\"", "\"ELEP\"", "\"ENG\"", "\"ESP\"", "\"ESR\"", "\"FACCESSP\"", "\"FACRP\"", "\"FAGEP\"", "\"FAGSP\"", "\"FANCP\"", "\"FBATHP\"", "\"FBDSP\"", "\"FBLDP\"", "\"FBROADBNDP\"", "\"FBUSP\"", "\"FCITP\"", "\"FCITWP\"", "\"FCOMPOTHXP\"", "\"FCONP\"", "\"FCOWP\"", "\"FDDRSP\"", "\"FDEARP\"", "\"FDEYEP\"", "\"FDIALUPP\"", "\"FDISP\"", "\"FDOUTP\"", "\"FDPHYP\"", "\"FDRATP\"", "\"FDRATXP\"", "\"FDREMP\"", "\"FDSLP\"", "\"FELEP\"", "\"FENGP\"", "\"FER\"", "\"FESRP\"", "\"FES\"", "\"FFERP\"", "\"FFIBEROPP\"", "\"FFINCP\"", "\"FFODP\"", "\"FFSP\"", "\"FFULP\"", "\"FGASP\"", "\"FGCLP\"", "\"FGCMP\"", "\"FGCRP\"", "\"FGRNTP\"", "\"FHANDHELDP\"", "\"FHFLP\"", "\"FHINCP\"", "\"FHINS1P\"", "\"FHINS2P\"", "\"FHINS3C\"", "\"FHINS3P\"", "\"FHINS4C\"", "\"FHINS4P\"", "\"FHINS5C\"", "\"FHINS5P\"", "\"FHINS6P\"", "\"FHINS7P\"", "\"FHISP\"", "\"FIBEROP\"", "\"FINCP\"", "\"FINDP\"", "\"FINSP\"", "\"FINTP\"", "\"FJWDP\"", "\"FJWMNP\"", "\"FJWRIP\"", "\"FJWTRP\"", "\"FKITP\"", "\"FLANP\"", "\"FLANXP\"", "\"FLAPTOPP\"", "\"FMARHDP\"", "\"FMARHMP\"", "\"FMARHTP\"", "\"FMARHWP\"", "\"FMARHYP\"", "\"FMARP\"", "\"FMHP\"", "\"FMIGP\"", "\"FMIGSP\"", "\"FMILPP\"", "\"FMILSP\"", "\"FMODEMP\"", "\"FMRGIP\"", "\"FMRGP\"", "\"FMRGTP\"", "\"FMRGXP\"", "\"FMVP\"", "\"FOCCP\"", "\"FOD1P\"", "\"FOD2P\"", "\"FOIP\"", "\"FOTHSVCEXP\"", "\"FPAP\"", "\"FPARC\"", "\"FPERNP\"", "\"FPINCP\"", "\"FPLMP\"", "\"FPOBP\"", "\"FPOWSP\"", "\"FPRIVCOVP\"", "\"FPUBCOVP\"", "\"FRACP\"", "\"FREFRP\"", "\"FRELP\"", "\"FRETP\"", "\"FRMSP\"", "\"FRNTMP\"", "\"FRNTP\"", "\"FRWATPRP\"", "\"FRWATP\"", "\"FSATELLITEP\"", "\"FSCHGP\"", "\"FSCHLP\"", "\"FSCHP\"", "\"FSEMP\"", "\"FSEXP\"", "\"FSINKP\"", "\"FSMOCP\"", "\"FSMP\"", "\"FSMXHP\"", "\"FSMXSP\"", "\"FSSIP\"", "\"FSSP\"", "\"FSTOVP\"", "\"FS\"", "\"FTAXP\"", "\"FTELP\"", "\"FTENP\"", "\"FTOILP\"", "\"FULP\"", "\"FVACSP\"", "\"FVALP\"", "\"FVEHP\"", "\"FWAGP\"", "\"FWATP\"", "\"FWKHP\"", "\"FWKLP\"", "\"FWKWP\"", "\"FWRKP\"", "\"FYBLP\"", "\"FYOEP\"", "\"GASP\"", "\"GCL\"", "\"GCM\"", "\"GCR\"", "\"GRNTP\"", "\"GRPIP\"", "\"HANDHELD\"", "\"HFL\"", "\"HHL\"", "\"HHT\"", "\"HICOV\"", "\"HINCP\"", "\"HINS1\"", "\"HINS2\"", "\"HINS3\"", "\"HINS4\"", "\"HINS5\"", "\"HINS6\"", "\"HINS7\"", "\"HISP\"", "\"HUGCL\"", "\"HUPAC\"", "\"HUPAOC\"", "\"HUPARC\"", "\"INDP\"", "\"INSP\"", "\"INTP\"", "\"JWAP\"", "\"JWDP\"", "\"JWMNP\"", "\"JWRIP\"", "\"JWTR\"", "\"KIT\"", "\"LANP\"", "\"LANX\"", "\"LAPTOP\"", "\"LNGI\"", "\"MARHD\"", "\"MARHM\"", "\"MARHT\"", "\"MARHW\"", "\"MARHYP\"", "\"MAR\"", "\"MHP\"", "\"MIGPUMA\"", "\"MIGSP\"", "\"MIG\"", "\"MIL\"", "\"MLPA\"", "\"MLPB\"", "\"MLPCD\"", "\"MLPE\"", "\"MLPFG\"", "\"MLPH\"", "\"MLPI\"", "\"MLPJ\"", "\"MLPK\"", "\"MODEM\"", "\"MRGI\"", "\"MRGP\"", "\"MRGT\"", "\"MRGX\"", "\"MSP\"", "\"MULTG\"", "\"MV\"", "\"NAICSP\"", "\"NATIVITY\"", "\"NOC\"", "\"NOP\"", "\"NPF\"", "\"NPP\"", "\"NP\"", "\"NRC\"", "\"NR\"", "\"NWAB\"", "\"NWAV\"", "\"NWLA\"", "\"NWLK\"", "\"NWRE\"", "\"Number of Records\"", "\"OCCP\"", "\"OCPIP\"", "\"OC\"", "\"OIP\"", "\"OTHSVCEX\"", "\"PAOC\"", "\"PAP\"", "\"PARTNER\"", "\"PERNP\"", "\"PINCP\"", "\"PLM\"", "\"POBP\"", "\"POVPIP\"", "\"POWPUMA\"", "\"POWSP\"", "\"PRIVCOV\"", "\"PSF\"", "\"PUBCOV\"", "\"PUMA\"", "\"PUMA1\"", "\"PWGTP\"", "\"QTRBIR\"", "\"R18\"", "\"R60\"", "\"R65\"", "\"RAC1P\"", "\"RAC2P\"", "\"RAC3P\"", "\"RACAIAN\"", "\"RACASN\"", "\"RACBLK\"", "\"RACNH\"", "\"RACNUM\"", "\"RACPI\"", "\"RACSOR\"", "\"RACWHT\"", "\"RC\"", "\"REFR\"", "\"REGION\"", "\"RELP\"", "\"RESMODE\"", "\"RETP\"", "\"RMSP\"", "\"RNTM\"", "\"RNTP\"", "\"RT\"", "\"RT1\"", "\"RWATPR\"", "\"RWAT\"", "\"SATELLITE\"", "\"SCHG\"", "\"SCHL\"", "\"SCH\"", "\"SCIENGP\"", "\"SCIENGRLP\"", "\"SEMP\"", "\"SERIALNO\"", "\"SERIALNO1\"", "\"SEX\"", "\"SFN\"", "\"SFR\"", "\"SINK\"", "\"SMOCP\"", "\"SMP\"", "\"SMX\"", "\"SOCP\"", "\"SPORDER\"", "\"SRNT\"", "\"SSIP\"", "\"SSMC\"", "\"SSP\"", "\"ST\"", "\"STOV\"", "\"ST1\"", "\"SVAL\"", "\"TAXP\"", "\"TEL\"", "\"TEN\"", "\"TOIL\"", "\"TYPE\"", "\"Table Name\"", "\"Table Name1\"", "\"VACS\"", "\"VALP\"", "\"VEH\"", "\"VPS\"", "\"WAGP\"", "\"WAOB\"", "\"WATP\"", "\"WGTP\"", "\"WIF\"", "\"WKEXREL\"", "\"WKHP\"", "\"WKL\"", "\"WKW\"", "\"WORKSTAT\"", "\"WRK\"", "\"YBL\"", "\"YOEP\"", "pwgtp10", "pwgtp11", "pwgtp12", "pwgtp13", "pwgtp14", "pwgtp15", "pwgtp16", "pwgtp17", "pwgtp18", "pwgtp19", "pwgtp1", "pwgtp20", "pwgtp21", "pwgtp22", "pwgtp23", "pwgtp24", "pwgtp25", "pwgtp26", "pwgtp27", "pwgtp28", "pwgtp29", "pwgtp2", "pwgtp30", "pwgtp31", "pwgtp32", "pwgtp33", "pwgtp34", "pwgtp35", "pwgtp36", "pwgtp37", "pwgtp38", "pwgtp39", "pwgtp3", "pwgtp40", "pwgtp41", "pwgtp42", "pwgtp43", "pwgtp44", "pwgtp45", "pwgtp46", "pwgtp47", "pwgtp48", "pwgtp49", "pwgtp4", "pwgtp50", "pwgtp51", "pwgtp52", "pwgtp53", "pwgtp54", "pwgtp55", "pwgtp56", "pwgtp57", "pwgtp58", "pwgtp59", "pwgtp5", "pwgtp60", "pwgtp61", "pwgtp62", "pwgtp63", "pwgtp64", "pwgtp65", "pwgtp66", "pwgtp67", "pwgtp68", "pwgtp69", "pwgtp6", "pwgtp70", "pwgtp71", "pwgtp72", "pwgtp73", "pwgtp74", "pwgtp75", "pwgtp76", "pwgtp77", "pwgtp78", "pwgtp79", "pwgtp7", "pwgtp80", "pwgtp8", "pwgtp9", "wgtp10", "wgtp11", "wgtp12", "wgtp13", "wgtp14", "wgtp15", "wgtp16", "wgtp17", "wgtp18", "wgtp19", "wgtp1", "wgtp20", "wgtp21", "wgtp22", "wgtp23", "wgtp24", "wgtp25", "wgtp26", "wgtp27", "wgtp28", "wgtp29", "wgtp2", "wgtp30", "wgtp31", "wgtp32", "wgtp33", "wgtp34", "wgtp35", "wgtp36", "wgtp37", "wgtp38", "wgtp39", "wgtp3", "wgtp40", "wgtp41", "wgtp42", "wgtp43", "wgtp44", "wgtp45", "wgtp46", "wgtp47", "wgtp48", "wgtp49", "wgtp4", "wgtp50", "wgtp51", "wgtp52", "wgtp53", "wgtp54", "wgtp55", "wgtp56", "wgtp57", "wgtp58", "wgtp59", "wgtp5", "wgtp60", "wgtp61", "wgtp62", "wgtp63", "wgtp64", "wgtp65", "wgtp66", "wgtp67", "wgtp68", "wgtp69", "wgtp6", "wgtp70", "wgtp71", "wgtp72", "wgtp73", "wgtp74", "wgtp75", "wgtp76", "wgtp77", "wgtp78", "wgtp79", "wgtp7", "wgtp80", "wgtp8", "wgtp9", "\"Wagp (bin)\"", "\"Agep (bin)\""]}]}, "Planning Time": 0.071, "Triggers": [], "Execution Time": 0.031}]