[{"Plan": {"Node Type": "Aggregate", "Strategy": "Sorted", "Partial Mode": "Simple", "Parallel Aware": false, "Async Capable": false, "Startup Cost": 12.37, "Total Cost": 14.02, "Plan Rows": 60, "Plan Width": 50, "Actual Startup Time": 0.002, "Actual Total Time": 0.003, "Actual Rows": 0, "Actual Loops": 1, "Output": ["(\"REGION\")::bigint", "count(DISTINCT \"SERIALNO1\")", "sum((\"Number of Records\")::bigint)", "\"REGION\""], "Group Key": ["\"USCensus_3\".\"REGION\""], "Plans": [{"Node Type": "Sort", "Parent Relationship": "Outer", "Parallel Aware": false, "Async Capable": false, "Startup Cost": 12.37, "Total Cost": 12.52, "Plan Rows": 60, "Plan Width": 8, "Actual Startup Time": 0.002, "Actual Total Time": 0.002, "Actual Rows": 0, "Actual Loops": 1, "Output": ["\"REGION\"", "\"SERIALNO1\"", "\"Number of Records\""], "Sort Key": ["\"USCensus_3\".\"REGION\""], "Sort Method": "quicksort", "Sort Space Used": 25, "Sort Space Type": "Memory", "Plans": [{"Node Type": "Seq Scan", "Parent Relationship": "Outer", "Parallel Aware": false, "Async Capable": false, "Relation Name": "USCensus_3", "Schema": "pg_temp", "Alias": "USCensus_3", "Startup Cost": 0.0, "Total Cost": 10.6, "Plan Rows": 60, "Plan Width": 8, "Actual Startup Time": 0.001, "Actual Total Time": 0.001, "Actual Rows": 0, "Actual Loops": 1, "Output": ["\"REGION\"", "\"SERIALNO1\"", "\"Number of Records\""]}]}]}, "Planning Time": 0.045, "Triggers": [], "Execution Time": 0.012}]