[{"Plan": {"Node Type": "Aggregate", "Strategy": "Sorted", "Partial Mode": "Simple", "Parallel Aware": false, "Async Capable": false, "Startup Cost": 10.98, "Total Cost": 11.01, "Plan Rows": 1, "Plan Width": 536, "Actual Startup Time": 0.006, "Actual Total Time": 0.007, "Actual Rows": 0, "Actual Loops": 1, "Output": ["\"HCPCS_DESCRIPTION\"", "(\"NPPES_PROVIDER_ZIP\")::bigint", "avg(\"AVERAGE_SUBMITTED_CHRG_AMT\")", "\"NPPES_PROVIDER_ZIP\""], "Group Key": ["\"CMSprovider_2\".\"HCPCS_DESCRIPTION\"", "\"CMSprovider_2\".\"NPPES_PROVIDER_ZIP\""], "Plans": [{"Node Type": "Sort", "Parent Relationship": "Outer", "Parallel Aware": false, "Async Capable": false, "Startup Cost": 10.98, "Total Cost": 10.99, "Plan Rows": 1, "Plan Width": 528, "Actual Startup Time": 0.005, "Actual Total Time": 0.006, "Actual Rows": 0, "Actual Loops": 1, "Output": ["\"HCPCS_DESCRIPTION\"", "\"NPPES_PROVIDER_ZIP\"", "\"AVERAGE_SUBMITTED_CHRG_AMT\""], "Sort Key": ["\"CMSprovider_2\".\"HCPCS_DESCRIPTION\"", "\"CMSprovider_2\".\"NPPES_PROVIDER_ZIP\""], "Sort Method": "quicksort", "Sort Space Used": 25, "Sort Space Type": "Memory", "Plans": [{"Node Type": "Seq Scan", "Parent Relationship": "Outer", "Parallel Aware": false, "Async Capable": false, "Relation Name": "CMSprovider_2", "Schema": "pg_temp", "Alias": "CMSprovider_2", "Startup Cost": 0.0, "Total Cost": 10.97, "Plan Rows": 1, "Plan Width": 528, "Actual Startup Time": 0.002, "Actual Total Time": 0.002, "Actual Rows": 0, "Actual Loops": 1, "Output": ["\"HCPCS_DESCRIPTION\"", "\"NPPES_PROVIDER_ZIP\"", "\"AVERAGE_SUBMITTED_CHRG_AMT\""], "Filter": "(((\"CMSprovider_2\".\"NPPES_PROVIDER_STATE\")::text = 'CA'::text) AND ((\"CMSprovider_2\".\"HCPCS_DESCRIPTION\")::text = ANY ('{\"Removal of joint lining from two or more knee joint compartments using an endoscope\",\"Removal of knee cap\",\"Removal of knee joint covering\"}'::text[])))", "Rows Removed by Filter": 0}]}]}, "Planning Time": 0.078, "Triggers": [], "Execution Time": 0.03}]