[{"Plan": {"Node Type": "Aggregate", "Strategy": "Sorted", "Partial Mode": "Simple", "Parallel Aware": false, "Async Capable": false, "Startup Cost": 10.76, "Total Cost": 10.79, "Plan Rows": 1, "Plan Width": 536, "Actual Startup Time": 0.009, "Actual Total Time": 0.01, "Actual Rows": 0, "Actual Loops": 1, "Output": ["\"HCPCS_DESCRIPTION\"", "(\"NPPES_PROVIDER_ZIP\")::bigint", "sum(\"AVERAGE_MEDICARE_PAYMENT_AMT\")", "\"NPPES_PROVIDER_ZIP\""], "Group Key": ["\"CMSprovider_2\".\"HCPCS_DESCRIPTION\"", "\"CMSprovider_2\".\"NPPES_PROVIDER_ZIP\""], "Plans": [{"Node Type": "Sort", "Parent Relationship": "Outer", "Parallel Aware": false, "Async Capable": false, "Startup Cost": 10.76, "Total Cost": 10.77, "Plan Rows": 1, "Plan Width": 528, "Actual Startup Time": 0.008, "Actual Total Time": 0.009, "Actual Rows": 0, "Actual Loops": 1, "Output": ["\"HCPCS_DESCRIPTION\"", "\"NPPES_PROVIDER_ZIP\"", "\"AVERAGE_MEDICARE_PAYMENT_AMT\""], "Sort Key": ["\"CMSprovider_2\".\"HCPCS_DESCRIPTION\"", "\"CMSprovider_2\".\"NPPES_PROVIDER_ZIP\""], "Sort Method": "quicksort", "Sort Space Used": 25, "Sort Space Type": "Memory", "Plans": [{"Node Type": "Seq Scan", "Parent Relationship": "Outer", "Parallel Aware": false, "Async Capable": false, "Relation Name": "CMSprovider_2", "Schema": "pg_temp", "Alias": "CMSprovider_2", "Startup Cost": 0.0, "Total Cost": 10.75, "Plan Rows": 1, "Plan Width": 528, "Actual Startup Time": 0.004, "Actual Total Time": 0.005, "Actual Rows": 0, "Actual Loops": 1, "Output": ["\"HCPCS_DESCRIPTION\"", "\"NPPES_PROVIDER_ZIP\"", "\"AVERAGE_MEDICARE_PAYMENT_AMT\""], "Filter": "((\"CMSprovider_2\".\"NPPES_PROVIDER_STATE\")::text = 'CA'::text)", "Rows Removed by Filter": 0}]}]}, "Planning Time": 0.175, "Triggers": [], "Execution Time": 0.032}]