[{"Plan": {"Node Type": "Aggregate", "Strategy": "Sorted", "Partial Mode": "Simple", "Parallel Aware": false, "Async Capable": false, "Startup Cost": 10.88, "Total Cost": 10.91, "Plan Rows": 1, "Plan Width": 364, "Actual Startup Time": 0.014, "Actual Total Time": 0.015, "Actual Rows": 0, "Actual Loops": 1, "Output": ["\"NPPES_PROVIDER_CITY\"", "\"NPPES_PROVIDER_GENDER\"", "\"NPPES_PROVIDER_LAST_ORG_NAME\"", "\"NPPES_PROVIDER_STATE\"", "\"PROVIDER_TYPE\"", "sum(\"LINE_SRVC_CNT\")"], "Group Key": ["\"PanCreactomy1_1\".\"NPPES_PROVIDER_CITY\"", "\"PanCreactomy1_1\".\"NPPES_PROVIDER_GENDER\"", "\"PanCreactomy1_1\".\"NPPES_PROVIDER_LAST_ORG_NAME\"", "\"PanCreactomy1_1\".\"NPPES_PROVIDER_STATE\"", "\"PanCreactomy1_1\".\"PROVIDER_TYPE\""], "Plans": [{"Node Type": "Sort", "Parent Relationship": "Outer", "Parallel Aware": false, "Async Capable": false, "Startup Cost": 10.88, "Total Cost": 10.89, "Plan Rows": 1, "Plan Width": 364, "Actual Startup Time": 0.013, "Actual Total Time": 0.014, "Actual Rows": 0, "Actual Loops": 1, "Output": ["\"NPPES_PROVIDER_CITY\"", "\"NPPES_PROVIDER_GENDER\"", "\"NPPES_PROVIDER_LAST_ORG_NAME\"", "\"NPPES_PROVIDER_STATE\"", "\"PROVIDER_TYPE\"", "\"LINE_SRVC_CNT\""], "Sort Key": ["\"PanCreactomy1_1\".\"NPPES_PROVIDER_CITY\"", "\"PanCreactomy1_1\".\"NPPES_PROVIDER_GENDER\"", "\"PanCreactomy1_1\".\"NPPES_PROVIDER_LAST_ORG_NAME\"", "\"PanCreactomy1_1\".\"NPPES_PROVIDER_STATE\"", "\"PanCreactomy1_1\".\"PROVIDER_TYPE\""], "Sort Method": "quicksort", "Sort Space Used": 25, "Sort Space Type": "Memory", "Plans": [{"Node Type": "Seq Scan", "Parent Relationship": "Outer", "Parallel Aware": false, "Async Capable": false, "Relation Name": "PanCreactomy1_1", "Schema": "pg_temp", "Alias": "PanCreactomy1_1", "Startup Cost": 0.0, "Total Cost": 10.88, "Plan Rows": 1, "Plan Width": 364, "Actual Startup Time": 0.006, "Actual Total Time": 0.007, "Actual Rows": 0, "Actual Loops": 1, "Output": ["\"NPPES_PROVIDER_CITY\"", "\"NPPES_PROVIDER_GENDER\"", "\"NPPES_PROVIDER_LAST_ORG_NAME\"", "\"NPPES_PROVIDER_STATE\"", "\"PROVIDER_TYPE\"", "\"LINE_SRVC_CNT\""], "Filter": "(((\"PanCreactomy1_1\".\"PROVIDER_TYPE\")::text = ANY ('{\"General Surgery\",\"Surgical Oncology\"}'::text[])) AND ((\"PanCreactomy1_1\".\"HCPCS_DESCRIPTION\")::text = ANY ('{\"Pancreas procedure\",\"Partial removal of pancreas\",\"Partial removal of pancreas with attachment to small bowel\",\"Partial removal of pancreas, bile duct and small bowel with connection of pancreas to small bowel\"}'::text[])))", "Rows Removed by Filter": 0}]}]}, "Planning Time": 0.287, "Triggers": [], "Execution Time": 0.047}]