[{"Plan": {"Node Type": "Aggregate", "Strategy": "Sorted", "Partial Mode": "Simple", "Parallel Aware": false, "Async Capable": false, "Startup Cost": 11.24, "Total Cost": 11.27, "Plan Rows": 1, "Plan Width": 160, "Actual Startup Time": 0.002, "Actual Total Time": 0.002, "Actual Rows": 0, "Actual Loops": 1, "Output": ["\"Calculation_3110108110633423\"", "sum((\"Number of Records\")::bigint)", "((EXTRACT(year FROM \"CHARGE_DATE\"))::bigint)"], "Group Key": ["\"YaleLanguages_3\".\"Calculation_3110108110633423\"", "((EXTRACT(year FROM \"YaleLanguages_3\".\"CHARGE_DATE\"))::bigint)"], "Plans": [{"Node Type": "Sort", "Parent Relationship": "Outer", "Parallel Aware": false, "Async Capable": false, "Startup Cost": 11.24, "Total Cost": 11.25, "Plan Rows": 1, "Plan Width": 130, "Actual Startup Time": 0.002, "Actual Total Time": 0.002, "Actual Rows": 0, "Actual Loops": 1, "Output": ["\"Calculation_3110108110633423\"", "((EXTRACT(year FROM \"CHARGE_DATE\"))::bigint)", "\"Number of Records\""], "Sort Key": ["\"YaleLanguages_3\".\"Calculation_3110108110633423\"", "((EXTRACT(year FROM \"YaleLanguages_3\".\"CHARGE_DATE\"))::bigint)"], "Sort Method": "quicksort", "Sort Space Used": 25, "Sort Space Type": "Memory", "Plans": [{"Node Type": "Seq Scan", "Parent Relationship": "Outer", "Parallel Aware": false, "Async Capable": false, "Relation Name": "YaleLanguages_3", "Schema": "pg_temp", "Alias": "YaleLanguages_3", "Startup Cost": 0.0, "Total Cost": 11.23, "Plan Rows": 1, "Plan Width": 130, "Actual Startup Time": 0.001, "Actual Total Time": 0.001, "Actual Rows": 0, "Actual Loops": 1, "Output": ["\"Calculation_3110108110633423\"", "(EXTRACT(year FROM \"CHARGE_DATE\"))::bigint", "\"Number of Records\""], "Filter": "(((\"YaleLanguages_3\".\"PATRON_TYPE (Pseudo vs Patron)\")::text = 'Patron'::text) AND ((\"YaleLanguages_3\".\"CHARGE_DATE\")::date >= '2002-01-01'::date))", "Rows Removed by Filter": 0}]}]}, "Planning Time": 0.02, "Triggers": [], "Execution Time": 0.01}]