[{"Plan": {"Node Type": "Group", "Parallel Aware": false, "Async Capable": false, "Startup Cost": 11.23, "Total Cost": 11.24, "Plan Rows": 1, "Plan Width": 50, "Actual Startup Time": 0.003, "Actual Total Time": 0.003, "Actual Rows": 0, "Actual Loops": 1, "Output": ["\"Patron Group\""], "Group Key": ["\"YaleLanguages_3\".\"Patron Group\""], "Plans": [{"Node Type": "Sort", "Parent Relationship": "Outer", "Parallel Aware": false, "Async Capable": false, "Startup Cost": 11.23, "Total Cost": 11.24, "Plan Rows": 1, "Plan Width": 50, "Actual Startup Time": 0.003, "Actual Total Time": 0.003, "Actual Rows": 0, "Actual Loops": 1, "Output": ["\"Patron Group\""], "Sort Key": ["\"YaleLanguages_3\".\"Patron Group\""], "Sort Method": "quicksort", "Sort Space Used": 25, "Sort Space Type": "Memory", "Plans": [{"Node Type": "Seq Scan", "Parent Relationship": "Outer", "Parallel Aware": false, "Async Capable": false, "Relation Name": "YaleLanguages_3", "Schema": "pg_temp", "Alias": "YaleLanguages_3", "Startup Cost": 0.0, "Total Cost": 11.22, "Plan Rows": 1, "Plan Width": 50, "Actual Startup Time": 0.002, "Actual Total Time": 0.002, "Actual Rows": 0, "Actual Loops": 1, "Output": ["\"Patron Group\""], "Filter": "(((\"YaleLanguages_3\".\"PATRON_TYPE (Pseudo vs Patron)\")::text = 'Patron'::text) AND ((\"YaleLanguages_3\".\"CHARGE_DATE\")::date >= '2002-01-01'::date))", "Rows Removed by Filter": 0}]}]}, "Planning Time": 0.07, "Triggers": [], "Execution Time": 0.01}]