[{"Plan": {"Node Type": "Group", "Parallel Aware": false, "Async Capable": false, "Startup Cost": 12.85, "Total Cost": 13.2, "Plan Rows": 70, "Plan Width": 36, "Actual Startup Time": 0.002, "Actual Total Time": 0.002, "Actual Rows": 0, "Actual Loops": 1, "Output": ["\"DATE_RANGE_DECADE\""], "Group Key": ["\"YaleLanguages_5\".\"DATE_RANGE_DECADE\""], "Plans": [{"Node Type": "Sort", "Parent Relationship": "Outer", "Parallel Aware": false, "Async Capable": false, "Startup Cost": 12.85, "Total Cost": 13.02, "Plan Rows": 70, "Plan Width": 36, "Actual Startup Time": 0.002, "Actual Total Time": 0.002, "Actual Rows": 0, "Actual Loops": 1, "Output": ["\"DATE_RANGE_DECADE\""], "Sort Key": ["\"YaleLanguages_5\".\"DATE_RANGE_DECADE\""], "Sort Method": "quicksort", "Sort Space Used": 25, "Sort Space Type": "Memory", "Plans": [{"Node Type": "Seq Scan", "Parent Relationship": "Outer", "Parallel Aware": false, "Async Capable": false, "Relation Name": "YaleLanguages_5", "Schema": "pg_temp", "Alias": "YaleLanguages_5", "Startup Cost": 0.0, "Total Cost": 10.7, "Plan Rows": 70, "Plan Width": 36, "Actual Startup Time": 0.001, "Actual Total Time": 0.001, "Actual Rows": 0, "Actual Loops": 1, "Output": ["\"DATE_RANGE_DECADE\""]}]}]}, "Planning Time": 0.012, "Triggers": [], "Execution Time": 0.005}]