[{"Plan": {"Node Type": "Aggregate", "Strategy": "Sorted", "Partial Mode": "Simple", "Parallel Aware": false, "Async Capable": false, "Startup Cost": 10.02, "Total Cost": 10.05, "Plan Rows": 1, "Plan Width": 40, "Actual Startup Time": 0.005, "Actual Total Time": 0.006, "Actual Rows": 0, "Actual Loops": 1, "Output": ["((EXTRACT(hour FROM \"Calculation_6610227171140491\"))::bigint)", "sum((\"Number of Records\")::bigint)"], "Group Key": ["((EXTRACT(hour FROM \"HashTags_1\".\"Calculation_6610227171140491\"))::bigint)"], "Plans": [{"Node Type": "Sort", "Parent Relationship": "Outer", "Parallel Aware": false, "Async Capable": false, "Startup Cost": 10.02, "Total Cost": 10.02, "Plan Rows": 1, "Plan Width": 10, "Actual Startup Time": 0.005, "Actual Total Time": 0.005, "Actual Rows": 0, "Actual Loops": 1, "Output": ["((EXTRACT(hour FROM \"Calculation_6610227171140491\"))::bigint)", "\"Number of Records\""], "Sort Key": ["((EXTRACT(hour FROM \"HashTags_1\".\"Calculation_6610227171140491\"))::bigint)"], "Sort Method": "quicksort", "Sort Space Used": 25, "Sort Space Type": "Memory", "Plans": [{"Node Type": "Seq Scan", "Parent Relationship": "Outer", "Parallel Aware": false, "Async Capable": false, "Relation Name": "HashTags_1", "Schema": "pg_temp", "Alias": "HashTags_1", "Startup Cost": 0.0, "Total Cost": 10.01, "Plan Rows": 1, "Plan Width": 10, "Actual Startup Time": 0.002, "Actual Total Time": 0.002, "Actual Rows": 0, "Actual Loops": 1, "Output": ["(EXTRACT(hour FROM \"Calculation_6610227171140491\"))::bigint", "\"Number of Records\""]}]}]}, "Planning Time": 0.052, "Triggers": [], "Execution Time": 0.023}]