[{"Plan": {"Node Type": "Aggregate", "Strategy": "Plain", "Partial Mode": "Simple", "Parallel Aware": false, "Async Capable": false, "Startup Cost": 10.25, "Total Cost": 10.26, "Plan Rows": 1, "Plan Width": 1056, "Actual Startup Time": 0.01, "Actual Total Time": 0.011, "Actual Rows": 0, "Actual Loops": 1, "Output": ["sum((\"Calculation_6220303224029615\")::bigint)", "sum((\"Contains: ABC2020 (copy)\")::bigint)", "sum((\"Contains: AFV (copy 2)\")::bigint)", "sum((\"Contains: AFV (copy)\")::bigint)", "sum((\"Contains: AgentsofSHIELD (copy)\")::bigint)", "sum((\"Contains: Castle (copy 2)\")::bigint)", "sum((\"Contains: Castle (copy)\")::bigint)", "sum((\"Contains: GreysAnatomy (copy 2)\")::bigint)", "sum((\"Contains: GreysAnatomy (copy)\")::bigint)", "sum((\"Contains: KillerWomen (copy 2)\")::bigint)", "sum((\"Contains: KillerWomen (copy)\")::bigint)", "sum((\"Contains: Motive (copy 2)\")::bigint)", "sum((\"Contains: Motive (copy)\")::bigint)", "sum((\"Contains: OnceUponATime (copy)\")::bigint)", "sum((\"Contains: RookieBlue (copy 2)\")::bigint)", "sum((\"Contains: RookieBlue (copy 3)\")::bigint)", "sum((\"Contains: RookieBlue (copy 4)\")::bigint)", "sum((\"Contains: RookieBlue (copy 5)\")::bigint)", "sum((\"Contains: RookieBlue (copy 6)\")::bigint)", "sum((\"Contains: RookieBlue (copy)\")::bigint)", "sum((\"Contains: Scandal (copy 2)\")::bigint)", "sum((\"Contains: Scandal (copy 3)\")::bigint)", "sum((\"Contains: Scandal (copy)\")::bigint)", "sum((\"Contains: TheMiddle (copy)\")::bigint)", "sum((\"Contains: TheNeighbors (copy 2)\")::bigint)", "sum((\"Contains: TheNeighbors (copy 3)\")::bigint)", "sum((\"Contains: TheNeighbors (copy)\")::bigint)", "sum((\"Contains: lastmanstanding (copy)\")::bigint)", "sum((\"Contains: modernfamily (copy)\")::bigint)", "sum((\"Contains: nashville (copy)\")::bigint)", "sum((\"Contains: revenge (copy)\")::bigint)", "sum((\"Contains: suburgatory (copy 2)\")::bigint)", "sum((\"Contains: suburgatory (copy)\")::bigint)"], "Filter": "(count(1) > 0)", "Rows Removed by Filter": 1, "Plans": [{"Node Type": "Seq Scan", "Parent Relationship": "Outer", "Parallel Aware": false, "Async Capable": false, "Relation Name": "HashTags_1", "Schema": "pg_temp", "Alias": "HashTags_1", "Startup Cost": 0.0, "Total Cost": 10.0, "Plan Rows": 1, "Plan Width": 66, "Actual Startup Time": 0.005, "Actual Total Time": 0.005, "Actual Rows": 0, "Actual Loops": 1, "Output": ["\"Number of Records\"", "\"demographic#gender\"", "\"interaction#author#avatar\"", "\"interaction#author#id\"", "\"interaction#author#language\"", "\"interaction#author#link\"", "\"interaction#author#name\"", "\"interaction#author#username\"", "\"interaction#content\"", "\"interaction#created_at\"", "\"interaction#geo#latitude\"", "\"interaction#geo#longitude\"", "\"interaction#hashtags\"", "\"interaction#id\"", "\"interaction#link\"", "\"interaction#mention_ids\"", "\"interaction#mentions\"", "\"interaction#received_at\"", "\"interaction#schema#version\"", "\"interaction#source\"", "\"interaction#type\"", "\"twitter#created_at\"", "\"twitter#display_urls\"", "\"twitter#domains\"", "\"twitter#filter_level\"", "\"twitter#geo#latitude\"", "\"twitter#geo#longitude\"", "\"twitter#hashtags\"", "\"twitter#id\"", "\"twitter#in_reply_to_screen_name\"", "\"twitter#in_reply_to_status_id\"", "\"twitter#in_reply_to_user_id\"", "\"twitter#lang\"", "\"twitter#links\"", "\"twitter#media\"", "\"twitter#mention_ids\"", "\"twitter#mentions\"", "\"twitter#place#country\"", "\"twitter#place#country_code\"", "\"twitter#place#full_name\"", "\"twitter#place#id\"", "\"twitter#place#name\"", "\"twitter#place#place_type\"", "\"twitter#place#url\"", "\"twitter#possibly_sensitive\"", "\"twitter#source\"", "\"twitter#text\"", "\"twitter#user#created_at\"", "\"twitter#user#description\"", "\"twitter#user#favourites_count\"", "\"twitter#user#followers_count\"", "\"twitter#user#friends_count\"", "\"twitter#user#geo_enabled\"", "\"twitter#user#id\"", "\"twitter#user#id_str\"", "\"twitter#user#lang\"", "\"twitter#user#listed_count\"", "\"twitter#user#location\"", "\"twitter#user#name\"", "\"twitter#user#profile_image_url\"", "\"twitter#user#profile_image_url_https\"", "\"twitter#user#screen_name\"", "\"twitter#user#statuses_count\"", "\"twitter#user#time_zone\"", "\"twitter#user#url\"", "\"twitter#user#utc_offset\"", "\"twitter#user#verified\"", "\"Contains: suburgatory (copy)\"", "\"Contains: Castle (copy)\"", "\"Contains: revenge (copy)\"", "\"Contains: nashville (copy)\"", "\"Contains: modernfamily (copy)\"", "\"Contains: lastmanstanding (copy)\"", "\"Contains: TheNeighbors (copy)\"", "\"Contains: TheNeighbors (copy 3)\"", "\"Contains: TheNeighbors (copy 2)\"", "\"Contains: suburgatory (copy 2)\"", "\"Contains: Scandal (copy)\"", "\"Contains: Scandal (copy 3)\"", "\"Contains: Scandal (copy 2)\"", "\"Contains: RookieBlue (copy)\"", "\"Contains: RookieBlue (copy 6)\"", "\"Contains: RookieBlue (copy 5)\"", "\"Contains: RookieBlue (copy 4)\"", "\"Contains: RookieBlue (copy 3)\"", "\"Contains: RookieBlue (copy 2)\"", "\"Contains: OnceUponATime (copy)\"", "\"Contains: Motive (copy)\"", "\"Contains: Motive (copy 2)\"", "\"Contains: KillerWomen (copy)\"", "\"Contains: KillerWomen (copy 2)\"", "\"Contains: GreysAnatomy (copy)\"", "\"Contains: GreysAnatomy (copy 2)\"", "\"Calculation_6220303224029615\"", "\"Contains: Castle (copy 2)\"", "\"Contains: AgentsofSHIELD (copy)\"", "\"Contains: AFV (copy)\"", "\"Contains: AFV (copy 2)\"", "\"Contains: ABC2020 (copy)\"", "\"Calculation_6610227171140491\"", "\"Contains: TheMiddle (copy)\""]}]}, "Planning Time": 0.712, "Triggers": [], "Execution Time": 0.109}]