[{"Plan": {"Node Type": "Group", "Parallel Aware": false, "Async Capable": false, "Startup Cost": 10.01, "Total Cost": 10.02, "Plan Rows": 1, "Plan Width": 48, "Actual Startup Time": 0.005, "Actual Total Time": 0.006, "Actual Rows": 0, "Actual Loops": 1, "Output": ["\"twitter#user#screen_name\""], "Group Key": ["\"HashTags_1\".\"twitter#user#screen_name\""], "Plans": [{"Node Type": "Sort", "Parent Relationship": "Outer", "Parallel Aware": false, "Async Capable": false, "Startup Cost": 10.01, "Total Cost": 10.02, "Plan Rows": 1, "Plan Width": 48, "Actual Startup Time": 0.004, "Actual Total Time": 0.005, "Actual Rows": 0, "Actual Loops": 1, "Output": ["\"twitter#user#screen_name\""], "Sort Key": ["\"HashTags_1\".\"twitter#user#screen_name\""], "Sort Method": "quicksort", "Sort Space Used": 25, "Sort Space Type": "Memory", "Plans": [{"Node Type": "Seq Scan", "Parent Relationship": "Outer", "Parallel Aware": false, "Async Capable": false, "Relation Name": "HashTags_1", "Schema": "pg_temp", "Alias": "HashTags_1", "Startup Cost": 0.0, "Total Cost": 10.0, "Plan Rows": 1, "Plan Width": 48, "Actual Startup Time": 0.002, "Actual Total Time": 0.002, "Actual Rows": 0, "Actual Loops": 1, "Output": ["\"twitter#user#screen_name\""]}]}]}, "Planning Time": 0.043, "Triggers": [], "Execution Time": 0.017}]