[{"Plan": {"Node Type": "Aggregate", "Strategy": "Sorted", "Partial Mode": "Simple", "Parallel Aware": false, "Async Capable": false, "Startup Cost": 70.39, "Total Cost": 70.42, "Plan Rows": 1, "Plan Width": 14, "Actual Startup Time": 0.013, "Actual Total Time": 0.015, "Actual Rows": 0, "Actual Loops": 1, "Output": ["(((min(1)) IS NOT NULL))", "(((min(1)) IS NOT NULL))", "(((min(1)) IS NOT NULL))", "(((min(1)) IS NOT NULL))", "(((min(1)) IS NOT NULL))", "(((min(1)) IS NOT NULL))", "count(DISTINCT \"HashTags_1\".\"twitter#user#screen_name\")"], "Group Key": ["(((min(1)) IS NOT NULL))", "(((min(1)) IS NOT NULL))", "(((min(1)) IS NOT NULL))", "(((min(1)) IS NOT NULL))", "(((min(1)) IS NOT NULL))", "(((min(1)) IS NOT NULL))"], "Plans": [{"Node Type": "Sort", "Parent Relationship": "Outer", "Parallel Aware": false, "Async Capable": false, "Startup Cost": 70.39, "Total Cost": 70.39, "Plan Rows": 1, "Plan Width": 54, "Actual Startup Time": 0.012, "Actual Total Time": 0.014, "Actual Rows": 0, "Actual Loops": 1, "Output": ["(((min(1)) IS NOT NULL))", "(((min(1)) IS NOT NULL))", "(((min(1)) IS NOT NULL))", "(((min(1)) IS NOT NULL))", "(((min(1)) IS NOT NULL))", "(((min(1)) IS NOT NULL))", "\"HashTags_1\".\"twitter#user#screen_name\""], "Sort Key": ["(((min(1)) IS NOT NULL))", "(((min(1)) IS NOT NULL))", "(((min(1)) IS NOT NULL))", "(((min(1)) IS NOT NULL))", "(((min(1)) IS NOT NULL))", "(((min(1)) IS NOT NULL))"], "Sort Method": "quicksort", "Sort Space Used": 25, "Sort Space Type": "Memory", "Plans": [{"Node Type": "Nested Loop", "Parent Relationship": "Outer", "Parallel Aware": false, "Async Capable": false, "Join Type": "Left", "Startup Cost": 60.06, "Total Cost": 70.38, "Plan Rows": 1, "Plan Width": 54, "Actual Startup Time": 0.003, "Actual Total Time": 0.005, "Actual Rows": 0, "Actual Loops": 1, "Output": ["((min(1)) IS NOT NULL)", "((min(1)) IS NOT NULL)", "((min(1)) IS NOT NULL)", "((min(1)) IS NOT NULL)", "((min(1)) IS NOT NULL)", "((min(1)) IS NOT NULL)", "\"HashTags_1\".\"twitter#user#screen_name\""], "Inner Unique": true, "Join Filter": "((\"HashTags_1\".\"twitter#user#screen_name\")::text = (\"HashTags_1_6\".\"twitter#user#screen_name\")::text)", "Rows Removed by Join Filter": 0, "Plans": [{"Node Type": "Nested Loop", "Parent Relationship": "Outer", "Parallel Aware": false, "Async Capable": false, "Join Type": "Left", "Startup Cost": 50.05, "Total Cost": 60.31, "Plan Rows": 1, "Plan Width": 68, "Actual Startup Time": 0.003, "Actual Total Time": 0.005, "Actual Rows": 0, "Actual Loops": 1, "Output": ["\"HashTags_1\".\"twitter#user#screen_name\"", "(min(1))", "(min(1))", "(min(1))", "(min(1))", "(min(1))"], "Inner Unique": true, "Join Filter": "((\"HashTags_1\".\"twitter#user#screen_name\")::text = (\"HashTags_1_5\".\"twitter#user#screen_name\")::text)", "Rows Removed by Join Filter": 0, "Plans": [{"Node Type": "Nested Loop", "Parent Relationship": "Outer", "Parallel Aware": false, "Async Capable": false, "Join Type": "Left", "Startup Cost": 40.04, "Total Cost": 50.25, "Plan Rows": 1, "Plan Width": 64, "Actual Startup Time": 0.003, "Actual Total Time": 0.004, "Actual Rows": 0, "Actual Loops": 1, "Output": ["\"HashTags_1\".\"twitter#user#screen_name\"", "(min(1))", "(min(1))", "(min(1))", "(min(1))"], "Inner Unique": true, "Join Filter": "((\"HashTags_1\".\"twitter#user#screen_name\")::text = (\"HashTags_1_4\".\"twitter#user#screen_name\")::text)", "Rows Removed by Join Filter": 0, "Plans": [{"Node Type": "Nested Loop", "Parent Relationship": "Outer", "Parallel Aware": false, "Async Capable": false, "Join Type": "Left", "Startup Cost": 30.03, "Total Cost": 40.19, "Plan Rows": 1, "Plan Width": 60, "Actual Startup Time": 0.003, "Actual Total Time": 0.004, "Actual Rows": 0, "Actual Loops": 1, "Output": ["\"HashTags_1\".\"twitter#user#screen_name\"", "(min(1))", "(min(1))", "(min(1))"], "Inner Unique": true, "Join Filter": "((\"HashTags_1\".\"twitter#user#screen_name\")::text = (\"HashTags_1_3\".\"twitter#user#screen_name\")::text)", "Rows Removed by Join Filter": 0, "Plans": [{"Node Type": "Nested Loop", "Parent Relationship": "Outer", "Parallel Aware": false, "Async Capable": false, "Join Type": "Left", "Startup Cost": 20.02, "Total Cost": 30.12, "Plan Rows": 1, "Plan Width": 56, "Actual Startup Time": 0.003, "Actual Total Time": 0.004, "Actual Rows": 0, "Actual Loops": 1, "Output": ["\"HashTags_1\".\"twitter#user#screen_name\"", "(min(1))", "(min(1))"], "Inner Unique": true, "Join Filter": "((\"HashTags_1\".\"twitter#user#screen_name\")::text = (\"HashTags_1_2\".\"twitter#user#screen_name\")::text)", "Rows Removed by Join Filter": 0, "Plans": [{"Node Type": "Nested Loop", "Parent Relationship": "Outer", "Parallel Aware": false, "Async Capable": false, "Join Type": "Left", "Startup Cost": 10.01, "Total Cost": 20.06, "Plan Rows": 1, "Plan Width": 52, "Actual Startup Time": 0.002, "Actual Total Time": 0.003, "Actual Rows": 0, "Actual Loops": 1, "Output": ["\"HashTags_1\".\"twitter#user#screen_name\"", "(min(1))"], "Inner Unique": true, "Join Filter": "((\"HashTags_1\".\"twitter#user#screen_name\")::text = (\"HashTags_1_1\".\"twitter#user#screen_name\")::text)", "Rows Removed by Join Filter": 0, "Plans": [{"Node Type": "Seq Scan", "Parent Relationship": "Outer", "Parallel Aware": false, "Async Capable": false, "Relation Name": "HashTags_1", "Schema": "pg_temp", "Alias": "HashTags_1", "Startup Cost": 0.0, "Total Cost": 10.0, "Plan Rows": 1, "Plan Width": 48, "Actual Startup Time": 0.002, "Actual Total Time": 0.002, "Actual Rows": 0, "Actual Loops": 1, "Output": ["\"HashTags_1\".\"Number of Records\"", "\"HashTags_1\".\"demographic#gender\"", "\"HashTags_1\".\"interaction#author#avatar\"", "\"HashTags_1\".\"interaction#author#id\"", "\"HashTags_1\".\"interaction#author#language\"", "\"HashTags_1\".\"interaction#author#link\"", "\"HashTags_1\".\"interaction#author#name\"", "\"HashTags_1\".\"interaction#author#username\"", "\"HashTags_1\".\"interaction#content\"", "\"HashTags_1\".\"interaction#created_at\"", "\"HashTags_1\".\"interaction#geo#latitude\"", "\"HashTags_1\".\"interaction#geo#longitude\"", "\"HashTags_1\".\"interaction#hashtags\"", "\"HashTags_1\".\"interaction#id\"", "\"HashTags_1\".\"interaction#link\"", "\"HashTags_1\".\"interaction#mention_ids\"", "\"HashTags_1\".\"interaction#mentions\"", "\"HashTags_1\".\"interaction#received_at\"", "\"HashTags_1\".\"interaction#schema#version\"", "\"HashTags_1\".\"interaction#source\"", "\"HashTags_1\".\"interaction#type\"", "\"HashTags_1\".\"twitter#created_at\"", "\"HashTags_1\".\"twitter#display_urls\"", "\"HashTags_1\".\"twitter#domains\"", "\"HashTags_1\".\"twitter#filter_level\"", "\"HashTags_1\".\"twitter#geo#latitude\"", "\"HashTags_1\".\"twitter#geo#longitude\"", "\"HashTags_1\".\"twitter#hashtags\"", "\"HashTags_1\".\"twitter#id\"", "\"HashTags_1\".\"twitter#in_reply_to_screen_name\"", "\"HashTags_1\".\"twitter#in_reply_to_status_id\"", "\"HashTags_1\".\"twitter#in_reply_to_user_id\"", "\"HashTags_1\".\"twitter#lang\"", "\"HashTags_1\".\"twitter#links\"", "\"HashTags_1\".\"twitter#media\"", "\"HashTags_1\".\"twitter#mention_ids\"", "\"HashTags_1\".\"twitter#mentions\"", "\"HashTags_1\".\"twitter#place#country\"", "\"HashTags_1\".\"twitter#place#country_code\"", "\"HashTags_1\".\"twitter#place#full_name\"", "\"HashTags_1\".\"twitter#place#id\"", "\"HashTags_1\".\"twitter#place#name\"", "\"HashTags_1\".\"twitter#place#place_type\"", "\"HashTags_1\".\"twitter#place#url\"", "\"HashTags_1\".\"twitter#possibly_sensitive\"", "\"HashTags_1\".\"twitter#source\"", "\"HashTags_1\".\"twitter#text\"", "\"HashTags_1\".\"twitter#user#created_at\"", "\"HashTags_1\".\"twitter#user#description\"", "\"HashTags_1\".\"twitter#user#favourites_count\"", "\"HashTags_1\".\"twitter#user#followers_count\"", "\"HashTags_1\".\"twitter#user#friends_count\"", "\"HashTags_1\".\"twitter#user#geo_enabled\"", "\"HashTags_1\".\"twitter#user#id\"", "\"HashTags_1\".\"twitter#user#id_str\"", "\"HashTags_1\".\"twitter#user#lang\"", "\"HashTags_1\".\"twitter#user#listed_count\"", "\"HashTags_1\".\"twitter#user#location\"", "\"HashTags_1\".\"twitter#user#name\"", "\"HashTags_1\".\"twitter#user#profile_image_url\"", "\"HashTags_1\".\"twitter#user#profile_image_url_https\"", "\"HashTags_1\".\"twitter#user#screen_name\"", "\"HashTags_1\".\"twitter#user#statuses_count\"", "\"HashTags_1\".\"twitter#user#time_zone\"", "\"HashTags_1\".\"twitter#user#url\"", "\"HashTags_1\".\"twitter#user#utc_offset\"", "\"HashTags_1\".\"twitter#user#verified\"", "\"HashTags_1\".\"Contains: suburgatory (copy)\"", "\"HashTags_1\".\"Contains: Castle (copy)\"", "\"HashTags_1\".\"Contains: revenge (copy)\"", "\"HashTags_1\".\"Contains: nashville (copy)\"", "\"HashTags_1\".\"Contains: modernfamily (copy)\"", "\"HashTags_1\".\"Contains: lastmanstanding (copy)\"", "\"HashTags_1\".\"Contains: TheNeighbors (copy)\"", "\"HashTags_1\".\"Contains: TheNeighbors (copy 3)\"", "\"HashTags_1\".\"Contains: TheNeighbors (copy 2)\"", "\"HashTags_1\".\"Contains: suburgatory (copy 2)\"", "\"HashTags_1\".\"Contains: Scandal (copy)\"", "\"HashTags_1\".\"Contains: Scandal (copy 3)\"", "\"HashTags_1\".\"Contains: Scandal (copy 2)\"", "\"HashTags_1\".\"Contains: RookieBlue (copy)\"", "\"HashTags_1\".\"Contains: RookieBlue (copy 6)\"", "\"HashTags_1\".\"Contains: RookieBlue (copy 5)\"", "\"HashTags_1\".\"Contains: RookieBlue (copy 4)\"", "\"HashTags_1\".\"Contains: RookieBlue (copy 3)\"", "\"HashTags_1\".\"Contains: RookieBlue (copy 2)\"", "\"HashTags_1\".\"Contains: OnceUponATime (copy)\"", "\"HashTags_1\".\"Contains: Motive (copy)\"", "\"HashTags_1\".\"Contains: Motive (copy 2)\"", "\"HashTags_1\".\"Contains: KillerWomen (copy)\"", "\"HashTags_1\".\"Contains: KillerWomen (copy 2)\"", "\"HashTags_1\".\"Contains: GreysAnatomy (copy)\"", "\"HashTags_1\".\"Contains: GreysAnatomy (copy 2)\"", "\"HashTags_1\".\"Calculation_6220303224029615\"", "\"HashTags_1\".\"Contains: Castle (copy 2)\"", "\"HashTags_1\".\"Contains: AgentsofSHIELD (copy)\"", "\"HashTags_1\".\"Contains: AFV (copy)\"", "\"HashTags_1\".\"Contains: AFV (copy 2)\"", "\"HashTags_1\".\"Contains: ABC2020 (copy)\"", "\"HashTags_1\".\"Calculation_6610227171140491\"", "\"HashTags_1\".\"Contains: TheMiddle (copy)\""]}, {"Node Type": "Aggregate", "Strategy": "Sorted", "Partial Mode": "Simple", "Parent Relationship": "Inner", "Parallel Aware": false, "Async Capable": false, "Startup Cost": 10.01, "Total Cost": 10.04, "Plan Rows": 1, "Plan Width": 52, "Actual Startup Time": 0.0, "Actual Total Time": 0.0, "Actual Rows": 0, "Actual Loops": 0, "Output": ["\"HashTags_1_1\".\"twitter#user#screen_name\"", "min(1)"], "Group Key": ["\"HashTags_1_1\".\"twitter#user#screen_name\""], "Filter": "(sum((\"HashTags_1_1\".\"Number of Records\")::bigint) = '1'::numeric)", "Rows Removed by Filter": 0, "Plans": [{"Node Type": "Sort", "Parent Relationship": "Outer", "Parallel Aware": false, "Async Capable": false, "Startup Cost": 10.01, "Total Cost": 10.02, "Plan Rows": 1, "Plan Width": 50, "Actual Startup Time": 0.0, "Actual Total Time": 0.0, "Actual Rows": 0, "Actual Loops": 0, "Output": ["\"HashTags_1_1\".\"twitter#user#screen_name\"", "\"HashTags_1_1\".\"Number of Records\""], "Sort Key": ["\"HashTags_1_1\".\"twitter#user#screen_name\""], "Plans": [{"Node Type": "Seq Scan", "Parent Relationship": "Outer", "Parallel Aware": false, "Async Capable": false, "Relation Name": "HashTags_1", "Schema": "pg_temp", "Alias": "HashTags_1_1", "Startup Cost": 0.0, "Total Cost": 10.0, "Plan Rows": 1, "Plan Width": 50, "Actual Startup Time": 0.0, "Actual Total Time": 0.0, "Actual Rows": 0, "Actual Loops": 0, "Output": ["\"HashTags_1_1\".\"twitter#user#screen_name\"", "\"HashTags_1_1\".\"Number of Records\""]}]}]}]}, {"Node Type": "Aggregate", "Strategy": "Sorted", "Partial Mode": "Simple", "Parent Relationship": "Inner", "Parallel Aware": false, "Async Capable": false, "Startup Cost": 10.01, "Total Cost": 10.04, "Plan Rows": 1, "Plan Width": 52, "Actual Startup Time": 0.0, "Actual Total Time": 0.0, "Actual Rows": 0, "Actual Loops": 0, "Output": ["\"HashTags_1_2\".\"twitter#user#screen_name\"", "min(1)"], "Group Key": ["\"HashTags_1_2\".\"twitter#user#screen_name\""], "Filter": "(sum((\"HashTags_1_2\".\"Number of Records\")::bigint) = '2'::numeric)", "Rows Removed by Filter": 0, "Plans": [{"Node Type": "Sort", "Parent Relationship": "Outer", "Parallel Aware": false, "Async Capable": false, "Startup Cost": 10.01, "Total Cost": 10.02, "Plan Rows": 1, "Plan Width": 50, "Actual Startup Time": 0.0, "Actual Total Time": 0.0, "Actual Rows": 0, "Actual Loops": 0, "Output": ["\"HashTags_1_2\".\"twitter#user#screen_name\"", "\"HashTags_1_2\".\"Number of Records\""], "Sort Key": ["\"HashTags_1_2\".\"twitter#user#screen_name\""], "Plans": [{"Node Type": "Seq Scan", "Parent Relationship": "Outer", "Parallel Aware": false, "Async Capable": false, "Relation Name": "HashTags_1", "Schema": "pg_temp", "Alias": "HashTags_1_2", "Startup Cost": 0.0, "Total Cost": 10.0, "Plan Rows": 1, "Plan Width": 50, "Actual Startup Time": 0.0, "Actual Total Time": 0.0, "Actual Rows": 0, "Actual Loops": 0, "Output": ["\"HashTags_1_2\".\"twitter#user#screen_name\"", "\"HashTags_1_2\".\"Number of Records\""]}]}]}]}, {"Node Type": "Aggregate", "Strategy": "Sorted", "Partial Mode": "Simple", "Parent Relationship": "Inner", "Parallel Aware": false, "Async Capable": false, "Startup Cost": 10.01, "Total Cost": 10.04, "Plan Rows": 1, "Plan Width": 52, "Actual Startup Time": 0.0, "Actual Total Time": 0.0, "Actual Rows": 0, "Actual Loops": 0, "Output": ["\"HashTags_1_3\".\"twitter#user#screen_name\"", "min(1)"], "Group Key": ["\"HashTags_1_3\".\"twitter#user#screen_name\""], "Filter": "(sum((\"HashTags_1_3\".\"Number of Records\")::bigint) > '19'::numeric)", "Rows Removed by Filter": 0, "Plans": [{"Node Type": "Sort", "Parent Relationship": "Outer", "Parallel Aware": false, "Async Capable": false, "Startup Cost": 10.01, "Total Cost": 10.02, "Plan Rows": 1, "Plan Width": 50, "Actual Startup Time": 0.0, "Actual Total Time": 0.0, "Actual Rows": 0, "Actual Loops": 0, "Output": ["\"HashTags_1_3\".\"twitter#user#screen_name\"", "\"HashTags_1_3\".\"Number of Records\""], "Sort Key": ["\"HashTags_1_3\".\"twitter#user#screen_name\""], "Plans": [{"Node Type": "Seq Scan", "Parent Relationship": "Outer", "Parallel Aware": false, "Async Capable": false, "Relation Name": "HashTags_1", "Schema": "pg_temp", "Alias": "HashTags_1_3", "Startup Cost": 0.0, "Total Cost": 10.0, "Plan Rows": 1, "Plan Width": 50, "Actual Startup Time": 0.0, "Actual Total Time": 0.0, "Actual Rows": 0, "Actual Loops": 0, "Output": ["\"HashTags_1_3\".\"twitter#user#screen_name\"", "\"HashTags_1_3\".\"Number of Records\""]}]}]}]}, {"Node Type": "Aggregate", "Strategy": "Sorted", "Partial Mode": "Simple", "Parent Relationship": "Inner", "Parallel Aware": false, "Async Capable": false, "Startup Cost": 10.01, "Total Cost": 10.04, "Plan Rows": 1, "Plan Width": 52, "Actual Startup Time": 0.0, "Actual Total Time": 0.0, "Actual Rows": 0, "Actual Loops": 0, "Output": ["\"HashTags_1_4\".\"twitter#user#screen_name\"", "min(1)"], "Group Key": ["\"HashTags_1_4\".\"twitter#user#screen_name\""], "Filter": "(sum((\"HashTags_1_4\".\"Number of Records\")::bigint) = '3'::numeric)", "Rows Removed by Filter": 0, "Plans": [{"Node Type": "Sort", "Parent Relationship": "Outer", "Parallel Aware": false, "Async Capable": false, "Startup Cost": 10.01, "Total Cost": 10.02, "Plan Rows": 1, "Plan Width": 50, "Actual Startup Time": 0.0, "Actual Total Time": 0.0, "Actual Rows": 0, "Actual Loops": 0, "Output": ["\"HashTags_1_4\".\"twitter#user#screen_name\"", "\"HashTags_1_4\".\"Number of Records\""], "Sort Key": ["\"HashTags_1_4\".\"twitter#user#screen_name\""], "Plans": [{"Node Type": "Seq Scan", "Parent Relationship": "Outer", "Parallel Aware": false, "Async Capable": false, "Relation Name": "HashTags_1", "Schema": "pg_temp", "Alias": "HashTags_1_4", "Startup Cost": 0.0, "Total Cost": 10.0, "Plan Rows": 1, "Plan Width": 50, "Actual Startup Time": 0.0, "Actual Total Time": 0.0, "Actual Rows": 0, "Actual Loops": 0, "Output": ["\"HashTags_1_4\".\"twitter#user#screen_name\"", "\"HashTags_1_4\".\"Number of Records\""]}]}]}]}, {"Node Type": "Aggregate", "Strategy": "Sorted", "Partial Mode": "Simple", "Parent Relationship": "Inner", "Parallel Aware": false, "Async Capable": false, "Startup Cost": 10.01, "Total Cost": 10.04, "Plan Rows": 1, "Plan Width": 52, "Actual Startup Time": 0.0, "Actual Total Time": 0.0, "Actual Rows": 0, "Actual Loops": 0, "Output": ["\"HashTags_1_5\".\"twitter#user#screen_name\"", "min(1)"], "Group Key": ["\"HashTags_1_5\".\"twitter#user#screen_name\""], "Filter": "(sum((\"HashTags_1_5\".\"Number of Records\")::bigint) = '4'::numeric)", "Rows Removed by Filter": 0, "Plans": [{"Node Type": "Sort", "Parent Relationship": "Outer", "Parallel Aware": false, "Async Capable": false, "Startup Cost": 10.01, "Total Cost": 10.02, "Plan Rows": 1, "Plan Width": 50, "Actual Startup Time": 0.0, "Actual Total Time": 0.0, "Actual Rows": 0, "Actual Loops": 0, "Output": ["\"HashTags_1_5\".\"twitter#user#screen_name\"", "\"HashTags_1_5\".\"Number of Records\""], "Sort Key": ["\"HashTags_1_5\".\"twitter#user#screen_name\""], "Plans": [{"Node Type": "Seq Scan", "Parent Relationship": "Outer", "Parallel Aware": false, "Async Capable": false, "Relation Name": "HashTags_1", "Schema": "pg_temp", "Alias": "HashTags_1_5", "Startup Cost": 0.0, "Total Cost": 10.0, "Plan Rows": 1, "Plan Width": 50, "Actual Startup Time": 0.0, "Actual Total Time": 0.0, "Actual Rows": 0, "Actual Loops": 0, "Output": ["\"HashTags_1_5\".\"twitter#user#screen_name\"", "\"HashTags_1_5\".\"Number of Records\""]}]}]}]}, {"Node Type": "Aggregate", "Strategy": "Sorted", "Partial Mode": "Simple", "Parent Relationship": "Inner", "Parallel Aware": false, "Async Capable": false, "Startup Cost": 10.01, "Total Cost": 10.04, "Plan Rows": 1, "Plan Width": 52, "Actual Startup Time": 0.0, "Actual Total Time": 0.0, "Actual Rows": 0, "Actual Loops": 0, "Output": ["\"HashTags_1_6\".\"twitter#user#screen_name\"", "min(1)"], "Group Key": ["\"HashTags_1_6\".\"twitter#user#screen_name\""], "Filter": "(sum((\"HashTags_1_6\".\"Number of Records\")::bigint) = '5'::numeric)", "Rows Removed by Filter": 0, "Plans": [{"Node Type": "Sort", "Parent Relationship": "Outer", "Parallel Aware": false, "Async Capable": false, "Startup Cost": 10.01, "Total Cost": 10.02, "Plan Rows": 1, "Plan Width": 50, "Actual Startup Time": 0.0, "Actual Total Time": 0.0, "Actual Rows": 0, "Actual Loops": 0, "Output": ["\"HashTags_1_6\".\"twitter#user#screen_name\"", "\"HashTags_1_6\".\"Number of Records\""], "Sort Key": ["\"HashTags_1_6\".\"twitter#user#screen_name\""], "Plans": [{"Node Type": "Seq Scan", "Parent Relationship": "Outer", "Parallel Aware": false, "Async Capable": false, "Relation Name": "HashTags_1", "Schema": "pg_temp", "Alias": "HashTags_1_6", "Startup Cost": 0.0, "Total Cost": 10.0, "Plan Rows": 1, "Plan Width": 50, "Actual Startup Time": 0.0, "Actual Total Time": 0.0, "Actual Rows": 0, "Actual Loops": 0, "Output": ["\"HashTags_1_6\".\"twitter#user#screen_name\"", "\"HashTags_1_6\".\"Number of Records\""]}]}]}]}]}]}, "Planning Time": 1.492, "Triggers": [], "Execution Time": 0.117}]