[{"Plan": {"Node Type": "Group", "Parallel Aware": false, "Async Capable": false, "Startup Cost": 14.83, "Total Cost": 15.38, "Plan Rows": 110, "Plan Width": 68, "Actual Startup Time": 0.005, "Actual Total Time": 0.005, "Actual Rows": 0, "Actual Loops": 1, "Output": ["property_type"], "Group Key": ["\"Redfin1_2\".property_type"], "Plans": [{"Node Type": "Sort", "Parent Relationship": "Outer", "Parallel Aware": false, "Async Capable": false, "Startup Cost": 14.83, "Total Cost": 15.1, "Plan Rows": 110, "Plan Width": 68, "Actual Startup Time": 0.004, "Actual Total Time": 0.005, "Actual Rows": 0, "Actual Loops": 1, "Output": ["property_type"], "Sort Key": ["\"Redfin1_2\".property_type"], "Sort Method": "quicksort", "Sort Space Used": 25, "Sort Space Type": "Memory", "Plans": [{"Node Type": "Seq Scan", "Parent Relationship": "Outer", "Parallel Aware": false, "Async Capable": false, "Relation Name": "Redfin1_2", "Schema": "pg_temp", "Alias": "Redfin1_2", "Startup Cost": 0.0, "Total Cost": 11.1, "Plan Rows": 110, "Plan Width": 68, "Actual Startup Time": 0.003, "Actual Total Time": 0.003, "Actual Rows": 0, "Actual Loops": 1, "Output": ["property_type"]}]}]}, "Planning Time": 0.091, "Triggers": [], "Execution Time": 0.011}]