[{"Plan": {"Node Type": "Limit", "Parallel Aware": false, "Async Capable": false, "Startup Cost": 11.38, "Total Cost": 11.91, "Plan Rows": 54, "Plan Width": 168, "Actual Startup Time": 0.002, "Actual Total Time": 0.002, "Actual Rows": 0, "Actual Loops": 1, "Output": ["region"], "Plans": [{"Node Type": "Aggregate", "Strategy": "Hashed", "Partial Mode": "Simple", "Parent Relationship": "Outer", "Parallel Aware": false, "Async Capable": false, "Startup Cost": 11.38, "Total Cost": 12.47, "Plan Rows": 110, "Plan Width": 168, "Actual Startup Time": 0.001, "Actual Total Time": 0.002, "Actual Rows": 0, "Actual Loops": 1, "Output": ["region"], "Group Key": ["\"Redfin1_4\".region"], "Planned Partitions": 0, "HashAgg Batches": 1, "Peak Memory Usage": 24, "Disk Usage": 0, "Plans": [{"Node Type": "Seq Scan", "Parent Relationship": "Outer", "Parallel Aware": false, "Async Capable": false, "Relation Name": "Redfin1_4", "Schema": "pg_temp", "Alias": "Redfin1_4", "Startup Cost": 0.0, "Total Cost": 11.1, "Plan Rows": 110, "Plan Width": 168, "Actual Startup Time": 0.001, "Actual Total Time": 0.001, "Actual Rows": 0, "Actual Loops": 1, "Output": ["\"Number of Records\"", "avg_sale_to_list", "avg_sale_to_list_mom", "avg_sale_to_list_yoy", "city", "homes_sold", "homes_sold_mom", "homes_sold_yoy", "inventory", "inventory_mom", "inventory_yoy", "median_dom", "median_dom_mom", "median_dom_yoy", "median_list_ppsf", "median_list_ppsf_mom", "median_list_ppsf_yoy", "median_list_price", "median_list_price_mom", "median_list_price_yoy", "median_ppsf", "median_ppsf_mom", "median_ppsf_yoy", "median_sale_price", "median_sale_price_mom", "median_sale_price_yoy", "new_listings", "new_listings_mom", "new_listings_yoy", "period_begin", "period_duration", "period_end", "price_drops", "price_drops_mom", "price_drops_yoy", "property_type", "region", "region_type", "sold_above_list", "sold_above_list_mom", "sold_above_list_yoy", "state", "state_code", "table_id"]}]}]}, "Planning Time": 0.015, "Triggers": [], "Execution Time": 0.01}]