[{"Plan": {"Node Type": "Group", "Parallel Aware": false, "Async Capable": false, "Startup Cost": 14.83, "Total Cost": 15.38, "Plan Rows": 110, "Plan Width": 168, "Actual Startup Time": 0.002, "Actual Total Time": 0.002, "Actual Rows": 0, "Actual Loops": 1, "Output": ["region"], "Group Key": ["\"Redfin1_4\".region"], "Plans": [{"Node Type": "Sort", "Parent Relationship": "Outer", "Parallel Aware": false, "Async Capable": false, "Startup Cost": 14.83, "Total Cost": 15.1, "Plan Rows": 110, "Plan Width": 168, "Actual Startup Time": 0.002, "Actual Total Time": 0.002, "Actual Rows": 0, "Actual Loops": 1, "Output": ["region"], "Sort Key": ["\"Redfin1_4\".region"], "Sort Method": "quicksort", "Sort Space Used": 25, "Sort Space Type": "Memory", "Plans": [{"Node Type": "Seq Scan", "Parent Relationship": "Outer", "Parallel Aware": false, "Async Capable": false, "Relation Name": "Redfin1_4", "Schema": "pg_temp", "Alias": "Redfin1_4", "Startup Cost": 0.0, "Total Cost": 11.1, "Plan Rows": 110, "Plan Width": 168, "Actual Startup Time": 0.001, "Actual Total Time": 0.001, "Actual Rows": 0, "Actual Loops": 1, "Output": ["region"]}]}]}, "Planning Time": 0.015, "Triggers": [], "Execution Time": 0.006}]