[{"Plan": {"Node Type": "Aggregate", "Strategy": "Plain", "Partial Mode": "Simple", "Parallel Aware": false, "Async Capable": false, "Startup Cost": 12.45, "Total Cost": 12.47, "Plan Rows": 1, "Plan Width": 16, "Actual Startup Time": 0.002, "Actual Total Time": 0.002, "Actual Rows": 0, "Actual Loops": 1, "Output": ["(min(\"PA\"))::bigint", "(max(\"PA\"))::bigint"], "Filter": "(count(1) > 0)", "Rows Removed by Filter": 1, "Plans": [{"Node Type": "Seq Scan", "Parent Relationship": "Outer", "Parallel Aware": false, "Async Capable": false, "Relation Name": "MLB_44", "Schema": "pg_temp", "Alias": "MLB_44", "Startup Cost": 0.0, "Total Cost": 11.4, "Plan Rows": 140, "Plan Width": 2, "Actual Startup Time": 0.001, "Actual Total Time": 0.001, "Actual Rows": 0, "Actual Loops": 1, "Output": ["\"AB\"", "\"AVG\"", "\"BABIP\"", "\"BB.\"", "\"BB\"", "\"BIP.\"", "\"BIP\"", "\"Balls\"", "\"Ca.\"", "\"Calculation_496521908230012937\"", "\"Called\"", "\"F.\"", "\"FB.\"", "\"FB\"", "\"Foul\"", "\"GB.\"", "\"GB\"", "\"GIDP\"", "\"HBP\"", "\"HR\"", "\"H\"", "\"ISO\"", "\"K.\"", "\"LD.\"", "\"LD\"", "\"Number of Records\"", "\"OBP\"", "\"PA\"", "\"PU.\"", "\"PU\"", "\"Pitches\"", "\"SF\"", "\"SH\"", "\"SLG\"", "\"SOL\"", "\"SOS\"", "\"SO\"", "\"Strikes\"", "\"Swinging\"", "\"TB\"", "\"Wh.Sw\"", "\"X1B\"", "\"X2B\"", "\"X3B\"", "batted_ball_type", "batter_name", "\"iBB\"", "league", "parentteam", "\"pwRC.\"", "teamname", "\"wOBA\"", "\"wRAA\"", "\"wRC.\"", "\"wRC\"", "year", "\"Calculation_40532458109407238\"", "\"Calculation_40532458115264531\""]}]}, "Planning Time": 0.026, "Triggers": [], "Execution Time": 0.011}]