[{"Plan": {"Node Type": "Aggregate", "Strategy": "Plain", "Partial Mode": "Simple", "Parallel Aware": false, "Async Capable": false, "Startup Cost": 12.1, "Total Cost": 12.12, "Plan Rows": 1, "Plan Width": 16, "Actual Startup Time": 0.003, "Actual Total Time": 0.003, "Actual Rows": 0, "Actual Loops": 1, "Output": ["(min(\"PA\"))::bigint", "(max(\"PA\"))::bigint"], "Filter": "(count(1) > 0)", "Rows Removed by Filter": 1, "Plans": [{"Node Type": "Seq Scan", "Parent Relationship": "Outer", "Parallel Aware": false, "Async Capable": false, "Relation Name": "MLB_53", "Schema": "pg_temp", "Alias": "MLB_53", "Startup Cost": 0.0, "Total Cost": 11.2, "Plan Rows": 120, "Plan Width": 2, "Actual Startup Time": 0.002, "Actual Total Time": 0.002, "Actual Rows": 0, "Actual Loops": 1, "Output": ["\"AB\"", "\"AVG\"", "\"BABIP\"", "\"BB.\"", "\"BB\"", "\"BIP.\"", "\"BIP\"", "\"Ba.\"", "\"Balls\"", "\"CS\"", "\"Ca.\"", "\"Calculation_496521908228263942\"", "\"Called\"", "\"F.\"", "\"FB.\"", "\"FB\"", "\"Foul\"", "\"GB.\"", "\"GB\"", "\"GIDP\"", "\"HBP\"", "\"HR\"", "\"H\"", "\"ISO\"", "\"K.\"", "\"LD.\"", "\"LD\"", "\"Number of Records\"", "\"OBP\"", "\"PA\"", "\"PU.\"", "\"PU\"", "\"Pitches\"", "\"RBI\"", "\"R\"", "\"SB.\"", "\"SB\"", "\"SF\"", "\"SH\"", "\"SLG\"", "\"SOL\"", "\"SOS\"", "\"SO\"", "\"Str.\"", "\"Strikes\"", "\"SwStr.\"", "\"Swinging\"", "\"TB\"", "\"Wh.Sw\"", "\"X1B\"", "\"X2B\"", "\"X3B\"", "batter_name", "\"iBB\"", "league", "month", "parentteam", "\"pwRC.\"", "teamname", "\"wOBA\"", "\"wRAA\"", "\"wRC.\"", "\"wRC\"", "year", "\"Calculation_212021079764389888\"", "\"Calculation_40532458107953155\"", "\"Calculation_40532458114015248\""]}]}, "Planning Time": 0.118, "Triggers": [], "Execution Time": 0.012}]