[{"Plan": {"Node Type": "Aggregate", "Strategy": "Sorted", "Partial Mode": "Simple", "Parallel Aware": false, "Async Capable": false, "Startup Cost": 13.41, "Total Cost": 13.46, "Plan Rows": 1, "Plan Width": 332, "Actual Startup Time": 0.006, "Actual Total Time": 0.006, "Actual Rows": 0, "Actual Loops": 1, "Output": ["max(\"AVG\")", "min(\"AVG\")", "max(\"BABIP\")", "min(\"BABIP\")", "max(\"ISO\")", "min(\"ISO\")", "max(\"wOBA\")", "min(\"wOBA\")", "league", "\"position\"", "(year)::bigint", "year"], "Group Key": ["\"MLB_11\".league", "\"MLB_11\".\"position\"", "\"MLB_11\".year"], "Plans": [{"Node Type": "Sort", "Parent Relationship": "Outer", "Parallel Aware": false, "Async Capable": false, "Startup Cost": 13.41, "Total Cost": 13.42, "Plan Rows": 1, "Plan Width": 116, "Actual Startup Time": 0.006, "Actual Total Time": 0.006, "Actual Rows": 0, "Actual Loops": 1, "Output": ["league", "\"position\"", "year", "\"AVG\"", "\"BABIP\"", "\"ISO\"", "\"wOBA\""], "Sort Key": ["\"MLB_11\".year"], "Sort Method": "quicksort", "Sort Space Used": 25, "Sort Space Type": "Memory", "Plans": [{"Node Type": "Seq Scan", "Parent Relationship": "Outer", "Parallel Aware": false, "Async Capable": false, "Relation Name": "MLB_11", "Schema": "pg_temp", "Alias": "MLB_11", "Startup Cost": 0.0, "Total Cost": 13.4, "Plan Rows": 1, "Plan Width": 116, "Actual Startup Time": 0.001, "Actual Total Time": 0.001, "Actual Rows": 0, "Actual Loops": 1, "Output": ["league", "\"position\"", "year", "\"AVG\"", "\"BABIP\"", "\"ISO\"", "\"wOBA\""], "Filter": "(((\"MLB_11\".league)::text = 'PCL'::text) AND ((\"MLB_11\".\"position\")::text = 'Center Fielder'::text) AND ((\"MLB_11\".year)::bigint = 2015))", "Rows Removed by Filter": 0}]}]}, "Planning Time": 0.042, "Triggers": [], "Execution Time": 0.02}]