[{"Plan": {"Node Type": "Aggregate", "Strategy": "Sorted", "Partial Mode": "Simple", "Parallel Aware": false, "Async Capable": false, "Startup Cost": 13.61, "Total Cost": 13.66, "Plan Rows": 1, "Plan Width": 328, "Actual Startup Time": 0.002, "Actual Total Time": 0.002, "Actual Rows": 0, "Actual Loops": 1, "Output": ["max(\"AVG\")", "min(\"AVG\")", "max(\"BABIP\")", "min(\"BABIP\")", "max(\"ISO\")", "min(\"ISO\")", "max(\"wOBA\")", "min(\"wOBA\")", "field", "league", "stand", "(year)::bigint", "year"], "Group Key": ["\"MLB_14\".field", "\"MLB_14\".league", "\"MLB_14\".stand", "\"MLB_14\".year"], "Plans": [{"Node Type": "Sort", "Parent Relationship": "Outer", "Parallel Aware": false, "Async Capable": false, "Startup Cost": 13.61, "Total Cost": 13.62, "Plan Rows": 1, "Plan Width": 112, "Actual Startup Time": 0.002, "Actual Total Time": 0.002, "Actual Rows": 0, "Actual Loops": 1, "Output": ["field", "league", "stand", "year", "\"AVG\"", "\"BABIP\"", "\"ISO\"", "\"wOBA\""], "Sort Key": ["\"MLB_14\".year"], "Sort Method": "quicksort", "Sort Space Used": 25, "Sort Space Type": "Memory", "Plans": [{"Node Type": "Seq Scan", "Parent Relationship": "Outer", "Parallel Aware": false, "Async Capable": false, "Relation Name": "MLB_14", "Schema": "pg_temp", "Alias": "MLB_14", "Startup Cost": 0.0, "Total Cost": 13.6, "Plan Rows": 1, "Plan Width": 112, "Actual Startup Time": 0.001, "Actual Total Time": 0.001, "Actual Rows": 0, "Actual Loops": 1, "Output": ["field", "league", "stand", "year", "\"AVG\"", "\"BABIP\"", "\"ISO\"", "\"wOBA\""], "Filter": "(((\"MLB_14\".field)::text = 'Center'::text) AND ((\"MLB_14\".league)::text = 'PCL'::text) AND ((\"MLB_14\".stand)::text = 'R'::text) AND ((\"MLB_14\".year)::bigint = 2015))", "Rows Removed by Filter": 0}]}]}, "Planning Time": 0.038, "Triggers": [], "Execution Time": 0.016}]