[{"Plan": {"Node Type": "Aggregate", "Strategy": "Sorted", "Partial Mode": "Simple", "Parallel Aware": false, "Async Capable": false, "Startup Cost": 16.49, "Total Cost": 16.53, "Plan Rows": 1, "Plan Width": 296, "Actual Startup Time": 0.003, "Actual Total Time": 0.003, "Actual Rows": 0, "Actual Loops": 1, "Output": ["max(\"AVG\")", "min(\"AVG\")", "max(\"BABIP\")", "min(\"BABIP\")", "max(\"ISO\")", "min(\"ISO\")", "max(\"wOBA\")", "min(\"wOBA\")", "league", "(times_faced)::bigint", "(year)::bigint", "times_faced", "year"], "Group Key": ["\"MLB_21\".league", "\"MLB_21\".times_faced", "\"MLB_21\".year"], "Plans": [{"Node Type": "Sort", "Parent Relationship": "Outer", "Parallel Aware": false, "Async Capable": false, "Startup Cost": 16.49, "Total Cost": 16.49, "Plan Rows": 1, "Plan Width": 80, "Actual Startup Time": 0.002, "Actual Total Time": 0.002, "Actual Rows": 0, "Actual Loops": 1, "Output": ["league", "times_faced", "year", "\"AVG\"", "\"BABIP\"", "\"ISO\"", "\"wOBA\""], "Sort Key": ["\"MLB_21\".league", "\"MLB_21\".times_faced", "\"MLB_21\".year"], "Sort Method": "quicksort", "Sort Space Used": 25, "Sort Space Type": "Memory", "Plans": [{"Node Type": "Seq Scan", "Parent Relationship": "Outer", "Parallel Aware": false, "Async Capable": false, "Relation Name": "MLB_21", "Schema": "pg_temp", "Alias": "MLB_21", "Startup Cost": 0.0, "Total Cost": 16.48, "Plan Rows": 1, "Plan Width": 80, "Actual Startup Time": 0.001, "Actual Total Time": 0.001, "Actual Rows": 0, "Actual Loops": 1, "Output": ["league", "times_faced", "year", "\"AVG\"", "\"BABIP\"", "\"ISO\"", "\"wOBA\""], "Filter": "(((\"MLB_21\".times_faced)::bigint = 1) AND ((((\"MLB_21\".year)::bigint = 2012) AND ((\"MLB_21\".league)::text = ANY ('{APPY,NYPL}'::text[]))) OR (((\"MLB_21\".year)::bigint = 2013) AND ((\"MLB_21\".league)::text = 'NYPL'::text)) OR (((\"MLB_21\".year)::bigint = 2014) AND ((\"MLB_21\".league)::text = ANY ('{EL,FSL,SAL}'::text[]))) OR (((\"MLB_21\".year)::bigint = 2015) AND ((\"MLB_21\".league)::text = 'EL'::text))))", "Rows Removed by Filter": 0}]}]}, "Planning Time": 0.052, "Triggers": [], "Execution Time": 0.018}]