[{"Plan": {"Node Type": "Aggregate", "Strategy": "Sorted", "Partial Mode": "Simple", "Parallel Aware": false, "Async Capable": false, "Startup Cost": 13.16, "Total Cost": 13.21, "Plan Rows": 1, "Plan Width": 296, "Actual Startup Time": 0.002, "Actual Total Time": 0.002, "Actual Rows": 0, "Actual Loops": 1, "Output": ["max(\"AVG\")", "min(\"AVG\")", "max(\"BABIP\")", "min(\"BABIP\")", "max(\"ISO\")", "min(\"ISO\")", "max(\"wOBA\")", "min(\"wOBA\")", "(inning)::bigint", "league", "(year)::bigint", "inning", "year"], "Group Key": ["\"MLB_24\".inning", "\"MLB_24\".league", "\"MLB_24\".year"], "Plans": [{"Node Type": "Sort", "Parent Relationship": "Outer", "Parallel Aware": false, "Async Capable": false, "Startup Cost": 13.16, "Total Cost": 13.17, "Plan Rows": 1, "Plan Width": 72, "Actual Startup Time": 0.002, "Actual Total Time": 0.002, "Actual Rows": 0, "Actual Loops": 1, "Output": ["league", "inning", "year", "\"AVG\"", "\"BABIP\"", "\"ISO\"", "\"wOBA\""], "Sort Key": ["\"MLB_24\".inning", "\"MLB_24\".year"], "Sort Method": "quicksort", "Sort Space Used": 25, "Sort Space Type": "Memory", "Plans": [{"Node Type": "Seq Scan", "Parent Relationship": "Outer", "Parallel Aware": false, "Async Capable": false, "Relation Name": "MLB_24", "Schema": "pg_temp", "Alias": "MLB_24", "Startup Cost": 0.0, "Total Cost": 13.15, "Plan Rows": 1, "Plan Width": 72, "Actual Startup Time": 0.001, "Actual Total Time": 0.001, "Actual Rows": 0, "Actual Loops": 1, "Output": ["league", "inning", "year", "\"AVG\"", "\"BABIP\"", "\"ISO\"", "\"wOBA\""], "Filter": "(((\"MLB_24\".league)::text = 'PCL'::text) AND ((\"MLB_24\".inning)::bigint = 4) AND ((\"MLB_24\".year)::bigint = 2015))", "Rows Removed by Filter": 0}]}]}, "Planning Time": 0.05, "Triggers": [], "Execution Time": 0.015}]