[{"Plan": {"Node Type": "Aggregate", "Strategy": "Sorted", "Partial Mode": "Simple", "Parallel Aware": false, "Async Capable": false, "Startup Cost": 12.61, "Total Cost": 12.65, "Plan Rows": 1, "Plan Width": 328, "Actual Startup Time": 0.002, "Actual Total Time": 0.002, "Actual Rows": 0, "Actual Loops": 1, "Output": ["max(\"AVG\")", "min(\"AVG\")", "max(\"BABIP\")", "min(\"BABIP\")", "max(\"ISO\")", "min(\"ISO\")", "max(\"wOBA\")", "min(\"wOBA\")", "league", "statei", "(year)::bigint", "year"], "Group Key": ["\"MLB_30\".league", "\"MLB_30\".statei", "\"MLB_30\".year"], "Plans": [{"Node Type": "Sort", "Parent Relationship": "Outer", "Parallel Aware": false, "Async Capable": false, "Startup Cost": 12.61, "Total Cost": 12.62, "Plan Rows": 1, "Plan Width": 112, "Actual Startup Time": 0.002, "Actual Total Time": 0.002, "Actual Rows": 0, "Actual Loops": 1, "Output": ["league", "statei", "year", "\"AVG\"", "\"BABIP\"", "\"ISO\"", "\"wOBA\""], "Sort Key": ["\"MLB_30\".year"], "Sort Method": "quicksort", "Sort Space Used": 25, "Sort Space Type": "Memory", "Plans": [{"Node Type": "Seq Scan", "Parent Relationship": "Outer", "Parallel Aware": false, "Async Capable": false, "Relation Name": "MLB_30", "Schema": "pg_temp", "Alias": "MLB_30", "Startup Cost": 0.0, "Total Cost": 12.6, "Plan Rows": 1, "Plan Width": 112, "Actual Startup Time": 0.001, "Actual Total Time": 0.001, "Actual Rows": 0, "Actual Loops": 1, "Output": ["league", "statei", "year", "\"AVG\"", "\"BABIP\"", "\"ISO\"", "\"wOBA\""], "Filter": "(((\"MLB_30\".league)::text = 'PCL'::text) AND ((\"MLB_30\".statei)::text = 'Bases Empty'::text) AND ((\"MLB_30\".year)::bigint = 2015))", "Rows Removed by Filter": 0}]}]}, "Planning Time": 0.036, "Triggers": [], "Execution Time": 0.014}]