[{"Plan": {"Node Type": "Aggregate", "Strategy": "Sorted", "Partial Mode": "Simple", "Parallel Aware": false, "Async Capable": false, "Startup Cost": 12.81, "Total Cost": 12.86, "Plan Rows": 1, "Plan Width": 298, "Actual Startup Time": 0.002, "Actual Total Time": 0.002, "Actual Rows": 0, "Actual Loops": 1, "Output": ["max(\"AVG\")", "min(\"AVG\")", "max(\"BABIP\")", "min(\"BABIP\")", "max(\"ISO\")", "min(\"ISO\")", "max(\"wOBA\")", "min(\"wOBA\")", "batted_ball_type", "league", "(year)::bigint", "year"], "Group Key": ["\"MLB_44\".batted_ball_type", "\"MLB_44\".league", "\"MLB_44\".year"], "Plans": [{"Node Type": "Sort", "Parent Relationship": "Outer", "Parallel Aware": false, "Async Capable": false, "Startup Cost": 12.81, "Total Cost": 12.82, "Plan Rows": 1, "Plan Width": 82, "Actual Startup Time": 0.002, "Actual Total Time": 0.002, "Actual Rows": 0, "Actual Loops": 1, "Output": ["batted_ball_type", "league", "year", "\"AVG\"", "\"BABIP\"", "\"ISO\"", "\"wOBA\""], "Sort Key": ["\"MLB_44\".year"], "Sort Method": "quicksort", "Sort Space Used": 25, "Sort Space Type": "Memory", "Plans": [{"Node Type": "Seq Scan", "Parent Relationship": "Outer", "Parallel Aware": false, "Async Capable": false, "Relation Name": "MLB_44", "Schema": "pg_temp", "Alias": "MLB_44", "Startup Cost": 0.0, "Total Cost": 12.8, "Plan Rows": 1, "Plan Width": 82, "Actual Startup Time": 0.001, "Actual Total Time": 0.001, "Actual Rows": 0, "Actual Loops": 1, "Output": ["batted_ball_type", "league", "year", "\"AVG\"", "\"BABIP\"", "\"ISO\"", "\"wOBA\""], "Filter": "(((\"MLB_44\".batted_ball_type)::text = 'LD'::text) AND ((\"MLB_44\".league)::text = 'PCL'::text) AND ((\"MLB_44\".year)::bigint = 2015))", "Rows Removed by Filter": 0}]}]}, "Planning Time": 0.039, "Triggers": [], "Execution Time": 0.015}]