[{"Plan": {"Node Type": "Group", "Parallel Aware": false, "Async Capable": false, "Startup Cost": 15.86, "Total Cost": 16.51, "Plan Rows": 130, "Plan Width": 20, "Actual Startup Time": 0.002, "Actual Total Time": 0.002, "Actual Rows": 0, "Actual Loops": 1, "Output": ["league"], "Group Key": ["\"MLB_30\".league"], "Plans": [{"Node Type": "Sort", "Parent Relationship": "Outer", "Parallel Aware": false, "Async Capable": false, "Startup Cost": 15.86, "Total Cost": 16.19, "Plan Rows": 130, "Plan Width": 20, "Actual Startup Time": 0.002, "Actual Total Time": 0.002, "Actual Rows": 0, "Actual Loops": 1, "Output": ["league"], "Sort Key": ["\"MLB_30\".league"], "Sort Method": "quicksort", "Sort Space Used": 25, "Sort Space Type": "Memory", "Plans": [{"Node Type": "Seq Scan", "Parent Relationship": "Outer", "Parallel Aware": false, "Async Capable": false, "Relation Name": "MLB_30", "Schema": "pg_temp", "Alias": "MLB_30", "Startup Cost": 0.0, "Total Cost": 11.3, "Plan Rows": 130, "Plan Width": 20, "Actual Startup Time": 0.001, "Actual Total Time": 0.001, "Actual Rows": 0, "Actual Loops": 1, "Output": ["league"]}]}]}, "Planning Time": 0.015, "Triggers": [], "Execution Time": 0.006}]