[{"Plan": {"Node Type": "Group", "Parallel Aware": false, "Async Capable": false, "Startup Cost": 13.33, "Total Cost": 13.73, "Plan Rows": 80, "Plan Width": 20, "Actual Startup Time": 0.003, "Actual Total Time": 0.004, "Actual Rows": 0, "Actual Loops": 1, "Output": ["league"], "Group Key": ["\"MLB_4\".league"], "Plans": [{"Node Type": "Sort", "Parent Relationship": "Outer", "Parallel Aware": false, "Async Capable": false, "Startup Cost": 13.33, "Total Cost": 13.53, "Plan Rows": 80, "Plan Width": 20, "Actual Startup Time": 0.003, "Actual Total Time": 0.003, "Actual Rows": 0, "Actual Loops": 1, "Output": ["league"], "Sort Key": ["\"MLB_4\".league"], "Sort Method": "quicksort", "Sort Space Used": 25, "Sort Space Type": "Memory", "Plans": [{"Node Type": "Seq Scan", "Parent Relationship": "Outer", "Parallel Aware": false, "Async Capable": false, "Relation Name": "MLB_4", "Schema": "pg_temp", "Alias": "MLB_4", "Startup Cost": 0.0, "Total Cost": 10.8, "Plan Rows": 80, "Plan Width": 20, "Actual Startup Time": 0.002, "Actual Total Time": 0.002, "Actual Rows": 0, "Actual Loops": 1, "Output": ["league"]}]}]}, "Planning Time": 0.096, "Triggers": [], "Execution Time": 0.008}]