[{"Plan": {"Node Type": "Aggregate", "Strategy": "Sorted", "Partial Mode": "Simple", "Parallel Aware": false, "Async Capable": false, "Startup Cost": 13.91, "Total Cost": 13.94, "Plan Rows": 1, "Plan Width": 102, "Actual Startup Time": 0.002, "Actual Total Time": 0.003, "Actual Rows": 0, "Actual Loops": 1, "Output": ["batter_name", "(sum((\"wRC.\")::bigint) * '-1'::numeric)"], "Group Key": ["\"MLB_48\".batter_name"], "Plans": [{"Node Type": "Sort", "Parent Relationship": "Outer", "Parallel Aware": false, "Async Capable": false, "Startup Cost": 13.91, "Total Cost": 13.92, "Plan Rows": 1, "Plan Width": 72, "Actual Startup Time": 0.002, "Actual Total Time": 0.002, "Actual Rows": 0, "Actual Loops": 1, "Output": ["batter_name", "\"wRC.\""], "Sort Key": ["\"MLB_48\".batter_name"], "Sort Method": "quicksort", "Sort Space Used": 25, "Sort Space Type": "Memory", "Plans": [{"Node Type": "Seq Scan", "Parent Relationship": "Outer", "Parallel Aware": false, "Async Capable": false, "Relation Name": "MLB_48", "Schema": "pg_temp", "Alias": "MLB_48", "Startup Cost": 0.0, "Total Cost": 13.9, "Plan Rows": 1, "Plan Width": 72, "Actual Startup Time": 0.001, "Actual Total Time": 0.001, "Actual Rows": 0, "Actual Loops": 1, "Output": ["batter_name", "\"wRC.\""], "Filter": "(((\"MLB_48\".homeaway)::text = 'Away'::text) AND ((\"MLB_48\".league)::text = 'PCL'::text) AND ((\"MLB_48\".\"PA\")::bigint >= 1) AND ((\"MLB_48\".\"PA\")::bigint <= 355) AND ((\"MLB_48\".year)::bigint = 2015))", "Rows Removed by Filter": 0}]}]}, "Planning Time": 0.029, "Triggers": [], "Execution Time": 0.011}]