[{"Plan": {"Node Type": "Group", "Parallel Aware": false, "Async Capable": false, "Startup Cost": 15.86, "Total Cost": 16.51, "Plan Rows": 130, "Plan Width": 20, "Actual Startup Time": 0.003, "Actual Total Time": 0.003, "Actual Rows": 0, "Actual Loops": 1, "Output": ["homeaway"], "Group Key": ["\"MLB_48\".homeaway"], "Plans": [{"Node Type": "Sort", "Parent Relationship": "Outer", "Parallel Aware": false, "Async Capable": false, "Startup Cost": 15.86, "Total Cost": 16.19, "Plan Rows": 130, "Plan Width": 20, "Actual Startup Time": 0.003, "Actual Total Time": 0.003, "Actual Rows": 0, "Actual Loops": 1, "Output": ["homeaway"], "Sort Key": ["\"MLB_48\".homeaway"], "Sort Method": "quicksort", "Sort Space Used": 25, "Sort Space Type": "Memory", "Plans": [{"Node Type": "Seq Scan", "Parent Relationship": "Outer", "Parallel Aware": false, "Async Capable": false, "Relation Name": "MLB_48", "Schema": "pg_temp", "Alias": "MLB_48", "Startup Cost": 0.0, "Total Cost": 11.3, "Plan Rows": 130, "Plan Width": 20, "Actual Startup Time": 0.002, "Actual Total Time": 0.002, "Actual Rows": 0, "Actual Loops": 1, "Output": ["homeaway"]}]}]}, "Planning Time": 0.107, "Triggers": [], "Execution Time": 0.007}]