[{"Plan": {"Node Type": "Group", "Parallel Aware": false, "Async Capable": false, "Startup Cost": 17.46, "Total Cost": 18.26, "Plan Rows": 160, "Plan Width": 34, "Actual Startup Time": 0.003, "Actual Total Time": 0.003, "Actual Rows": 0, "Actual Loops": 1, "Output": ["field"], "Group Key": ["\"MLB_14\".field"], "Plans": [{"Node Type": "Sort", "Parent Relationship": "Outer", "Parallel Aware": false, "Async Capable": false, "Startup Cost": 17.46, "Total Cost": 17.86, "Plan Rows": 160, "Plan Width": 34, "Actual Startup Time": 0.003, "Actual Total Time": 0.003, "Actual Rows": 0, "Actual Loops": 1, "Output": ["field"], "Sort Key": ["\"MLB_14\".field"], "Sort Method": "quicksort", "Sort Space Used": 25, "Sort Space Type": "Memory", "Plans": [{"Node Type": "Seq Scan", "Parent Relationship": "Outer", "Parallel Aware": false, "Async Capable": false, "Relation Name": "MLB_14", "Schema": "pg_temp", "Alias": "MLB_14", "Startup Cost": 0.0, "Total Cost": 11.6, "Plan Rows": 160, "Plan Width": 34, "Actual Startup Time": 0.002, "Actual Total Time": 0.002, "Actual Rows": 0, "Actual Loops": 1, "Output": ["field"]}]}]}, "Planning Time": 0.081, "Triggers": [], "Execution Time": 0.007}]