[{"Plan": {"Node Type": "Group", "Parallel Aware": false, "Async Capable": false, "Startup Cost": 15.86, "Total Cost": 16.51, "Plan Rows": 130, "Plan Width": 8, "Actual Startup Time": 0.001, "Actual Total Time": 0.002, "Actual Rows": 0, "Actual Loops": 1, "Output": ["stand"], "Group Key": ["\"MLB_51\".stand"], "Plans": [{"Node Type": "Sort", "Parent Relationship": "Outer", "Parallel Aware": false, "Async Capable": false, "Startup Cost": 15.86, "Total Cost": 16.19, "Plan Rows": 130, "Plan Width": 8, "Actual Startup Time": 0.001, "Actual Total Time": 0.001, "Actual Rows": 0, "Actual Loops": 1, "Output": ["stand"], "Sort Key": ["\"MLB_51\".stand"], "Sort Method": "quicksort", "Sort Space Used": 25, "Sort Space Type": "Memory", "Plans": [{"Node Type": "Seq Scan", "Parent Relationship": "Outer", "Parallel Aware": false, "Async Capable": false, "Relation Name": "MLB_51", "Schema": "pg_temp", "Alias": "MLB_51", "Startup Cost": 0.0, "Total Cost": 11.3, "Plan Rows": 130, "Plan Width": 8, "Actual Startup Time": 0.001, "Actual Total Time": 0.001, "Actual Rows": 0, "Actual Loops": 1, "Output": ["stand"]}]}]}, "Planning Time": 0.012, "Triggers": [], "Execution Time": 0.005}]