[{"Plan": {"Node Type": "Group", "Parallel Aware": false, "Async Capable": false, "Startup Cost": 15.34, "Total Cost": 15.94, "Plan Rows": 120, "Plan Width": 70, "Actual Startup Time": 0.001, "Actual Total Time": 0.002, "Actual Rows": 0, "Actual Loops": 1, "Output": ["batter_name"], "Group Key": ["\"MLB_55\".batter_name"], "Plans": [{"Node Type": "Sort", "Parent Relationship": "Outer", "Parallel Aware": false, "Async Capable": false, "Startup Cost": 15.34, "Total Cost": 15.64, "Plan Rows": 120, "Plan Width": 70, "Actual Startup Time": 0.001, "Actual Total Time": 0.001, "Actual Rows": 0, "Actual Loops": 1, "Output": ["batter_name"], "Sort Key": ["\"MLB_55\".batter_name"], "Sort Method": "quicksort", "Sort Space Used": 25, "Sort Space Type": "Memory", "Plans": [{"Node Type": "Seq Scan", "Parent Relationship": "Outer", "Parallel Aware": false, "Async Capable": false, "Relation Name": "MLB_55", "Schema": "pg_temp", "Alias": "MLB_55", "Startup Cost": 0.0, "Total Cost": 11.2, "Plan Rows": 120, "Plan Width": 70, "Actual Startup Time": 0.0, "Actual Total Time": 0.001, "Actual Rows": 0, "Actual Loops": 1, "Output": ["batter_name"]}]}]}, "Planning Time": 0.014, "Triggers": [], "Execution Time": 0.005}]