[{"Plan": {"Node Type": "Group", "Parallel Aware": false, "Async Capable": false, "Startup Cost": 15.34, "Total Cost": 15.94, "Plan Rows": 120, "Plan Width": 36, "Actual Startup Time": 0.003, "Actual Total Time": 0.004, "Actual Rows": 0, "Actual Loops": 1, "Output": ["month"], "Group Key": ["\"MLB_55\".month"], "Plans": [{"Node Type": "Sort", "Parent Relationship": "Outer", "Parallel Aware": false, "Async Capable": false, "Startup Cost": 15.34, "Total Cost": 15.64, "Plan Rows": 120, "Plan Width": 36, "Actual Startup Time": 0.003, "Actual Total Time": 0.003, "Actual Rows": 0, "Actual Loops": 1, "Output": ["month"], "Sort Key": ["\"MLB_55\".month"], "Sort Method": "quicksort", "Sort Space Used": 25, "Sort Space Type": "Memory", "Plans": [{"Node Type": "Seq Scan", "Parent Relationship": "Outer", "Parallel Aware": false, "Async Capable": false, "Relation Name": "MLB_55", "Schema": "pg_temp", "Alias": "MLB_55", "Startup Cost": 0.0, "Total Cost": 11.2, "Plan Rows": 120, "Plan Width": 36, "Actual Startup Time": 0.002, "Actual Total Time": 0.002, "Actual Rows": 0, "Actual Loops": 1, "Output": ["month"]}]}]}, "Planning Time": 0.112, "Triggers": [], "Execution Time": 0.009}]