[{"Plan": {"Node Type": "Aggregate", "Strategy": "Sorted", "Partial Mode": "Simple", "Parallel Aware": false, "Async Capable": false, "Startup Cost": 13.61, "Total Cost": 13.64, "Plan Rows": 1, "Plan Width": 102, "Actual Startup Time": 0.002, "Actual Total Time": 0.003, "Actual Rows": 0, "Actual Loops": 1, "Output": ["batter_name", "(sum((\"wRC.\")::bigint) * '-1'::numeric)"], "Group Key": ["\"MLB_56\".batter_name"], "Plans": [{"Node Type": "Sort", "Parent Relationship": "Outer", "Parallel Aware": false, "Async Capable": false, "Startup Cost": 13.61, "Total Cost": 13.62, "Plan Rows": 1, "Plan Width": 72, "Actual Startup Time": 0.002, "Actual Total Time": 0.002, "Actual Rows": 0, "Actual Loops": 1, "Output": ["batter_name", "\"wRC.\""], "Sort Key": ["\"MLB_56\".batter_name"], "Sort Method": "quicksort", "Sort Space Used": 25, "Sort Space Type": "Memory", "Plans": [{"Node Type": "Seq Scan", "Parent Relationship": "Outer", "Parallel Aware": false, "Async Capable": false, "Relation Name": "MLB_56", "Schema": "pg_temp", "Alias": "MLB_56", "Startup Cost": 0.0, "Total Cost": 13.6, "Plan Rows": 1, "Plan Width": 72, "Actual Startup Time": 0.001, "Actual Total Time": 0.001, "Actual Rows": 0, "Actual Loops": 1, "Output": ["batter_name", "\"wRC.\""], "Filter": "(((\"MLB_56\".league)::text = 'PCL'::text) AND ((\"MLB_56\".month)::text = 'July'::text) AND ((\"MLB_56\".\"PA\")::bigint >= 1) AND ((\"MLB_56\".\"PA\")::bigint <= 149) AND ((\"MLB_56\".year)::bigint = 2015))", "Rows Removed by Filter": 0}]}]}, "Planning Time": 0.03, "Triggers": [], "Execution Time": 0.011}]