[{"Plan": {"Node Type": "Group", "Parallel Aware": false, "Async Capable": false, "Startup Cost": 15.86, "Total Cost": 16.51, "Plan Rows": 130, "Plan Width": 16, "Actual Startup Time": 0.002, "Actual Total Time": 0.003, "Actual Rows": 0, "Actual Loops": 1, "Output": ["parentteam"], "Group Key": ["\"MLB_58\".parentteam"], "Plans": [{"Node Type": "Sort", "Parent Relationship": "Outer", "Parallel Aware": false, "Async Capable": false, "Startup Cost": 15.86, "Total Cost": 16.19, "Plan Rows": 130, "Plan Width": 16, "Actual Startup Time": 0.002, "Actual Total Time": 0.002, "Actual Rows": 0, "Actual Loops": 1, "Output": ["parentteam"], "Sort Key": ["\"MLB_58\".parentteam"], "Sort Method": "quicksort", "Sort Space Used": 25, "Sort Space Type": "Memory", "Plans": [{"Node Type": "Seq Scan", "Parent Relationship": "Outer", "Parallel Aware": false, "Async Capable": false, "Relation Name": "MLB_58", "Schema": "pg_temp", "Alias": "MLB_58", "Startup Cost": 0.0, "Total Cost": 11.3, "Plan Rows": 130, "Plan Width": 16, "Actual Startup Time": 0.001, "Actual Total Time": 0.001, "Actual Rows": 0, "Actual Loops": 1, "Output": ["parentteam"]}]}]}, "Planning Time": 0.106, "Triggers": [], "Execution Time": 0.006}]