[{"Plan": {"Node Type": "Aggregate", "Strategy": "Sorted", "Partial Mode": "Simple", "Parallel Aware": false, "Async Capable": false, "Startup Cost": 11.13, "Total Cost": 11.63, "Plan Rows": 1, "Plan Width": 2386, "Actual Startup Time": 0.011, "Actual Total Time": 0.011, "Actual Rows": 0, "Actual Loops": 1, "Output": ["\"Calculation_496521907631644673\"", "\"Calculation_496521907632136194\"", "(min(\"AB\"))::bigint", "(max(\"AB\"))::bigint", "max(\"AVG\")", "min(\"AVG\")", "max(\"BABIP\")", "min(\"BABIP\")", "min(\"BB.\")", "max(\"BB.\")", "(max(\"BB\"))::bigint", "(min(\"BB\"))::bigint", "min(\"BIP.\")", "max(\"BIP.\")", "(max(\"BIP\"))::bigint", "(min(\"BIP\"))::bigint", "min(\"Ba.\")", "max(\"Ba.\")", "(max(\"Balls\"))::bigint", "(min(\"Balls\"))::bigint", "(max(\"CS\"))::bigint", "(min(\"CS\"))::bigint", "max(\"Ca.\")", "min(\"Ca.\")", "max(\"Calculation_496521907638001669\")", "min(\"Calculation_496521907638001669\")", "(min(\"Called\"))::bigint", "(max(\"Called\"))::bigint", "min(\"F.\")", "max(\"F.\")", "min(\"FB.\")", "max(\"FB.\")", "(min(\"FB\"))::bigint", "(max(\"FB\"))::bigint", "(min(\"Foul\"))::bigint", "(max(\"Foul\"))::bigint", "min(\"GB.\")", "max(\"GB.\")", "(min(\"GB\"))::bigint", "(max(\"GB\"))::bigint", "(min(\"H\"))::bigint", "(max(\"H\"))::bigint", "(min(\"HBP\"))::bigint", "(max(\"HBP\"))::bigint", "(min(\"HR\"))::bigint", "(max(\"HR\"))::bigint", "max(\"ISO\")", "min(\"ISO\")", "min(\"K.\")", "max(\"K.\")", "min(\"LD.\")", "max(\"LD.\")", "(max(\"LD\"))::bigint", "(min(\"LD\"))::bigint", "max(\"OBP\")", "min(\"OBP\")", "max(\"P.PA\")", "min(\"P.PA\")", "(min(\"PA\"))::bigint", "(max(\"PA\"))::bigint", "max(\"PU.\")", "min(\"PU.\")", "(max(\"PU\"))::bigint", "(min(\"PU\"))::bigint", "(max(\"Pitches\"))::bigint", "(min(\"Pitches\"))::bigint", "(max(\"R\"))::bigint", "(min(\"R\"))::bigint", "(max(\"RBI\"))::bigint", "(min(\"RBI\"))::bigint", "(min(\"SB\"))::bigint", "(max(\"SB\"))::bigint", "(max(\"SF\"))::bigint", "(min(\"SF\"))::bigint", "(max(\"SH\"))::bigint", "(min(\"SH\"))::bigint", "min(\"SLG\")", "max(\"SLG\")", "(max(\"SO\"))::bigint", "(min(\"SO\"))::bigint", "(max(\"SOL\"))::bigint", "(min(\"SOL\"))::bigint", "(max(\"SOS\"))::bigint", "(min(\"SOS\"))::bigint", "min(\"Str.\")", "max(\"Str.\")", "(max(\"Strikes\"))::bigint", "(min(\"Strikes\"))::bigint", "max(\"SwStr.\")", "min(\"SwStr.\")", "(max(\"Swinging\"))::bigint", "(min(\"Swinging\"))::bigint", "(min(\"TB\"))::bigint", "(max(\"TB\"))::bigint", "max(\"Wh.Sw\")", "min(\"Wh.Sw\")", "(max(\"X1B\"))::bigint", "(min(\"X1B\"))::bigint", "(max(\"X2B\"))::bigint", "(min(\"X2B\"))::bigint", "(max(\"X3B\"))::bigint", "(min(\"X3B\"))::bigint", "(max(gidp))::bigint", "(min(gidp))::bigint", "(max(\"iBB\"))::bigint", "(min(\"iBB\"))::bigint", "(max(\"pwRC.\"))::bigint", "(min(\"pwRC.\"))::bigint", "max(\"wOBA\")", "min(\"wOBA\")", "max(\"wRAA\")", "min(\"wRAA\")", "min(\"wRC.\")", "max(\"wRC.\")", "max(\"wRC\")", "min(\"wRC\")", "batter_name", "\"gameday_link - Split 1\"", "\"gameday_link - Split 3\"", "\"gameday_link - Split 4\"", "league", "parentteam", "teamname", "(year)::bigint", "year"], "Group Key": ["\"MLB_65\".\"Calculation_496521907631644673\"", "\"MLB_65\".\"Calculation_496521907632136194\"", "\"MLB_65\".batter_name", "\"MLB_65\".\"gameday_link - Split 1\"", "\"MLB_65\".\"gameday_link - Split 3\"", "\"MLB_65\".\"gameday_link - Split 4\"", "\"MLB_65\".league", "\"MLB_65\".parentteam", "\"MLB_65\".teamname", "\"MLB_65\".year"], "Plans": [{"Node Type": "Sort", "Parent Relationship": "Outer", "Parallel Aware": false, "Async Capable": false, "Startup Cost": 11.13, "Total Cost": 11.14, "Plan Rows": 1, "Plan Width": 668, "Actual Startup Time": 0.01, "Actual Total Time": 0.011, "Actual Rows": 0, "Actual Loops": 1, "Output": ["\"Calculation_496521907631644673\"", "\"Calculation_496521907632136194\"", "batter_name", "\"gameday_link - Split 1\"", "\"gameday_link - Split 3\"", "\"gameday_link - Split 4\"", "league", "parentteam", "teamname", "year", "\"AB\"", "\"AVG\"", "\"BABIP\"", "\"BB.\"", "\"BB\"", "\"BIP.\"", "\"BIP\"", "\"Ba.\"", "\"Balls\"", "\"CS\"", "\"Ca.\"", "\"Calculation_496521907638001669\"", "\"Called\"", "\"F.\"", "\"FB.\"", "\"FB\"", "\"Foul\"", "\"GB.\"", "\"GB\"", "\"H\"", "\"HBP\"", "\"HR\"", "\"ISO\"", "\"K.\"", "\"LD.\"", "\"LD\"", "\"OBP\"", "\"P.PA\"", "\"PA\"", "\"PU.\"", "\"PU\"", "\"Pitches\"", "\"R\"", "\"RBI\"", "\"SB\"", "\"SF\"", "\"SH\"", "\"SLG\"", "\"SO\"", "\"SOL\"", "\"SOS\"", "\"Str.\"", "\"Strikes\"", "\"SwStr.\"", "\"Swinging\"", "\"TB\"", "\"Wh.Sw\"", "\"X1B\"", "\"X2B\"", "\"X3B\"", "gidp", "\"iBB\"", "\"pwRC.\"", "\"wOBA\"", "\"wRAA\"", "\"wRC.\"", "\"wRC\""], "Sort Key": ["\"MLB_65\".\"Calculation_496521907631644673\"", "\"MLB_65\".\"Calculation_496521907632136194\"", "\"MLB_65\".\"gameday_link - Split 1\"", "\"MLB_65\".\"gameday_link - Split 3\"", "\"MLB_65\".\"gameday_link - Split 4\"", "\"MLB_65\".league", "\"MLB_65\".parentteam", "\"MLB_65\".teamname", "\"MLB_65\".year"], "Sort Method": "quicksort", "Sort Space Used": 25, "Sort Space Type": "Memory", "Plans": [{"Node Type": "Seq Scan", "Parent Relationship": "Outer", "Parallel Aware": false, "Async Capable": false, "Relation Name": "MLB_65", "Schema": "pg_temp", "Alias": "MLB_65", "Startup Cost": 0.0, "Total Cost": 11.12, "Plan Rows": 1, "Plan Width": 668, "Actual Startup Time": 0.001, "Actual Total Time": 0.001, "Actual Rows": 0, "Actual Loops": 1, "Output": ["\"Calculation_496521907631644673\"", "\"Calculation_496521907632136194\"", "batter_name", "\"gameday_link - Split 1\"", "\"gameday_link - Split 3\"", "\"gameday_link - Split 4\"", "league", "parentteam", "teamname", "year", "\"AB\"", "\"AVG\"", "\"BABIP\"", "\"BB.\"", "\"BB\"", "\"BIP.\"", "\"BIP\"", "\"Ba.\"", "\"Balls\"", "\"CS\"", "\"Ca.\"", "\"Calculation_496521907638001669\"", "\"Called\"", "\"F.\"", "\"FB.\"", "\"FB\"", "\"Foul\"", "\"GB.\"", "\"GB\"", "\"H\"", "\"HBP\"", "\"HR\"", "\"ISO\"", "\"K.\"", "\"LD.\"", "\"LD\"", "\"OBP\"", "\"P.PA\"", "\"PA\"", "\"PU.\"", "\"PU\"", "\"Pitches\"", "\"R\"", "\"RBI\"", "\"SB\"", "\"SF\"", "\"SH\"", "\"SLG\"", "\"SO\"", "\"SOL\"", "\"SOS\"", "\"Str.\"", "\"Strikes\"", "\"SwStr.\"", "\"Swinging\"", "\"TB\"", "\"Wh.Sw\"", "\"X1B\"", "\"X2B\"", "\"X3B\"", "gidp", "\"iBB\"", "\"pwRC.\"", "\"wOBA\"", "\"wRAA\"", "\"wRC.\"", "\"wRC\""], "Filter": "((\"MLB_65\".batter_name)::text = 'Gavin Cecchini'::text)", "Rows Removed by Filter": 0}]}]}, "Planning Time": 0.236, "Triggers": [], "Execution Time": 0.111}]