[{"Plan": {"Node Type": "Group", "Parallel Aware": false, "Async Capable": false, "Startup Cost": 13.82, "Total Cost": 14.27, "Plan Rows": 90, "Plan Width": 70, "Actual Startup Time": 0.002, "Actual Total Time": 0.002, "Actual Rows": 0, "Actual Loops": 1, "Output": ["batter_name"], "Group Key": ["\"MLB_65\".batter_name"], "Plans": [{"Node Type": "Sort", "Parent Relationship": "Outer", "Parallel Aware": false, "Async Capable": false, "Startup Cost": 13.82, "Total Cost": 14.05, "Plan Rows": 90, "Plan Width": 70, "Actual Startup Time": 0.002, "Actual Total Time": 0.002, "Actual Rows": 0, "Actual Loops": 1, "Output": ["batter_name"], "Sort Key": ["\"MLB_65\".batter_name"], "Sort Method": "quicksort", "Sort Space Used": 25, "Sort Space Type": "Memory", "Plans": [{"Node Type": "Seq Scan", "Parent Relationship": "Outer", "Parallel Aware": false, "Async Capable": false, "Relation Name": "MLB_65", "Schema": "pg_temp", "Alias": "MLB_65", "Startup Cost": 0.0, "Total Cost": 10.9, "Plan Rows": 90, "Plan Width": 70, "Actual Startup Time": 0.001, "Actual Total Time": 0.001, "Actual Rows": 0, "Actual Loops": 1, "Output": ["batter_name"]}]}]}, "Planning Time": 0.015, "Triggers": [], "Execution Time": 0.006}]