[{"Plan": {"Node Type": "Group", "Parallel Aware": false, "Async Capable": false, "Startup Cost": 12.37, "Total Cost": 12.67, "Plan Rows": 60, "Plan Width": 12, "Actual Startup Time": 0.001, "Actual Total Time": 0.002, "Actual Rows": 0, "Actual Loops": 1, "Output": ["batted_ball_type"], "Group Key": ["\"MLB_66\".batted_ball_type"], "Plans": [{"Node Type": "Sort", "Parent Relationship": "Outer", "Parallel Aware": false, "Async Capable": false, "Startup Cost": 12.37, "Total Cost": 12.52, "Plan Rows": 60, "Plan Width": 12, "Actual Startup Time": 0.001, "Actual Total Time": 0.001, "Actual Rows": 0, "Actual Loops": 1, "Output": ["batted_ball_type"], "Sort Key": ["\"MLB_66\".batted_ball_type"], "Sort Method": "quicksort", "Sort Space Used": 25, "Sort Space Type": "Memory", "Plans": [{"Node Type": "Seq Scan", "Parent Relationship": "Outer", "Parallel Aware": false, "Async Capable": false, "Relation Name": "MLB_66", "Schema": "pg_temp", "Alias": "MLB_66", "Startup Cost": 0.0, "Total Cost": 10.6, "Plan Rows": 60, "Plan Width": 12, "Actual Startup Time": 0.001, "Actual Total Time": 0.001, "Actual Rows": 0, "Actual Loops": 1, "Output": ["batted_ball_type"]}]}]}, "Planning Time": 0.009, "Triggers": [], "Execution Time": 0.005}]