[{"Plan": {"Node Type": "Sort", "Parallel Aware": false, "Async Capable": false, "Startup Cost": 20.55, "Total Cost": 20.97, "Plan Rows": 170, "Plan Width": 10, "Actual Startup Time": 0.002, "Actual Total Time": 0.002, "Actual Rows": 0, "Actual Loops": 1, "Output": ["((year)::bigint)", "year"], "Sort Key": ["((\"MLB_11\".year)::bigint)"], "Sort Method": "quicksort", "Sort Space Used": 25, "Sort Space Type": "Memory", "Plans": [{"Node Type": "Aggregate", "Strategy": "Hashed", "Partial Mode": "Simple", "Parent Relationship": "Outer", "Parallel Aware": false, "Async Capable": false, "Startup Cost": 12.12, "Total Cost": 14.25, "Plan Rows": 170, "Plan Width": 10, "Actual Startup Time": 0.001, "Actual Total Time": 0.001, "Actual Rows": 0, "Actual Loops": 1, "Output": ["(year)::bigint", "year"], "Group Key": ["\"MLB_11\".year"], "Planned Partitions": 0, "HashAgg Batches": 1, "Peak Memory Usage": 40, "Disk Usage": 0, "Plans": [{"Node Type": "Seq Scan", "Parent Relationship": "Outer", "Parallel Aware": false, "Async Capable": false, "Relation Name": "MLB_11", "Schema": "pg_temp", "Alias": "MLB_11", "Startup Cost": 0.0, "Total Cost": 11.7, "Plan Rows": 170, "Plan Width": 2, "Actual Startup Time": 0.001, "Actual Total Time": 0.001, "Actual Rows": 0, "Actual Loops": 1, "Output": ["\"AB\"", "\"AVG\"", "\"BABIP\"", "\"BIP\"", "\"FB.\"", "\"FB\"", "\"GB.\"", "\"GB\"", "\"GIDP\"", "\"HBP\"", "\"HR\"", "\"H\"", "\"ISO\"", "\"LD.\"", "\"LD\"", "\"Number of Records\"", "\"OBP\"", "\"PA\"", "\"PU.\"", "\"PU\"", "\"SF\"", "\"SH\"", "\"SLG\"", "\"TB\"", "\"X1B\"", "\"X2B\"", "\"X3B\"", "batter_name", "league", "parentteam", "\"position\"", "\"pwRC.\"", "teamname", "\"wOBA\"", "\"wRAA\"", "\"wRC.\"", "\"wRC\"", "year", "\"Calculation_40532458117263387\"", "\"Calculation_40532458113208334\""]}]}]}, "Planning Time": 0.015, "Triggers": [], "Execution Time": 0.01}]