[{"Plan": {"Node Type": "Group", "Parallel Aware": false, "Async Capable": false, "Startup Cost": 14.83, "Total Cost": 15.38, "Plan Rows": 110, "Plan Width": 72, "Actual Startup Time": 0.003, "Actual Total Time": 0.003, "Actual Rows": 0, "Actual Loops": 1, "Output": ["opponent_teamname"], "Group Key": ["\"MLB_16\".opponent_teamname"], "Plans": [{"Node Type": "Sort", "Parent Relationship": "Outer", "Parallel Aware": false, "Async Capable": false, "Startup Cost": 14.83, "Total Cost": 15.1, "Plan Rows": 110, "Plan Width": 72, "Actual Startup Time": 0.003, "Actual Total Time": 0.003, "Actual Rows": 0, "Actual Loops": 1, "Output": ["opponent_teamname"], "Sort Key": ["\"MLB_16\".opponent_teamname"], "Sort Method": "quicksort", "Sort Space Used": 25, "Sort Space Type": "Memory", "Plans": [{"Node Type": "Seq Scan", "Parent Relationship": "Outer", "Parallel Aware": false, "Async Capable": false, "Relation Name": "MLB_16", "Schema": "pg_temp", "Alias": "MLB_16", "Startup Cost": 0.0, "Total Cost": 11.1, "Plan Rows": 110, "Plan Width": 72, "Actual Startup Time": 0.002, "Actual Total Time": 0.002, "Actual Rows": 0, "Actual Loops": 1, "Output": ["opponent_teamname"]}]}]}, "Planning Time": 0.119, "Triggers": [], "Execution Time": 0.007}]