[{"Plan": {"Node Type": "Sort", "Parallel Aware": false, "Async Capable": false, "Startup Cost": 16.48, "Total Cost": 16.75, "Plan Rows": 110, "Plan Width": 10, "Actual Startup Time": 0.002, "Actual Total Time": 0.002, "Actual Rows": 0, "Actual Loops": 1, "Output": ["((year)::bigint)", "year"], "Sort Key": ["((\"MLB_18\".year)::bigint)"], "Sort Method": "quicksort", "Sort Space Used": 25, "Sort Space Type": "Memory", "Plans": [{"Node Type": "Aggregate", "Strategy": "Hashed", "Partial Mode": "Simple", "Parent Relationship": "Outer", "Parallel Aware": false, "Async Capable": false, "Startup Cost": 11.38, "Total Cost": 12.75, "Plan Rows": 110, "Plan Width": 10, "Actual Startup Time": 0.001, "Actual Total Time": 0.001, "Actual Rows": 0, "Actual Loops": 1, "Output": ["(year)::bigint", "year"], "Group Key": ["\"MLB_18\".year"], "Planned Partitions": 0, "HashAgg Batches": 1, "Peak Memory Usage": 24, "Disk Usage": 0, "Plans": [{"Node Type": "Seq Scan", "Parent Relationship": "Outer", "Parallel Aware": false, "Async Capable": false, "Relation Name": "MLB_18", "Schema": "pg_temp", "Alias": "MLB_18", "Startup Cost": 0.0, "Total Cost": 11.1, "Plan Rows": 110, "Plan Width": 2, "Actual Startup Time": 0.001, "Actual Total Time": 0.001, "Actual Rows": 0, "Actual Loops": 1, "Output": ["\"AB\"", "\"AVG\"", "\"BABIP\"", "\"BB.\"", "\"BB\"", "\"BIP.\"", "\"BIP\"", "\"Ba.\"", "\"Balls\"", "\"CS\"", "\"Ca.\"", "\"Calculation_496521908233621517\"", "\"Called\"", "\"F.\"", "\"FB.\"", "\"FB\"", "\"Foul\"", "\"GB.\"", "\"GB\"", "\"GIDP\"", "\"HBP\"", "\"HR\"", "\"H\"", "\"ISO\"", "\"K.\"", "\"LD.\"", "\"LD\"", "\"Number of Records\"", "\"OBP\"", "\"PA\"", "\"PU.\"", "\"PU\"", "\"Pitches\"", "\"RBI\"", "\"R\"", "\"SB.\"", "\"SB\"", "\"SF\"", "\"SH\"", "\"SLG\"", "\"SOL\"", "\"SOS\"", "\"SO\"", "\"Str.\"", "\"Strikes\"", "\"SwStr.\"", "\"Swinging\"", "\"TB\"", "\"Wh.Sw\"", "\"X1B\"", "\"X2B\"", "\"X3B\"", "batter_name", "\"iBB\"", "league", "opponent", "opponent_parentteam", "opponent_teamname", "parentteam", "\"pwRC.\"", "teamname", "\"wOBA\"", "\"wRAA\"", "\"wRC.\"", "\"wRC\"", "year", "\"Calculation_40532458112270348\"", "\"Calculation_40532458116673561\""]}]}]}, "Planning Time": 0.019, "Triggers": [], "Execution Time": 0.011}]