[{"Plan": {"Node Type": "Sort", "Parallel Aware": false, "Async Capable": false, "Startup Cost": 18.49, "Total Cost": 18.84, "Plan Rows": 140, "Plan Width": 10, "Actual Startup Time": 0.002, "Actual Total Time": 0.002, "Actual Rows": 0, "Actual Loops": 1, "Output": ["((year)::bigint)", "year"], "Sort Key": ["((\"MLB_24\".year)::bigint)"], "Sort Method": "quicksort", "Sort Space Used": 25, "Sort Space Type": "Memory", "Plans": [{"Node Type": "Aggregate", "Strategy": "Hashed", "Partial Mode": "Simple", "Parent Relationship": "Outer", "Parallel Aware": false, "Async Capable": false, "Startup Cost": 11.75, "Total Cost": 13.5, "Plan Rows": 140, "Plan Width": 10, "Actual Startup Time": 0.001, "Actual Total Time": 0.001, "Actual Rows": 0, "Actual Loops": 1, "Output": ["(year)::bigint", "year"], "Group Key": ["\"MLB_24\".year"], "Planned Partitions": 0, "HashAgg Batches": 1, "Peak Memory Usage": 40, "Disk Usage": 0, "Plans": [{"Node Type": "Seq Scan", "Parent Relationship": "Outer", "Parallel Aware": false, "Async Capable": false, "Relation Name": "MLB_24", "Schema": "pg_temp", "Alias": "MLB_24", "Startup Cost": 0.0, "Total Cost": 11.4, "Plan Rows": 140, "Plan Width": 2, "Actual Startup Time": 0.001, "Actual Total Time": 0.001, "Actual Rows": 0, "Actual Loops": 1, "Output": ["\"AB\"", "\"AVG\"", "\"BABIP\"", "\"BB.\"", "\"BB\"", "\"BIP.\"", "\"BIP\"", "\"Ba.\"", "\"Balls\"", "\"Ca.\"", "\"Calculation_496521908233404428\"", "\"Called\"", "\"F.\"", "\"FB.\"", "\"FB\"", "\"Foul\"", "\"GB.\"", "\"GB\"", "\"GIDP\"", "\"HBP\"", "\"HR\"", "\"H\"", "\"ISO\"", "\"K.\"", "\"LD.\"", "\"LD\"", "\"Number of Records\"", "\"OBP\"", "\"PA\"", "\"PU.\"", "\"PU\"", "\"Pitches\"", "\"SF\"", "\"SH\"", "\"SLG\"", "\"SOL\"", "\"SOS\"", "\"SO\"", "\"Str.\"", "\"Strikes\"", "\"SwStr.\"", "\"Swinging\"", "\"TB\"", "\"Wh.Sw\"", "\"X1B\"", "\"X2B\"", "\"X3B\"", "batter_name", "\"iBB\"", "inning", "league", "parentteam", "\"pwRC.\"", "teamname", "\"wOBA\"", "\"wRAA\"", "\"wRC.\"", "\"wRC\"", "year", "\"Calculation_40532458111283210\"", "\"Calculation_40532458116173847\""]}]}]}, "Planning Time": 0.017, "Triggers": [], "Execution Time": 0.011}]