[{"Plan": {"Node Type": "Sort", "Parallel Aware": false, "Async Capable": false, "Startup Cost": 19.86, "Total Cost": 20.26, "Plan Rows": 160, "Plan Width": 10, "Actual Startup Time": 0.003, "Actual Total Time": 0.003, "Actual Rows": 0, "Actual Loops": 1, "Output": ["((year)::bigint)", "year"], "Sort Key": ["((\"MLB_40\".year)::bigint)"], "Sort Method": "quicksort", "Sort Space Used": 25, "Sort Space Type": "Memory", "Plans": [{"Node Type": "Aggregate", "Strategy": "Hashed", "Partial Mode": "Simple", "Parent Relationship": "Outer", "Parallel Aware": false, "Async Capable": false, "Startup Cost": 12.0, "Total Cost": 14.0, "Plan Rows": 160, "Plan Width": 10, "Actual Startup Time": 0.002, "Actual Total Time": 0.002, "Actual Rows": 0, "Actual Loops": 1, "Output": ["(year)::bigint", "year"], "Group Key": ["\"MLB_40\".year"], "Planned Partitions": 0, "HashAgg Batches": 1, "Peak Memory Usage": 40, "Disk Usage": 0, "Plans": [{"Node Type": "Seq Scan", "Parent Relationship": "Outer", "Parallel Aware": false, "Async Capable": false, "Relation Name": "MLB_40", "Schema": "pg_temp", "Alias": "MLB_40", "Startup Cost": 0.0, "Total Cost": 11.6, "Plan Rows": 160, "Plan Width": 2, "Actual Startup Time": 0.001, "Actual Total Time": 0.001, "Actual Rows": 0, "Actual Loops": 1, "Output": ["\"AB\"", "\"AVG\"", "\"BABIP\"", "\"BB.\"", "\"BB\"", "\"BIP\"", "\"Calculation_496521908232941578\"", "\"FB.\"", "\"FB\"", "\"GB.\"", "\"GB\"", "\"GIDP\"", "\"HBP\"", "\"HR\"", "\"H\"", "\"ISO\"", "\"K.\"", "\"LD.\"", "\"LD\"", "\"Number of Records\"", "\"OBP\"", "\"PA\"", "\"PU.\"", "\"PU\"", "\"SF\"", "\"SH\"", "\"SLG\"", "\"SOL\"", "\"SOS\"", "\"SO\"", "\"TB\"", "\"X.1\"", "\"X1B\"", "\"X2B\"", "\"X3B\"", "batter_name", "\"iBB\"", "league", "parentteam", "\"pitch.count\"", "\"pwRC.\"", "teamname", "\"wOBA\"", "\"wRAA\"", "\"wRC.\"", "\"wRC\"", "year", "\"Calculation_40532458110046215\"", "\"Calculation_40532458115493908\""]}]}]}, "Planning Time": 0.019, "Triggers": [], "Execution Time": 0.013}]