[{"Plan": {"Node Type": "Sort", "Parallel Aware": false, "Async Capable": false, "Startup Cost": 18.49, "Total Cost": 18.84, "Plan Rows": 140, "Plan Width": 10, "Actual Startup Time": 0.002, "Actual Total Time": 0.003, "Actual Rows": 0, "Actual Loops": 1, "Output": ["((year)::bigint)", "year"], "Sort Key": ["((\"MLB_44\".year)::bigint)"], "Sort Method": "quicksort", "Sort Space Used": 25, "Sort Space Type": "Memory", "Plans": [{"Node Type": "Aggregate", "Strategy": "Hashed", "Partial Mode": "Simple", "Parent Relationship": "Outer", "Parallel Aware": false, "Async Capable": false, "Startup Cost": 11.75, "Total Cost": 13.5, "Plan Rows": 140, "Plan Width": 10, "Actual Startup Time": 0.001, "Actual Total Time": 0.002, "Actual Rows": 0, "Actual Loops": 1, "Output": ["(year)::bigint", "year"], "Group Key": ["\"MLB_44\".year"], "Planned Partitions": 0, "HashAgg Batches": 1, "Peak Memory Usage": 40, "Disk Usage": 0, "Plans": [{"Node Type": "Seq Scan", "Parent Relationship": "Outer", "Parallel Aware": false, "Async Capable": false, "Relation Name": "MLB_44", "Schema": "pg_temp", "Alias": "MLB_44", "Startup Cost": 0.0, "Total Cost": 11.4, "Plan Rows": 140, "Plan Width": 2, "Actual Startup Time": 0.001, "Actual Total Time": 0.001, "Actual Rows": 0, "Actual Loops": 1, "Output": ["\"AB\"", "\"AVG\"", "\"BABIP\"", "\"BB.\"", "\"BB\"", "\"BIP.\"", "\"BIP\"", "\"Balls\"", "\"Ca.\"", "\"Calculation_496521908230012937\"", "\"Called\"", "\"F.\"", "\"FB.\"", "\"FB\"", "\"Foul\"", "\"GB.\"", "\"GB\"", "\"GIDP\"", "\"HBP\"", "\"HR\"", "\"H\"", "\"ISO\"", "\"K.\"", "\"LD.\"", "\"LD\"", "\"Number of Records\"", "\"OBP\"", "\"PA\"", "\"PU.\"", "\"PU\"", "\"Pitches\"", "\"SF\"", "\"SH\"", "\"SLG\"", "\"SOL\"", "\"SOS\"", "\"SO\"", "\"Strikes\"", "\"Swinging\"", "\"TB\"", "\"Wh.Sw\"", "\"X1B\"", "\"X2B\"", "\"X3B\"", "batted_ball_type", "batter_name", "\"iBB\"", "league", "parentteam", "\"pwRC.\"", "teamname", "\"wOBA\"", "\"wRAA\"", "\"wRC.\"", "\"wRC\"", "year", "\"Calculation_40532458109407238\"", "\"Calculation_40532458115264531\""]}]}]}, "Planning Time": 0.02, "Triggers": [], "Execution Time": 0.012}]