[{"Plan": {"Node Type": "Aggregate", "Strategy": "Sorted", "Partial Mode": "Simple", "Parallel Aware": false, "Async Capable": false, "Startup Cost": 13.31, "Total Cost": 13.34, "Plan Rows": 1, "Plan Width": 102, "Actual Startup Time": 0.002, "Actual Total Time": 0.002, "Actual Rows": 0, "Actual Loops": 1, "Output": ["batter_name", "(sum((\"wRC.\")::bigint) * '-1'::numeric)"], "Group Key": ["\"MLB_18\".batter_name"], "Plans": [{"Node Type": "Sort", "Parent Relationship": "Outer", "Parallel Aware": false, "Async Capable": false, "Startup Cost": 13.31, "Total Cost": 13.32, "Plan Rows": 1, "Plan Width": 72, "Actual Startup Time": 0.002, "Actual Total Time": 0.002, "Actual Rows": 0, "Actual Loops": 1, "Output": ["batter_name", "\"wRC.\""], "Sort Key": ["\"MLB_18\".batter_name"], "Sort Method": "quicksort", "Sort Space Used": 25, "Sort Space Type": "Memory", "Plans": [{"Node Type": "Seq Scan", "Parent Relationship": "Outer", "Parallel Aware": false, "Async Capable": false, "Relation Name": "MLB_18", "Schema": "pg_temp", "Alias": "MLB_18", "Startup Cost": 0.0, "Total Cost": 13.3, "Plan Rows": 1, "Plan Width": 72, "Actual Startup Time": 0.001, "Actual Total Time": 0.001, "Actual Rows": 0, "Actual Loops": 1, "Output": ["batter_name", "\"wRC.\""], "Filter": "(((\"MLB_18\".league)::text = 'EL'::text) AND ((\"MLB_18\".opponent_teamname)::text = 'Binghamton Mets'::text) AND ((\"MLB_18\".\"PA\")::bigint >= 1) AND ((\"MLB_18\".\"PA\")::bigint <= 161) AND ((\"MLB_18\".year)::bigint = 2015))", "Rows Removed by Filter": 0}]}]}, "Planning Time": 0.03, "Triggers": [], "Execution Time": 0.011}]