[{"Plan": {"Node Type": "Aggregate", "Strategy": "Hashed", "Partial Mode": "Simple", "Parallel Aware": false, "Async Capable": false, "Startup Cost": 11.12, "Total Cost": 12.25, "Plan Rows": 90, "Plan Width": 10, "Actual Startup Time": 0.002, "Actual Total Time": 0.002, "Actual Rows": 0, "Actual Loops": 1, "Output": ["(year)::bigint", "year"], "Group Key": ["\"MLB_64\".year"], "Planned Partitions": 0, "HashAgg Batches": 1, "Peak Memory Usage": 24, "Disk Usage": 0, "Plans": [{"Node Type": "Seq Scan", "Parent Relationship": "Outer", "Parallel Aware": false, "Async Capable": false, "Relation Name": "MLB_64", "Schema": "pg_temp", "Alias": "MLB_64", "Startup Cost": 0.0, "Total Cost": 10.9, "Plan Rows": 90, "Plan Width": 2, "Actual Startup Time": 0.002, "Actual Total Time": 0.002, "Actual Rows": 0, "Actual Loops": 1, "Output": ["\"AB\"", "\"AVG\"", "\"BABIP\"", "\"BB.\"", "\"BB\"", "\"BIP.\"", "\"BIP\"", "\"Ba.\"", "\"Balls\"", "\"CS\"", "\"Ca.\"", "\"Calculation_496521907638001669\"", "\"Called\"", "\"F.\"", "\"FB.\"", "\"FB\"", "\"Foul\"", "\"GB.\"", "\"GB\"", "\"HBP\"", "\"HR\"", "\"H\"", "\"ISO\"", "\"K.\"", "\"LD.\"", "\"LD\"", "\"Number of Records\"", "\"OBP\"", "\"P.PA\"", "\"PA\"", "\"PU.\"", "\"PU\"", "\"Pitches\"", "\"RBI\"", "\"R\"", "\"SB\"", "\"SF\"", "\"SH\"", "\"SLG\"", "\"SOL\"", "\"SOS\"", "\"SO\"", "\"Str.\"", "\"Strikes\"", "\"SwStr.\"", "\"Swinging\"", "\"TB\"", "\"Wh.Sw\"", "\"X1B\"", "\"X2B\"", "\"X3B\"", "batter_name", "gameday_link", "gidp", "\"iBB\"", "league", "parentteam", "\"pwRC.\"", "team", "teamname", "\"wOBA\"", "\"wRAA\"", "\"wRC.\"", "\"wRC\"", "year", "\"gameday_link - Split 1\"", "\"gameday_link - Split 3\"", "\"gameday_link - Split 4\"", "\"gameday_link - Split 5\"", "\"gameday_link - Split 6\"", "\"Calculation_496521907631644673\"", "\"Calculation_496521907632136194\""]}]}, "Planning Time": 0.119, "Triggers": [], "Execution Time": 0.012}]