[{"Plan": {"Node Type": "Aggregate", "Strategy": "Hashed", "Partial Mode": "Simple", "Parallel Aware": false, "Async Capable": false, "Startup Cost": 31.22, "Total Cost": 32.58, "Plan Rows": 91, "Plan Width": 42, "Actual Startup Time": 0.012, "Actual Total Time": 0.013, "Actual Rows": 0, "Actual Loops": 1, "Output": ["(\"Agencia_ID\")::bigint", "sum((\"Demanda_uni_equil\")::bigint)", "\"Agencia_ID\""], "Group Key": ["\"Bimbo_1\".\"Agencia_ID\""], "Planned Partitions": 0, "HashAgg Batches": 1, "Peak Memory Usage": 24, "Disk Usage": 0, "Plans": [{"Node Type": "Seq Scan", "Parent Relationship": "Outer", "Parallel Aware": false, "Async Capable": false, "Relation Name": "Bimbo_1", "Schema": "pg_temp", "Alias": "Bimbo_1", "Startup Cost": 0.05, "Total Cost": 30.35, "Plan Rows": 116, "Plan Width": 4, "Actual Startup Time": 0.009, "Actual Total Time": 0.009, "Actual Rows": 0, "Actual Loops": 1, "Output": ["\"Agencia_ID\"", "\"Canal_ID\"", "\"Cliente_ID\"", "\"Demanda_uni_equil\"", "\"Dev_proxima\"", "\"Dev_uni_proxima\"", "\"Number of Records\"", "\"Producto_ID\"", "\"Ruta_SAK\"", "\"Semana\"", "\"Venta_hoy\"", "\"Venta_uni_hoy\""], "Filter": "((\"Bimbo_1\".\"Agencia_ID\")::bigint = ANY ('{1110,1111,1112,1113,1114,1116,1117,1118,1119,1120,1121,1122,1123,1124,1126,1127,1129,1130,1137,1138}'::bigint[]))", "Rows Removed by Filter": 0}]}, "Planning Time": 0.385, "Triggers": [], "Execution Time": 0.079}]