[{"Plan": {"Node Type": "Aggregate", "Strategy": "Hashed", "Partial Mode": "Simple", "Parallel Aware": false, "Async Capable": false, "Startup Cost": 11.2, "Total Cost": 12.0, "Plan Rows": 80, "Plan Width": 82, "Actual Startup Time": 0.002, "Actual Total Time": 0.003, "Actual Rows": 0, "Actual Loops": 1, "Output": ["hcpcs_description", "sum(\"average_Medicare_payment_amt\")"], "Group Key": ["\"Physicians_1\".hcpcs_description"], "Planned Partitions": 0, "HashAgg Batches": 1, "Peak Memory Usage": 24, "Disk Usage": 0, "Plans": [{"Node Type": "Seq Scan", "Parent Relationship": "Outer", "Parallel Aware": false, "Async Capable": false, "Relation Name": "Physicians_1", "Schema": "pg_temp", "Alias": "Physicians_1", "Startup Cost": 0.0, "Total Cost": 10.8, "Plan Rows": 80, "Plan Width": 82, "Actual Startup Time": 0.002, "Actual Total Time": 0.002, "Actual Rows": 0, "Actual Loops": 1, "Output": ["\"Number of Records\"", "\"average_Medicare_allowed_amt\"", "\"average_Medicare_payment_amt\"", "average_submitted_chrg_amt", "bene_day_srvc_cnt", "bene_unique_cnt", "hcpcs_code", "hcpcs_description", "line_srvc_cnt", "medicare_participation_indicator", "npi", "nppes_credentials", "nppes_entity_code", "nppes_provider_city", "nppes_provider_country", "nppes_provider_first_name", "nppes_provider_gender", "nppes_provider_last_org_name", "nppes_provider_mi", "nppes_provider_state", "nppes_provider_street1", "nppes_provider_street2", "nppes_provider_zip", "place_of_service", "provider_type", "\"stdev_Medicare_allowed_amt\"", "\"stdev_Medicare_payment_amt\"", "stdev_submitted_chrg_amt"]}]}, "Planning Time": 0.064, "Triggers": [], "Execution Time": 0.012}]