[{"Plan": {"Node Type": "Aggregate", "Strategy": "Sorted", "Partial Mode": "Simple", "Parallel Aware": false, "Async Capable": false, "Startup Cost": 11.21, "Total Cost": 11.24, "Plan Rows": 1, "Plan Width": 126, "Actual Startup Time": 0.003, "Actual Total Time": 0.004, "Actual Rows": 0, "Actual Loops": 1, "Output": ["hcpcs_code", "hcpcs_description", "nppes_provider_state", "sum(\"Calculation_0820513143749095\")", "sum(average_submitted_chrg_amt)"], "Group Key": ["\"MedPayment2_1\".hcpcs_code", "\"MedPayment2_1\".hcpcs_description", "\"MedPayment2_1\".nppes_provider_state"], "Plans": [{"Node Type": "Sort", "Parent Relationship": "Outer", "Parallel Aware": false, "Async Capable": false, "Startup Cost": 11.21, "Total Cost": 11.21, "Plan Rows": 1, "Plan Width": 126, "Actual Startup Time": 0.003, "Actual Total Time": 0.003, "Actual Rows": 0, "Actual Loops": 1, "Output": ["hcpcs_code", "hcpcs_description", "nppes_provider_state", "\"Calculation_0820513143749095\"", "average_submitted_chrg_amt"], "Sort Key": ["\"MedPayment2_1\".nppes_provider_state"], "Sort Method": "quicksort", "Sort Space Used": 25, "Sort Space Type": "Memory", "Plans": [{"Node Type": "Seq Scan", "Parent Relationship": "Outer", "Parallel Aware": false, "Async Capable": false, "Relation Name": "MedPayment2_1", "Schema": "pg_temp", "Alias": "MedPayment2_1", "Startup Cost": 0.0, "Total Cost": 11.2, "Plan Rows": 1, "Plan Width": 126, "Actual Startup Time": 0.002, "Actual Total Time": 0.002, "Actual Rows": 0, "Actual Loops": 1, "Output": ["hcpcs_code", "hcpcs_description", "nppes_provider_state", "\"Calculation_0820513143749095\"", "average_submitted_chrg_amt"], "Filter": "(((\"MedPayment2_1\".hcpcs_code)::text = '27447'::text) AND ((\"MedPayment2_1\".hcpcs_description)::text = 'Total knee arthroplasty'::text))", "Rows Removed by Filter": 0}]}]}, "Planning Time": 0.072, "Triggers": [], "Execution Time": 0.013}]