[{"Plan": {"Node Type": "Aggregate", "Strategy": "Sorted", "Partial Mode": "Simple", "Parallel Aware": false, "Async Capable": false, "Startup Cost": 11.21, "Total Cost": 11.24, "Plan Rows": 1, "Plan Width": 126, "Actual Startup Time": 0.003, "Actual Total Time": 0.004, "Actual Rows": 0, "Actual Loops": 1, "Output": ["hcpcs_code", "hcpcs_description", "nppes_provider_state", "sum((\"average_Medicare_payment_amt\" * ((\"Number of Records\")::bigint)::double precision))", "sum(average_submitted_chrg_amt)"], "Group Key": ["\"MedPayment1_1\".hcpcs_code", "\"MedPayment1_1\".hcpcs_description", "\"MedPayment1_1\".nppes_provider_state"], "Plans": [{"Node Type": "Sort", "Parent Relationship": "Outer", "Parallel Aware": false, "Async Capable": false, "Startup Cost": 11.21, "Total Cost": 11.21, "Plan Rows": 1, "Plan Width": 128, "Actual Startup Time": 0.003, "Actual Total Time": 0.003, "Actual Rows": 0, "Actual Loops": 1, "Output": ["hcpcs_code", "hcpcs_description", "nppes_provider_state", "\"average_Medicare_payment_amt\"", "\"Number of Records\"", "average_submitted_chrg_amt"], "Sort Key": ["\"MedPayment1_1\".nppes_provider_state"], "Sort Method": "quicksort", "Sort Space Used": 25, "Sort Space Type": "Memory", "Plans": [{"Node Type": "Seq Scan", "Parent Relationship": "Outer", "Parallel Aware": false, "Async Capable": false, "Relation Name": "MedPayment1_1", "Schema": "pg_temp", "Alias": "MedPayment1_1", "Startup Cost": 0.0, "Total Cost": 11.2, "Plan Rows": 1, "Plan Width": 128, "Actual Startup Time": 0.002, "Actual Total Time": 0.002, "Actual Rows": 0, "Actual Loops": 1, "Output": ["hcpcs_code", "hcpcs_description", "nppes_provider_state", "\"average_Medicare_payment_amt\"", "\"Number of Records\"", "average_submitted_chrg_amt"], "Filter": "(((\"MedPayment1_1\".hcpcs_code)::text = '27447'::text) AND ((\"MedPayment1_1\".hcpcs_description)::text = 'Total knee arthroplasty'::text))", "Rows Removed by Filter": 0}]}]}, "Planning Time": 0.074, "Triggers": [], "Execution Time": 0.013}]