[{"Plan": {"Node Type": "Group", "Parallel Aware": false, "Async Capable": false, "Startup Cost": 11.21, "Total Cost": 11.22, "Plan Rows": 1, "Plan Width": 58, "Actual Startup Time": 0.003, "Actual Total Time": 0.003, "Actual Rows": 0, "Actual Loops": 1, "Output": ["nppes_provider_first_name"], "Group Key": ["\"Taxpayer_1\".nppes_provider_first_name"], "Plans": [{"Node Type": "Sort", "Parent Relationship": "Outer", "Parallel Aware": false, "Async Capable": false, "Startup Cost": 11.21, "Total Cost": 11.21, "Plan Rows": 1, "Plan Width": 58, "Actual Startup Time": 0.003, "Actual Total Time": 0.003, "Actual Rows": 0, "Actual Loops": 1, "Output": ["nppes_provider_first_name"], "Sort Key": ["\"Taxpayer_1\".nppes_provider_first_name"], "Sort Method": "quicksort", "Sort Space Used": 25, "Sort Space Type": "Memory", "Plans": [{"Node Type": "Seq Scan", "Parent Relationship": "Outer", "Parallel Aware": false, "Async Capable": false, "Relation Name": "Taxpayer_1", "Schema": "pg_temp", "Alias": "Taxpayer_1", "Startup Cost": 0.0, "Total Cost": 11.2, "Plan Rows": 1, "Plan Width": 58, "Actual Startup Time": 0.002, "Actual Total Time": 0.002, "Actual Rows": 0, "Actual Loops": 1, "Output": ["nppes_provider_first_name"], "Filter": "(((\"Taxpayer_1\".nppes_provider_last_org_name)::text = 'HOLDER'::text) AND ((\"Taxpayer_1\".nppes_provider_state)::text = 'WA'::text))", "Rows Removed by Filter": 0}]}]}, "Planning Time": 0.065, "Triggers": [], "Execution Time": 0.008}]