[{"Plan": {"Node Type": "Group", "Parallel Aware": false, "Async Capable": false, "Startup Cost": 11.41, "Total Cost": 11.42, "Plan Rows": 1, "Plan Width": 128, "Actual Startup Time": 0.003, "Actual Total Time": 0.003, "Actual Rows": 0, "Actual Loops": 1, "Output": ["nppes_provider_street1"], "Group Key": ["\"Taxpayer_9\".nppes_provider_street1"], "Plans": [{"Node Type": "Sort", "Parent Relationship": "Outer", "Parallel Aware": false, "Async Capable": false, "Startup Cost": 11.41, "Total Cost": 11.42, "Plan Rows": 1, "Plan Width": 128, "Actual Startup Time": 0.003, "Actual Total Time": 0.003, "Actual Rows": 0, "Actual Loops": 1, "Output": ["nppes_provider_street1"], "Sort Key": ["\"Taxpayer_9\".nppes_provider_street1"], "Sort Method": "quicksort", "Sort Space Used": 25, "Sort Space Type": "Memory", "Plans": [{"Node Type": "Seq Scan", "Parent Relationship": "Outer", "Parallel Aware": false, "Async Capable": false, "Relation Name": "Taxpayer_9", "Schema": "pg_temp", "Alias": "Taxpayer_9", "Startup Cost": 0.0, "Total Cost": 11.4, "Plan Rows": 1, "Plan Width": 128, "Actual Startup Time": 0.002, "Actual Total Time": 0.002, "Actual Rows": 0, "Actual Loops": 1, "Output": ["nppes_provider_street1"], "Filter": "(((\"Taxpayer_9\".nppes_provider_first_name)::text = 'JOHN'::text) AND ((\"Taxpayer_9\".nppes_provider_last_org_name)::text = 'HOLDER'::text) AND ((\"Taxpayer_9\".nppes_provider_state)::text = 'WA'::text))", "Rows Removed by Filter": 0}]}]}, "Planning Time": 0.063, "Triggers": [], "Execution Time": 0.007}]