[{"Plan": {"Node Type": "Aggregate", "Strategy": "Sorted", "Partial Mode": "Simple", "Parallel Aware": false, "Async Capable": false, "Startup Cost": 11.41, "Total Cost": 11.44, "Plan Rows": 1, "Plan Width": 166, "Actual Startup Time": 0.002, "Actual Total Time": 0.002, "Actual Rows": 0, "Actual Loops": 1, "Output": ["avg((\"average_Medicare_allowed_amt\" - \"average_Medicare_payment_amt\"))", "nppes_provider_last_org_name"], "Group Key": ["\"Taxpayer_10\".nppes_provider_last_org_name"], "Plans": [{"Node Type": "Sort", "Parent Relationship": "Outer", "Parallel Aware": false, "Async Capable": false, "Startup Cost": 11.41, "Total Cost": 11.42, "Plan Rows": 1, "Plan Width": 174, "Actual Startup Time": 0.002, "Actual Total Time": 0.002, "Actual Rows": 0, "Actual Loops": 1, "Output": ["nppes_provider_last_org_name", "\"average_Medicare_allowed_amt\"", "\"average_Medicare_payment_amt\""], "Sort Key": ["\"Taxpayer_10\".nppes_provider_last_org_name"], "Sort Method": "quicksort", "Sort Space Used": 25, "Sort Space Type": "Memory", "Plans": [{"Node Type": "Seq Scan", "Parent Relationship": "Outer", "Parallel Aware": false, "Async Capable": false, "Relation Name": "Taxpayer_10", "Schema": "pg_temp", "Alias": "Taxpayer_10", "Startup Cost": 0.0, "Total Cost": 11.4, "Plan Rows": 1, "Plan Width": 174, "Actual Startup Time": 0.001, "Actual Total Time": 0.001, "Actual Rows": 0, "Actual Loops": 1, "Output": ["nppes_provider_last_org_name", "\"average_Medicare_allowed_amt\"", "\"average_Medicare_payment_amt\""], "Filter": "(((\"Taxpayer_10\".nppes_provider_city)::text = ANY ('{BELLEVUE,BELLVUE}'::text[])) AND ((\"Taxpayer_10\".hcpcs_description)::text = 'Initial hospital care'::text) AND ((\"Taxpayer_10\".nppes_provider_state)::text = 'WA'::text))", "Rows Removed by Filter": 0}]}]}, "Planning Time": 0.022, "Triggers": [], "Execution Time": 0.009}]