[{"Plan": {"Node Type": "Aggregate", "Strategy": "Sorted", "Partial Mode": "Simple", "Parallel Aware": false, "Async Capable": false, "Startup Cost": 0.0, "Total Cost": 11.63, "Plan Rows": 1, "Plan Width": 106, "Actual Startup Time": 0.003, "Actual Total Time": 0.004, "Actual Rows": 0, "Actual Loops": 1, "Output": ["avg((\"average_Medicare_allowed_amt\" - \"average_Medicare_payment_amt\"))", "avg(\"average_Medicare_allowed_amt\")", "avg(\"average_Medicare_payment_amt\")", "avg(average_submitted_chrg_amt)", "hcpcs_description"], "Group Key": ["\"Taxpayer_10\".hcpcs_description"], "Plans": [{"Node Type": "Seq Scan", "Parent Relationship": "Outer", "Parallel Aware": false, "Async Capable": false, "Relation Name": "Taxpayer_10", "Schema": "pg_temp", "Alias": "Taxpayer_10", "Startup Cost": 0.0, "Total Cost": 11.6, "Plan Rows": 1, "Plan Width": 98, "Actual Startup Time": 0.003, "Actual Total Time": 0.003, "Actual Rows": 0, "Actual Loops": 1, "Output": ["\"Number of Records\"", "\"average_Medicare_allowed_amt\"", "\"average_Medicare_payment_amt\"", "average_submitted_chrg_amt", "bene_day_srvc_cnt", "bene_unique_cnt", "hcpcs_code", "hcpcs_description", "line_srvc_cnt", "medicare_participation_indicator", "npi", "nppes_credentials", "nppes_entity_code", "nppes_provider_city", "nppes_provider_country", "nppes_provider_first_name", "nppes_provider_gender", "nppes_provider_last_org_name", "nppes_provider_mi", "nppes_provider_state", "nppes_provider_street1", "nppes_provider_street2", "nppes_provider_zip", "place_of_service", "provider_type", "\"stdev_Medicare_allowed_amt\"", "\"stdev_Medicare_payment_amt\"", "stdev_submitted_chrg_amt"], "Filter": "(((\"Taxpayer_10\".hcpcs_description)::text = 'Initial hospital care'::text) AND ((\"Taxpayer_10\".nppes_provider_first_name)::text = 'JOHN'::text) AND ((\"Taxpayer_10\".nppes_provider_last_org_name)::text = 'HOLDER'::text) AND ((\"Taxpayer_10\".nppes_provider_state)::text = 'WA'::text))", "Rows Removed by Filter": 0}]}, "Planning Time": 0.027, "Triggers": [], "Execution Time": 0.035}]