[{"Plan": {"Node Type": "Group", "Parallel Aware": false, "Async Capable": false, "Startup Cost": 13.33, "Total Cost": 13.73, "Plan Rows": 80, "Plan Width": 74, "Actual Startup Time": 0.002, "Actual Total Time": 0.002, "Actual Rows": 0, "Actual Loops": 1, "Output": ["nppes_provider_city"], "Group Key": ["\"Taxpayer_10\".nppes_provider_city"], "Plans": [{"Node Type": "Sort", "Parent Relationship": "Outer", "Parallel Aware": false, "Async Capable": false, "Startup Cost": 13.33, "Total Cost": 13.53, "Plan Rows": 80, "Plan Width": 74, "Actual Startup Time": 0.002, "Actual Total Time": 0.002, "Actual Rows": 0, "Actual Loops": 1, "Output": ["nppes_provider_city"], "Sort Key": ["\"Taxpayer_10\".nppes_provider_city"], "Sort Method": "quicksort", "Sort Space Used": 25, "Sort Space Type": "Memory", "Plans": [{"Node Type": "Seq Scan", "Parent Relationship": "Outer", "Parallel Aware": false, "Async Capable": false, "Relation Name": "Taxpayer_10", "Schema": "pg_temp", "Alias": "Taxpayer_10", "Startup Cost": 0.0, "Total Cost": 10.8, "Plan Rows": 80, "Plan Width": 74, "Actual Startup Time": 0.001, "Actual Total Time": 0.001, "Actual Rows": 0, "Actual Loops": 1, "Output": ["nppes_provider_city"]}]}]}, "Planning Time": 0.012, "Triggers": [], "Execution Time": 0.006}]