[{"Plan": {"Node Type": "Aggregate", "Strategy": "Sorted", "Partial Mode": "Simple", "Parallel Aware": false, "Async Capable": false, "Startup Cost": 11.21, "Total Cost": 11.24, "Plan Rows": 1, "Plan Width": 212, "Actual Startup Time": 0.002, "Actual Total Time": 0.003, "Actual Rows": 0, "Actual Loops": 1, "Output": ["min((hcpcs_description)::text)", "max((hcpcs_description)::text)", "avg((\"average_Medicare_allowed_amt\" - \"average_Medicare_payment_amt\"))", "(npi)::bigint", "nppes_provider_street1", "npi"], "Group Key": ["\"Taxpayer_10\".npi", "\"Taxpayer_10\".nppes_provider_street1"], "Plans": [{"Node Type": "Sort", "Parent Relationship": "Outer", "Parallel Aware": false, "Async Capable": false, "Startup Cost": 11.21, "Total Cost": 11.21, "Plan Rows": 1, "Plan Width": 222, "Actual Startup Time": 0.002, "Actual Total Time": 0.002, "Actual Rows": 0, "Actual Loops": 1, "Output": ["nppes_provider_street1", "npi", "hcpcs_description", "\"average_Medicare_allowed_amt\"", "\"average_Medicare_payment_amt\""], "Sort Key": ["\"Taxpayer_10\".npi", "\"Taxpayer_10\".nppes_provider_street1"], "Sort Method": "quicksort", "Sort Space Used": 25, "Sort Space Type": "Memory", "Plans": [{"Node Type": "Seq Scan", "Parent Relationship": "Outer", "Parallel Aware": false, "Async Capable": false, "Relation Name": "Taxpayer_10", "Schema": "pg_temp", "Alias": "Taxpayer_10", "Startup Cost": 0.0, "Total Cost": 11.2, "Plan Rows": 1, "Plan Width": 222, "Actual Startup Time": 0.001, "Actual Total Time": 0.001, "Actual Rows": 0, "Actual Loops": 1, "Output": ["nppes_provider_street1", "npi", "hcpcs_description", "\"average_Medicare_allowed_amt\"", "\"average_Medicare_payment_amt\""], "Filter": "(((\"Taxpayer_10\".hcpcs_description)::text = 'Initial hospital care'::text) AND ((\"Taxpayer_10\".nppes_provider_state)::text = 'WA'::text))", "Rows Removed by Filter": 0}]}]}, "Planning Time": 0.03, "Triggers": [], "Execution Time": 0.013}]