[{"Plan": {"Node Type": "Aggregate", "Strategy": "Sorted", "Partial Mode": "Simple", "Parallel Aware": false, "Async Capable": false, "Startup Cost": 11.41, "Total Cost": 11.48, "Plan Rows": 1, "Plan Width": 542, "Actual Startup Time": 0.003, "Actual Total Time": 0.003, "Actual Rows": 0, "Actual Loops": 1, "Output": ["min((nppes_provider_city)::text)", "min((nppes_provider_city)::text)", "min((nppes_provider_state)::text)", "min((nppes_provider_state)::text)", "max((nppes_provider_street1)::text)", "min((nppes_provider_street1)::text)", "(min(nppes_provider_zip))::bigint", "(max(nppes_provider_zip))::bigint", "avg((\"average_Medicare_allowed_amt\" - \"average_Medicare_payment_amt\"))", "avg(\"average_Medicare_allowed_amt\")", "avg(\"average_Medicare_payment_amt\")", "avg(average_submitted_chrg_amt)", "nppes_provider_city", "nppes_provider_first_name", "nppes_provider_last_org_name", "nppes_provider_state"], "Group Key": ["\"Taxpayer_7\".nppes_provider_city", "\"Taxpayer_7\".nppes_provider_first_name", "\"Taxpayer_7\".nppes_provider_last_org_name", "\"Taxpayer_7\".nppes_provider_state"], "Plans": [{"Node Type": "Sort", "Parent Relationship": "Outer", "Parallel Aware": false, "Async Capable": false, "Startup Cost": 11.41, "Total Cost": 11.42, "Plan Rows": 1, "Plan Width": 458, "Actual Startup Time": 0.002, "Actual Total Time": 0.002, "Actual Rows": 0, "Actual Loops": 1, "Output": ["nppes_provider_city", "nppes_provider_first_name", "nppes_provider_last_org_name", "nppes_provider_state", "nppes_provider_street1", "nppes_provider_zip", "\"average_Medicare_allowed_amt\"", "\"average_Medicare_payment_amt\"", "average_submitted_chrg_amt"], "Sort Key": ["\"Taxpayer_7\".nppes_provider_city", "\"Taxpayer_7\".nppes_provider_first_name", "\"Taxpayer_7\".nppes_provider_last_org_name"], "Sort Method": "quicksort", "Sort Space Used": 25, "Sort Space Type": "Memory", "Plans": [{"Node Type": "Seq Scan", "Parent Relationship": "Outer", "Parallel Aware": false, "Async Capable": false, "Relation Name": "Taxpayer_7", "Schema": "pg_temp", "Alias": "Taxpayer_7", "Startup Cost": 0.0, "Total Cost": 11.4, "Plan Rows": 1, "Plan Width": 458, "Actual Startup Time": 0.001, "Actual Total Time": 0.001, "Actual Rows": 0, "Actual Loops": 1, "Output": ["nppes_provider_city", "nppes_provider_first_name", "nppes_provider_last_org_name", "nppes_provider_state", "nppes_provider_street1", "nppes_provider_zip", "\"average_Medicare_allowed_amt\"", "\"average_Medicare_payment_amt\"", "average_submitted_chrg_amt"], "Filter": "(((\"Taxpayer_7\".nppes_provider_city)::text = ANY ('{BELLEVUE,BELLVUE}'::text[])) AND ((\"Taxpayer_7\".nppes_provider_state)::text = 'WA'::text) AND ((\"Taxpayer_7\".hcpcs_description)::text = 'Initial hospital care'::text))", "Rows Removed by Filter": 0}]}]}, "Planning Time": 0.047, "Triggers": [], "Execution Time": 0.018}]