[{"Plan": {"Node Type": "Group", "Parallel Aware": false, "Async Capable": false, "Startup Cost": 11.21, "Total Cost": 11.22, "Plan Rows": 1, "Plan Width": 86, "Actual Startup Time": 0.002, "Actual Total Time": 0.002, "Actual Rows": 0, "Actual Loops": 1, "Output": ["nppes_provider_city", "nppes_provider_state"], "Group Key": ["\"Taxpayer_10\".nppes_provider_city", "\"Taxpayer_10\".nppes_provider_state"], "Plans": [{"Node Type": "Sort", "Parent Relationship": "Outer", "Parallel Aware": false, "Async Capable": false, "Startup Cost": 11.21, "Total Cost": 11.21, "Plan Rows": 1, "Plan Width": 86, "Actual Startup Time": 0.002, "Actual Total Time": 0.002, "Actual Rows": 0, "Actual Loops": 1, "Output": ["nppes_provider_city", "nppes_provider_state"], "Sort Key": ["\"Taxpayer_10\".nppes_provider_city", "\"Taxpayer_10\".nppes_provider_state"], "Sort Method": "quicksort", "Sort Space Used": 25, "Sort Space Type": "Memory", "Plans": [{"Node Type": "Seq Scan", "Parent Relationship": "Outer", "Parallel Aware": false, "Async Capable": false, "Relation Name": "Taxpayer_10", "Schema": "pg_temp", "Alias": "Taxpayer_10", "Startup Cost": 0.0, "Total Cost": 11.2, "Plan Rows": 1, "Plan Width": 86, "Actual Startup Time": 0.001, "Actual Total Time": 0.001, "Actual Rows": 0, "Actual Loops": 1, "Output": ["nppes_provider_city", "nppes_provider_state"], "Filter": "(((\"Taxpayer_10\".nppes_provider_first_name)::text = 'JOHN'::text) AND ((\"Taxpayer_10\".nppes_provider_last_org_name)::text = 'HOLDER'::text))", "Rows Removed by Filter": 0}]}]}, "Planning Time": 0.019, "Triggers": [], "Execution Time": 0.007}]