[{"Plan": {"Node Type": "Limit", "Parallel Aware": false, "Async Capable": false, "Startup Cost": 0.0, "Total Cost": 10.1, "Plan Rows": 1, "Plan Width": 516, "Actual Startup Time": 0.006, "Actual Total Time": 0.006, "Actual Rows": 0, "Actual Loops": 1, "Output": ["name"], "Plans": [{"Node Type": "Seq Scan", "Parent Relationship": "Outer", "Parallel Aware": false, "Async Capable": false, "Relation Name": "Corporations_1", "Schema": "pg_temp", "Alias": "Corporations_1", "Startup Cost": 0.0, "Total Cost": 10.1, "Plan Rows": 1, "Plan Width": 516, "Actual Startup Time": 0.005, "Actual Total Time": 0.005, "Actual Rows": 0, "Actual Loops": 1, "Output": ["name"], "Filter": "(\"Corporations_1\".name IS NULL)", "Rows Removed by Filter": 0}]}, "Planning Time": 0.189, "Triggers": [], "Execution Time": 0.018}]