[{"Plan": {"Node Type": "Group", "Parallel Aware": false, "Async Capable": false, "Startup Cost": 10.32, "Total Cost": 10.42, "Plan Rows": 10, "Plan Width": 8, "Actual Startup Time": 0.002, "Actual Total Time": 0.002, "Actual Rows": 0, "Actual Loops": 1, "Output": ["((EXTRACT(year FROM data_de_inicio))::bigint)"], "Group Key": ["((EXTRACT(year FROM \"MulheresMil_1\".data_de_inicio))::bigint)"], "Plans": [{"Node Type": "Sort", "Parent Relationship": "Outer", "Parallel Aware": false, "Async Capable": false, "Startup Cost": 10.32, "Total Cost": 10.34, "Plan Rows": 10, "Plan Width": 8, "Actual Startup Time": 0.002, "Actual Total Time": 0.002, "Actual Rows": 0, "Actual Loops": 1, "Output": ["((EXTRACT(year FROM data_de_inicio))::bigint)"], "Sort Key": ["((EXTRACT(year FROM \"MulheresMil_1\".data_de_inicio))::bigint)"], "Sort Method": "quicksort", "Sort Space Used": 25, "Sort Space Type": "Memory", "Plans": [{"Node Type": "Seq Scan", "Parent Relationship": "Outer", "Parallel Aware": false, "Async Capable": false, "Relation Name": "MulheresMil_1", "Schema": "pg_temp", "Alias": "MulheresMil_1", "Startup Cost": 0.0, "Total Cost": 10.15, "Plan Rows": 10, "Plan Width": 8, "Actual Startup Time": 0.001, "Actual Total Time": 0.001, "Actual Rows": 0, "Actual Loops": 1, "Output": ["(EXTRACT(year FROM data_de_inicio))::bigint"]}]}]}, "Planning Time": 0.017, "Triggers": [], "Execution Time": 0.007}]