[{"Plan": {"Node Type": "Aggregate", "Strategy": "Plain", "Partial Mode": "Simple", "Parallel Aware": false, "Async Capable": false, "Startup Cost": 10.52, "Total Cost": 10.53, "Plan Rows": 1, "Plan Width": 8, "Actual Startup Time": 0.003, "Actual Total Time": 0.003, "Actual Rows": 0, "Actual Loops": 1, "Output": ["count(DISTINCT \"Calculation_838513981462429699\")"], "Filter": "(count(1) > 0)", "Rows Removed by Filter": 1, "Plans": [{"Node Type": "Seq Scan", "Parent Relationship": "Outer", "Parallel Aware": false, "Async Capable": false, "Relation Name": "MulheresMil_1", "Schema": "pg_temp", "Alias": "MulheresMil_1", "Startup Cost": 0.0, "Total Cost": 10.51, "Plan Rows": 1, "Plan Width": 56, "Actual Startup Time": 0.001, "Actual Total Time": 0.001, "Actual Rows": 0, "Actual Loops": 1, "Output": ["\"Calculation_838513981443702785\"", "\"Calculation_838513981462429699\"", "\"Codigo Diploma/Certificado\"", "\"Cor da Pele\"", "\"Data Diploma/Certificado\"", "\"Data Pr\u00e9-Matricula\"", "\"Number of Records\"", "ch_catalogo_guia", "ch_da_oferta", "ch_max_financiavel", "ch_maxima_permitida", "ch_min_financiavel", "ch_minima_do_curso", "co_matricula_estudante", "cod_da_unidade_de_ensino", "cod_ibge_da_ue", "cod_ibge_do_local_da_oferta", "codigo_da_oferta", "codigo_do_curso", "comunidade_quilombola", "\"cpf aluno\"", "\"data de confirmacao\"", "\"data de nascimento aluno\"", "data_da_publicacao", "data_de_conclusao", "data_de_inicio", "data_de_previsaode_termino", "desempregado", "ds_email", "ds_identificador_turma", "ds_tipo_beneficiario", "dt_cadastro", "ead", "edicao_catalogo_guia", "edital", "eixo_tecnologico_catalogo_guia", "\"eixo_tecnol\u00f3gico\"", "\"escolaridade do aluno\"", "escolaridade_catalogo_guia", "forma_ingresso", "instituicao", "mantenedora", "municipio_da_ue", "municipio_do_local_da_oferta", "no_dependencia_admin", "no_modalidade", "no_parceiro_demandante", "no_programa", "no_sistema_ensino", "no_subdependencia_admin", "\"nome aluno\"", "\"nome da sit matricula (situacao detalhada)\"", "nome_curso_catalogo_guia", "nome_da_ue", "nome_da_uer", "nome_do_curso", "nu_telefone", "nu_telefone_celular", "oferta_cadastro_online", "pcd", "populacao_campo", "povo_indigena", "seguro_desenprego", "\"sexo do aluno\"", "situacao_da_turma", "st_extemporaneo_matricula", "st_extemporaneo_turma", "st_financiavel", "subtipo_curso", "tipo_da_oferta", "tipo_do_local_da_oferta", "total_conf_freq_aluno", "total_freq_aluno", "transferencia_renda", "turno", "uf_da_ue", "uf_do_local_da_oferta", "unidade_demandante", "vagas", "valor_hora_aula_proposto", "\"Calculation_838513978982854656\""], "Filter": "((\"MulheresMil_1\".\"nome da sit matricula (situacao detalhada)\" IS NOT NULL) AND ((\"MulheresMil_1\".\"nome da sit matricula (situacao detalhada)\")::text = ANY ('{\"\",CONCLU\u00cdDA}'::text[])) AND ((\"MulheresMil_1\".situacao_da_turma)::text <> ALL ('{CANCELADA,CRIADA,PUBLICADA}'::text[])) AND ((\"MulheresMil_1\".no_modalidade)::text = ANY ('{\"pronatec turismo cidad\u00e3o\",\"Pronatec turismo Desenvolvimento Local\",\"PRONATEC TURISMO na EMPRESA\",\"PRONATEC TURISMO SOCIAL\"}'::text[])) AND ((\"MulheresMil_1\".uf_do_local_da_oferta)::text = ANY ('{AM,BA,DF,MG,RJ,SP}'::text[])) AND ((EXTRACT(year FROM \"MulheresMil_1\".data_de_inicio))::bigint = ANY ('{2012,2013,2014,2015}'::bigint[])) AND ((\"MulheresMil_1\".nome_curso_catalogo_guia)::text = ANY ('{\"ESPANHOL APLICADO A SERVI\u00c7OS TUR\u00cdSTICOS\",\"ESPANHOL B\u00c1SICO\",\"ESPANHOL INTERMEDI\u00c1RIO\",\"FRANC\u00caS APLICADO A SERVI\u00c7OS TUR\u00cdSTICOS\",\"FRANC\u00caS B\u00c1SICO\",\"FRANC\u00caS INTERMEDI\u00c1RIO\",\"INGL\u00caS APLICADO A SERVI\u00c7OS TUR\u00cdSTICOS\",\"INGL\u00caS B\u00c1SICO\",\"Ingl\u00eas Intermedi\u00e1rio\",\"INGL\u00caS INTERMEDI\u00c1RIO\"}'::text[])))", "Rows Removed by Filter": 0}]}, "Planning Time": 0.043, "Triggers": [], "Execution Time": 0.013}]