[{"Plan": {"Node Type": "Aggregate", "Strategy": "Sorted", "Partial Mode": "Simple", "Parallel Aware": false, "Async Capable": false, "Startup Cost": 10.25, "Total Cost": 10.28, "Plan Rows": 1, "Plan Width": 562, "Actual Startup Time": 0.003, "Actual Total Time": 0.003, "Actual Rows": 0, "Actual Loops": 1, "Output": ["\"Calculation_838513978982854656\"", "count(DISTINCT \"Calculation_838513981462429699\")", "municipio_do_local_da_oferta", "nome_curso_catalogo_guia", "uf_do_local_da_oferta"], "Group Key": ["\"MulheresMil_1\".\"Calculation_838513978982854656\"", "\"MulheresMil_1\".municipio_do_local_da_oferta", "\"MulheresMil_1\".nome_curso_catalogo_guia", "\"MulheresMil_1\".uf_do_local_da_oferta"], "Plans": [{"Node Type": "Sort", "Parent Relationship": "Outer", "Parallel Aware": false, "Async Capable": false, "Startup Cost": 10.25, "Total Cost": 10.26, "Plan Rows": 1, "Plan Width": 610, "Actual Startup Time": 0.002, "Actual Total Time": 0.003, "Actual Rows": 0, "Actual Loops": 1, "Output": ["\"Calculation_838513978982854656\"", "municipio_do_local_da_oferta", "nome_curso_catalogo_guia", "uf_do_local_da_oferta", "\"Calculation_838513981462429699\""], "Sort Key": ["\"MulheresMil_1\".\"Calculation_838513978982854656\"", "\"MulheresMil_1\".municipio_do_local_da_oferta", "\"MulheresMil_1\".nome_curso_catalogo_guia"], "Sort Method": "quicksort", "Sort Space Used": 25, "Sort Space Type": "Memory", "Plans": [{"Node Type": "Seq Scan", "Parent Relationship": "Outer", "Parallel Aware": false, "Async Capable": false, "Relation Name": "MulheresMil_1", "Schema": "pg_temp", "Alias": "MulheresMil_1", "Startup Cost": 0.03, "Total Cost": 10.24, "Plan Rows": 1, "Plan Width": 610, "Actual Startup Time": 0.001, "Actual Total Time": 0.001, "Actual Rows": 0, "Actual Loops": 1, "Output": ["\"Calculation_838513978982854656\"", "municipio_do_local_da_oferta", "nome_curso_catalogo_guia", "uf_do_local_da_oferta", "\"Calculation_838513981462429699\""], "Filter": "((\"MulheresMil_1\".\"nome da sit matricula (situacao detalhada)\" IS NOT NULL) AND ((\"MulheresMil_1\".uf_do_local_da_oferta)::text = 'PE'::text) AND ((\"MulheresMil_1\".situacao_da_turma)::text <> ALL ('{CANCELADA,CRIADA,PUBLICADA}'::text[])) AND ((\"MulheresMil_1\".\"nome da sit matricula (situacao detalhada)\")::text <> ALL ('{CANC_DESISTENTE,CANC_MAT_PRIM_OPCAO,CANC_SAN\u00c7\u00c3O,CANC_SEM_FREQ_INICIAL,CANC_TURMA,DOC_INSUFIC,ESCOL_INSUFIC,\"INC _ITINERARIO\",INSC_CANC,\"N\u00e3o Matriculado\",N\u00c3O_COMPARECEU,TURMA_CANC,VAGAS_INSUFIC}'::text[])))", "Rows Removed by Filter": 0}]}]}, "Planning Time": 0.038, "Triggers": [], "Execution Time": 0.011}]