[{"Plan": {"Node Type": "Aggregate", "Strategy": "Sorted", "Partial Mode": "Simple", "Parallel Aware": false, "Async Capable": false, "Startup Cost": 10.3, "Total Cost": 10.33, "Plan Rows": 1, "Plan Width": 358, "Actual Startup Time": 0.003, "Actual Total Time": 0.003, "Actual Rows": 0, "Actual Loops": 1, "Output": ["count(DISTINCT \"Calculation_838513981462429699\")", "ead", "edital", "forma_ingresso", "no_modalidade"], "Group Key": ["\"MulheresMil_1\".ead", "\"MulheresMil_1\".edital", "\"MulheresMil_1\".forma_ingresso", "\"MulheresMil_1\".no_modalidade"], "Plans": [{"Node Type": "Sort", "Parent Relationship": "Outer", "Parallel Aware": false, "Async Capable": false, "Startup Cost": 10.3, "Total Cost": 10.31, "Plan Rows": 1, "Plan Width": 406, "Actual Startup Time": 0.002, "Actual Total Time": 0.003, "Actual Rows": 0, "Actual Loops": 1, "Output": ["ead", "edital", "forma_ingresso", "no_modalidade", "\"Calculation_838513981462429699\""], "Sort Key": ["\"MulheresMil_1\".ead", "\"MulheresMil_1\".edital", "\"MulheresMil_1\".forma_ingresso", "\"MulheresMil_1\".no_modalidade"], "Sort Method": "quicksort", "Sort Space Used": 25, "Sort Space Type": "Memory", "Plans": [{"Node Type": "Seq Scan", "Parent Relationship": "Outer", "Parallel Aware": false, "Async Capable": false, "Relation Name": "MulheresMil_1", "Schema": "pg_temp", "Alias": "MulheresMil_1", "Startup Cost": 0.03, "Total Cost": 10.29, "Plan Rows": 1, "Plan Width": 406, "Actual Startup Time": 0.001, "Actual Total Time": 0.001, "Actual Rows": 0, "Actual Loops": 1, "Output": ["ead", "edital", "forma_ingresso", "no_modalidade", "\"Calculation_838513981462429699\""], "Filter": "((\"MulheresMil_1\".\"nome da sit matricula (situacao detalhada)\" IS NOT NULL) AND ((\"MulheresMil_1\".situacao_da_turma)::text <> ALL ('{CANCELADA,CRIADA,PUBLICADA}'::text[])) AND ((\"MulheresMil_1\".\"nome da sit matricula (situacao detalhada)\")::text <> ALL ('{CANC_DESISTENTE,CANC_MAT_PRIM_OPCAO,CANC_SAN\u00c7\u00c3O,CANC_SEM_FREQ_INICIAL,CANC_TURMA,DOC_INSUFIC,ESCOL_INSUFIC,\"INC _ITINERARIO\",INSC_CANC,\"N\u00e3o Matriculado\",N\u00c3O_COMPARECEU,TURMA_CANC,VAGAS_INSUFIC}'::text[])) AND ((EXTRACT(year FROM \"MulheresMil_1\".data_de_inicio))::bigint = 2015))", "Rows Removed by Filter": 0}]}]}, "Planning Time": 0.041, "Triggers": [], "Execution Time": 0.012}]