[{"Plan": {"Node Type": "Aggregate", "Strategy": "Sorted", "Partial Mode": "Simple", "Parallel Aware": false, "Async Capable": false, "Startup Cost": 10.36, "Total Cost": 10.39, "Plan Rows": 1, "Plan Width": 454, "Actual Startup Time": 0.002, "Actual Total Time": 0.003, "Actual Rows": 0, "Actual Loops": 1, "Output": ["count(DISTINCT \"Calculation_838513981462429699\")", "eixo_tecnologico_catalogo_guia", "\"eixo_tecnol\u00f3gico\"", "nome_curso_catalogo_guia", "subtipo_curso"], "Group Key": ["\"MulheresMil_1\".eixo_tecnologico_catalogo_guia", "\"MulheresMil_1\".\"eixo_tecnol\u00f3gico\"", "\"MulheresMil_1\".nome_curso_catalogo_guia", "\"MulheresMil_1\".subtipo_curso"], "Plans": [{"Node Type": "Sort", "Parent Relationship": "Outer", "Parallel Aware": false, "Async Capable": false, "Startup Cost": 10.36, "Total Cost": 10.37, "Plan Rows": 1, "Plan Width": 502, "Actual Startup Time": 0.002, "Actual Total Time": 0.002, "Actual Rows": 0, "Actual Loops": 1, "Output": ["eixo_tecnologico_catalogo_guia", "\"eixo_tecnol\u00f3gico\"", "nome_curso_catalogo_guia", "subtipo_curso", "\"Calculation_838513981462429699\""], "Sort Key": ["\"MulheresMil_1\".eixo_tecnologico_catalogo_guia", "\"MulheresMil_1\".nome_curso_catalogo_guia", "\"MulheresMil_1\".subtipo_curso"], "Sort Method": "quicksort", "Sort Space Used": 25, "Sort Space Type": "Memory", "Plans": [{"Node Type": "Seq Scan", "Parent Relationship": "Outer", "Parallel Aware": false, "Async Capable": false, "Relation Name": "MulheresMil_1", "Schema": "pg_temp", "Alias": "MulheresMil_1", "Startup Cost": 0.0, "Total Cost": 10.35, "Plan Rows": 1, "Plan Width": 502, "Actual Startup Time": 0.001, "Actual Total Time": 0.001, "Actual Rows": 0, "Actual Loops": 1, "Output": ["eixo_tecnologico_catalogo_guia", "\"eixo_tecnol\u00f3gico\"", "nome_curso_catalogo_guia", "subtipo_curso", "\"Calculation_838513981462429699\""], "Filter": "((\"MulheresMil_1\".\"nome da sit matricula (situacao detalhada)\" IS NOT NULL) AND ((\"MulheresMil_1\".eixo_tecnologico_catalogo_guia)::text = ANY ('{\"Hospitalidade e Lazer\",\"Turismo, Hospitalidade e Lazer\"}'::text[])) AND ((\"MulheresMil_1\".\"eixo_tecnol\u00f3gico\")::text = 'Turismo, Hospitalidade e Lazer'::text) AND ((\"MulheresMil_1\".situacao_da_turma)::text <> ALL ('{CANCELADA,CRIADA,PUBLICADA}'::text[])) AND ((\"MulheresMil_1\".\"nome da sit matricula (situacao detalhada)\")::text <> ALL ('{CANC_DESISTENTE,CANC_MAT_PRIM_OPCAO,CANC_SAN\u00c7\u00c3O,CANC_SEM_FREQ_INICIAL,CANC_TURMA,DOC_INSUFIC,ESCOL_INSUFIC,\"INC _ITINERARIO\",INSC_CANC,\"N\u00e3o Matriculado\",N\u00c3O_COMPARECEU,TURMA_CANC,VAGAS_INSUFIC}'::text[])))", "Rows Removed by Filter": 0}]}]}, "Planning Time": 0.039, "Triggers": [], "Execution Time": 0.011}]