[{"Plan": {"Node Type": "Aggregate", "Strategy": "Sorted", "Partial Mode": "Simple", "Parallel Aware": false, "Async Capable": false, "Startup Cost": 10.22, "Total Cost": 10.28, "Plan Rows": 3, "Plan Width": 128, "Actual Startup Time": 0.002, "Actual Total Time": 0.002, "Actual Rows": 0, "Actual Loops": 1, "Output": ["count(DISTINCT \"Calculation_838513981462429699\")", "\"nome da sit matricula (situacao detalhada)\"", "subtipo_curso"], "Group Key": ["\"MulheresMil_1\".\"nome da sit matricula (situacao detalhada)\"", "\"MulheresMil_1\".subtipo_curso"], "Plans": [{"Node Type": "Sort", "Parent Relationship": "Outer", "Parallel Aware": false, "Async Capable": false, "Startup Cost": 10.22, "Total Cost": 10.23, "Plan Rows": 3, "Plan Width": 176, "Actual Startup Time": 0.002, "Actual Total Time": 0.002, "Actual Rows": 0, "Actual Loops": 1, "Output": ["\"nome da sit matricula (situacao detalhada)\"", "subtipo_curso", "\"Calculation_838513981462429699\""], "Sort Key": ["\"MulheresMil_1\".\"nome da sit matricula (situacao detalhada)\"", "\"MulheresMil_1\".subtipo_curso"], "Sort Method": "quicksort", "Sort Space Used": 25, "Sort Space Type": "Memory", "Plans": [{"Node Type": "Seq Scan", "Parent Relationship": "Outer", "Parallel Aware": false, "Async Capable": false, "Relation Name": "MulheresMil_1", "Schema": "pg_temp", "Alias": "MulheresMil_1", "Startup Cost": 0.0, "Total Cost": 10.2, "Plan Rows": 3, "Plan Width": 176, "Actual Startup Time": 0.001, "Actual Total Time": 0.001, "Actual Rows": 0, "Actual Loops": 1, "Output": ["\"nome da sit matricula (situacao detalhada)\"", "subtipo_curso", "\"Calculation_838513981462429699\""], "Filter": "((\"MulheresMil_1\".\"nome da sit matricula (situacao detalhada)\" IS NOT NULL) AND ((\"MulheresMil_1\".situacao_da_turma)::text <> ALL ('{CANCELADA,CRIADA,PUBLICADA}'::text[])) AND ((\"MulheresMil_1\".\"nome da sit matricula (situacao detalhada)\")::text = ANY ('{\"\",INTEGRALIZADA,TRANCADA,EM_CURSO,EM_DEPEND\u00caNCIA}'::text[])))", "Rows Removed by Filter": 0}]}]}, "Planning Time": 0.03, "Triggers": [], "Execution Time": 0.009}]