[{"Plan": {"Node Type": "Aggregate", "Strategy": "Sorted", "Partial Mode": "Simple", "Parallel Aware": false, "Async Capable": false, "Startup Cost": 10.24, "Total Cost": 10.32, "Plan Rows": 3, "Plan Width": 136, "Actual Startup Time": 0.002, "Actual Total Time": 0.003, "Actual Rows": 0, "Actual Loops": 1, "Output": ["count(DISTINCT \"Calculation_838513981462429699\")", "\"nome da sit matricula (situacao detalhada)\"", "subtipo_curso", "((EXTRACT(year FROM data_de_inicio))::bigint)"], "Group Key": ["\"MulheresMil_1\".\"nome da sit matricula (situacao detalhada)\"", "\"MulheresMil_1\".subtipo_curso", "((EXTRACT(year FROM \"MulheresMil_1\".data_de_inicio))::bigint)"], "Plans": [{"Node Type": "Sort", "Parent Relationship": "Outer", "Parallel Aware": false, "Async Capable": false, "Startup Cost": 10.24, "Total Cost": 10.25, "Plan Rows": 3, "Plan Width": 184, "Actual Startup Time": 0.002, "Actual Total Time": 0.002, "Actual Rows": 0, "Actual Loops": 1, "Output": ["\"nome da sit matricula (situacao detalhada)\"", "subtipo_curso", "((EXTRACT(year FROM data_de_inicio))::bigint)", "\"Calculation_838513981462429699\""], "Sort Key": ["\"MulheresMil_1\".\"nome da sit matricula (situacao detalhada)\"", "\"MulheresMil_1\".subtipo_curso", "((EXTRACT(year FROM \"MulheresMil_1\".data_de_inicio))::bigint)"], "Sort Method": "quicksort", "Sort Space Used": 25, "Sort Space Type": "Memory", "Plans": [{"Node Type": "Seq Scan", "Parent Relationship": "Outer", "Parallel Aware": false, "Async Capable": false, "Relation Name": "MulheresMil_1", "Schema": "pg_temp", "Alias": "MulheresMil_1", "Startup Cost": 0.0, "Total Cost": 10.21, "Plan Rows": 3, "Plan Width": 184, "Actual Startup Time": 0.001, "Actual Total Time": 0.001, "Actual Rows": 0, "Actual Loops": 1, "Output": ["\"nome da sit matricula (situacao detalhada)\"", "subtipo_curso", "(EXTRACT(year FROM data_de_inicio))::bigint", "\"Calculation_838513981462429699\""], "Filter": "((\"MulheresMil_1\".\"nome da sit matricula (situacao detalhada)\" IS NOT NULL) AND ((\"MulheresMil_1\".situacao_da_turma)::text <> ALL ('{CANCELADA,CRIADA,PUBLICADA}'::text[])) AND ((\"MulheresMil_1\".\"nome da sit matricula (situacao detalhada)\")::text = ANY ('{\"\",INTEGRALIZADA,TRANCADA,EM_CURSO,EM_DEPEND\u00caNCIA}'::text[])))", "Rows Removed by Filter": 0}]}]}, "Planning Time": 0.037, "Triggers": [], "Execution Time": 0.011}]