[{"Plan": {"Node Type": "Aggregate", "Strategy": "Sorted", "Partial Mode": "Simple", "Parallel Aware": false, "Async Capable": false, "Startup Cost": 10.31, "Total Cost": 10.34, "Plan Rows": 1, "Plan Width": 16, "Actual Startup Time": 0.002, "Actual Total Time": 0.002, "Actual Rows": 0, "Actual Loops": 1, "Output": ["count(DISTINCT \"Calculation_838513981462429699\")", "((EXTRACT(year FROM data_de_inicio))::bigint)"], "Group Key": ["((EXTRACT(year FROM \"MulheresMil_1\".data_de_inicio))::bigint)"], "Plans": [{"Node Type": "Sort", "Parent Relationship": "Outer", "Parallel Aware": false, "Async Capable": false, "Startup Cost": 10.31, "Total Cost": 10.32, "Plan Rows": 1, "Plan Width": 64, "Actual Startup Time": 0.002, "Actual Total Time": 0.002, "Actual Rows": 0, "Actual Loops": 1, "Output": ["((EXTRACT(year FROM data_de_inicio))::bigint)", "\"Calculation_838513981462429699\""], "Sort Key": ["((EXTRACT(year FROM \"MulheresMil_1\".data_de_inicio))::bigint)"], "Sort Method": "quicksort", "Sort Space Used": 25, "Sort Space Type": "Memory", "Plans": [{"Node Type": "Seq Scan", "Parent Relationship": "Outer", "Parallel Aware": false, "Async Capable": false, "Relation Name": "MulheresMil_1", "Schema": "pg_temp", "Alias": "MulheresMil_1", "Startup Cost": 0.03, "Total Cost": 10.3, "Plan Rows": 1, "Plan Width": 64, "Actual Startup Time": 0.001, "Actual Total Time": 0.001, "Actual Rows": 0, "Actual Loops": 1, "Output": ["(EXTRACT(year FROM data_de_inicio))::bigint", "\"Calculation_838513981462429699\""], "Filter": "((\"MulheresMil_1\".\"nome da sit matricula (situacao detalhada)\" IS NOT NULL) AND ((\"MulheresMil_1\".uf_do_local_da_oferta)::text >= 'AC'::text) AND ((\"MulheresMil_1\".uf_do_local_da_oferta)::text <= 'TO'::text) AND ((\"MulheresMil_1\".no_modalidade)::text = 'Pronatec Mulheres Mil'::text) AND ((\"MulheresMil_1\".situacao_da_turma)::text <> ALL ('{CANCELADA,CRIADA,PUBLICADA}'::text[])) AND ((\"MulheresMil_1\".\"nome da sit matricula (situacao detalhada)\")::text <> ALL ('{AGUARD_CONF,CANC_DESISTENTE,CANC_MAT_PRIM_OPCAO,CANC_SAN\u00c7\u00c3O,CANC_SEM_FREQ_INICIAL,CANC_TURMA,DOC_INSUFIC,ESCOL_INSUFIC,\"INC _ITINERARIO\",INSC_CANC,N\u00c3O_COMPARECEU,TURMA_CANC,VAGAS_INSUFIC}'::text[])))", "Rows Removed by Filter": 0}]}]}, "Planning Time": 0.036, "Triggers": [], "Execution Time": 0.011}]