[{"Plan": {"Node Type": "Aggregate", "Strategy": "Sorted", "Partial Mode": "Simple", "Parallel Aware": false, "Async Capable": false, "Startup Cost": 10.53, "Total Cost": 10.55, "Plan Rows": 1, "Plan Width": 16, "Actual Startup Time": 0.002, "Actual Total Time": 0.002, "Actual Rows": 0, "Actual Loops": 1, "Output": ["count(DISTINCT \"Calculation_838513981462429699\")", "((EXTRACT(year FROM data_de_inicio))::bigint)"], "Group Key": ["((EXTRACT(year FROM \"MulheresMil_1\".data_de_inicio))::bigint)"], "Plans": [{"Node Type": "Sort", "Parent Relationship": "Outer", "Parallel Aware": false, "Async Capable": false, "Startup Cost": 10.53, "Total Cost": 10.53, "Plan Rows": 1, "Plan Width": 64, "Actual Startup Time": 0.002, "Actual Total Time": 0.002, "Actual Rows": 0, "Actual Loops": 1, "Output": ["((EXTRACT(year FROM data_de_inicio))::bigint)", "\"Calculation_838513981462429699\""], "Sort Key": ["((EXTRACT(year FROM \"MulheresMil_1\".data_de_inicio))::bigint)"], "Sort Method": "quicksort", "Sort Space Used": 25, "Sort Space Type": "Memory", "Plans": [{"Node Type": "Seq Scan", "Parent Relationship": "Outer", "Parallel Aware": false, "Async Capable": false, "Relation Name": "MulheresMil_1", "Schema": "pg_temp", "Alias": "MulheresMil_1", "Startup Cost": 0.0, "Total Cost": 10.52, "Plan Rows": 1, "Plan Width": 64, "Actual Startup Time": 0.001, "Actual Total Time": 0.001, "Actual Rows": 0, "Actual Loops": 1, "Output": ["(EXTRACT(year FROM data_de_inicio))::bigint", "\"Calculation_838513981462429699\""], "Filter": "((\"MulheresMil_1\".\"nome da sit matricula (situacao detalhada)\" IS NOT NULL) AND ((\"MulheresMil_1\".\"nome da sit matricula (situacao detalhada)\")::text = ANY ('{\"\",CONCLU\u00cdDA}'::text[])) AND ((\"MulheresMil_1\".situacao_da_turma)::text <> ALL ('{CANCELADA,CRIADA,PUBLICADA}'::text[])) AND ((\"MulheresMil_1\".no_modalidade)::text = ANY ('{\"pronatec turismo cidad\u00e3o\",\"Pronatec turismo Desenvolvimento Local\",\"PRONATEC TURISMO na EMPRESA\",\"PRONATEC TURISMO SOCIAL\"}'::text[])) AND ((\"MulheresMil_1\".uf_do_local_da_oferta)::text = ANY ('{AM,BA,DF,MG,RJ,SP}'::text[])) AND ((EXTRACT(year FROM \"MulheresMil_1\".data_de_inicio))::bigint = ANY ('{2012,2013,2014,2015}'::bigint[])) AND ((\"MulheresMil_1\".nome_curso_catalogo_guia)::text = ANY ('{\"ESPANHOL APLICADO A SERVI\u00c7OS TUR\u00cdSTICOS\",\"ESPANHOL B\u00c1SICO\",\"ESPANHOL INTERMEDI\u00c1RIO\",\"FRANC\u00caS APLICADO A SERVI\u00c7OS TUR\u00cdSTICOS\",\"FRANC\u00caS B\u00c1SICO\",\"FRANC\u00caS INTERMEDI\u00c1RIO\",\"INGL\u00caS APLICADO A SERVI\u00c7OS TUR\u00cdSTICOS\",\"INGL\u00caS B\u00c1SICO\",\"Ingl\u00eas Intermedi\u00e1rio\",\"INGL\u00caS INTERMEDI\u00c1RIO\"}'::text[])))", "Rows Removed by Filter": 0}]}]}, "Planning Time": 0.042, "Triggers": [], "Execution Time": 0.011}]