[{"Plan": {"Node Type": "Aggregate", "Strategy": "Sorted", "Partial Mode": "Simple", "Parallel Aware": false, "Async Capable": false, "Startup Cost": 10.5, "Total Cost": 10.56, "Plan Rows": 1, "Plan Width": 418, "Actual Startup Time": 0.003, "Actual Total Time": 0.003, "Actual Rows": 0, "Actual Loops": 1, "Output": ["min(data_de_inicio)", "max(data_de_inicio)", "min(data_de_previsaode_termino)", "max(data_de_previsaode_termino)", "(codigo_da_oferta)::bigint", "edicao_catalogo_guia", "nome_do_curso", "situacao_da_turma", "subtipo_curso", "sum((\"Number of Records\")::bigint)", "((EXTRACT(year FROM data_de_inicio))::bigint)", "codigo_da_oferta"], "Group Key": ["\"MulheresMil_1\".codigo_da_oferta", "\"MulheresMil_1\".edicao_catalogo_guia", "\"MulheresMil_1\".nome_do_curso", "\"MulheresMil_1\".situacao_da_turma", "\"MulheresMil_1\".subtipo_curso", "((EXTRACT(year FROM \"MulheresMil_1\".data_de_inicio))::bigint)"], "Plans": [{"Node Type": "Sort", "Parent Relationship": "Outer", "Parallel Aware": false, "Async Capable": false, "Startup Cost": 10.5, "Total Cost": 10.51, "Plan Rows": 1, "Plan Width": 372, "Actual Startup Time": 0.002, "Actual Total Time": 0.003, "Actual Rows": 0, "Actual Loops": 1, "Output": ["edicao_catalogo_guia", "nome_do_curso", "situacao_da_turma", "subtipo_curso", "((EXTRACT(year FROM data_de_inicio))::bigint)", "codigo_da_oferta", "data_de_inicio", "data_de_previsaode_termino", "\"Number of Records\""], "Sort Key": ["\"MulheresMil_1\".codigo_da_oferta", "\"MulheresMil_1\".edicao_catalogo_guia", "\"MulheresMil_1\".nome_do_curso", "\"MulheresMil_1\".situacao_da_turma"], "Sort Method": "quicksort", "Sort Space Used": 25, "Sort Space Type": "Memory", "Plans": [{"Node Type": "Seq Scan", "Parent Relationship": "Outer", "Parallel Aware": false, "Async Capable": false, "Relation Name": "MulheresMil_1", "Schema": "pg_temp", "Alias": "MulheresMil_1", "Startup Cost": 0.0, "Total Cost": 10.49, "Plan Rows": 1, "Plan Width": 372, "Actual Startup Time": 0.001, "Actual Total Time": 0.001, "Actual Rows": 0, "Actual Loops": 1, "Output": ["edicao_catalogo_guia", "nome_do_curso", "situacao_da_turma", "subtipo_curso", "(EXTRACT(year FROM data_de_inicio))::bigint", "codigo_da_oferta", "data_de_inicio", "data_de_previsaode_termino", "\"Number of Records\""], "Filter": "((\"MulheresMil_1\".\"nome da sit matricula (situacao detalhada)\" IS NOT NULL) AND ((\"MulheresMil_1\".subtipo_curso)::text = 'FIC'::text) AND ((\"MulheresMil_1\".situacao_da_turma)::text <> ALL ('{CANCELADA,CRIADA,PUBLICADA}'::text[])) AND ((EXTRACT(year FROM \"MulheresMil_1\".data_de_inicio))::bigint = 2015) AND ((\"MulheresMil_1\".nome_do_curso)::text = ANY ('{\"Agente de Sa\u00fade e Bem estar Animal\",\"Eletricista de Ve\u00edculos de Transporte de Cargas e de Passageiros\",\"Recepcionista em Meios de Hospedagem\",\"RECEPCIONISTA EM MEIOS DE HOSPEDAGEM\",\"Soldador no Processo MIG/MAG\",\"SOLDADOR NO PROCESSO MIG/MAG\",\"Tra\u00e7ador de Caldeiraria\",\"TRA\u00c7ADOR DE CALDEIRARIA\"}'::text[])) AND ((\"MulheresMil_1\".\"nome da sit matricula (situacao detalhada)\")::text = ANY ('{\"\",TRANSF_EXT,INTEGRALIZADA,FREQ_INIC_INSUF,TRANCADA,CONCLU\u00cdDA,TRANSF_INT,EM_CURSO,REPROVADA,ABANDONO,CONFIRMADA,EM_DEPEND\u00caNCIA}'::text[])))", "Rows Removed by Filter": 0}]}]}, "Planning Time": 0.053, "Triggers": [], "Execution Time": 0.016}]