[{"Plan": {"Node Type": "Aggregate", "Strategy": "Sorted", "Partial Mode": "Simple", "Parallel Aware": false, "Async Capable": false, "Startup Cost": 10.28, "Total Cost": 10.33, "Plan Rows": 1, "Plan Width": 794, "Actual Startup Time": 0.003, "Actual Total Time": 0.003, "Actual Rows": 0, "Actual Loops": 1, "Output": ["\"Calculation_838513978982854656\"", "min(data_de_inicio)", "max(data_de_inicio)", "min(data_de_previsaode_termino)", "max(data_de_previsaode_termino)", "\"cpf aluno\"", "\"nome aluno\"", "\"nome da sit matricula (situacao detalhada)\"", "nome_curso_catalogo_guia", "sum((\"Number of Records\")::bigint)", "sum((total_freq_aluno)::bigint)"], "Group Key": ["\"MulheresMil_1\".\"Calculation_838513978982854656\"", "\"MulheresMil_1\".\"cpf aluno\"", "\"MulheresMil_1\".\"nome aluno\"", "\"MulheresMil_1\".\"nome da sit matricula (situacao detalhada)\"", "\"MulheresMil_1\".nome_curso_catalogo_guia"], "Plans": [{"Node Type": "Sort", "Parent Relationship": "Outer", "Parallel Aware": false, "Async Capable": false, "Startup Cost": 10.28, "Total Cost": 10.28, "Plan Rows": 1, "Plan Width": 726, "Actual Startup Time": 0.002, "Actual Total Time": 0.003, "Actual Rows": 0, "Actual Loops": 1, "Output": ["\"Calculation_838513978982854656\"", "\"cpf aluno\"", "\"nome aluno\"", "\"nome da sit matricula (situacao detalhada)\"", "nome_curso_catalogo_guia", "data_de_inicio", "data_de_previsaode_termino", "\"Number of Records\"", "total_freq_aluno"], "Sort Key": ["\"MulheresMil_1\".\"Calculation_838513978982854656\"", "\"MulheresMil_1\".\"cpf aluno\"", "\"MulheresMil_1\".\"nome da sit matricula (situacao detalhada)\""], "Sort Method": "quicksort", "Sort Space Used": 25, "Sort Space Type": "Memory", "Plans": [{"Node Type": "Seq Scan", "Parent Relationship": "Outer", "Parallel Aware": false, "Async Capable": false, "Relation Name": "MulheresMil_1", "Schema": "pg_temp", "Alias": "MulheresMil_1", "Startup Cost": 0.03, "Total Cost": 10.27, "Plan Rows": 1, "Plan Width": 726, "Actual Startup Time": 0.001, "Actual Total Time": 0.001, "Actual Rows": 0, "Actual Loops": 1, "Output": ["\"Calculation_838513978982854656\"", "\"cpf aluno\"", "\"nome aluno\"", "\"nome da sit matricula (situacao detalhada)\"", "nome_curso_catalogo_guia", "data_de_inicio", "data_de_previsaode_termino", "\"Number of Records\"", "total_freq_aluno"], "Filter": "((\"MulheresMil_1\".\"nome da sit matricula (situacao detalhada)\" IS NOT NULL) AND ((\"MulheresMil_1\".\"nome aluno\")::text = 'AMANDA APARECIDA DE JESUS RODRIGUES'::text) AND ((\"MulheresMil_1\".nome_curso_catalogo_guia)::text = 'T\u00c9CNICO EM ENFERMAGEM'::text) AND ((\"MulheresMil_1\".situacao_da_turma)::text <> ALL ('{CANCELADA,CRIADA,PUBLICADA}'::text[])) AND ((\"MulheresMil_1\".\"nome da sit matricula (situacao detalhada)\")::text = ANY ('{\"\",TRANSF_EXT,INTEGRALIZADA,FREQ_INIC_INSUF,TRANCADA,CONCLU\u00cdDA,TRANSF_INT,EM_CURSO,REPROVADA,ABANDONO,CONFIRMADA,EM_DEPEND\u00caNCIA}'::text[])))", "Rows Removed by Filter": 0}]}]}, "Planning Time": 0.047, "Triggers": [], "Execution Time": 0.015}]