[{"Plan": {"Node Type": "Limit", "Parallel Aware": false, "Async Capable": false, "Startup Cost": 10.12, "Total Cost": 10.22, "Plan Rows": 10, "Plan Width": 60, "Actual Startup Time": 0.002, "Actual Total Time": 0.002, "Actual Rows": 0, "Actual Loops": 1, "Output": ["\"nome da sit matricula (situacao detalhada)\""], "Plans": [{"Node Type": "Aggregate", "Strategy": "Hashed", "Partial Mode": "Simple", "Parent Relationship": "Outer", "Parallel Aware": false, "Async Capable": false, "Startup Cost": 10.12, "Total Cost": 10.22, "Plan Rows": 10, "Plan Width": 60, "Actual Startup Time": 0.001, "Actual Total Time": 0.001, "Actual Rows": 0, "Actual Loops": 1, "Output": ["\"nome da sit matricula (situacao detalhada)\""], "Group Key": ["\"MulheresMil_1\".\"nome da sit matricula (situacao detalhada)\""], "Planned Partitions": 0, "HashAgg Batches": 1, "Peak Memory Usage": 24, "Disk Usage": 0, "Plans": [{"Node Type": "Seq Scan", "Parent Relationship": "Outer", "Parallel Aware": false, "Async Capable": false, "Relation Name": "MulheresMil_1", "Schema": "pg_temp", "Alias": "MulheresMil_1", "Startup Cost": 0.0, "Total Cost": 10.1, "Plan Rows": 10, "Plan Width": 60, "Actual Startup Time": 0.001, "Actual Total Time": 0.001, "Actual Rows": 0, "Actual Loops": 1, "Output": ["\"Calculation_838513981443702785\"", "\"Calculation_838513981462429699\"", "\"Codigo Diploma/Certificado\"", "\"Cor da Pele\"", "\"Data Diploma/Certificado\"", "\"Data Pr\u00e9-Matricula\"", "\"Number of Records\"", "ch_catalogo_guia", "ch_da_oferta", "ch_max_financiavel", "ch_maxima_permitida", "ch_min_financiavel", "ch_minima_do_curso", "co_matricula_estudante", "cod_da_unidade_de_ensino", "cod_ibge_da_ue", "cod_ibge_do_local_da_oferta", "codigo_da_oferta", "codigo_do_curso", "comunidade_quilombola", "\"cpf aluno\"", "\"data de confirmacao\"", "\"data de nascimento aluno\"", "data_da_publicacao", "data_de_conclusao", "data_de_inicio", "data_de_previsaode_termino", "desempregado", "ds_email", "ds_identificador_turma", "ds_tipo_beneficiario", "dt_cadastro", "ead", "edicao_catalogo_guia", "edital", "eixo_tecnologico_catalogo_guia", "\"eixo_tecnol\u00f3gico\"", "\"escolaridade do aluno\"", "escolaridade_catalogo_guia", "forma_ingresso", "instituicao", "mantenedora", "municipio_da_ue", "municipio_do_local_da_oferta", "no_dependencia_admin", "no_modalidade", "no_parceiro_demandante", "no_programa", "no_sistema_ensino", "no_subdependencia_admin", "\"nome aluno\"", "\"nome da sit matricula (situacao detalhada)\"", "nome_curso_catalogo_guia", "nome_da_ue", "nome_da_uer", "nome_do_curso", "nu_telefone", "nu_telefone_celular", "oferta_cadastro_online", "pcd", "populacao_campo", "povo_indigena", "seguro_desenprego", "\"sexo do aluno\"", "situacao_da_turma", "st_extemporaneo_matricula", "st_extemporaneo_turma", "st_financiavel", "subtipo_curso", "tipo_da_oferta", "tipo_do_local_da_oferta", "total_conf_freq_aluno", "total_freq_aluno", "transferencia_renda", "turno", "uf_da_ue", "uf_do_local_da_oferta", "unidade_demandante", "vagas", "valor_hora_aula_proposto", "\"Calculation_838513978982854656\""]}]}]}, "Planning Time": 0.019, "Triggers": [], "Execution Time": 0.011}]