[{"Plan": {"Node Type": "Sort", "Parallel Aware": false, "Async Capable": false, "Startup Cost": 24.27, "Total Cost": 24.77, "Plan Rows": 200, "Plan Width": 98, "Actual Startup Time": 0.011, "Actual Total Time": 0.012, "Actual Rows": 0, "Actual Loops": 1, "Output": ["device"], "Sort Key": ["\"Food_1\".device"], "Sort Method": "quicksort", "Sort Space Used": 25, "Sort Space Type": "Memory", "Plans": [{"Node Type": "Aggregate", "Strategy": "Hashed", "Partial Mode": "Simple", "Parent Relationship": "Outer", "Parallel Aware": false, "Async Capable": false, "Startup Cost": 14.62, "Total Cost": 16.62, "Plan Rows": 200, "Plan Width": 98, "Actual Startup Time": 0.007, "Actual Total Time": 0.008, "Actual Rows": 0, "Actual Loops": 1, "Output": ["device"], "Group Key": ["\"Food_1\".device"], "Planned Partitions": 0, "HashAgg Batches": 1, "Peak Memory Usage": 40, "Disk Usage": 0, "Plans": [{"Node Type": "Seq Scan", "Parent Relationship": "Outer", "Parallel Aware": false, "Async Capable": false, "Relation Name": "Food_1", "Schema": "pg_temp", "Alias": "Food_1", "Startup Cost": 0.0, "Total Cost": 13.7, "Plan Rows": 370, "Plan Width": 98, "Actual Startup Time": 0.005, "Actual Total Time": 0.005, "Actual Rows": 0, "Actual Loops": 1, "Output": ["\"Number of Records\"", "activity_sec", "application", "device", "subscribers", "volume_total_bytes"]}]}]}, "Planning Time": 0.089, "Triggers": [], "Execution Time": 0.035}]