[{"Plan": {"Node Type": "Aggregate", "Strategy": "Sorted", "Partial Mode": "Simple", "Parallel Aware": false, "Async Capable": false, "Startup Cost": 11.41, "Total Cost": 11.48, "Plan Rows": 1, "Plan Width": 414, "Actual Startup Time": 0.002, "Actual Total Time": 0.003, "Actual Rows": 0, "Actual Loops": 1, "Output": ["\"Calculation_2890421151640665\"", "min((\"Calculation_2480421151322357\")::text)", "max((\"Calculation_2480421151322357\")::text)", "min((\"Section Start Location Full Name\")::text)", "max((\"Section Start Location Full Name\")::text)", "min((\"Timetable\")::text)", "max((\"Timetable\")::text)", "avg((\"Calculation_3330422103625946\")::double precision)", "avg((\"Calculation_3330422103625946\")::double precision)", "(min(\"Ranking\"))::bigint", "min(\"v_Section_WTT_Time\")", "sum(\"Average Lateness\")", "sum((\"Engineering Allowance (mins)\")::bigint)", "sum(\"Median Lateness\")", "sum(\"Pathing Allowance (mins)\")", "sum(\"Performance Allowance (mins)\")"], "Group Key": ["\"TrainsUK1_4\".\"Calculation_2890421151640665\""], "Plans": [{"Node Type": "Sort", "Parent Relationship": "Outer", "Parallel Aware": false, "Async Capable": false, "Startup Cost": 11.41, "Total Cost": 11.42, "Plan Rows": 1, "Plan Width": 232, "Actual Startup Time": 0.002, "Actual Total Time": 0.002, "Actual Rows": 0, "Actual Loops": 1, "Output": ["\"Calculation_2890421151640665\"", "\"Calculation_2480421151322357\"", "\"Section Start Location Full Name\"", "\"Timetable\"", "\"Calculation_3330422103625946\"", "\"Ranking\"", "\"v_Section_WTT_Time\"", "\"Average Lateness\"", "\"Engineering Allowance (mins)\"", "\"Median Lateness\"", "\"Pathing Allowance (mins)\"", "\"Performance Allowance (mins)\""], "Sort Key": ["\"TrainsUK1_4\".\"Calculation_2890421151640665\""], "Sort Method": "quicksort", "Sort Space Used": 25, "Sort Space Type": "Memory", "Plans": [{"Node Type": "Seq Scan", "Parent Relationship": "Outer", "Parallel Aware": false, "Async Capable": false, "Relation Name": "TrainsUK1_4", "Schema": "pg_temp", "Alias": "TrainsUK1_4", "Startup Cost": 0.0, "Total Cost": 11.4, "Plan Rows": 1, "Plan Width": 232, "Actual Startup Time": 0.001, "Actual Total Time": 0.001, "Actual Rows": 0, "Actual Loops": 1, "Output": ["\"Calculation_2890421151640665\"", "\"Calculation_2480421151322357\"", "\"Section Start Location Full Name\"", "\"Timetable\"", "\"Calculation_3330422103625946\"", "\"Ranking\"", "\"v_Section_WTT_Time\"", "\"Average Lateness\"", "\"Engineering Allowance (mins)\"", "\"Median Lateness\"", "\"Pathing Allowance (mins)\"", "\"Performance Allowance (mins)\""], "Filter": "(((\"TrainsUK1_4\".\"Timetable\")::text <> ALL ('{\"\",Timetable}'::text[])) AND ((\"TrainsUK1_4\".\"Operator\")::text = 'EB'::text) AND ((\"TrainsUK1_4\".\"Timetable\")::text = 'M18'::text) AND ((\"TrainsUK1_4\".\"v_Headcode Description\")::text = '1A04London Liverpool Street to Harwich Town at 06:38'::text))", "Rows Removed by Filter": 0}]}]}, "Planning Time": 0.053, "Triggers": [], "Execution Time": 0.02}]