[{"Plan": {"Node Type": "Group", "Parallel Aware": false, "Async Capable": false, "Startup Cost": 11.23, "Total Cost": 11.24, "Plan Rows": 1, "Plan Width": 172, "Actual Startup Time": 0.003, "Actual Total Time": 0.004, "Actual Rows": 0, "Actual Loops": 1, "Output": ["\"v_Headcode Description\""], "Group Key": ["\"TrainsUK1_4\".\"v_Headcode Description\""], "Plans": [{"Node Type": "Sort", "Parent Relationship": "Outer", "Parallel Aware": false, "Async Capable": false, "Startup Cost": 11.23, "Total Cost": 11.24, "Plan Rows": 1, "Plan Width": 172, "Actual Startup Time": 0.003, "Actual Total Time": 0.003, "Actual Rows": 0, "Actual Loops": 1, "Output": ["\"v_Headcode Description\""], "Sort Key": ["\"TrainsUK1_4\".\"v_Headcode Description\""], "Sort Method": "quicksort", "Sort Space Used": 25, "Sort Space Type": "Memory", "Plans": [{"Node Type": "Seq Scan", "Parent Relationship": "Outer", "Parallel Aware": false, "Async Capable": false, "Relation Name": "TrainsUK1_4", "Schema": "pg_temp", "Alias": "TrainsUK1_4", "Startup Cost": 0.0, "Total Cost": 11.22, "Plan Rows": 1, "Plan Width": 172, "Actual Startup Time": 0.002, "Actual Total Time": 0.002, "Actual Rows": 0, "Actual Loops": 1, "Output": ["\"v_Headcode Description\""], "Filter": "(((\"TrainsUK1_4\".\"Timetable\")::text <> ALL ('{\"\",Timetable}'::text[])) AND ((\"TrainsUK1_4\".\"Operator\")::text = 'EB'::text) AND ((\"TrainsUK1_4\".\"Timetable\")::text = 'M18'::text))", "Rows Removed by Filter": 0}]}]}, "Planning Time": 0.068, "Triggers": [], "Execution Time": 0.008}]