[{"Plan": {"Node Type": "Aggregate", "Strategy": "Sorted", "Partial Mode": "Simple", "Parallel Aware": false, "Async Capable": false, "Startup Cost": 11.41, "Total Cost": 11.45, "Plan Rows": 1, "Plan Width": 280, "Actual Startup Time": 0.002, "Actual Total Time": 0.002, "Actual Rows": 0, "Actual Loops": 1, "Output": ["min((\"Calculation_2480421151322357\")::text)", "max((\"Calculation_2480421151322357\")::text)", "min((\"Section Start Location Full Name\")::text)", "max((\"Section Start Location Full Name\")::text)", "min(\"v_Section_WTT_Time\")", "max(\"v_Section_WTT_Time\")", "sum(\"Calculation_2040623161253421\")", "\"v_WTT and Section Name and Timing Event\""], "Group Key": ["\"TrainsUK1_3\".\"v_WTT and Section Name and Timing Event\""], "Plans": [{"Node Type": "Sort", "Parent Relationship": "Outer", "Parallel Aware": false, "Async Capable": false, "Startup Cost": 11.41, "Total Cost": 11.42, "Plan Rows": 1, "Plan Width": 212, "Actual Startup Time": 0.002, "Actual Total Time": 0.002, "Actual Rows": 0, "Actual Loops": 1, "Output": ["\"v_WTT and Section Name and Timing Event\"", "\"Calculation_2480421151322357\"", "\"Section Start Location Full Name\"", "\"v_Section_WTT_Time\"", "\"Calculation_2040623161253421\""], "Sort Key": ["\"TrainsUK1_3\".\"v_WTT and Section Name and Timing Event\""], "Sort Method": "quicksort", "Sort Space Used": 25, "Sort Space Type": "Memory", "Plans": [{"Node Type": "Seq Scan", "Parent Relationship": "Outer", "Parallel Aware": false, "Async Capable": false, "Relation Name": "TrainsUK1_3", "Schema": "pg_temp", "Alias": "TrainsUK1_3", "Startup Cost": 0.0, "Total Cost": 11.4, "Plan Rows": 1, "Plan Width": 212, "Actual Startup Time": 0.001, "Actual Total Time": 0.001, "Actual Rows": 0, "Actual Loops": 1, "Output": ["\"v_WTT and Section Name and Timing Event\"", "\"Calculation_2480421151322357\"", "\"Section Start Location Full Name\"", "\"v_Section_WTT_Time\"", "\"Calculation_2040623161253421\""], "Filter": "(((\"TrainsUK1_3\".\"Timetable\")::text <> ALL ('{\"\",Timetable}'::text[])) AND ((\"TrainsUK1_3\".\"Operator\")::text = 'EB'::text) AND ((\"TrainsUK1_3\".\"Timetable\")::text = 'M18'::text) AND ((\"TrainsUK1_3\".\"v_Headcode Description\")::text = '1A04London Liverpool Street to Harwich Town at 06:38'::text))", "Rows Removed by Filter": 0}]}]}, "Planning Time": 0.037, "Triggers": [], "Execution Time": 0.013}]