[{"Plan": {"Node Type": "Group", "Parallel Aware": false, "Async Capable": false, "Startup Cost": 12.83, "Total Cost": 12.84, "Plan Rows": 1, "Plan Width": 32, "Actual Startup Time": 0.003, "Actual Total Time": 0.004, "Actual Rows": 0, "Actual Loops": 1, "Output": ["\"Calculation_5960512115909696\""], "Group Key": ["\"RealEstate1_2\".\"Calculation_5960512115909696\""], "Plans": [{"Node Type": "Sort", "Parent Relationship": "Outer", "Parallel Aware": false, "Async Capable": false, "Startup Cost": 12.83, "Total Cost": 12.84, "Plan Rows": 1, "Plan Width": 32, "Actual Startup Time": 0.003, "Actual Total Time": 0.003, "Actual Rows": 0, "Actual Loops": 1, "Output": ["\"Calculation_5960512115909696\""], "Sort Key": ["\"RealEstate1_2\".\"Calculation_5960512115909696\""], "Sort Method": "quicksort", "Sort Space Used": 25, "Sort Space Type": "Memory", "Plans": [{"Node Type": "Seq Scan", "Parent Relationship": "Outer", "Parallel Aware": false, "Async Capable": false, "Relation Name": "RealEstate1_2", "Schema": "pg_temp", "Alias": "RealEstate1_2", "Startup Cost": 0.03, "Total Cost": 12.82, "Plan Rows": 1, "Plan Width": 32, "Actual Startup Time": 0.002, "Actual Total Time": 0.002, "Actual Rows": 0, "Actual Loops": 1, "Output": ["\"Calculation_5960512115909696\""], "Filter": "((\"RealEstate1_2\".\"Calculation_5960512115909696\" IS NOT NULL) AND ((\"RealEstate1_2\".\"Date of Transfer\")::date >= '2005-01-01'::date) AND ((\"RealEstate1_2\".\"Date of Transfer\")::date <= '2015-03-31'::date) AND ((\"RealEstate1_2\".\"Date of Transfer\")::date >= '1995-01-01'::date) AND ((\"RealEstate1_2\".\"Date of Transfer\")::date <= '2015-03-31'::date) AND ((EXTRACT(year FROM \"RealEstate1_2\".\"Date of Transfer\"))::bigint = ANY ('{2005,2006,2007,2008,2009,2010,2011,2012,2013,2014}'::bigint[])))", "Rows Removed by Filter": 0}]}]}, "Planning Time": 0.08, "Triggers": [], "Execution Time": 0.011}]