[{"Plan": {"Node Type": "Aggregate", "Strategy": "Sorted", "Partial Mode": "Simple", "Parallel Aware": false, "Async Capable": false, "Startup Cost": 13.54, "Total Cost": 13.57, "Plan Rows": 1, "Plan Width": 134, "Actual Startup Time": 0.002, "Actual Total Time": 0.002, "Actual Rows": 0, "Actual Loops": 1, "Output": ["\"County\"", "\"Property Type\"", "avg(((\"Price\")::bigint)::double precision)"], "Group Key": ["\"RealEstate1_2\".\"County\"", "\"RealEstate1_2\".\"Property Type\""], "Plans": [{"Node Type": "Sort", "Parent Relationship": "Outer", "Parallel Aware": false, "Async Capable": false, "Startup Cost": 13.54, "Total Cost": 13.54, "Plan Rows": 1, "Plan Width": 130, "Actual Startup Time": 0.002, "Actual Total Time": 0.002, "Actual Rows": 0, "Actual Loops": 1, "Output": ["\"County\"", "\"Property Type\"", "\"Price\""], "Sort Key": ["\"RealEstate1_2\".\"County\"", "\"RealEstate1_2\".\"Property Type\""], "Sort Method": "quicksort", "Sort Space Used": 25, "Sort Space Type": "Memory", "Plans": [{"Node Type": "Seq Scan", "Parent Relationship": "Outer", "Parallel Aware": false, "Async Capable": false, "Relation Name": "RealEstate1_2", "Schema": "pg_temp", "Alias": "RealEstate1_2", "Startup Cost": 0.03, "Total Cost": 13.53, "Plan Rows": 1, "Plan Width": 130, "Actual Startup Time": 0.001, "Actual Total Time": 0.001, "Actual Rows": 0, "Actual Loops": 1, "Output": ["\"County\"", "\"Property Type\"", "\"Price\""], "Filter": "(((\"RealEstate1_2\".\"Date of Transfer\")::date >= '2005-01-01'::date) AND ((\"RealEstate1_2\".\"Date of Transfer\")::date <= '2015-03-31'::date) AND ((\"RealEstate1_2\".\"Calculation_5480628224156393\")::date >= '2005-01-01'::date) AND ((\"RealEstate1_2\".\"Calculation_5480628224156393\")::date <= '2015-03-31'::date) AND ((\"RealEstate1_2\".\"Date of Transfer\")::date >= '1995-01-01'::date) AND ((\"RealEstate1_2\".\"Date of Transfer\")::date <= '2015-03-31'::date) AND ((EXTRACT(year FROM \"RealEstate1_2\".\"Date of Transfer\"))::bigint = ANY ('{2005,2006,2007,2008,2009,2010,2011,2012,2013,2014}'::bigint[])))", "Rows Removed by Filter": 0}]}]}, "Planning Time": 0.039, "Triggers": [], "Execution Time": 0.012}]