[{"Plan": {"Node Type": "Group", "Parallel Aware": false, "Async Capable": false, "Startup Cost": 11.41, "Total Cost": 11.42, "Plan Rows": 1, "Plan Width": 52, "Actual Startup Time": 0.002, "Actual Total Time": 0.002, "Actual Rows": 0, "Actual Loops": 1, "Output": ["\"Property Type\""], "Group Key": ["\"RealEstate1_2\".\"Property Type\""], "Plans": [{"Node Type": "Sort", "Parent Relationship": "Outer", "Parallel Aware": false, "Async Capable": false, "Startup Cost": 11.41, "Total Cost": 11.42, "Plan Rows": 1, "Plan Width": 52, "Actual Startup Time": 0.002, "Actual Total Time": 0.002, "Actual Rows": 0, "Actual Loops": 1, "Output": ["\"Property Type\""], "Sort Key": ["\"RealEstate1_2\".\"Property Type\""], "Sort Method": "quicksort", "Sort Space Used": 25, "Sort Space Type": "Memory", "Plans": [{"Node Type": "Seq Scan", "Parent Relationship": "Outer", "Parallel Aware": false, "Async Capable": false, "Relation Name": "RealEstate1_2", "Schema": "pg_temp", "Alias": "RealEstate1_2", "Startup Cost": 0.0, "Total Cost": 11.4, "Plan Rows": 1, "Plan Width": 52, "Actual Startup Time": 0.001, "Actual Total Time": 0.001, "Actual Rows": 0, "Actual Loops": 1, "Output": ["\"Property Type\""], "Filter": "(((\"RealEstate1_2\".\"Date of Transfer\")::date >= '2005-01-01'::date) AND ((\"RealEstate1_2\".\"Date of Transfer\")::date <= '2015-03-31'::date))", "Rows Removed by Filter": 0}]}]}, "Planning Time": 0.015, "Triggers": [], "Execution Time": 0.007}]