[{"Plan": {"Node Type": "Aggregate", "Strategy": "Plain", "Partial Mode": "Simple", "Parallel Aware": false, "Async Capable": false, "Startup Cost": 12.83, "Total Cost": 12.85, "Plan Rows": 1, "Plan Width": 32, "Actual Startup Time": 0.002, "Actual Total Time": 0.003, "Actual Rows": 0, "Actual Loops": 1, "Output": ["sum((\"Number of Records\")::bigint)"], "Filter": "(count(1) > 0)", "Rows Removed by Filter": 1, "Plans": [{"Node Type": "Seq Scan", "Parent Relationship": "Outer", "Parallel Aware": false, "Async Capable": false, "Relation Name": "RealEstate1_1", "Schema": "pg_temp", "Alias": "RealEstate1_1", "Startup Cost": 0.03, "Total Cost": 12.82, "Plan Rows": 1, "Plan Width": 2, "Actual Startup Time": 0.002, "Actual Total Time": 0.002, "Actual Rows": 0, "Actual Loops": 1, "Output": ["\"Address 1\"", "\"Address 2\"", "\"County\"", "\"Date of Transfer\"", "\"District\"", "\"Duration\"", "\"Latitude\"", "\"Locality\"", "\"Longitude\"", "\"New Build?\"", "\"Number of Records\"", "\"Postcode District\"", "\"Postcode Region\"", "\"Postcode Sector\"", "\"Postcode\"", "\"Price\"", "\"Property Type\"", "\"Street\"", "\"Town/City\"", "\"Transaction ID\"", "\"Month\"", "\"Calculation_7270508194941839\"", "\"Calculation_5960512115909696\"", "\"Calculation_5480628224156393\"", "\"Calculation_2630509165701334\"", "\"Calculation_0390512122057182\"", "\"Year\"", "\"average monthly price per km2 (copy)\""], "Filter": "(((\"RealEstate1_1\".\"Date of Transfer\")::date >= '2005-01-01'::date) AND ((\"RealEstate1_1\".\"Date of Transfer\")::date <= '2015-03-31'::date) AND ((\"RealEstate1_1\".\"Date of Transfer\")::date >= '1995-01-01'::date) AND ((\"RealEstate1_1\".\"Date of Transfer\")::date <= '2015-03-31'::date) AND ((EXTRACT(year FROM \"RealEstate1_1\".\"Date of Transfer\"))::bigint = ANY ('{2005,2006,2007,2008,2009,2010,2011,2012,2013,2014}'::bigint[])))", "Rows Removed by Filter": 0}]}, "Planning Time": 0.081, "Triggers": [], "Execution Time": 0.011}]