[{"Plan": {"Node Type": "Aggregate", "Strategy": "Sorted", "Partial Mode": "Simple", "Parallel Aware": false, "Async Capable": false, "Startup Cost": 12.14, "Total Cost": 12.17, "Plan Rows": 1, "Plan Width": 40, "Actual Startup Time": 0.002, "Actual Total Time": 0.002, "Actual Rows": 0, "Actual Loops": 1, "Output": ["sum((\"Number of Records\")::bigint)", "((EXTRACT(year FROM \"Date of Transfer\"))::bigint)"], "Group Key": ["((EXTRACT(year FROM \"RealEstate1_1\".\"Date of Transfer\"))::bigint)"], "Plans": [{"Node Type": "Sort", "Parent Relationship": "Outer", "Parallel Aware": false, "Async Capable": false, "Startup Cost": 12.14, "Total Cost": 12.15, "Plan Rows": 1, "Plan Width": 10, "Actual Startup Time": 0.002, "Actual Total Time": 0.002, "Actual Rows": 0, "Actual Loops": 1, "Output": ["((EXTRACT(year FROM \"Date of Transfer\"))::bigint)", "\"Number of Records\""], "Sort Key": ["((EXTRACT(year FROM \"RealEstate1_1\".\"Date of Transfer\"))::bigint)"], "Sort Method": "quicksort", "Sort Space Used": 25, "Sort Space Type": "Memory", "Plans": [{"Node Type": "Seq Scan", "Parent Relationship": "Outer", "Parallel Aware": false, "Async Capable": false, "Relation Name": "RealEstate1_1", "Schema": "pg_temp", "Alias": "RealEstate1_1", "Startup Cost": 0.03, "Total Cost": 12.13, "Plan Rows": 1, "Plan Width": 10, "Actual Startup Time": 0.001, "Actual Total Time": 0.001, "Actual Rows": 0, "Actual Loops": 1, "Output": ["(EXTRACT(year FROM \"Date of Transfer\"))::bigint", "\"Number of Records\""], "Filter": "(((\"RealEstate1_1\".\"Date of Transfer\")::date >= '2005-01-01'::date) AND ((\"RealEstate1_1\".\"Date of Transfer\")::date <= '2015-03-31'::date) AND ((EXTRACT(year FROM \"RealEstate1_1\".\"Date of Transfer\"))::bigint = ANY ('{2005,2006,2007,2008,2009,2010,2011,2012,2013,2014}'::bigint[])))", "Rows Removed by Filter": 0}]}]}, "Planning Time": 0.028, "Triggers": [], "Execution Time": 0.009}]