[{"Plan": {"Node Type": "Group", "Parallel Aware": false, "Async Capable": false, "Startup Cost": 14.32, "Total Cost": 14.82, "Plan Rows": 100, "Plan Width": 168, "Actual Startup Time": 0.002, "Actual Total Time": 0.002, "Actual Rows": 0, "Actual Loops": 1, "Output": ["region"], "Group Key": ["\"Redfin4_1\".region"], "Plans": [{"Node Type": "Sort", "Parent Relationship": "Outer", "Parallel Aware": false, "Async Capable": false, "Startup Cost": 14.32, "Total Cost": 14.57, "Plan Rows": 100, "Plan Width": 168, "Actual Startup Time": 0.002, "Actual Total Time": 0.002, "Actual Rows": 0, "Actual Loops": 1, "Output": ["region"], "Sort Key": ["\"Redfin4_1\".region"], "Sort Method": "quicksort", "Sort Space Used": 25, "Sort Space Type": "Memory", "Plans": [{"Node Type": "Seq Scan", "Parent Relationship": "Outer", "Parallel Aware": false, "Async Capable": false, "Relation Name": "Redfin4_1", "Schema": "pg_temp", "Alias": "Redfin4_1", "Startup Cost": 0.0, "Total Cost": 11.0, "Plan Rows": 100, "Plan Width": 168, "Actual Startup Time": 0.001, "Actual Total Time": 0.001, "Actual Rows": 0, "Actual Loops": 1, "Output": ["region"]}]}]}, "Planning Time": 0.013, "Triggers": [], "Execution Time": 0.006}]